2024-06-25 08:17:16,181 [INFO] Activator:176 - 


2024-06-25 08:17:16,213 [INFO] Activator:177 - !SESSION log4j initialized
2024-06-25 08:17:53,843 [INFO] LogOutputStream:77 - [STDOUT_REDIRECT] 
2024-06-25 08:18:04,500 [INFO] ApplicationProperties:184 - Using Application install path: C:\ST\STM32CubeIDE_1.15.1\STM32CubeIDE\plugins\com.st.stm32cube.common.mx_6.11.1.202404110753
2024-06-25 08:18:04,567 [INFO] DbMcusXml:78 - Set database path to: C:\ST\STM32CubeIDE_1.15.1\STM32CubeIDE\plugins\com.st.stm32cube.common.mx_6.11.1.202404110753\\db\/mcu/
2024-06-25 08:18:04,567 [INFO] ApiDb:274 - Set plugin database path to: C:\ST\STM32CubeIDE_1.15.1\STM32CubeIDE\plugins\com.st.stm32cube.common.mx_6.11.1.202404110753\\db\/plugins/boardmanager/
2024-06-25 08:18:04,572 [WARN] ApiDb:259 - Overriding images path with different value:  => C:\ST\STM32CubeIDE_1.15.1\STM32CubeIDE\plugins\com.st.stm32cube.common.mx_6.11.1.202404110753\\db\/plugins/mcufinder/images/
2024-06-25 08:18:04,684 [INFO] ApiDb:250 - Set database path to: C:\Users\User\.stmcufinder\plugins\mcufinder//mcu/
2024-06-25 08:18:04,688 [INFO] DbMcusAds:125 - Set database path to: C:\Users\User\.stmcufinder\plugins\mcufinder//mcu/
2024-06-25 08:18:04,694 [INFO] CrossReferenceDbSqlite:203 - Set database path to: C:\Users\User\.stmcufinder\plugins\mcufinder//mcu/cs/
2024-06-25 08:18:05,133 [INFO] RulesReader:64 - Compatibility file has been processed (297 Rules)
2024-06-25 08:18:05,618 [INFO] DbMcusXml:78 - Set database path to: C:\ST\STM32CubeIDE_1.15.1\STM32CubeIDE\plugins\com.st.stm32cube.common.mx_6.11.1.202404110753\\db\/mcu/
2024-06-25 08:18:05,618 [INFO] ApiDb:274 - Set plugin database path to: C:\ST\STM32CubeIDE_1.15.1\STM32CubeIDE\plugins\com.st.stm32cube.common.mx_6.11.1.202404110753\\db\/plugins/boardmanager/
2024-06-25 08:18:05,620 [INFO] ApiDb:261 - Set plugin images path to: C:\ST\STM32CubeIDE_1.15.1\STM32CubeIDE\plugins\com.st.stm32cube.common.mx_6.11.1.202404110753\\db\/plugins/mcufinder/images/
2024-06-25 08:18:05,621 [WARN] DbFile:41 - Overriding database path with different value: C:\Users\User\.stmcufinder\plugins\mcufinder/ => C:\Users\User\.stmcufinder\plugins\mcufinder
2024-06-25 08:18:05,622 [INFO] ApiDb:250 - Set database path to: C:\Users\User\.stmcufinder\plugins\mcufinder//mcu/
2024-06-25 08:18:05,623 [WARN] DbFile:41 - Overriding database path with different value: C:\Users\User\.stmcufinder\plugins\mcufinder/ => C:\Users\User\.stmcufinder\plugins\mcufinder
2024-06-25 08:18:05,623 [INFO] DbMcusAds:125 - Set database path to: C:\Users\User\.stmcufinder\plugins\mcufinder//mcu/
2024-06-25 08:18:05,624 [WARN] DbFile:41 - Overriding database path with different value: C:\Users\User\.stmcufinder\plugins\mcufinder/ => C:\Users\User\.stmcufinder\plugins\mcufinder
2024-06-25 08:18:05,624 [WARN] DbFile:41 - Overriding database path with different value: C:\Users\User\.stmcufinder\plugins\mcufinder/ => C:\Users\User\.stmcufinder\plugins\mcufinder
2024-06-25 08:18:05,659 [INFO] CrossReferenceDbSqlite:203 - Set database path to: C:\Users\User\.stmcufinder\plugins\mcufinder//mcu/cs/
2024-06-25 08:18:05,999 [INFO] MainPanel:264 - HeapMemory: 268435456
2024-06-25 08:18:06,463 [INFO] DbMcusXml:78 - Set database path to: C:\ST\STM32CubeIDE_1.15.1\STM32CubeIDE\plugins\com.st.stm32cube.common.mx_6.11.1.202404110753\\db\/mcu/
2024-06-25 08:18:06,464 [INFO] ApiDb:274 - Set plugin database path to: C:\ST\STM32CubeIDE_1.15.1\STM32CubeIDE\plugins\com.st.stm32cube.common.mx_6.11.1.202404110753\\db\/plugins/boardmanager/
2024-06-25 08:18:06,464 [INFO] ApiDb:261 - Set plugin images path to: C:\ST\STM32CubeIDE_1.15.1\STM32CubeIDE\plugins\com.st.stm32cube.common.mx_6.11.1.202404110753\\db\/plugins/mcufinder/images/
2024-06-25 08:18:06,476 [WARN] DbFile:41 - Overriding database path with different value: C:\Users\User\.stmcufinder\plugins\mcufinder/ => C:\Users\User\.stmcufinder\plugins\mcufinder
2024-06-25 08:18:06,476 [INFO] ApiDb:250 - Set database path to: C:\Users\User\.stmcufinder\plugins\mcufinder//mcu/
2024-06-25 08:18:06,477 [WARN] DbFile:41 - Overriding database path with different value: C:\Users\User\.stmcufinder\plugins\mcufinder/ => C:\Users\User\.stmcufinder\plugins\mcufinder
2024-06-25 08:18:06,478 [INFO] DbMcusAds:125 - Set database path to: C:\Users\User\.stmcufinder\plugins\mcufinder//mcu/
2024-06-25 08:18:06,478 [WARN] DbFile:41 - Overriding database path with different value: C:\Users\User\.stmcufinder\plugins\mcufinder/ => C:\Users\User\.stmcufinder\plugins\mcufinder
2024-06-25 08:18:06,478 [WARN] DbFile:41 - Overriding database path with different value: C:\Users\User\.stmcufinder\plugins\mcufinder/ => C:\Users\User\.stmcufinder\plugins\mcufinder
2024-06-25 08:18:06,479 [INFO] CrossReferenceDbSqlite:203 - Set database path to: C:\Users\User\.stmcufinder\plugins\mcufinder//mcu/cs/
2024-06-25 08:18:06,860 [INFO] ApplicationProperties:184 - Using Application install path: C:\ST\STM32CubeIDE_1.15.1\STM32CubeIDE\plugins\com.st.stm32cube.common.mx_6.11.1.202404110753
2024-06-25 08:18:06,865 [INFO] PluginManage:196 - Search for loadable plugins [exclusion list=, ]
2024-06-25 08:18:06,870 [INFO] PluginManage:310 - Check plugin analytics
2024-06-25 08:18:09,143 [INFO] AnalyticsPlugin:253 - Accepted Software Licenses: 
2024-06-25 08:18:09,144 [INFO] AnalyticsPlugin:255 - Accepted CMSIS Pack Licenses: 
2024-06-25 08:18:09,145 [INFO] AnalyticsPlugin:257 - Accepted Firmware Licenses: FW.C0.1.0.0,FW.C0.1.1.0,FW.WL.1.3.0
2024-06-25 08:18:09,154 [INFO] PluginManage:359 - Loaded plugin analytics (category:tool,tabindex:-1)
2024-06-25 08:18:09,158 [INFO] PluginManage:310 - Check plugin cadmodel
2024-06-25 08:18:09,225 [INFO] CADModel:105 - Init CAD model plugin
2024-06-25 08:18:09,226 [INFO] PluginManage:359 - Loaded plugin cadmodel (category:power,tabindex:5)
2024-06-25 08:18:09,226 [INFO] PluginManage:310 - Check plugin clock
2024-06-25 08:18:09,302 [INFO] PluginManage:359 - Loaded plugin clock (category:base,tabindex:2)
2024-06-25 08:18:09,302 [INFO] PluginManage:310 - Check plugin ddr
2024-06-25 08:18:09,309 [INFO] PluginManage:359 - Loaded plugin ddr (category:tool,tabindex:6)
2024-06-25 08:18:09,310 [INFO] PluginManage:310 - Check plugin filemanager
2024-06-25 08:18:09,748 [INFO] PluginManage:359 - Loaded plugin filemanager (category:base,tabindex:10)
2024-06-25 08:18:09,749 [INFO] PluginManage:310 - Check plugin ipmanager
2024-06-25 08:18:09,792 [INFO] PluginManage:359 - Loaded plugin ipmanager (category:base,tabindex:5)
2024-06-25 08:18:09,792 [INFO] PluginManage:310 - Check plugin lpbam
2024-06-25 08:18:09,872 [INFO] PluginManage:359 - Loaded plugin lpbam (category:base,tabindex:0)
2024-06-25 08:18:09,872 [INFO] PluginManage:310 - Check plugin memorymap
2024-06-25 08:18:10,001 [INFO] PluginManage:359 - Loaded plugin memorymap (category:base,tabindex:4)
2024-06-25 08:18:10,001 [INFO] PluginManage:310 - Check plugin pinoutandconfiguration
2024-06-25 08:18:10,063 [INFO] PluginManage:359 - Loaded plugin pinoutandconfiguration (category:base,tabindex:1)
2024-06-25 08:18:10,063 [INFO] PluginManage:310 - Check plugin pinoutconfig
2024-06-25 08:18:10,369 [WARN] SupportedApi:132 - Cannot load RTOS API schema: s4s-elt-must-match.1: The content of 'definitions' must match (annotation?, (simpleType | complexType)?, (unique | key | keyref)*)). A problem was found starting at: attribute.
2024-06-25 08:18:10,785 [INFO] PluginManage:359 - Loaded plugin pinoutconfig (category:base,tabindex:0)
2024-06-25 08:18:10,786 [INFO] PluginManage:310 - Check plugin power
2024-06-25 08:18:10,849 [INFO] PluginManage:359 - Loaded plugin power (category:power,tabindex:4)
2024-06-25 08:18:10,850 [INFO] PluginManage:310 - Check plugin projectmanager
2024-06-25 08:18:10,910 [INFO] PluginManage:359 - Loaded plugin projectmanager (category:projectmanager,tabindex:3)
2024-06-25 08:18:10,910 [INFO] PluginManage:310 - Check plugin thirdparty
2024-06-25 08:18:11,741 [INFO] PluginManage:359 - Loaded plugin thirdparty (category:base,tabindex:-1)
2024-06-25 08:18:11,740 [WARN] IntegrityCheckThread:84 - waiting for thirdparty lock release [integrity check]
2024-06-25 08:18:11,742 [INFO] IntegrityCheckThread:86 - entering critical section [integrity check]
2024-06-25 08:18:11,741 [INFO] PluginManage:310 - Check plugin tools
2024-06-25 08:18:11,743 [INFO] ThirdPartyUpdaterWithRetryManager:70 - Updater plugin not ready yet. [1/15]
2024-06-25 08:18:11,840 [INFO] PluginManage:359 - Loaded plugin tools (category:base,tabindex:7)
2024-06-25 08:18:11,840 [INFO] PluginManage:310 - Check plugin tutovideos
2024-06-25 08:18:12,552 [INFO] PluginManage:359 - Loaded plugin tutovideos (category:base,tabindex:-1)
2024-06-25 08:18:12,552 [INFO] PluginManage:310 - Check plugin updater
2024-06-25 08:18:12,585 [INFO] PluginManage:359 - Loaded plugin updater (category:base,tabindex:12)
2024-06-25 08:18:12,585 [INFO] PluginManage:310 - Check plugin userauth
2024-06-25 08:18:12,599 [INFO] UserAuth:114 - Init User Auth plugin
2024-06-25 08:18:12,600 [INFO] PluginManage:359 - Loaded plugin userauth (category:base,tabindex:14)
2024-06-25 08:18:12,602 [INFO] PluginManage:283 - PluginManage : Loaded plugins [17]
2024-06-25 08:18:13,404 [INFO] PinOutPanel:1561 - setPackage(No Configuration,No Configuration)
2024-06-25 08:18:13,639 [INFO] CADModel:165 - CPN selected for project level
2024-06-25 08:18:13,639 [INFO] CADModel:114 - Register for checkConnection events
2024-06-25 08:18:13,749 [INFO] IPUIPlugin:80 - create IPUIPlugin
2024-06-25 08:18:13,750 [INFO] PluginManager:220 - loadIPPluginJar : add adc
2024-06-25 08:18:13,899 [INFO] IPUIPlugin:80 - create IPUIPlugin
2024-06-25 08:18:13,900 [INFO] PluginManager:220 - loadIPPluginJar : add aes
2024-06-25 08:18:14,055 [INFO] IPUIPlugin:80 - create IPUIPlugin
2024-06-25 08:18:14,055 [INFO] PluginManager:220 - loadIPPluginJar : add can
2024-06-25 08:18:14,149 [INFO] IPUIPlugin:80 - create IPUIPlugin
2024-06-25 08:18:14,149 [INFO] PluginManager:220 - loadIPPluginJar : add comp
2024-06-25 08:18:14,252 [INFO] IPUIPlugin:80 - create IPUIPlugin
2024-06-25 08:18:14,252 [INFO] PluginManager:220 - loadIPPluginJar : add cryp
2024-06-25 08:18:14,322 [INFO] IPUIPlugin:80 - create IPUIPlugin
2024-06-25 08:18:14,322 [INFO] PluginManager:220 - loadIPPluginJar : add dfsdm
2024-06-25 08:18:14,357 [INFO] IPUIPlugin:80 - create IPUIPlugin
2024-06-25 08:18:14,359 [INFO] PluginManager:220 - loadIPPluginJar : add dma
2024-06-25 08:18:14,470 [INFO] IPUIPlugin:80 - create IPUIPlugin
2024-06-25 08:18:14,470 [INFO] PluginManager:220 - loadIPPluginJar : add dma3
2024-06-25 08:18:14,620 [INFO] IPUIPlugin:80 - create IPUIPlugin
2024-06-25 08:18:14,621 [INFO] PluginManager:220 - loadIPPluginJar : add extmemmanager
2024-06-25 08:18:14,673 [INFO] IPUIPlugin:80 - create IPUIPlugin
2024-06-25 08:18:14,673 [INFO] PluginManager:220 - loadIPPluginJar : add fatfs
2024-06-25 08:18:14,745 [INFO] ThirdPartyUpdaterWithRetryManager:70 - Updater plugin not ready yet. [2/15]
2024-06-25 08:18:14,789 [INFO] IPUIPlugin:80 - create IPUIPlugin
2024-06-25 08:18:14,790 [INFO] PluginManager:220 - loadIPPluginJar : add fmc
2024-06-25 08:18:14,819 [INFO] IPUIPlugin:80 - create IPUIPlugin
2024-06-25 08:18:14,819 [INFO] PluginManager:220 - loadIPPluginJar : add freertos
2024-06-25 08:18:14,870 [INFO] IPUIPlugin:80 - create IPUIPlugin
2024-06-25 08:18:14,870 [INFO] PluginManager:220 - loadIPPluginJar : add genericplugin
2024-06-25 08:18:15,233 [INFO] IPUIPlugin:80 - create IPUIPlugin
2024-06-25 08:18:15,234 [INFO] PluginManager:220 - loadIPPluginJar : add gfxmmu
2024-06-25 08:18:15,628 [INFO] IPUIPlugin:80 - create IPUIPlugin
2024-06-25 08:18:15,629 [INFO] PluginManager:220 - loadIPPluginJar : add gic
2024-06-25 08:18:15,668 [INFO] IPUIPlugin:80 - create IPUIPlugin
2024-06-25 08:18:15,668 [INFO] PluginManager:220 - loadIPPluginJar : add gpio
2024-06-25 08:18:16,000 [INFO] IPUIPlugin:80 - create IPUIPlugin
2024-06-25 08:18:16,001 [INFO] PluginManager:220 - loadIPPluginJar : add gtzc
2024-06-25 08:18:16,087 [INFO] IPUIPlugin:80 - create IPUIPlugin
2024-06-25 08:18:16,087 [INFO] PluginManager:220 - loadIPPluginJar : add hash
2024-06-25 08:18:16,232 [INFO] IPUIPlugin:80 - create IPUIPlugin
2024-06-25 08:18:16,233 [INFO] PluginManager:220 - loadIPPluginJar : add i2c
2024-06-25 08:18:16,329 [INFO] IPUIPlugin:80 - create IPUIPlugin
2024-06-25 08:18:16,329 [INFO] PluginManager:220 - loadIPPluginJar : add i2s
2024-06-25 08:18:16,437 [INFO] IPUIPlugin:80 - create IPUIPlugin
2024-06-25 08:18:16,437 [INFO] PluginManager:220 - loadIPPluginJar : add i3c
2024-06-25 08:18:16,872 [INFO] IPUIPlugin:80 - create IPUIPlugin
2024-06-25 08:18:16,873 [INFO] PluginManager:220 - loadIPPluginJar : add ipddr
2024-06-25 08:18:17,147 [INFO] IPUIPlugin:80 - create IPUIPlugin
2024-06-25 08:18:17,148 [INFO] PluginManager:220 - loadIPPluginJar : add linkedlist
2024-06-25 08:18:17,247 [INFO] IPUIPlugin:80 - create IPUIPlugin
2024-06-25 08:18:17,248 [INFO] PluginManager:220 - loadIPPluginJar : add lorawan
2024-06-25 08:18:17,397 [INFO] IPUIPlugin:80 - create IPUIPlugin
2024-06-25 08:18:17,397 [INFO] PluginManager:220 - loadIPPluginJar : add ltdc
2024-06-25 08:18:17,440 [INFO] IPUIPlugin:80 - create IPUIPlugin
2024-06-25 08:18:17,441 [INFO] PluginManager:220 - loadIPPluginJar : add mdma
2024-06-25 08:18:17,492 [INFO] IPUIPlugin:80 - create IPUIPlugin
2024-06-25 08:18:17,493 [INFO] PluginManager:220 - loadIPPluginJar : add nvic
2024-06-25 08:18:17,623 [INFO] IPUIPlugin:80 - create IPUIPlugin
2024-06-25 08:18:17,624 [INFO] PluginManager:220 - loadIPPluginJar : add opamp
2024-06-25 08:18:17,751 [INFO] ThirdPartyUpdaterWithRetryManager:70 - Updater plugin not ready yet. [3/15]
2024-06-25 08:18:17,857 [INFO] IPUIPlugin:80 - create IPUIPlugin
2024-06-25 08:18:17,857 [INFO] PluginManager:220 - loadIPPluginJar : add openamp
2024-06-25 08:18:17,978 [INFO] IPUIPlugin:80 - create IPUIPlugin
2024-06-25 08:18:17,979 [INFO] PluginManager:220 - loadIPPluginJar : add pdm2pcm
2024-06-25 08:18:18,014 [INFO] IPUIPlugin:80 - create IPUIPlugin
2024-06-25 08:18:18,023 [INFO] PluginManager:220 - loadIPPluginJar : add plateformsettings
2024-06-25 08:18:18,077 [INFO] IPUIPlugin:80 - create IPUIPlugin
2024-06-25 08:18:18,077 [INFO] PluginManager:220 - loadIPPluginJar : add quadspi
2024-06-25 08:18:18,108 [INFO] IPUIPlugin:80 - create IPUIPlugin
2024-06-25 08:18:18,109 [INFO] PluginManager:220 - loadIPPluginJar : add resmgrutility
2024-06-25 08:18:18,234 [INFO] IPUIPlugin:80 - create IPUIPlugin
2024-06-25 08:18:18,235 [INFO] PluginManager:220 - loadIPPluginJar : add sai
2024-06-25 08:18:18,333 [INFO] IPUIPlugin:80 - create IPUIPlugin
2024-06-25 08:18:18,333 [INFO] PluginManager:220 - loadIPPluginJar : add spi
2024-06-25 08:18:18,654 [INFO] IPUIPlugin:80 - create IPUIPlugin
2024-06-25 08:18:18,654 [INFO] PluginManager:220 - loadIPPluginJar : add stm32_wpan
2024-06-25 08:18:18,743 [INFO] IPUIPlugin:80 - create IPUIPlugin
2024-06-25 08:18:18,743 [INFO] PluginManager:220 - loadIPPluginJar : add tim
2024-06-25 08:18:18,998 [INFO] IPUIPlugin:80 - create IPUIPlugin
2024-06-25 08:18:18,999 [INFO] PluginManager:220 - loadIPPluginJar : add touchsensing
2024-06-25 08:18:19,294 [INFO] IPUIPlugin:80 - create IPUIPlugin
2024-06-25 08:18:19,294 [INFO] PluginManager:220 - loadIPPluginJar : add tracer_emb
2024-06-25 08:18:19,394 [INFO] IPUIPlugin:80 - create IPUIPlugin
2024-06-25 08:18:19,395 [INFO] PluginManager:220 - loadIPPluginJar : add ts
2024-06-25 08:18:19,492 [INFO] IPUIPlugin:80 - create IPUIPlugin
2024-06-25 08:18:19,492 [INFO] PluginManager:220 - loadIPPluginJar : add tsc
2024-06-25 08:18:19,561 [INFO] IPUIPlugin:80 - create IPUIPlugin
2024-06-25 08:18:19,561 [INFO] PluginManager:220 - loadIPPluginJar : add ucpd
2024-06-25 08:18:19,696 [INFO] IPUIPlugin:80 - create IPUIPlugin
2024-06-25 08:18:19,696 [INFO] PluginManager:220 - loadIPPluginJar : add usart
2024-06-25 08:18:19,828 [INFO] IPUIPlugin:80 - create IPUIPlugin
2024-06-25 08:18:19,828 [INFO] PluginManager:220 - loadIPPluginJar : add usbx
2024-06-25 08:18:20,121 [INFO] CADModel:165 - CPN selected for project level
2024-06-25 08:18:20,123 [INFO] CADModel:114 - Register for checkConnection events
2024-06-25 08:18:20,124 [FATAL] Updater:308 - Updater called before beeing initialized
2024-06-25 08:18:20,125 [ERROR] CADModel:125 - Updater not yet initialized, retry later 
2024-06-25 08:18:20,637 [INFO] CADModel:165 - CPN selected for project level
2024-06-25 08:18:20,637 [INFO] CADModel:114 - Register for checkConnection events
2024-06-25 08:18:20,637 [FATAL] Updater:308 - Updater called before beeing initialized
2024-06-25 08:18:20,637 [ERROR] CADModel:125 - Updater not yet initialized, retry later 
2024-06-25 08:18:20,648 [FATAL] Updater:308 - Updater called before beeing initialized
2024-06-25 08:18:20,754 [INFO] ThirdPartyUpdaterWithRetryManager:70 - Updater plugin not ready yet. [4/15]
2024-06-25 08:18:21,196 [FATAL] Updater:308 - Updater called before beeing initialized
2024-06-25 08:18:21,233 [INFO] DbMcusAds:53 - JSON generation date=Thu May 16 06:22:00 BRT 2024 (1715851320852)
2024-06-25 08:18:21,235 [FATAL] Updater:308 - Updater called before beeing initialized
2024-06-25 08:18:21,821 [WARN] DetailPanel:346 - Failed to get advertising image, set to default
2024-06-25 08:18:22,359 [FATAL] Updater:308 - Updater called before beeing initialized
2024-06-25 08:18:22,363 [FATAL] Updater:308 - Updater called before beeing initialized
2024-06-25 08:18:22,363 [FATAL] Updater:308 - Updater called before beeing initialized
2024-06-25 08:18:22,364 [WARN] DetailPanel:346 - Failed to get advertising image, set to default
2024-06-25 08:18:22,365 [FATAL] Updater:308 - Updater called before beeing initialized
2024-06-25 08:18:22,673 [ERROR] Updater:1120 - MainUpdater not yet initialized. External WinMGr cannot be set.
2024-06-25 08:18:22,713 [INFO] Updater:1056 - Updater Version found : 6.11.1
2024-06-25 08:18:22,766 [INFO] ApplicationProperties:184 - Using Application install path: C:\ST\STM32CubeIDE_1.15.1\STM32CubeIDE\plugins\com.st.stm32cube.common.mx_6.11.1.202404110753
2024-06-25 08:18:23,760 [FATAL] Updater:308 - Updater called before beeing initialized
2024-06-25 08:18:23,762 [ERROR] IntegrityCheckThread:130 - Cannot retrieve database content from updater: error 21
2024-06-25 08:18:23,763 [INFO] ThirdParty:978 - Integrity check success = false
2024-06-25 08:18:23,763 [INFO] IntegrityCheckThread:100 - exiting critical section [integrity check]
2024-06-25 08:18:23,764 [INFO] IntegrityCheckThread:103 - End integrity checks thread
2024-06-25 08:18:24,410 [ERROR] LogOutputStream:75 - [STDERR_REDIRECT] Jun 25, 2024 8:18:24 AM java.util.prefs.WindowsPreferences <init>
2024-06-25 08:18:24,417 [ERROR] LogOutputStream:75 - [STDERR_REDIRECT] WARNING: Could not open/create prefs root node Software\JavaSoft\Prefs at root 0xffffffff80000002. Windows RegCreateKeyEx(...) returned error code 5.
2024-06-25 08:18:24,418 [ERROR] LogOutputStream:75 - [STDERR_REDIRECT] 
2024-06-25 08:18:25,552 [INFO] MainUpdater:2873 - connection check result : 10
2024-06-25 08:18:25,554 [INFO] MainUpdater:290 - Updater Check For Update Now.
2024-06-25 08:18:25,555 [INFO] MicroXplorer:498 - Change Database Version : DB.6.0.111
2024-06-25 08:18:25,605 [INFO] McuFinderGlobals:63 - Set McuFinder mode to 2 (CubeIDE integrated)
2024-06-25 08:18:25,636 [INFO] UserAuth:415 - Internet connection configuration mode: 1
2024-06-25 08:18:25,966 [INFO] JxBrowserEngine:152 - Initiate JxBrowser Engine with user profile folder
2024-06-25 08:18:26,496 [INFO] CheckServerUpdateThread:120 - End of CheckServer Thread
2024-06-25 08:18:39,796 [INFO] WebApp:161 - Instantiating new browser for Auth
2024-06-25 08:18:42,876 [INFO] WebApp:779 - Register for checkConnection events
2024-06-25 08:18:42,877 [INFO] WebApp:414 - Apply proxy settings
2024-06-25 08:18:42,877 [INFO] WebApp:499 - Chromium requires no authentication
2024-06-25 08:18:42,908 [INFO] WebApp:442 - Direct internet connection detected
2024-06-25 08:18:43,471 [INFO] WebApp:192 - Starting web application
2024-06-25 08:18:43,472 [INFO] WebApp:544 - Web application path used C:\ST\STM32CubeIDE_1.15.1\STM32CubeIDE\plugins\com.st.stm32cube.common.mx_6.11.1.202404110753\db\plugins\mcufinder\reactClient1\index.html
2024-06-25 11:03:47,097 [INFO] McuFinderGlobals:63 - Set McuFinder mode to 2 (CubeIDE integrated)
2024-06-25 11:03:47,227 [INFO] MainUpdater:2873 - connection check result : 10
2024-06-25 11:03:47,237 [INFO] MainUpdater:2873 - connection check result : 10
2024-06-25 11:03:48,500 [INFO] MicroXplorer:468 - Change Database Path : 
2024-06-25 11:03:48,503 [INFO] MicroXplorer:498 - Change Database Version : DB.6.0.111
2024-06-25 11:03:48,596 [WARN] ThirdParty:871 - waiting for thirdparty lock release [close project]
2024-06-25 11:03:48,598 [INFO] ThirdParty:873 - entering critical section [close project]
2024-06-25 11:03:48,678 [INFO] ThirdParty:883 - exiting critical section [close project]
2024-06-25 11:03:48,722 [INFO] PinOutPanel:1561 - setPackage(No Configuration,No Configuration)
2024-06-25 11:03:48,822 [INFO] UtilMem:75 - Begin LoadConfig() Used Memory: 139548632 Bytes (398458880)
2024-06-25 11:03:48,849 [INFO] MicroXplorer:468 - Change Database Path : 
2024-06-25 11:03:48,849 [INFO] MicroXplorer:498 - Change Database Version : DB.6.0.111
2024-06-25 11:03:48,852 [INFO] OpenFileManager:312 - Change cursor
2024-06-25 11:03:49,174 [WARN] IntegrityCheckThread:84 - waiting for thirdparty lock release [integrity check]
2024-06-25 11:03:49,175 [INFO] IntegrityCheckThread:86 - entering critical section [integrity check]
2024-06-25 11:03:50,203 [WARN] PackLoader:240 - Cannot read IP mode file for STMicroelectronics.FP-SNS-MOTENVWB1.1.4.0
2024-06-25 11:03:50,261 [WARN] PackLoader:240 - Cannot read IP mode file for STMicroelectronics.X-CUBE-SMBUS.2.1.0
2024-06-25 11:03:50,297 [WARN] PackLoader:240 - Cannot read IP mode file for STMicroelectronics.X-CUBE-TOUCHGFX.4.23.0
2024-06-25 11:03:50,317 [WARN] PackLoader:240 - Cannot read IP mode file for STMicroelectronics.X-CUBE-TOUCHGFX.4.23.2
2024-06-25 11:03:50,422 [WARN] PackLoader:240 - Cannot read IP mode file for STMicroelectronics.X-CUBE-AZRTOS-F7.1.1.0
2024-06-25 11:03:50,457 [WARN] PackLoader:240 - Cannot read IP mode file for STMicroelectronics.FP-SNS-MOTENV1.4.3.2
2024-06-25 11:03:50,492 [WARN] PackLoader:240 - Cannot read IP mode file for STMicroelectronics.FP-SNS-FLIGHT1.5.0.2
2024-06-25 11:03:50,522 [WARN] PackLoader:240 - Cannot read IP mode file for STMicroelectronics.X-CUBE-DISPLAY.3.0.0
2024-06-25 11:03:50,562 [WARN] PackLoader:240 - Cannot read IP mode file for STMicroelectronics.X-CUBE-BLE1.7.0.0
2024-06-25 11:03:50,592 [WARN] PackLoader:240 - Cannot read IP mode file for emotas.I-CUBE-CANOPEN.1.3.0
2024-06-25 11:03:50,614 [WARN] PackLoader:240 - Cannot read IP mode file for STMicroelectronics.X-CUBE-TOUCHGFX.4.22.1
2024-06-25 11:03:50,672 [WARN] PackLoader:240 - Cannot read IP mode file for STMicroelectronics.X-CUBE-BLEMGR.3.1.0
2024-06-25 11:03:50,697 [WARN] PackLoader:240 - Cannot read IP mode file for STMicroelectronics.FP-SNS-SMARTAG2.1.2.0
2024-06-25 11:03:50,782 [INFO] LogOutputStream:77 - [STDOUT_REDIRECT] 1 : Invalid condition id : UX_CORESTACK_Condition cause : null
2024-06-25 11:03:50,797 [INFO] LogOutputStream:77 - [STDOUT_REDIRECT] 1 : Invalid condition id : UX_CORESTACK_Condition cause : null
2024-06-25 11:03:50,812 [INFO] LogOutputStream:77 - [STDOUT_REDIRECT] 1 : Invalid condition id : UX_CORESTACK_Condition cause : null
2024-06-25 11:03:50,817 [INFO] LogOutputStream:77 - [STDOUT_REDIRECT] 1 : Invalid condition id : UX_CORESTACK_Condition cause : null
2024-06-25 11:03:50,827 [INFO] LogOutputStream:77 - [STDOUT_REDIRECT] 1 : Invalid condition id : UX_CORESTACK_Condition cause : null
2024-06-25 11:03:50,847 [WARN] PackLoader:240 - Cannot read IP mode file for STMicroelectronics.X-CUBE-AZRTOS-WL.2.0.0
2024-06-25 11:03:50,907 [WARN] PackLoader:240 - Cannot read IP mode file for STMicroelectronics.FP-SNS-MOTENV1.5.0.0
2024-06-25 11:03:50,962 [WARN] PackLoader:240 - Cannot read IP mode file for wolfSSL.I-CUBE-wolfMQTT.1.19.0
2024-06-25 11:03:51,012 [WARN] PackLoader:240 - Cannot read IP mode file for WES.I-CUBE-Cesium.1.3.0
2024-06-25 11:03:51,052 [WARN] PackLoader:240 - Cannot read IP mode file for STMicroelectronics.X-CUBE-BLE2.3.3.0
2024-06-25 11:03:51,097 [WARN] PackLoader:240 - Cannot read IP mode file for STMicroelectronics.X-CUBE-TCPP.4.1.0
2024-06-25 11:03:51,147 [WARN] PackLoader:240 - Cannot read IP mode file for STMicroelectronics.X-CUBE-ALGOBUILD.1.3.0
2024-06-25 11:03:51,827 [WARN] PackLoader:240 - Cannot read IP mode file for STMicroelectronics.X-CUBE-AZRTOS-G0.1.1.0
2024-06-25 11:03:51,882 [WARN] PackLoader:240 - Cannot read IP mode file for STMicroelectronics.X-CUBE-SAFEA1.1.2.2
2024-06-25 11:03:51,936 [WARN] PackLoader:240 - Cannot read IP mode file for STMicroelectronics.X-CUBE-NFC4.3.0.0
2024-06-25 11:03:51,982 [WARN] PackLoader:240 - Cannot read IP mode file for wolfSSL.I-CUBE-wolfMQTT.1.18.0
2024-06-25 11:03:52,064 [WARN] PackLoader:240 - Cannot read IP mode file for STMicroelectronics.X-CUBE-BLEMGR.3.0.0
2024-06-25 11:03:52,106 [WARN] PackLoader:240 - Cannot read IP mode file for STMicroelectronics.FP-ATR-SIGFOX1.3.2.0
2024-06-25 11:03:52,152 [WARN] PackLoader:240 - Cannot read IP mode file for STMicroelectronics.X-CUBE-EEPRMA1.5.1.0
2024-06-25 11:03:52,303 [WARN] PackLoader:240 - Cannot read IP mode file for SEGGER.I-CUBE-embOS.1.3.1
2024-06-25 11:03:52,440 [WARN] PackLoader:240 - Cannot read IP mode file for STMicroelectronics.X-CUBE-ALGOBUILD.1.4.0
2024-06-25 11:03:52,488 [WARN] PackLoader:240 - Cannot read IP mode file for STMicroelectronics.X-CUBE-GNSS1.6.0.0
2024-06-25 11:03:52,659 [WARN] PackLoader:240 - Cannot read IP mode file for STMicroelectronics.X-CUBE-AZRTOS-F4.1.1.0
2024-06-25 11:03:52,744 [WARN] PackLoader:240 - Cannot read IP mode file for wolfSSL.I-CUBE-wolfSSL.5.6.3
2024-06-25 11:03:52,853 [WARN] PackLoader:240 - Cannot read IP mode file for STMicroelectronics.X-CUBE-FREERTOS.1.2.0
2024-06-25 11:03:53,050 [WARN] PackLoader:240 - Cannot read IP mode file for STMicroelectronics.X-CUBE-AZRTOS-L5.2.0.0
2024-06-25 11:03:53,312 [WARN] PackLoader:240 - Cannot read IP mode file for STMicroelectronics.X-CUBE-MEMS1.9.6.0
2024-06-25 11:03:53,758 [WARN] PackLoader:240 - Cannot read IP mode file for STMicroelectronics.X-CUBE-EEPRMA1.4.2.0
2024-06-25 11:03:53,804 [WARN] PackLoader:240 - Cannot read IP mode file for STMicroelectronics.X-CUBE-NFC6.3.1.0
2024-06-25 11:03:53,835 [WARN] PackLoader:240 - Cannot read IP mode file for ITTIA_DB.I-CUBE-ITTIADB.8.8.0
2024-06-25 11:03:53,871 [WARN] PackLoader:240 - Cannot read IP mode file for STMicroelectronics.X-CUBE-BLEMGR.2.0.0
2024-06-25 11:03:53,907 [WARN] PackLoader:240 - Cannot read IP mode file for STMicroelectronics.X-CUBE-AI.9.0.0
2024-06-25 11:03:54,004 [WARN] ConditionMgr:438 - getConditionDescription Invalid condition id : UX DEVICE CLASS RTOS Condition cause : null
2024-06-25 11:03:54,006 [WARN] ConditionMgr:438 - getConditionDescription Invalid condition id : UX DEVICE CLASS RTOS Condition cause : null
2024-06-25 11:03:54,047 [WARN] PackLoader:240 - Cannot read IP mode file for STMicroelectronics.X-CUBE-AZRTOS-H7.3.1.0
2024-06-25 11:03:54,056 [WARN] ConditionMgr:1039 - genDependencies : Invalid condition id : UX DEVICE CLASS RTOS Condition cause : null
2024-06-25 11:03:54,057 [WARN] ConditionMgr:1039 - genDependencies : Invalid condition id : UX DEVICE CLASS RTOS Condition cause : null
2024-06-25 11:03:54,060 [WARN] ConditionMgr:1039 - genDependencies : Invalid condition id : UX DEVICE CLASS RTOS Condition cause : null
2024-06-25 11:03:54,065 [WARN] ConditionMgr:1039 - genDependencies : Invalid condition id : UX DEVICE CLASS RTOS Condition cause : null
2024-06-25 11:03:54,065 [WARN] ConditionMgr:1039 - genDependencies : Invalid condition id : UX DEVICE CLASS RTOS Condition cause : null
2024-06-25 11:03:54,114 [WARN] PackLoader:240 - Cannot read IP mode file for STMicroelectronics.X-CUBE-NFC7.1.0.1
2024-06-25 11:03:54,207 [WARN] PackLoader:240 - Cannot read IP mode file for STMicroelectronics.X-CUBE-NFC6.3.0.0
2024-06-25 11:03:54,264 [WARN] PackLoader:240 - Cannot read IP mode file for STMicroelectronics.X-CUBE-EEPRMA1.4.1.0
2024-06-25 11:03:54,305 [WARN] PackLoader:240 - Cannot read IP mode file for STMicroelectronics.X-CUBE-AI.8.1.0
2024-06-25 11:03:54,411 [WARN] ConditionMgr:438 - getConditionDescription Invalid condition id : LAN8742 Phy interface Condition cause : null
2024-06-25 11:03:54,413 [WARN] PackLoader:240 - Cannot read IP mode file for STMicroelectronics.X-CUBE-AZRTOS-L4.2.0.0
2024-06-25 11:03:54,421 [WARN] ConditionMgr:1039 - genDependencies : Invalid condition id : LAN8742 Phy interface Condition cause : null
2024-06-25 11:03:54,422 [WARN] ConditionMgr:1039 - genDependencies : Invalid condition id : LAN8742 Phy interface Condition cause : null
2024-06-25 11:03:54,424 [WARN] ConditionMgr:1039 - genDependencies : Invalid condition id : LAN8742 Phy interface Condition cause : null
2024-06-25 11:03:54,469 [WARN] PackLoader:240 - Cannot read IP mode file for STMicroelectronics.X-CUBE-SFXS2LP1.4.0.0
2024-06-25 11:03:54,504 [WARN] PackLoader:240 - Cannot read IP mode file for STMicroelectronics.X-CUBE-ISPU.1.1.0
2024-06-25 11:03:54,589 [WARN] ConditionMgr:438 - getConditionDescription Invalid condition id : UX DEVICE CLASS RTOS Condition cause : null
2024-06-25 11:03:54,589 [WARN] ConditionMgr:438 - getConditionDescription Invalid condition id : UX DEVICE CLASS RTOS Condition cause : null
2024-06-25 11:03:54,606 [WARN] PackLoader:240 - Cannot read IP mode file for STMicroelectronics.X-CUBE-AZRTOS-WB.2.0.0
2024-06-25 11:03:54,612 [WARN] ConditionMgr:1039 - genDependencies : Invalid condition id : UX DEVICE CLASS RTOS Condition cause : null
2024-06-25 11:03:54,612 [WARN] ConditionMgr:1039 - genDependencies : Invalid condition id : UX DEVICE CLASS RTOS Condition cause : null
2024-06-25 11:03:54,613 [WARN] ConditionMgr:1039 - genDependencies : Invalid condition id : UX DEVICE CLASS RTOS Condition cause : null
2024-06-25 11:03:54,617 [WARN] ConditionMgr:1039 - genDependencies : Invalid condition id : UX DEVICE CLASS RTOS Condition cause : null
2024-06-25 11:03:54,617 [WARN] ConditionMgr:1039 - genDependencies : Invalid condition id : UX DEVICE CLASS RTOS Condition cause : null
2024-06-25 11:03:54,686 [WARN] PackLoader:240 - Cannot read IP mode file for STMicroelectronics.X-CUBE-SUBG2.5.0.0
2024-06-25 11:03:54,793 [WARN] PackLoader:240 - Cannot read IP mode file for STMicroelectronics.X-CUBE-TOF1.3.3.1
2024-06-25 11:03:55,020 [WARN] PackLoader:240 - Cannot read IP mode file for STMicroelectronics.X-CUBE-AZRTOS-G4.2.0.0
2024-06-25 11:03:55,235 [WARN] PackLoader:240 - Cannot read IP mode file for Infineon.AIROC-Wi-Fi-Bluetooth-STM32.1.5.1
2024-06-25 11:03:55,315 [WARN] PackLoader:240 - Cannot read IP mode file for STMicroelectronics.FP-SNS-MOTENVWB1.1.3.1
2024-06-25 11:03:55,349 [WARN] PackLoader:240 - Cannot read IP mode file for STMicroelectronics.X-CUBE-ISPU.2.0.0
2024-06-25 11:03:55,444 [WARN] PackLoader:240 - Cannot read IP mode file for STMicroelectronics.X-CUBE-ALS.1.0.2
2024-06-25 11:03:55,617 [WARN] PackLoader:240 - Cannot read IP mode file for STMicroelectronics.X-CUBE-MEMS1.10.0.0
2024-06-25 11:03:55,935 [WARN] PackLoader:240 - Cannot read IP mode file for STMicroelectronics.X-CUBE-FREERTOS.1.1.0
2024-06-25 11:03:55,966 [WARN] PackLoader:240 - Cannot read IP mode file for STMicroelectronics.X-CUBE-TOUCHGFX.4.24.0
2024-06-25 11:03:56,080 [WARN] PackLoader:240 - Cannot read IP mode file for portGmbH.I-Cube-SoM-uGOAL.1.1.0
2024-06-25 11:03:56,524 [WARN] PackLoader:240 - Cannot read IP mode file for STMicroelectronics.X-CUBE-ALS.1.0.1
2024-06-25 11:03:58,984 [WARN] PackLoader:240 - Cannot read IP mode file for STMicroelectronics.X-CUBE-AZRTOS-H7RS.1.0.0
2024-06-25 11:03:59,243 [WARN] PackLoader:240 - Cannot read IP mode file for STMicroelectronics.FP-ATR-ASTRA1.2.0.0
2024-06-25 11:03:59,519 [WARN] PackLoader:240 - Cannot read IP mode file for STMicroelectronics.X-CUBE-TOF1.3.4.0
2024-06-25 11:03:59,705 [WARN] PackLoader:240 - Cannot read IP mode file for STMicroelectronics.X-CUBE-TOF1.3.4.1
2024-06-25 11:04:00,155 [WARN] PackLoader:240 - Cannot read IP mode file for STMicroelectronics.X-CUBE-AZRTOS-H7.3.2.0
2024-06-25 11:04:00,169 [INFO] ThirdParty:978 - Integrity check success = true
2024-06-25 11:04:00,170 [INFO] IntegrityCheckThread:100 - exiting critical section [integrity check]
2024-06-25 11:04:00,170 [INFO] IntegrityCheckThread:103 - End integrity checks thread
2024-06-25 11:04:00,513 [INFO] Mcu:2021 - Initializing MCU STM32C011F(4-6)Px STM32C011F6Px STM32C011F6P6
2024-06-25 11:04:08,216 [INFO] Context:663 - Trying to add GPIOservice into a context  which must be forbidden
2024-06-25 11:04:13,824 [WARN] ModelIntegratedComponent:63 - No mode defined for component null
2024-06-25 11:04:13,825 [WARN] ModelIntegratedComponent:63 - No mode defined for component null
2024-06-25 11:04:13,825 [WARN] ModelIntegratedComponent:63 - No mode defined for component null
2024-06-25 11:04:13,825 [WARN] ModelIntegratedComponent:63 - No mode defined for component null
2024-06-25 11:04:13,825 [WARN] ModelIntegratedComponent:63 - No mode defined for component null
2024-06-25 11:04:13,825 [WARN] ModelIntegratedComponent:63 - No mode defined for component null
2024-06-25 11:04:13,825 [WARN] ModelIntegratedComponent:63 - No mode defined for component null
2024-06-25 11:04:13,826 [WARN] ModelIntegratedComponent:63 - No mode defined for component null
2024-06-25 11:04:13,826 [WARN] ModelIntegratedComponent:63 - No mode defined for component null
2024-06-25 11:04:13,826 [WARN] ModelIntegratedComponent:63 - No mode defined for component null
2024-06-25 11:04:13,826 [WARN] ModelIntegratedComponent:63 - No mode defined for component null
2024-06-25 11:04:13,826 [WARN] ModelIntegratedComponent:63 - No mode defined for component null
2024-06-25 11:04:13,826 [WARN] ModelIntegratedComponent:63 - No mode defined for component null
2024-06-25 11:04:13,826 [WARN] ModelIntegratedComponent:63 - No mode defined for component null
2024-06-25 11:04:13,827 [WARN] ModelIntegratedComponent:63 - No mode defined for component null
2024-06-25 11:04:13,827 [WARN] ModelIntegratedComponent:63 - No mode defined for component null
2024-06-25 11:04:13,827 [WARN] ModelIntegratedComponent:63 - No mode defined for component null
2024-06-25 11:04:13,827 [WARN] ModelIntegratedComponent:63 - No mode defined for component null
2024-06-25 11:04:13,828 [WARN] ModelIntegratedComponent:63 - No mode defined for component null
2024-06-25 11:04:13,828 [WARN] ModelIntegratedComponent:63 - No mode defined for component null
2024-06-25 11:04:13,828 [WARN] ModelIntegratedComponent:63 - No mode defined for component null
2024-06-25 11:04:13,832 [WARN] ModelIntegratedComponent:63 - No mode defined for component null
2024-06-25 11:04:13,832 [WARN] ModelIntegratedComponent:63 - No mode defined for component null
2024-06-25 11:04:13,832 [WARN] ModelIntegratedComponent:63 - No mode defined for component null
2024-06-25 11:04:13,832 [WARN] ModelIntegratedComponent:63 - No mode defined for component null
2024-06-25 11:04:13,833 [WARN] ModelIntegratedComponent:63 - No mode defined for component null
2024-06-25 11:04:13,833 [WARN] ModelIntegratedComponent:63 - No mode defined for component null
2024-06-25 11:04:13,833 [WARN] ModelIntegratedComponent:63 - No mode defined for component null
2024-06-25 11:04:13,833 [WARN] ModelIntegratedComponent:63 - No mode defined for component null
2024-06-25 11:04:13,833 [WARN] ModelIntegratedComponent:63 - No mode defined for component null
2024-06-25 11:04:13,833 [WARN] ModelIntegratedComponent:63 - No mode defined for component null
2024-06-25 11:04:13,834 [WARN] ModelIntegratedComponent:63 - No mode defined for component null
2024-06-25 11:04:13,834 [WARN] ModelIntegratedComponent:63 - No mode defined for component null
2024-06-25 11:04:13,834 [WARN] ModelIntegratedComponent:63 - No mode defined for component null
2024-06-25 11:04:14,298 [INFO] RtosManager:555 - Registered RTOS mode: class=RTOS, group=ThreadX, mode=Core, owner=THREADX
2024-06-25 11:04:14,392 [INFO] ThirdPartyModel:298 - Start build external matchings
2024-06-25 11:04:16,205 [INFO] ThirdPartyModel:316 - End build external matchings
2024-06-25 11:04:16,270 [WARN] IP:2120 - OutPut1 not found: check if there is a RefParameter without a condition.
2024-06-25 11:04:16,271 [WARN] IP:2120 - OutPut2 not found: check if there is a RefParameter without a condition.
2024-06-25 11:04:16,271 [WARN] IP:2120 - OutPut3 not found: check if there is a RefParameter without a condition.
2024-06-25 11:04:17,323 [INFO] ApiDb:581 - Connected to CubeFinder SQLite database (C:\Users\User\.stmcufinder\plugins\mcufinder\mcu\cube-finder-db.db)
2024-06-25 11:04:17,623 [INFO] ApiDb:668 - CubeFinder database Data Model version=2.1
2024-06-25 11:04:17,623 [INFO] ApiDb:669 - CubeFinder database Configuration version=3.0.39
2024-06-25 11:04:17,634 [INFO] ApiDb:670 - CubeFinder database generation date=2024-06-05 (1717578087)
2024-06-25 11:04:17,634 [INFO] ApiDb:671 - CubeFinder database FW Pack versions=[FP-ATR-ASTRA1_V2.0.0, FP-SNS-FLIGHT1_V5.0.1, FP-SNS-FLIGHT1_V5.0.2, FP-SNS-MOTENV1_V4.3.1, FP-SNS-MOTENV1_V4.3.2, FP-SNS-MOTENV1_V5.0.0, FP-SNS-MOTENVWB1_V1.4.0, FP-SNS-SMARTAG2_V1.2.0, STM32Cube_FW_C0_V1.1.0, STM32Cube_FW_F4_V1.28.0, STM32Cube_FW_F7_V1.17.2, STM32Cube_FW_G0_V1.6.2, STM32Cube_FW_G4_V1.5.2, STM32Cube_FW_H5_V0.5.1, STM32Cube_FW_H5_V1.1.1, STM32Cube_FW_H5_V1.2.0, STM32Cube_FW_H5_V1.2.0RC4, STM32Cube_FW_H7RS_V1.0.0, STM32Cube_FW_H7RS_V1.0.0RC4, STM32Cube_FW_H7_V1.11.2, STM32Cube_FW_L0_V1.12.2, STM32Cube_FW_L5_V1.5.1, STM32Cube_FW_U0_V1.0.0, STM32Cube_FW_U0_V1.0.0RC1, STM32Cube_FW_U5_V1.3.0RC4, STM32Cube_FW_U5_V1.5.0, STM32Cube_FW_U5_V1.5.0RC1, STM32Cube_FW_WBA_V1.0.0RC1, STM32Cube_FW_WBA_V1.2.0, STM32Cube_FW_WBA_V1.2.0RC2, STM32Cube_FW_WBA_V1.3.0RC1, STM32Cube_FW_WBA_V1.3.1, STM32Cube_FW_WB_V1.15.0RC1, STM32Cube_FW_WB_V1.16.0, STM32Cube_FW_WB_V1.16.0RC2, STM32Cube_FW_WB_V1.18.0, STM32Cube_FW_WB_V1.19.0, STM32Cube_FW_WL_V1.3.0, X-CUBE-ALGOBUILD_V1.4.0, X-CUBE-ALS_V1.0.1, X-CUBE-ALS_V1.0.2, X-CUBE-AZRTOS-F4_V1.1.0, X-CUBE-AZRTOS-F7_V1.1.0, X-CUBE-AZRTOS-G0_V1.1.0, X-CUBE-AZRTOS-G4_V2.0.0, X-CUBE-AZRTOS-H7RS_V1.0.0, X-CUBE-AZRTOS-H7_V3.2.0, X-CUBE-AZRTOS-L4_V1.0.0, X-CUBE-AZRTOS-L4_V2.0.0, X-CUBE-AZRTOS-L5_V1.1.0, X-CUBE-AZRTOS-WB_V2.0.0, X-CUBE-AZRTOS-WL_V2.0.0, X-CUBE-BLE1_V7.0.0, X-CUBE-BLE2_V3.3.0, X-CUBE-BLEMGR_V3.1.0, X-CUBE-EEPRMA1_V4.1.0, X-CUBE-EEPRMA1_V5.1.0, X-CUBE-FREERTOS_V1.2.0, X-CUBE-GNSS1_V6.0.0, X-CUBE-MEMS1_V10.0.0, X-CUBE-MEMS1_V9.1.0, X-CUBE-MEMS1_V9.4.0, X-CUBE-MEMS1_V9.6.0, X-CUBE-NFC4_V3.0.0, X-CUBE-NFC7_V1.0.1, X-CUBE-SFXS2LP1_V4.0.0, X-CUBE-SUBG2_V5.0.0, X-CUBE-TOF1_V3.4.1]
2024-06-25 11:04:18,032 [INFO] DbBoardsSqlite:226 - include board P-NUCLEO-WB55-NUCLEO as a kit item of type 'Nucleo-64'
2024-06-25 11:04:18,033 [INFO] DbBoardsSqlite:226 - include board P-NUCLEO-WB55-USBDONGLE as a kit item of type 'Nucleo USB Dongle'
2024-06-25 11:04:18,035 [INFO] DbBoardsSqlite:226 - include board STEVAL-IDP005V1 as a kit item of type 'Evaluation Board'
2024-06-25 11:04:18,036 [INFO] DbBoardsSqlite:226 - include board STEVAL-IDP005V2 as a kit item of type 'Evaluation Board'
2024-06-25 11:04:19,082 [INFO] ApiDb:240 - Found 483 in-development CPN: [B-G473E-ZEST1S, B-WB1M-WPAN1, B-WL5M-SUBG1, NUCLEO-C031C6, NUCLEO-H503RB, NUCLEO-H533RE, NUCLEO-H563ZI, NUCLEO-H7S3L8, NUCLEO-U031R8, NUCLEO-U083RC, NUCLEO-U545RE-Q, NUCLEO-U5A5ZJ-Q, NUCLEO-WBA52CG, NUCLEO-WBA55CG, STEVAL-PROTEUS1, STEVAL-SMARTAG2, STEVAL-STWINBX1, STM320518-EVAL, STM32C0116-DK, STM32C011D6Y3TR, STM32C011D6Y6TR, STM32C011F4P3, STM32C011F4P6, STM32C011F4U3, STM32C011F4U6TR, STM32C011F6P3, STM32C011F6P6, STM32C011F6U3, STM32C011F6U6TR, STM32C011J4M3, STM32C011J4M6, STM32C011J6M3, STM32C011J6M6, STM32C0316-DK, STM32C031C4T3, STM32C031C4T6, STM32C031C4U3, STM32C031C4U6, STM32C031C6T3, STM32C031C6T6, STM32C031C6U3, STM32C031C6U6, STM32C031F4P3, STM32C031F4P6, STM32C031F6P3, STM32C031F6P6, STM32C031G4U3, STM32C031G4U6, STM32C031G6U3, STM32C031G6U6, STM32C031K4T3, STM32C031K4T6, STM32C031K4U3, STM32C031K4U6, STM32C031K6T3, STM32C031K6T6, STM32C031K6U3, STM32C031K6U6, STM32G071K8TXN, STM32G071K8UXN, STM32G081GBU6N, STM32G081KBT6N, STM32G081KBUXN, STM32G0B1CCT6N, STM32G0B1KCT6, STM32G0B1NEY6TR, STM32G0B1RCT6N, STM32G0C1CCT6, STM32G0C1CCT6N, STM32G0C1CCU6N, STM32G0C1CET6N, STM32G0C1CEU6N, STM32G0C1KCT6, STM32G0C1NEY6TR, STM32G0C1RCI6N, STM32G0C1RCT6N, STM32G0C1REI6N, STM32G0C1RET6N, STM32G0C1VCI6, STM32G0C1VEI6, STM32G471CCT6, STM32G471CCU6, STM32G471CET3, STM32G471CET6, STM32G471CEU3, STM32G471CEU6, STM32G471MCT6, STM32G471MET3, STM32G471MET6, STM32G471MEY6TR, STM32G471QCT6, STM32G471QET3, STM32G471RCT6, STM32G471RET3, STM32G471RET6, STM32G471VCH6, STM32G471VCI6, STM32G471VCT6, STM32G471VEH3, STM32G471VEH6, STM32G471VEI3, STM32G471VEI6, STM32G471VET3, STM32G471VET6, STM32G474CCT6, STM32H503CBT6, STM32H503CBU6, STM32H503EBY6TR, STM32H503KBU6, STM32H503RBT6, STM32H523CCT6, STM32H523CCU6, STM32H523CET6, STM32H523CEU6, STM32H523HEY6TR, STM32H523RCT6, STM32H523RET6, STM32H523VCI6, STM32H523VCT6, STM32H523VEI6, STM32H523VET6, STM32H523ZCJ6, STM32H523ZCT6, STM32H523ZEJ6, STM32H523ZET6, STM32H533CET6, STM32H533CEU6, STM32H533HEY6TR, STM32H533RET6, STM32H533VEI6, STM32H533VET6, STM32H533ZEJ6, STM32H533ZET6, STM32H562AGI6, STM32H562AII6, STM32H562IGK6, STM32H562IGT6, STM32H562IIK6, STM32H562IIT6, STM32H562RGT6, STM32H562RGV6, STM32H562RIT6, STM32H562RIV6, STM32H562VGT6, STM32H562VIT6, STM32H562ZGT6, STM32H562ZIT6, STM32H563AGI6, STM32H563AII3Q, STM32H563AII6, STM32H563IGK6, STM32H563IGT6, STM32H563IIK3Q, STM32H563IIK6, STM32H563IIT3Q, STM32H563IIT6, STM32H563MIY3QTR, STM32H563RGT6, STM32H563RGV6, STM32H563RIT6, STM32H563RIV6, STM32H563VGT6, STM32H563VIT3Q, STM32H563VIT6, STM32H563ZGT6, STM32H563ZIT3Q, STM32H563ZIT6, STM32H573AII3Q, STM32H573AII6, STM32H573I-DK, STM32H573IIK3Q, STM32H573IIK6, STM32H573IIT3Q, STM32H573IIT6, STM32H573MIY3QTR, STM32H573RIT6, STM32H573RIV6, STM32H573VIT3Q, STM32H573VIT6, STM32H573ZIT3Q, STM32H573ZIT6, STM32H7R3A8I6, STM32H7R3I8K6, STM32H7R3I8T6, STM32H7R3L8H6, STM32H7R3L8H6H, STM32H7R3R8V6, STM32H7R3V8H6, STM32H7R3V8T6, STM32H7R3V8Y6, STM32H7R3Z8J6, STM32H7R3Z8T6, STM32H7R7A8I6, STM32H7R7I8K6, STM32H7R7I8T6, STM32H7R7L8H6, STM32H7R7L8H6H, STM32H7R7Z8J6, STM32H7S3A8I6, STM32H7S3I8K6, STM32H7S3I8T6, STM32H7S3L8H6, STM32H7S3L8H6H, STM32H7S3R8V6, STM32H7S3V8H6, STM32H7S3V8T6, STM32H7S3V8Y6, STM32H7S3Z8J6, STM32H7S3Z8T6, STM32H7S78-DK, STM32H7S7A8I6, STM32H7S7I8K6, STM32H7S7I8T6, STM32H7S7L8H6, STM32H7S7L8H6H, STM32H7S7Z8J6, STM32L4R5QGI6STR, STM32MP131AAE3, STM32MP131AAF3, STM32MP131AAG3, STM32MP131CAE3, STM32MP131CAF3, STM32MP131CAG3, STM32MP131DAE7, STM32MP131DAF7, STM32MP131DAG7, STM32MP131FAE7, STM32MP131FAF7, STM32MP131FAG7, STM32MP133AAE3, STM32MP133AAF3, STM32MP133AAG3, STM32MP133CAE3, STM32MP133CAF3, STM32MP133CAG3, STM32MP133DAE7, STM32MP133DAF7, STM32MP133DAG7, STM32MP133FAE7, STM32MP133FAF7, STM32MP133FAG7, STM32MP135AAE3, STM32MP135AAF3, STM32MP135AAG3, STM32MP135CAE3, STM32MP135CAF3, STM32MP135CAG3, STM32MP135DAE7, STM32MP135DAF7, STM32MP135DAG7, STM32MP135F-DK, STM32MP135FAE7, STM32MP135FAF7, STM32MP135FAF7T, STM32MP135FAF7U, STM32MP135FAG7, STM32U031C6T6, STM32U031C6U6, STM32U031C8T6, STM32U031C8U6, STM32U031F4P6, STM32U031F6P6, STM32U031F8P6, STM32U031G6Y6TR, STM32U031G8Y6TR, STM32U031K4U6, STM32U031K6U6, STM32U031K8U6, STM32U031R6I6, STM32U031R6T6, STM32U031R8I6, STM32U031R8T6, STM32U073C8T6, STM32U073C8U6, STM32U073CBT6, STM32U073CBU6, STM32U073CCT6, STM32U073CCU6, STM32U073H8Y6TR, STM32U073HBY6TR, STM32U073HCY6TR, STM32U073K8U6, STM32U073KBU6, STM32U073KCU6, STM32U073M8I6, STM32U073M8T6, STM32U073MBI6, STM32U073MBT6, STM32U073MCI6, STM32U073MCT6, STM32U073R8I6, STM32U073R8T6, STM32U073RBI6, STM32U073RBT6, STM32U073RCI6, STM32U073RCT6, STM32U083C-DK, STM32U083CCT6, STM32U083CCU6, STM32U083HCY6TR, STM32U083KCU6, STM32U083MCI6, STM32U083MCT6, STM32U083RCI6, STM32U083RCT6, STM32U535CBT6, STM32U535CBT6Q, STM32U535CBU6, STM32U535CBU6Q, STM32U535CCT6, STM32U535CCT6Q, STM32U535CCU6, STM32U535CCU6Q, STM32U535CET6, STM32U535CET6Q, STM32U535CEU6, STM32U535CEU6Q, STM32U535JEY6QTR, STM32U535NCY6QTR, STM32U535NEY6QTR, STM32U535RBI6, STM32U535RBI6Q, STM32U535RBT6, STM32U535RBT6Q, STM32U535RCI6, STM32U535RCI6Q, STM32U535RCT6, STM32U535RCT6Q, STM32U535REI6, STM32U535REI6Q, STM32U535RET6, STM32U535RET6Q, STM32U535VCI6, STM32U535VCI6Q, STM32U535VCT6, STM32U535VCT6Q, STM32U535VEI6, STM32U535VEI6Q, STM32U535VET6, STM32U535VET6Q, STM32U545CET6, STM32U545CET6Q, STM32U545CEU6, STM32U545CEU6Q, STM32U545JEY6QTR, STM32U545NEY6QTR, STM32U545REI6, STM32U545REI6Q, STM32U545RET6, STM32U545RET6Q, STM32U545VEI6, STM32U545VEI6Q, STM32U545VET6, STM32U545VET6Q, STM32U595AIH6, STM32U595AIH6Q, STM32U595AJH6, STM32U595AJH6Q, STM32U595QII6, STM32U595QII6Q, STM32U595QJI6, STM32U595QJI6Q, STM32U595RIT6, STM32U595RIT6Q, STM32U595RJT6, STM32U595RJT6Q, STM32U595VIT6, STM32U595VIT6Q, STM32U595VJT6, STM32U595VJT6Q, STM32U595ZIT6, STM32U595ZIT6Q, STM32U595ZIY6QTR, STM32U595ZJT6, STM32U595ZJT6Q, STM32U595ZJY6QTR, STM32U599BJY6QTR, STM32U599NIH6Q, STM32U599NJH6Q, STM32U599VIT6Q, STM32U599VJT6, STM32U599VJT6Q, STM32U599ZIT6Q, STM32U599ZIY6QTR, STM32U599ZJT6Q, STM32U599ZJY6QTR, STM32U5A5AJH6, STM32U5A5AJH6Q, STM32U5A5QII3Q , STM32U5A5QJI6, STM32U5A5QJI6Q, STM32U5A5RJT6, STM32U5A5RJT6Q, STM32U5A5VJT6, STM32U5A5VJT6Q, STM32U5A5ZJT6, STM32U5A5ZJT6Q, STM32U5A5ZJY6QTR, STM32U5A9BJY6QTR, STM32U5A9J-DK, STM32U5A9NJH6Q, STM32U5A9VJT6Q, STM32U5A9ZJT6Q, STM32U5A9ZJY6QTR, STM32U5F7VIT6, STM32U5F7VIT6Q, STM32U5F7VJT6, STM32U5F7VJT6Q, STM32U5F9BJY6QTR, STM32U5F9NJH6Q, STM32U5F9VIT6Q, STM32U5F9VJT6Q, STM32U5F9ZIJ6QTR, STM32U5F9ZIT6Q, STM32U5F9ZJJ6QTR, STM32U5F9ZJT6Q, STM32U5G7VJT6, STM32U5G7VJT6Q, STM32U5G9BJY6QTR, STM32U5G9J-DK1, STM32U5G9J-DK2, STM32U5G9NJH6Q, STM32U5G9VJT6Q, STM32U5G9ZJJ6QTR, STM32U5G9ZJT6Q, STM32WB1MMCH6, STM32WBA50KEU6, STM32WBA50KEU6TR, STM32WBA50KGU6, STM32WBA50KGU6TR, STM32WBA52CEU6, STM32WBA52CEU6TR, STM32WBA52CEU7, STM32WBA52CEU7TR, STM32WBA52CGU6, STM32WBA52CGU6TR, STM32WBA52CGU6U, STM32WBA52CGU7, STM32WBA52CGU7TR, STM32WBA52KEU6, STM32WBA52KEU6TR, STM32WBA52KGU6, STM32WBA52KGU6TR, STM32WBA54CEU6, STM32WBA54CEU6TR, STM32WBA54CEU7, STM32WBA54CEU7TR, STM32WBA54CGU6, STM32WBA54CGU6TR, STM32WBA54CGU7, STM32WBA54CGU7TR, STM32WBA54KEU6, STM32WBA54KEU6TR, STM32WBA54KEU7, STM32WBA54KEU7TR, STM32WBA54KGU6, STM32WBA54KGU6TR, STM32WBA54KGU7, STM32WBA54KGU7TR, STM32WBA55CEU6, STM32WBA55CEU6TR, STM32WBA55CEU7, STM32WBA55CEU7TR, STM32WBA55CGU6, STM32WBA55CGU6TR, STM32WBA55CGU6U, STM32WBA55CGU7, STM32WBA55CGU7TR, STM32WBA55G-DK1, STM32WBA55HEF6, STM32WBA55HEF7, STM32WBA55HGF6, STM32WBA55HGF7, STM32WBA55UEI6, STM32WBA55UEI6TR, STM32WBA55UEI7, STM32WBA55UEI7TR, STM32WBA55UGI6, STM32WBA55UGI6TR, STM32WBA55UGI7, STM32WBA55UGI7TR, STM32WL5MOCH6, STM32WL5MOCH6TR]
2024-06-25 11:04:19,715 [INFO] BoardInfo:889 - No configuration file found for board P-NUCLEO-WB55
2024-06-25 11:04:19,716 [INFO] DbBoards:161 - Kit is not supported: P-NUCLEO-WB55
2024-06-25 11:04:19,728 [INFO] BoardInfo:889 - No configuration file found for board STEVAL-BFA001V1B
2024-06-25 11:04:19,729 [INFO] DbBoards:161 - Kit is not supported: STEVAL-BFA001V1B
2024-06-25 11:04:19,732 [INFO] BoardInfo:889 - No configuration file found for board STEVAL-BFA001V2B
2024-06-25 11:04:19,733 [INFO] DbBoards:161 - Kit is not supported: STEVAL-BFA001V2B
2024-06-25 11:04:20,281 [INFO] DbBoards:168 - Found 199 boards, 196 are supported
2024-06-25 11:04:20,282 [INFO] DbBoards:169 - Found 199 boards, 8 of them is supported for  Bsp
2024-06-25 11:04:20,295 [INFO] ApiDb:668 - CubeFinder database Data Model version=2.1
2024-06-25 11:04:20,296 [INFO] ApiDb:669 - CubeFinder database Configuration version=3.0.39
2024-06-25 11:04:20,296 [INFO] ApiDb:670 - CubeFinder database generation date=2024-06-05 (1717578087)
2024-06-25 11:04:20,296 [INFO] ApiDb:671 - CubeFinder database FW Pack versions=[FP-ATR-ASTRA1_V2.0.0, FP-SNS-FLIGHT1_V5.0.1, FP-SNS-FLIGHT1_V5.0.2, FP-SNS-MOTENV1_V4.3.1, FP-SNS-MOTENV1_V4.3.2, FP-SNS-MOTENV1_V5.0.0, FP-SNS-MOTENVWB1_V1.4.0, FP-SNS-SMARTAG2_V1.2.0, STM32Cube_FW_C0_V1.1.0, STM32Cube_FW_F4_V1.28.0, STM32Cube_FW_F7_V1.17.2, STM32Cube_FW_G0_V1.6.2, STM32Cube_FW_G4_V1.5.2, STM32Cube_FW_H5_V0.5.1, STM32Cube_FW_H5_V1.1.1, STM32Cube_FW_H5_V1.2.0, STM32Cube_FW_H5_V1.2.0RC4, STM32Cube_FW_H7RS_V1.0.0, STM32Cube_FW_H7RS_V1.0.0RC4, STM32Cube_FW_H7_V1.11.2, STM32Cube_FW_L0_V1.12.2, STM32Cube_FW_L5_V1.5.1, STM32Cube_FW_U0_V1.0.0, STM32Cube_FW_U0_V1.0.0RC1, STM32Cube_FW_U5_V1.3.0RC4, STM32Cube_FW_U5_V1.5.0, STM32Cube_FW_U5_V1.5.0RC1, STM32Cube_FW_WBA_V1.0.0RC1, STM32Cube_FW_WBA_V1.2.0, STM32Cube_FW_WBA_V1.2.0RC2, STM32Cube_FW_WBA_V1.3.0RC1, STM32Cube_FW_WBA_V1.3.1, STM32Cube_FW_WB_V1.15.0RC1, STM32Cube_FW_WB_V1.16.0, STM32Cube_FW_WB_V1.16.0RC2, STM32Cube_FW_WB_V1.18.0, STM32Cube_FW_WB_V1.19.0, STM32Cube_FW_WL_V1.3.0, X-CUBE-ALGOBUILD_V1.4.0, X-CUBE-ALS_V1.0.1, X-CUBE-ALS_V1.0.2, X-CUBE-AZRTOS-F4_V1.1.0, X-CUBE-AZRTOS-F7_V1.1.0, X-CUBE-AZRTOS-G0_V1.1.0, X-CUBE-AZRTOS-G4_V2.0.0, X-CUBE-AZRTOS-H7RS_V1.0.0, X-CUBE-AZRTOS-H7_V3.2.0, X-CUBE-AZRTOS-L4_V1.0.0, X-CUBE-AZRTOS-L4_V2.0.0, X-CUBE-AZRTOS-L5_V1.1.0, X-CUBE-AZRTOS-WB_V2.0.0, X-CUBE-AZRTOS-WL_V2.0.0, X-CUBE-BLE1_V7.0.0, X-CUBE-BLE2_V3.3.0, X-CUBE-BLEMGR_V3.1.0, X-CUBE-EEPRMA1_V4.1.0, X-CUBE-EEPRMA1_V5.1.0, X-CUBE-FREERTOS_V1.2.0, X-CUBE-GNSS1_V6.0.0, X-CUBE-MEMS1_V10.0.0, X-CUBE-MEMS1_V9.1.0, X-CUBE-MEMS1_V9.4.0, X-CUBE-MEMS1_V9.6.0, X-CUBE-NFC4_V3.0.0, X-CUBE-NFC7_V1.0.1, X-CUBE-SFXS2LP1_V4.0.0, X-CUBE-SUBG2_V5.0.0, X-CUBE-TOF1_V3.4.1]
2024-06-25 11:04:29,627 [INFO] ApiDb:240 - Found 483 in-development CPN: [B-G473E-ZEST1S, B-WB1M-WPAN1, B-WL5M-SUBG1, NUCLEO-C031C6, NUCLEO-H503RB, NUCLEO-H533RE, NUCLEO-H563ZI, NUCLEO-H7S3L8, NUCLEO-U031R8, NUCLEO-U083RC, NUCLEO-U545RE-Q, NUCLEO-U5A5ZJ-Q, NUCLEO-WBA52CG, NUCLEO-WBA55CG, STEVAL-PROTEUS1, STEVAL-SMARTAG2, STEVAL-STWINBX1, STM320518-EVAL, STM32C0116-DK, STM32C011D6Y3TR, STM32C011D6Y6TR, STM32C011F4P3, STM32C011F4P6, STM32C011F4U3, STM32C011F4U6TR, STM32C011F6P3, STM32C011F6P6, STM32C011F6U3, STM32C011F6U6TR, STM32C011J4M3, STM32C011J4M6, STM32C011J6M3, STM32C011J6M6, STM32C0316-DK, STM32C031C4T3, STM32C031C4T6, STM32C031C4U3, STM32C031C4U6, STM32C031C6T3, STM32C031C6T6, STM32C031C6U3, STM32C031C6U6, STM32C031F4P3, STM32C031F4P6, STM32C031F6P3, STM32C031F6P6, STM32C031G4U3, STM32C031G4U6, STM32C031G6U3, STM32C031G6U6, STM32C031K4T3, STM32C031K4T6, STM32C031K4U3, STM32C031K4U6, STM32C031K6T3, STM32C031K6T6, STM32C031K6U3, STM32C031K6U6, STM32G071K8TXN, STM32G071K8UXN, STM32G081GBU6N, STM32G081KBT6N, STM32G081KBUXN, STM32G0B1CCT6N, STM32G0B1KCT6, STM32G0B1NEY6TR, STM32G0B1RCT6N, STM32G0C1CCT6, STM32G0C1CCT6N, STM32G0C1CCU6N, STM32G0C1CET6N, STM32G0C1CEU6N, STM32G0C1KCT6, STM32G0C1NEY6TR, STM32G0C1RCI6N, STM32G0C1RCT6N, STM32G0C1REI6N, STM32G0C1RET6N, STM32G0C1VCI6, STM32G0C1VEI6, STM32G471CCT6, STM32G471CCU6, STM32G471CET3, STM32G471CET6, STM32G471CEU3, STM32G471CEU6, STM32G471MCT6, STM32G471MET3, STM32G471MET6, STM32G471MEY6TR, STM32G471QCT6, STM32G471QET3, STM32G471RCT6, STM32G471RET3, STM32G471RET6, STM32G471VCH6, STM32G471VCI6, STM32G471VCT6, STM32G471VEH3, STM32G471VEH6, STM32G471VEI3, STM32G471VEI6, STM32G471VET3, STM32G471VET6, STM32G474CCT6, STM32H503CBT6, STM32H503CBU6, STM32H503EBY6TR, STM32H503KBU6, STM32H503RBT6, STM32H523CCT6, STM32H523CCU6, STM32H523CET6, STM32H523CEU6, STM32H523HEY6TR, STM32H523RCT6, STM32H523RET6, STM32H523VCI6, STM32H523VCT6, STM32H523VEI6, STM32H523VET6, STM32H523ZCJ6, STM32H523ZCT6, STM32H523ZEJ6, STM32H523ZET6, STM32H533CET6, STM32H533CEU6, STM32H533HEY6TR, STM32H533RET6, STM32H533VEI6, STM32H533VET6, STM32H533ZEJ6, STM32H533ZET6, STM32H562AGI6, STM32H562AII6, STM32H562IGK6, STM32H562IGT6, STM32H562IIK6, STM32H562IIT6, STM32H562RGT6, STM32H562RGV6, STM32H562RIT6, STM32H562RIV6, STM32H562VGT6, STM32H562VIT6, STM32H562ZGT6, STM32H562ZIT6, STM32H563AGI6, STM32H563AII3Q, STM32H563AII6, STM32H563IGK6, STM32H563IGT6, STM32H563IIK3Q, STM32H563IIK6, STM32H563IIT3Q, STM32H563IIT6, STM32H563MIY3QTR, STM32H563RGT6, STM32H563RGV6, STM32H563RIT6, STM32H563RIV6, STM32H563VGT6, STM32H563VIT3Q, STM32H563VIT6, STM32H563ZGT6, STM32H563ZIT3Q, STM32H563ZIT6, STM32H573AII3Q, STM32H573AII6, STM32H573I-DK, STM32H573IIK3Q, STM32H573IIK6, STM32H573IIT3Q, STM32H573IIT6, STM32H573MIY3QTR, STM32H573RIT6, STM32H573RIV6, STM32H573VIT3Q, STM32H573VIT6, STM32H573ZIT3Q, STM32H573ZIT6, STM32H7R3A8I6, STM32H7R3I8K6, STM32H7R3I8T6, STM32H7R3L8H6, STM32H7R3L8H6H, STM32H7R3R8V6, STM32H7R3V8H6, STM32H7R3V8T6, STM32H7R3V8Y6, STM32H7R3Z8J6, STM32H7R3Z8T6, STM32H7R7A8I6, STM32H7R7I8K6, STM32H7R7I8T6, STM32H7R7L8H6, STM32H7R7L8H6H, STM32H7R7Z8J6, STM32H7S3A8I6, STM32H7S3I8K6, STM32H7S3I8T6, STM32H7S3L8H6, STM32H7S3L8H6H, STM32H7S3R8V6, STM32H7S3V8H6, STM32H7S3V8T6, STM32H7S3V8Y6, STM32H7S3Z8J6, STM32H7S3Z8T6, STM32H7S78-DK, STM32H7S7A8I6, STM32H7S7I8K6, STM32H7S7I8T6, STM32H7S7L8H6, STM32H7S7L8H6H, STM32H7S7Z8J6, STM32L4R5QGI6STR, STM32MP131AAE3, STM32MP131AAF3, STM32MP131AAG3, STM32MP131CAE3, STM32MP131CAF3, STM32MP131CAG3, STM32MP131DAE7, STM32MP131DAF7, STM32MP131DAG7, STM32MP131FAE7, STM32MP131FAF7, STM32MP131FAG7, STM32MP133AAE3, STM32MP133AAF3, STM32MP133AAG3, STM32MP133CAE3, STM32MP133CAF3, STM32MP133CAG3, STM32MP133DAE7, STM32MP133DAF7, STM32MP133DAG7, STM32MP133FAE7, STM32MP133FAF7, STM32MP133FAG7, STM32MP135AAE3, STM32MP135AAF3, STM32MP135AAG3, STM32MP135CAE3, STM32MP135CAF3, STM32MP135CAG3, STM32MP135DAE7, STM32MP135DAF7, STM32MP135DAG7, STM32MP135F-DK, STM32MP135FAE7, STM32MP135FAF7, STM32MP135FAF7T, STM32MP135FAF7U, STM32MP135FAG7, STM32U031C6T6, STM32U031C6U6, STM32U031C8T6, STM32U031C8U6, STM32U031F4P6, STM32U031F6P6, STM32U031F8P6, STM32U031G6Y6TR, STM32U031G8Y6TR, STM32U031K4U6, STM32U031K6U6, STM32U031K8U6, STM32U031R6I6, STM32U031R6T6, STM32U031R8I6, STM32U031R8T6, STM32U073C8T6, STM32U073C8U6, STM32U073CBT6, STM32U073CBU6, STM32U073CCT6, STM32U073CCU6, STM32U073H8Y6TR, STM32U073HBY6TR, STM32U073HCY6TR, STM32U073K8U6, STM32U073KBU6, STM32U073KCU6, STM32U073M8I6, STM32U073M8T6, STM32U073MBI6, STM32U073MBT6, STM32U073MCI6, STM32U073MCT6, STM32U073R8I6, STM32U073R8T6, STM32U073RBI6, STM32U073RBT6, STM32U073RCI6, STM32U073RCT6, STM32U083C-DK, STM32U083CCT6, STM32U083CCU6, STM32U083HCY6TR, STM32U083KCU6, STM32U083MCI6, STM32U083MCT6, STM32U083RCI6, STM32U083RCT6, STM32U535CBT6, STM32U535CBT6Q, STM32U535CBU6, STM32U535CBU6Q, STM32U535CCT6, STM32U535CCT6Q, STM32U535CCU6, STM32U535CCU6Q, STM32U535CET6, STM32U535CET6Q, STM32U535CEU6, STM32U535CEU6Q, STM32U535JEY6QTR, STM32U535NCY6QTR, STM32U535NEY6QTR, STM32U535RBI6, STM32U535RBI6Q, STM32U535RBT6, STM32U535RBT6Q, STM32U535RCI6, STM32U535RCI6Q, STM32U535RCT6, STM32U535RCT6Q, STM32U535REI6, STM32U535REI6Q, STM32U535RET6, STM32U535RET6Q, STM32U535VCI6, STM32U535VCI6Q, STM32U535VCT6, STM32U535VCT6Q, STM32U535VEI6, STM32U535VEI6Q, STM32U535VET6, STM32U535VET6Q, STM32U545CET6, STM32U545CET6Q, STM32U545CEU6, STM32U545CEU6Q, STM32U545JEY6QTR, STM32U545NEY6QTR, STM32U545REI6, STM32U545REI6Q, STM32U545RET6, STM32U545RET6Q, STM32U545VEI6, STM32U545VEI6Q, STM32U545VET6, STM32U545VET6Q, STM32U595AIH6, STM32U595AIH6Q, STM32U595AJH6, STM32U595AJH6Q, STM32U595QII6, STM32U595QII6Q, STM32U595QJI6, STM32U595QJI6Q, STM32U595RIT6, STM32U595RIT6Q, STM32U595RJT6, STM32U595RJT6Q, STM32U595VIT6, STM32U595VIT6Q, STM32U595VJT6, STM32U595VJT6Q, STM32U595ZIT6, STM32U595ZIT6Q, STM32U595ZIY6QTR, STM32U595ZJT6, STM32U595ZJT6Q, STM32U595ZJY6QTR, STM32U599BJY6QTR, STM32U599NIH6Q, STM32U599NJH6Q, STM32U599VIT6Q, STM32U599VJT6, STM32U599VJT6Q, STM32U599ZIT6Q, STM32U599ZIY6QTR, STM32U599ZJT6Q, STM32U599ZJY6QTR, STM32U5A5AJH6, STM32U5A5AJH6Q, STM32U5A5QII3Q , STM32U5A5QJI6, STM32U5A5QJI6Q, STM32U5A5RJT6, STM32U5A5RJT6Q, STM32U5A5VJT6, STM32U5A5VJT6Q, STM32U5A5ZJT6, STM32U5A5ZJT6Q, STM32U5A5ZJY6QTR, STM32U5A9BJY6QTR, STM32U5A9J-DK, STM32U5A9NJH6Q, STM32U5A9VJT6Q, STM32U5A9ZJT6Q, STM32U5A9ZJY6QTR, STM32U5F7VIT6, STM32U5F7VIT6Q, STM32U5F7VJT6, STM32U5F7VJT6Q, STM32U5F9BJY6QTR, STM32U5F9NJH6Q, STM32U5F9VIT6Q, STM32U5F9VJT6Q, STM32U5F9ZIJ6QTR, STM32U5F9ZIT6Q, STM32U5F9ZJJ6QTR, STM32U5F9ZJT6Q, STM32U5G7VJT6, STM32U5G7VJT6Q, STM32U5G9BJY6QTR, STM32U5G9J-DK1, STM32U5G9J-DK2, STM32U5G9NJH6Q, STM32U5G9VJT6Q, STM32U5G9ZJJ6QTR, STM32U5G9ZJT6Q, STM32WB1MMCH6, STM32WBA50KEU6, STM32WBA50KEU6TR, STM32WBA50KGU6, STM32WBA50KGU6TR, STM32WBA52CEU6, STM32WBA52CEU6TR, STM32WBA52CEU7, STM32WBA52CEU7TR, STM32WBA52CGU6, STM32WBA52CGU6TR, STM32WBA52CGU6U, STM32WBA52CGU7, STM32WBA52CGU7TR, STM32WBA52KEU6, STM32WBA52KEU6TR, STM32WBA52KGU6, STM32WBA52KGU6TR, STM32WBA54CEU6, STM32WBA54CEU6TR, STM32WBA54CEU7, STM32WBA54CEU7TR, STM32WBA54CGU6, STM32WBA54CGU6TR, STM32WBA54CGU7, STM32WBA54CGU7TR, STM32WBA54KEU6, STM32WBA54KEU6TR, STM32WBA54KEU7, STM32WBA54KEU7TR, STM32WBA54KGU6, STM32WBA54KGU6TR, STM32WBA54KGU7, STM32WBA54KGU7TR, STM32WBA55CEU6, STM32WBA55CEU6TR, STM32WBA55CEU7, STM32WBA55CEU7TR, STM32WBA55CGU6, STM32WBA55CGU6TR, STM32WBA55CGU6U, STM32WBA55CGU7, STM32WBA55CGU7TR, STM32WBA55G-DK1, STM32WBA55HEF6, STM32WBA55HEF7, STM32WBA55HGF6, STM32WBA55HGF7, STM32WBA55UEI6, STM32WBA55UEI6TR, STM32WBA55UEI7, STM32WBA55UEI7TR, STM32WBA55UGI6, STM32WBA55UGI6TR, STM32WBA55UGI7, STM32WBA55UGI7TR, STM32WL5MOCH6, STM32WL5MOCH6TR]
2024-06-25 11:04:29,640 [INFO] DbMcus:218 - Found 4096 MCUs, 4096 are supported
2024-06-25 11:04:29,754 [INFO] ApiDb:423 - Load user favorites file C:\Users\User/.stm32cubeide/favorites.mcus.txt: 1 item(s)
2024-06-25 11:04:29,755 [INFO] ApiDb:427 - User favorites MCUs=[STM32C011F6P6]
2024-06-25 11:04:29,755 [INFO] DbMcus:224 - Set 1 / 1 favorites MCUs
2024-06-25 11:04:32,653 [INFO] ApiDb:423 - Load user favorites file C:\Users\User/.stm32cubeide/favorites.boards.txt: 0 item(s)
2024-06-25 11:04:32,653 [INFO] ApiDb:427 - User favorites Boards=[]
2024-06-25 11:04:32,654 [INFO] DbBoards:198 - Set 0 / 0 favorites Boards
2024-06-25 11:04:32,747 [INFO] UtilMem:75 - End LoadConfig() Used Memory: 247935544 Bytes (497025024)
2024-06-25 11:04:33,466 [WARN] ThirdParty:833 - waiting for thirdparty lock release [change project]
2024-06-25 11:04:33,469 [INFO] ThirdParty:835 - entering critical section [change project]
2024-06-25 11:04:33,470 [INFO] ThirdParty:1030 - CMSIS Pack Vendor :STMicroelectronics X-CUBE-ISPU 1.1.0
2024-06-25 11:04:33,470 [INFO] ThirdParty:1030 - CMSIS Pack Vendor :STMicroelectronics USBPD 4.1
2024-06-25 11:04:33,470 [INFO] ThirdParty:1030 - CMSIS Pack Vendor :STMicroelectronics X-CUBE-GNSS1 6.0.0
2024-06-25 11:04:33,470 [INFO] ThirdParty:1030 - CMSIS Pack Vendor :STMicroelectronics USB_HOST 2.0.0
2024-06-25 11:04:33,470 [INFO] ThirdParty:1030 - CMSIS Pack Vendor :STMicroelectronics FP-SNS-MOTENVWB1 1.4.0
2024-06-25 11:04:33,470 [INFO] ThirdParty:1030 - CMSIS Pack Vendor :STMicroelectronics X-CUBE-AZRTOS-F4 1.1.0
2024-06-25 11:04:33,470 [INFO] ThirdParty:1030 - CMSIS Pack Vendor :STMicroelectronics LIBJPEG 8.0.0
2024-06-25 11:04:33,470 [INFO] ThirdParty:1030 - CMSIS Pack Vendor :wolfSSL I-CUBE-wolfSSL 5.6.3
2024-06-25 11:04:33,471 [INFO] ThirdParty:1030 - CMSIS Pack Vendor :STMicroelectronics X-CUBE-SMBUS 2.1.0
2024-06-25 11:04:33,471 [INFO] ThirdParty:1030 - CMSIS Pack Vendor :STMicroelectronics USB_DEVICE 3.0.0
2024-06-25 11:04:33,471 [INFO] ThirdParty:1030 - CMSIS Pack Vendor :STMicroelectronics X-CUBE-TCPP 4.1.0
2024-06-25 11:04:33,471 [INFO] ThirdParty:1030 - CMSIS Pack Vendor :STMicroelectronics X-CUBE-FREERTOS 1.2.0
2024-06-25 11:04:33,471 [INFO] ThirdParty:1030 - CMSIS Pack Vendor :STMicroelectronics X-CUBE-AZRTOS-WB 2.0.0
2024-06-25 11:04:33,471 [INFO] ThirdParty:1030 - CMSIS Pack Vendor :STMicroelectronics X-CUBE-TOUCHGFX 4.23.0
2024-06-25 11:04:33,471 [INFO] ThirdParty:1030 - CMSIS Pack Vendor :STMicroelectronics X-CUBE-TOUCHGFX 4.23.2
2024-06-25 11:04:33,471 [INFO] ThirdParty:1030 - CMSIS Pack Vendor :STMicroelectronics X-CUBE-AZRTOS-F7 1.1.0
2024-06-25 11:04:33,471 [INFO] ThirdParty:1030 - CMSIS Pack Vendor :STMicroelectronics X-CUBE-AZRTOS-L5 2.0.0
2024-06-25 11:04:33,471 [INFO] ThirdParty:1030 - CMSIS Pack Vendor :STMicroelectronics USB_DEVICE 2.0.0
2024-06-25 11:04:33,472 [INFO] ThirdParty:1030 - CMSIS Pack Vendor :STMicroelectronics X-CUBE-MEMS1 9.6.0
2024-06-25 11:04:33,472 [INFO] ThirdParty:1030 - CMSIS Pack Vendor :STMicroelectronics X-CUBE-EEPRMA1 4.2.0
2024-06-25 11:04:33,472 [INFO] ThirdParty:1030 - CMSIS Pack Vendor :STMicroelectronics X-CUBE-NFC6 3.1.0
2024-06-25 11:04:33,472 [INFO] ThirdParty:1030 - CMSIS Pack Vendor :ITTIA_DB I-CUBE-ITTIADB 8.8.0
2024-06-25 11:04:33,472 [INFO] ThirdParty:1030 - CMSIS Pack Vendor :STMicroelectronics FP-SNS-MOTENV1 4.3.2
2024-06-25 11:04:33,472 [INFO] ThirdParty:1030 - CMSIS Pack Vendor :STMicroelectronics X-CUBE-ALGOBUILD 1.3.0
2024-06-25 11:04:33,472 [INFO] ThirdParty:1030 - CMSIS Pack Vendor :STMicroelectronics FreeRTOS 0.0.1
2024-06-25 11:04:33,472 [INFO] ThirdParty:1030 - CMSIS Pack Vendor :STMicroelectronics X-CUBE-AZRTOS-G0 1.1.0
2024-06-25 11:04:33,472 [INFO] ThirdParty:1030 - CMSIS Pack Vendor :STMicroelectronics X-CUBE-BLEMGR 2.0.0
2024-06-25 11:04:33,472 [INFO] ThirdParty:1030 - CMSIS Pack Vendor :STMicroelectronics X-CUBE-SAFEA1 1.2.2
2024-06-25 11:04:33,473 [INFO] ThirdParty:1030 - CMSIS Pack Vendor :STMicroelectronics X-CUBE-NFC4 3.0.0
2024-06-25 11:04:33,473 [INFO] ThirdParty:1030 - CMSIS Pack Vendor :STMicroelectronics X-CUBE-SUBG2 5.0.0
2024-06-25 11:04:33,473 [INFO] ThirdParty:1030 - CMSIS Pack Vendor :STMicroelectronics STM32_WPAN 1.0.0
2024-06-25 11:04:33,473 [INFO] ThirdParty:1030 - CMSIS Pack Vendor :wolfSSL I-CUBE-wolfMQTT 1.18.0
2024-06-25 11:04:33,473 [INFO] ThirdParty:1030 - CMSIS Pack Vendor :STMicroelectronics lwIP 2.0.3
2024-06-25 11:04:33,473 [INFO] ThirdParty:1030 - CMSIS Pack Vendor :STMicroelectronics FP-SNS-FLIGHT1 5.0.2
2024-06-25 11:04:33,473 [INFO] ThirdParty:1030 - CMSIS Pack Vendor :STMicroelectronics USB_HOST 1.0.0
2024-06-25 11:04:33,473 [INFO] ThirdParty:1030 - CMSIS Pack Vendor :STMicroelectronics X-CUBE-TOF1 3.3.1
2024-06-25 11:04:33,474 [INFO] ThirdParty:1030 - CMSIS Pack Vendor :STMicroelectronics X-CUBE-AI 9.0.0
2024-06-25 11:04:33,474 [INFO] ThirdParty:1030 - CMSIS Pack Vendor :STMicroelectronics X-CUBE-AZRTOS-G4 2.0.0
2024-06-25 11:04:33,474 [INFO] ThirdParty:1030 - CMSIS Pack Vendor :STMicroelectronics PDM2PCM 3.1.0
2024-06-25 11:04:33,474 [INFO] ThirdParty:1030 - CMSIS Pack Vendor :STMicroelectronics X-CUBE-AZRTOS-H7 3.1.0
2024-06-25 11:04:33,474 [INFO] ThirdParty:1030 - CMSIS Pack Vendor :Infineon AIROC-Wi-Fi-Bluetooth-STM32 1.5.1
2024-06-25 11:04:33,474 [INFO] ThirdParty:1030 - CMSIS Pack Vendor :STMicroelectronics X-CUBE-BLEMGR 3.0.0
2024-06-25 11:04:33,474 [INFO] ThirdParty:1030 - CMSIS Pack Vendor :STMicroelectronics PDM2PCM 3.3.0
2024-06-25 11:04:33,474 [INFO] ThirdParty:1030 - CMSIS Pack Vendor :STMicroelectronics X-CUBE-DISPLAY 3.0.0
2024-06-25 11:04:33,474 [INFO] ThirdParty:1030 - CMSIS Pack Vendor :STMicroelectronics FP-SNS-MOTENVWB1 1.3.1
2024-06-25 11:04:33,474 [INFO] ThirdParty:1030 - CMSIS Pack Vendor :STMicroelectronics X-CUBE-BLE1 7.0.0
2024-06-25 11:04:33,474 [INFO] ThirdParty:1030 - CMSIS Pack Vendor :STMicroelectronics FP-ATR-SIGFOX1 3.2.0
2024-06-25 11:04:33,475 [INFO] ThirdParty:1030 - CMSIS Pack Vendor :STMicroelectronics X-CUBE-ISPU 2.0.0
2024-06-25 11:04:33,475 [INFO] ThirdParty:1030 - CMSIS Pack Vendor :STMicroelectronics X-CUBE-EEPRMA1 5.1.0
2024-06-25 11:04:33,475 [INFO] ThirdParty:1030 - CMSIS Pack Vendor :STMicroelectronics HAL Drivers 0.0.0
2024-06-25 11:04:33,475 [INFO] ThirdParty:1030 - CMSIS Pack Vendor :STMicroelectronics MBEDTLS 2.16.2
2024-06-25 11:04:33,475 [INFO] ThirdParty:1030 - CMSIS Pack Vendor :STMicroelectronics X-CUBE-ALS 1.0.2
2024-06-25 11:04:33,475 [INFO] ThirdParty:1030 - CMSIS Pack Vendor :emotas I-CUBE-CANOPEN 1.3.0
2024-06-25 11:04:33,475 [INFO] ThirdParty:1030 - CMSIS Pack Vendor :STMicroelectronics X-CUBE-MEMS1 10.0.0
2024-06-25 11:04:33,475 [INFO] ThirdParty:1030 - CMSIS Pack Vendor :STMicroelectronics X-CUBE-FREERTOS 1.1.0
2024-06-25 11:04:33,475 [INFO] ThirdParty:1030 - CMSIS Pack Vendor :STMicroelectronics X-CUBE-NFC7 1.0.1
2024-06-25 11:04:33,475 [INFO] ThirdParty:1030 - CMSIS Pack Vendor :STMicroelectronics MBEDTLS 2.14.1
2024-06-25 11:04:33,476 [INFO] ThirdParty:1030 - CMSIS Pack Vendor :STMicroelectronics X-CUBE-TOUCHGFX 4.24.0
2024-06-25 11:04:33,476 [INFO] ThirdParty:1030 - CMSIS Pack Vendor :STMicroelectronics X-CUBE-TOUCHGFX 4.22.1
2024-06-25 11:04:33,476 [INFO] ThirdParty:1030 - CMSIS Pack Vendor :STMicroelectronics X-CUBE-NFC6 3.0.0
2024-06-25 11:04:33,478 [INFO] ThirdParty:1030 - CMSIS Pack Vendor :STMicroelectronics X-CUBE-EEPRMA1 4.1.0
2024-06-25 11:04:33,479 [INFO] ThirdParty:1030 - CMSIS Pack Vendor :portGmbH I-Cube-SoM-uGOAL 1.1.0
2024-06-25 11:04:33,479 [INFO] ThirdParty:1030 - CMSIS Pack Vendor :STMicroelectronics X-CUBE-ALS 1.0.1
2024-06-25 11:04:33,479 [INFO] ThirdParty:1030 - CMSIS Pack Vendor :STMicroelectronics X-CUBE-BLEMGR 3.1.0
2024-06-25 11:04:33,479 [INFO] ThirdParty:1030 - CMSIS Pack Vendor :STMicroelectronics ThreadX 1.0.0
2024-06-25 11:04:33,479 [INFO] ThirdParty:1030 - CMSIS Pack Vendor :STMicroelectronics FP-SNS-SMARTAG2 1.2.0
2024-06-25 11:04:33,479 [INFO] ThirdParty:1030 - CMSIS Pack Vendor :STMicroelectronics X-CUBE-AZRTOS-WL 2.0.0
2024-06-25 11:04:33,479 [INFO] ThirdParty:1030 - CMSIS Pack Vendor :SEGGER I-CUBE-embOS 1.3.1
2024-06-25 11:04:33,479 [INFO] ThirdParty:1030 - CMSIS Pack Vendor :STMicroelectronics X-CUBE-ALGOBUILD 1.4.0
2024-06-25 11:04:33,479 [INFO] ThirdParty:1030 - CMSIS Pack Vendor :STMicroelectronics FP-SNS-MOTENV1 5.0.0
2024-06-25 11:04:33,479 [INFO] ThirdParty:1030 - CMSIS Pack Vendor :STMicroelectronics USB_DEVICE 1.0.0
2024-06-25 11:04:33,479 [INFO] ThirdParty:1030 - CMSIS Pack Vendor :STMicroelectronics X-CUBE-AI 8.1.0
2024-06-25 11:04:33,479 [INFO] ThirdParty:1030 - CMSIS Pack Vendor :STMicroelectronics X-CUBE-AZRTOS-H7RS 1.0.0
2024-06-25 11:04:33,480 [INFO] ThirdParty:1030 - CMSIS Pack Vendor :wolfSSL I-CUBE-wolfMQTT 1.19.0
2024-06-25 11:04:33,480 [INFO] ThirdParty:1030 - CMSIS Pack Vendor :STMicroelectronics X-CUBE-AZRTOS-L4 2.0.0
2024-06-25 11:04:33,480 [INFO] ThirdParty:1030 - CMSIS Pack Vendor :STMicroelectronics ThreadX 0.0.2
2024-06-25 11:04:33,480 [INFO] ThirdParty:1030 - CMSIS Pack Vendor :WES I-CUBE-Cesium 1.3.0
2024-06-25 11:04:33,480 [INFO] ThirdParty:1030 - CMSIS Pack Vendor :STMicroelectronics FP-ATR-ASTRA1 2.0.0
2024-06-25 11:04:33,480 [INFO] ThirdParty:1030 - CMSIS Pack Vendor :STMicroelectronics lwIP 2.1.2
2024-06-25 11:04:33,480 [INFO] ThirdParty:1030 - CMSIS Pack Vendor :STMicroelectronics X-CUBE-SFXS2LP1 4.0.0
2024-06-25 11:04:33,480 [INFO] ThirdParty:1030 - CMSIS Pack Vendor :STMicroelectronics X-CUBE-BLE2 3.3.0
2024-06-25 11:04:33,480 [INFO] ThirdParty:1030 - CMSIS Pack Vendor :STMicroelectronics X-CUBE-TOF1 3.4.0
2024-06-25 11:04:33,480 [INFO] ThirdParty:1030 - CMSIS Pack Vendor :STMicroelectronics X-CUBE-TOF1 3.4.1
2024-06-25 11:04:33,480 [INFO] ThirdParty:1030 - CMSIS Pack Vendor :STMicroelectronics X-CUBE-AZRTOS-H7 3.2.0
2024-06-25 11:04:33,480 [INFO] ThirdParty:1030 - CMSIS Pack Vendor :STMicroelectronics PDM2PCM 3.2.0
2024-06-25 11:04:33,480 [INFO] ThirdParty:841 - exiting critical section [change project]
2024-06-25 11:04:34,823 [INFO] PinOutPanel:1561 - setPackage(No Configuration,No Configuration)
2024-06-25 11:04:34,851 [INFO] PinOutPanel:1561 - setPackage(STM32C011F6Px,TSSOP20)
2024-06-25 11:04:36,462 [INFO] UtilMem:75 - Before build in PCC Used Memory: 171394208 Bytes (497025024)
2024-06-25 11:04:39,596 [INFO] UtilMem:75 - After build in PCC Used Memory: 317050616 Bytes (497025024)
2024-06-25 11:04:39,697 [INFO] IPUIPlugin:80 - create IPUIPlugin
2024-06-25 11:04:39,698 [INFO] IPUIPlugin:80 - create IPUIPlugin
2024-06-25 11:04:39,699 [INFO] IPUIPlugin:80 - create IPUIPlugin
2024-06-25 11:04:39,700 [INFO] IPUIPlugin:80 - create IPUIPlugin
2024-06-25 11:04:39,701 [INFO] IPUIPlugin:80 - create IPUIPlugin
2024-06-25 11:04:39,702 [INFO] IPUIPlugin:80 - create IPUIPlugin
2024-06-25 11:04:39,703 [INFO] IPUIPlugin:80 - create IPUIPlugin
2024-06-25 11:04:39,704 [INFO] IPUIPlugin:80 - create IPUIPlugin
2024-06-25 11:04:39,704 [INFO] IPUIPlugin:80 - create IPUIPlugin
2024-06-25 11:04:39,705 [INFO] IPUIPlugin:80 - create IPUIPlugin
2024-06-25 11:04:39,706 [INFO] IPUIPlugin:80 - create IPUIPlugin
2024-06-25 11:04:39,707 [INFO] IPUIPlugin:80 - create IPUIPlugin
2024-06-25 11:04:39,708 [INFO] IPUIPlugin:80 - create IPUIPlugin
2024-06-25 11:04:39,709 [INFO] IPUIPlugin:80 - create IPUIPlugin
2024-06-25 11:04:39,710 [INFO] IPUIPlugin:80 - create IPUIPlugin
2024-06-25 11:04:39,711 [INFO] IPUIPlugin:80 - create IPUIPlugin
2024-06-25 11:04:39,711 [INFO] IPUIPlugin:80 - create IPUIPlugin
2024-06-25 11:04:39,712 [INFO] IPUIPlugin:80 - create IPUIPlugin
2024-06-25 11:04:39,713 [INFO] IPUIPlugin:80 - create IPUIPlugin
2024-06-25 11:04:39,713 [INFO] IPUIPlugin:80 - create IPUIPlugin
2024-06-25 11:04:39,713 [INFO] IPUIPlugin:80 - create IPUIPlugin
2024-06-25 11:04:39,714 [INFO] IPUIPlugin:80 - create IPUIPlugin
2024-06-25 11:04:39,714 [INFO] IPUIPlugin:80 - create IPUIPlugin
2024-06-25 11:04:39,715 [INFO] IPUIPlugin:80 - create IPUIPlugin
2024-06-25 11:04:39,716 [INFO] IPUIPlugin:80 - create IPUIPlugin
2024-06-25 11:04:39,717 [INFO] IPUIPlugin:80 - create IPUIPlugin
2024-06-25 11:04:40,491 [INFO] CADModel:165 - CPN selected for project levelSTM32C011F6P6
2024-06-25 11:04:40,491 [INFO] CADModel:114 - Register for checkConnection events
2024-06-25 11:04:40,533 [INFO] OpenFileManager:343 - Restore cursor
2024-06-25 11:04:40,997 [WARN] IP:2120 - OutPut1 not found: check if there is a RefParameter without a condition.
2024-06-25 11:04:40,997 [WARN] IP:2120 - OutPut2 not found: check if there is a RefParameter without a condition.
2024-06-25 11:04:40,998 [WARN] IP:2120 - OutPut3 not found: check if there is a RefParameter without a condition.
2024-06-25 11:04:41,000 [WARN] IP:2120 - OutPut1 not found: check if there is a RefParameter without a condition.
2024-06-25 11:04:41,001 [WARN] IP:2120 - OutPut2 not found: check if there is a RefParameter without a condition.
2024-06-25 11:04:41,001 [WARN] IP:2120 - OutPut3 not found: check if there is a RefParameter without a condition.
2024-06-25 13:42:41,968 [ERROR] LogOutputStream:75 - [STDERR_REDIRECT] 
