2024-06-06 11:44:40,781 [INFO] Activator:176 - 


2024-06-06 11:44:40,795 [INFO] Activator:177 - !SESSION log4j initialized
2024-06-06 11:44:53,970 [INFO] LogOutputStream:77 - [STDOUT_REDIRECT] 
2024-06-06 11:45:01,505 [INFO] ApplicationProperties:184 - Using Application install path: C:\ST\STM32CubeIDE_1.15.1\STM32CubeIDE\plugins\com.st.stm32cube.common.mx_6.11.1.202404110753
2024-06-06 11:45:01,541 [INFO] DbMcusXml:78 - Set database path to: C:\ST\STM32CubeIDE_1.15.1\STM32CubeIDE\plugins\com.st.stm32cube.common.mx_6.11.1.202404110753\\db\/mcu/
2024-06-06 11:45:01,542 [INFO] ApiDb:274 - Set plugin database path to: C:\ST\STM32CubeIDE_1.15.1\STM32CubeIDE\plugins\com.st.stm32cube.common.mx_6.11.1.202404110753\\db\/plugins/boardmanager/
2024-06-06 11:45:01,543 [WARN] ApiDb:259 - Overriding images path with different value:  => C:\ST\STM32CubeIDE_1.15.1\STM32CubeIDE\plugins\com.st.stm32cube.common.mx_6.11.1.202404110753\\db\/plugins/mcufinder/images/
2024-06-06 11:45:01,559 [INFO] ApiDb:250 - Set database path to: C:\Users\User\.stmcufinder\plugins\mcufinder//mcu/
2024-06-06 11:45:01,561 [INFO] DbMcusAds:125 - Set database path to: C:\Users\User\.stmcufinder\plugins\mcufinder//mcu/
2024-06-06 11:45:01,565 [INFO] CrossReferenceDbSqlite:203 - Set database path to: C:\Users\User\.stmcufinder\plugins\mcufinder//mcu/cs/
2024-06-06 11:45:01,798 [INFO] RulesReader:64 - Compatibility file has been processed (297 Rules)
2024-06-06 11:45:02,120 [INFO] DbMcusXml:78 - Set database path to: C:\ST\STM32CubeIDE_1.15.1\STM32CubeIDE\plugins\com.st.stm32cube.common.mx_6.11.1.202404110753\\db\/mcu/
2024-06-06 11:45:02,120 [INFO] ApiDb:274 - Set plugin database path to: C:\ST\STM32CubeIDE_1.15.1\STM32CubeIDE\plugins\com.st.stm32cube.common.mx_6.11.1.202404110753\\db\/plugins/boardmanager/
2024-06-06 11:45:02,120 [INFO] ApiDb:261 - Set plugin images path to: C:\ST\STM32CubeIDE_1.15.1\STM32CubeIDE\plugins\com.st.stm32cube.common.mx_6.11.1.202404110753\\db\/plugins/mcufinder/images/
2024-06-06 11:45:02,121 [WARN] DbFile:41 - Overriding database path with different value: C:\Users\User\.stmcufinder\plugins\mcufinder/ => C:\Users\User\.stmcufinder\plugins\mcufinder
2024-06-06 11:45:02,121 [INFO] ApiDb:250 - Set database path to: C:\Users\User\.stmcufinder\plugins\mcufinder//mcu/
2024-06-06 11:45:02,121 [WARN] DbFile:41 - Overriding database path with different value: C:\Users\User\.stmcufinder\plugins\mcufinder/ => C:\Users\User\.stmcufinder\plugins\mcufinder
2024-06-06 11:45:02,122 [INFO] DbMcusAds:125 - Set database path to: C:\Users\User\.stmcufinder\plugins\mcufinder//mcu/
2024-06-06 11:45:02,122 [WARN] DbFile:41 - Overriding database path with different value: C:\Users\User\.stmcufinder\plugins\mcufinder/ => C:\Users\User\.stmcufinder\plugins\mcufinder
2024-06-06 11:45:02,122 [WARN] DbFile:41 - Overriding database path with different value: C:\Users\User\.stmcufinder\plugins\mcufinder/ => C:\Users\User\.stmcufinder\plugins\mcufinder
2024-06-06 11:45:02,122 [INFO] CrossReferenceDbSqlite:203 - Set database path to: C:\Users\User\.stmcufinder\plugins\mcufinder//mcu/cs/
2024-06-06 11:45:02,371 [INFO] MainPanel:264 - HeapMemory: 268435456
2024-06-06 11:45:02,579 [INFO] DbMcusXml:78 - Set database path to: C:\ST\STM32CubeIDE_1.15.1\STM32CubeIDE\plugins\com.st.stm32cube.common.mx_6.11.1.202404110753\\db\/mcu/
2024-06-06 11:45:02,580 [INFO] ApiDb:274 - Set plugin database path to: C:\ST\STM32CubeIDE_1.15.1\STM32CubeIDE\plugins\com.st.stm32cube.common.mx_6.11.1.202404110753\\db\/plugins/boardmanager/
2024-06-06 11:45:02,580 [INFO] ApiDb:261 - Set plugin images path to: C:\ST\STM32CubeIDE_1.15.1\STM32CubeIDE\plugins\com.st.stm32cube.common.mx_6.11.1.202404110753\\db\/plugins/mcufinder/images/
2024-06-06 11:45:02,581 [WARN] DbFile:41 - Overriding database path with different value: C:\Users\User\.stmcufinder\plugins\mcufinder/ => C:\Users\User\.stmcufinder\plugins\mcufinder
2024-06-06 11:45:02,581 [INFO] ApiDb:250 - Set database path to: C:\Users\User\.stmcufinder\plugins\mcufinder//mcu/
2024-06-06 11:45:02,581 [WARN] DbFile:41 - Overriding database path with different value: C:\Users\User\.stmcufinder\plugins\mcufinder/ => C:\Users\User\.stmcufinder\plugins\mcufinder
2024-06-06 11:45:02,582 [INFO] DbMcusAds:125 - Set database path to: C:\Users\User\.stmcufinder\plugins\mcufinder//mcu/
2024-06-06 11:45:02,582 [WARN] DbFile:41 - Overriding database path with different value: C:\Users\User\.stmcufinder\plugins\mcufinder/ => C:\Users\User\.stmcufinder\plugins\mcufinder
2024-06-06 11:45:02,582 [WARN] DbFile:41 - Overriding database path with different value: C:\Users\User\.stmcufinder\plugins\mcufinder/ => C:\Users\User\.stmcufinder\plugins\mcufinder
2024-06-06 11:45:02,582 [INFO] CrossReferenceDbSqlite:203 - Set database path to: C:\Users\User\.stmcufinder\plugins\mcufinder//mcu/cs/
2024-06-06 11:45:02,622 [INFO] ApplicationProperties:184 - Using Application install path: C:\ST\STM32CubeIDE_1.15.1\STM32CubeIDE\plugins\com.st.stm32cube.common.mx_6.11.1.202404110753
2024-06-06 11:45:02,626 [INFO] PluginManage:196 - Search for loadable plugins [exclusion list=, ]
2024-06-06 11:45:02,630 [INFO] PluginManage:310 - Check plugin analytics
2024-06-06 11:45:03,094 [INFO] AnalyticsPlugin:253 - Accepted Software Licenses: 
2024-06-06 11:45:03,095 [INFO] AnalyticsPlugin:255 - Accepted CMSIS Pack Licenses: 
2024-06-06 11:45:03,096 [INFO] AnalyticsPlugin:257 - Accepted Firmware Licenses: FW.C0.1.0.0,FW.C0.1.1.0,FW.WL.1.3.0
2024-06-06 11:45:03,104 [INFO] PluginManage:359 - Loaded plugin analytics (category:tool,tabindex:-1)
2024-06-06 11:45:03,105 [INFO] PluginManage:310 - Check plugin cadmodel
2024-06-06 11:45:03,139 [INFO] CADModel:105 - Init CAD model plugin
2024-06-06 11:45:03,140 [INFO] PluginManage:359 - Loaded plugin cadmodel (category:power,tabindex:5)
2024-06-06 11:45:03,140 [INFO] PluginManage:310 - Check plugin clock
2024-06-06 11:45:03,186 [INFO] PluginManage:359 - Loaded plugin clock (category:base,tabindex:2)
2024-06-06 11:45:03,187 [INFO] PluginManage:310 - Check plugin ddr
2024-06-06 11:45:03,192 [INFO] PluginManage:359 - Loaded plugin ddr (category:tool,tabindex:6)
2024-06-06 11:45:03,192 [INFO] PluginManage:310 - Check plugin filemanager
2024-06-06 11:45:03,523 [INFO] PluginManage:359 - Loaded plugin filemanager (category:base,tabindex:10)
2024-06-06 11:45:03,523 [INFO] PluginManage:310 - Check plugin ipmanager
2024-06-06 11:45:03,540 [INFO] PluginManage:359 - Loaded plugin ipmanager (category:base,tabindex:5)
2024-06-06 11:45:03,541 [INFO] PluginManage:310 - Check plugin lpbam
2024-06-06 11:45:03,586 [INFO] PluginManage:359 - Loaded plugin lpbam (category:base,tabindex:0)
2024-06-06 11:45:03,586 [INFO] PluginManage:310 - Check plugin memorymap
2024-06-06 11:45:03,642 [INFO] PluginManage:359 - Loaded plugin memorymap (category:base,tabindex:4)
2024-06-06 11:45:03,642 [INFO] PluginManage:310 - Check plugin pinoutandconfiguration
2024-06-06 11:45:03,670 [INFO] PluginManage:359 - Loaded plugin pinoutandconfiguration (category:base,tabindex:1)
2024-06-06 11:45:03,670 [INFO] PluginManage:310 - Check plugin pinoutconfig
2024-06-06 11:45:03,854 [WARN] SupportedApi:132 - Cannot load RTOS API schema: s4s-elt-must-match.1: The content of 'definitions' must match (annotation?, (simpleType | complexType)?, (unique | key | keyref)*)). A problem was found starting at: attribute.
2024-06-06 11:45:04,138 [INFO] PluginManage:359 - Loaded plugin pinoutconfig (category:base,tabindex:0)
2024-06-06 11:45:04,139 [INFO] PluginManage:310 - Check plugin power
2024-06-06 11:45:04,174 [INFO] PluginManage:359 - Loaded plugin power (category:power,tabindex:4)
2024-06-06 11:45:04,175 [INFO] PluginManage:310 - Check plugin projectmanager
2024-06-06 11:45:04,217 [INFO] PluginManage:359 - Loaded plugin projectmanager (category:projectmanager,tabindex:3)
2024-06-06 11:45:04,217 [INFO] PluginManage:310 - Check plugin thirdparty
2024-06-06 11:45:04,862 [INFO] PluginManage:359 - Loaded plugin thirdparty (category:base,tabindex:-1)
2024-06-06 11:45:04,862 [INFO] PluginManage:310 - Check plugin tools
2024-06-06 11:45:04,862 [WARN] IntegrityCheckThread:84 - waiting for thirdparty lock release [integrity check]
2024-06-06 11:45:04,863 [INFO] IntegrityCheckThread:86 - entering critical section [integrity check]
2024-06-06 11:45:04,864 [INFO] ThirdPartyUpdaterWithRetryManager:70 - Updater plugin not ready yet. [1/15]
2024-06-06 11:45:04,930 [INFO] PluginManage:359 - Loaded plugin tools (category:base,tabindex:7)
2024-06-06 11:45:04,930 [INFO] PluginManage:310 - Check plugin tutovideos
2024-06-06 11:45:05,363 [INFO] PluginManage:359 - Loaded plugin tutovideos (category:base,tabindex:-1)
2024-06-06 11:45:05,363 [INFO] PluginManage:310 - Check plugin updater
2024-06-06 11:45:05,389 [INFO] PluginManage:359 - Loaded plugin updater (category:base,tabindex:12)
2024-06-06 11:45:05,390 [INFO] PluginManage:310 - Check plugin userauth
2024-06-06 11:45:05,399 [INFO] UserAuth:114 - Init User Auth plugin
2024-06-06 11:45:05,399 [INFO] PluginManage:359 - Loaded plugin userauth (category:base,tabindex:14)
2024-06-06 11:45:05,400 [INFO] PluginManage:283 - PluginManage : Loaded plugins [17]
2024-06-06 11:45:06,010 [INFO] PinOutPanel:1561 - setPackage(No Configuration,No Configuration)
2024-06-06 11:45:06,178 [INFO] CADModel:165 - CPN selected for project level
2024-06-06 11:45:06,179 [INFO] CADModel:114 - Register for checkConnection events
2024-06-06 11:45:06,238 [INFO] IPUIPlugin:80 - create IPUIPlugin
2024-06-06 11:45:06,238 [INFO] PluginManager:220 - loadIPPluginJar : add adc
2024-06-06 11:45:06,312 [INFO] IPUIPlugin:80 - create IPUIPlugin
2024-06-06 11:45:06,312 [INFO] PluginManager:220 - loadIPPluginJar : add aes
2024-06-06 11:45:06,396 [INFO] IPUIPlugin:80 - create IPUIPlugin
2024-06-06 11:45:06,397 [INFO] PluginManager:220 - loadIPPluginJar : add can
2024-06-06 11:45:06,442 [INFO] IPUIPlugin:80 - create IPUIPlugin
2024-06-06 11:45:06,442 [INFO] PluginManager:220 - loadIPPluginJar : add comp
2024-06-06 11:45:06,509 [INFO] IPUIPlugin:80 - create IPUIPlugin
2024-06-06 11:45:06,509 [INFO] PluginManager:220 - loadIPPluginJar : add cryp
2024-06-06 11:45:06,561 [INFO] IPUIPlugin:80 - create IPUIPlugin
2024-06-06 11:45:06,561 [INFO] PluginManager:220 - loadIPPluginJar : add dfsdm
2024-06-06 11:45:06,584 [INFO] IPUIPlugin:80 - create IPUIPlugin
2024-06-06 11:45:06,585 [INFO] PluginManager:220 - loadIPPluginJar : add dma
2024-06-06 11:45:06,671 [INFO] IPUIPlugin:80 - create IPUIPlugin
2024-06-06 11:45:06,671 [INFO] PluginManager:220 - loadIPPluginJar : add dma3
2024-06-06 11:45:06,765 [INFO] IPUIPlugin:80 - create IPUIPlugin
2024-06-06 11:45:06,765 [INFO] PluginManager:220 - loadIPPluginJar : add extmemmanager
2024-06-06 11:45:06,810 [INFO] IPUIPlugin:80 - create IPUIPlugin
2024-06-06 11:45:06,810 [INFO] PluginManager:220 - loadIPPluginJar : add fatfs
2024-06-06 11:45:06,908 [INFO] IPUIPlugin:80 - create IPUIPlugin
2024-06-06 11:45:06,908 [INFO] PluginManager:220 - loadIPPluginJar : add fmc
2024-06-06 11:45:06,932 [INFO] IPUIPlugin:80 - create IPUIPlugin
2024-06-06 11:45:06,932 [INFO] PluginManager:220 - loadIPPluginJar : add freertos
2024-06-06 11:45:06,978 [INFO] IPUIPlugin:80 - create IPUIPlugin
2024-06-06 11:45:06,978 [INFO] PluginManager:220 - loadIPPluginJar : add genericplugin
2024-06-06 11:45:07,153 [INFO] IPUIPlugin:80 - create IPUIPlugin
2024-06-06 11:45:07,153 [INFO] PluginManager:220 - loadIPPluginJar : add gfxmmu
2024-06-06 11:45:07,407 [INFO] IPUIPlugin:80 - create IPUIPlugin
2024-06-06 11:45:07,407 [INFO] PluginManager:220 - loadIPPluginJar : add gic
2024-06-06 11:45:07,429 [INFO] IPUIPlugin:80 - create IPUIPlugin
2024-06-06 11:45:07,429 [INFO] PluginManager:220 - loadIPPluginJar : add gpio
2024-06-06 11:45:07,599 [INFO] IPUIPlugin:80 - create IPUIPlugin
2024-06-06 11:45:07,599 [INFO] PluginManager:220 - loadIPPluginJar : add gtzc
2024-06-06 11:45:07,654 [INFO] IPUIPlugin:80 - create IPUIPlugin
2024-06-06 11:45:07,655 [INFO] PluginManager:220 - loadIPPluginJar : add hash
2024-06-06 11:45:07,752 [INFO] IPUIPlugin:80 - create IPUIPlugin
2024-06-06 11:45:07,752 [INFO] PluginManager:220 - loadIPPluginJar : add i2c
2024-06-06 11:45:07,821 [INFO] IPUIPlugin:80 - create IPUIPlugin
2024-06-06 11:45:07,821 [INFO] PluginManager:220 - loadIPPluginJar : add i2s
2024-06-06 11:45:07,865 [INFO] ThirdPartyUpdaterWithRetryManager:70 - Updater plugin not ready yet. [2/15]
2024-06-06 11:45:07,896 [INFO] IPUIPlugin:80 - create IPUIPlugin
2024-06-06 11:45:07,896 [INFO] PluginManager:220 - loadIPPluginJar : add i3c
2024-06-06 11:45:08,082 [INFO] IPUIPlugin:80 - create IPUIPlugin
2024-06-06 11:45:08,082 [INFO] PluginManager:220 - loadIPPluginJar : add ipddr
2024-06-06 11:45:08,267 [INFO] IPUIPlugin:80 - create IPUIPlugin
2024-06-06 11:45:08,268 [INFO] PluginManager:220 - loadIPPluginJar : add linkedlist
2024-06-06 11:45:08,329 [INFO] IPUIPlugin:80 - create IPUIPlugin
2024-06-06 11:45:08,329 [INFO] PluginManager:220 - loadIPPluginJar : add lorawan
2024-06-06 11:45:08,398 [INFO] IPUIPlugin:80 - create IPUIPlugin
2024-06-06 11:45:08,398 [INFO] PluginManager:220 - loadIPPluginJar : add ltdc
2024-06-06 11:45:08,426 [INFO] IPUIPlugin:80 - create IPUIPlugin
2024-06-06 11:45:08,427 [INFO] PluginManager:220 - loadIPPluginJar : add mdma
2024-06-06 11:45:08,452 [INFO] IPUIPlugin:80 - create IPUIPlugin
2024-06-06 11:45:08,452 [INFO] PluginManager:220 - loadIPPluginJar : add nvic
2024-06-06 11:45:08,543 [INFO] IPUIPlugin:80 - create IPUIPlugin
2024-06-06 11:45:08,543 [INFO] PluginManager:220 - loadIPPluginJar : add opamp
2024-06-06 11:45:08,696 [INFO] IPUIPlugin:80 - create IPUIPlugin
2024-06-06 11:45:08,697 [INFO] PluginManager:220 - loadIPPluginJar : add openamp
2024-06-06 11:45:08,779 [INFO] IPUIPlugin:80 - create IPUIPlugin
2024-06-06 11:45:08,779 [INFO] PluginManager:220 - loadIPPluginJar : add pdm2pcm
2024-06-06 11:45:08,804 [INFO] IPUIPlugin:80 - create IPUIPlugin
2024-06-06 11:45:08,810 [INFO] PluginManager:220 - loadIPPluginJar : add plateformsettings
2024-06-06 11:45:08,863 [INFO] IPUIPlugin:80 - create IPUIPlugin
2024-06-06 11:45:08,864 [INFO] PluginManager:220 - loadIPPluginJar : add quadspi
2024-06-06 11:45:08,889 [INFO] IPUIPlugin:80 - create IPUIPlugin
2024-06-06 11:45:08,889 [INFO] PluginManager:220 - loadIPPluginJar : add resmgrutility
2024-06-06 11:45:08,994 [INFO] IPUIPlugin:80 - create IPUIPlugin
2024-06-06 11:45:08,995 [INFO] PluginManager:220 - loadIPPluginJar : add sai
2024-06-06 11:45:09,085 [INFO] IPUIPlugin:80 - create IPUIPlugin
2024-06-06 11:45:09,085 [INFO] PluginManager:220 - loadIPPluginJar : add spi
2024-06-06 11:45:09,228 [INFO] IPUIPlugin:80 - create IPUIPlugin
2024-06-06 11:45:09,229 [INFO] PluginManager:220 - loadIPPluginJar : add stm32_wpan
2024-06-06 11:45:09,291 [INFO] IPUIPlugin:80 - create IPUIPlugin
2024-06-06 11:45:09,291 [INFO] PluginManager:220 - loadIPPluginJar : add tim
2024-06-06 11:45:09,422 [INFO] IPUIPlugin:80 - create IPUIPlugin
2024-06-06 11:45:09,423 [INFO] PluginManager:220 - loadIPPluginJar : add touchsensing
2024-06-06 11:45:09,463 [INFO] IPUIPlugin:80 - create IPUIPlugin
2024-06-06 11:45:09,463 [INFO] PluginManager:220 - loadIPPluginJar : add tracer_emb
2024-06-06 11:45:09,502 [INFO] IPUIPlugin:80 - create IPUIPlugin
2024-06-06 11:45:09,502 [INFO] PluginManager:220 - loadIPPluginJar : add ts
2024-06-06 11:45:09,545 [INFO] IPUIPlugin:80 - create IPUIPlugin
2024-06-06 11:45:09,545 [INFO] PluginManager:220 - loadIPPluginJar : add tsc
2024-06-06 11:45:09,582 [INFO] IPUIPlugin:80 - create IPUIPlugin
2024-06-06 11:45:09,582 [INFO] PluginManager:220 - loadIPPluginJar : add ucpd
2024-06-06 11:45:09,658 [INFO] IPUIPlugin:80 - create IPUIPlugin
2024-06-06 11:45:09,659 [INFO] PluginManager:220 - loadIPPluginJar : add usart
2024-06-06 11:45:09,757 [INFO] IPUIPlugin:80 - create IPUIPlugin
2024-06-06 11:45:09,757 [INFO] PluginManager:220 - loadIPPluginJar : add usbx
2024-06-06 11:45:09,969 [INFO] CADModel:165 - CPN selected for project level
2024-06-06 11:45:09,969 [INFO] CADModel:114 - Register for checkConnection events
2024-06-06 11:45:09,970 [FATAL] Updater:308 - Updater called before beeing initialized
2024-06-06 11:45:09,970 [ERROR] CADModel:125 - Updater not yet initialized, retry later 
2024-06-06 11:45:10,274 [INFO] CADModel:165 - CPN selected for project level
2024-06-06 11:45:10,274 [INFO] CADModel:114 - Register for checkConnection events
2024-06-06 11:45:10,274 [FATAL] Updater:308 - Updater called before beeing initialized
2024-06-06 11:45:10,275 [ERROR] CADModel:125 - Updater not yet initialized, retry later 
2024-06-06 11:45:10,280 [FATAL] Updater:308 - Updater called before beeing initialized
2024-06-06 11:45:10,528 [FATAL] Updater:308 - Updater called before beeing initialized
2024-06-06 11:45:10,553 [INFO] DbMcusAds:53 - JSON generation date=Thu May 16 06:22:01 BRT 2024 (1715851321456)
2024-06-06 11:45:10,554 [FATAL] Updater:308 - Updater called before beeing initialized
2024-06-06 11:45:10,711 [WARN] DetailPanel:346 - Failed to get advertising image, set to default
2024-06-06 11:45:10,866 [INFO] ThirdPartyUpdaterWithRetryManager:70 - Updater plugin not ready yet. [3/15]
2024-06-06 11:45:10,887 [FATAL] Updater:308 - Updater called before beeing initialized
2024-06-06 11:45:10,891 [FATAL] Updater:308 - Updater called before beeing initialized
2024-06-06 11:45:10,891 [FATAL] Updater:308 - Updater called before beeing initialized
2024-06-06 11:45:10,891 [WARN] DetailPanel:346 - Failed to get advertising image, set to default
2024-06-06 11:45:10,892 [FATAL] Updater:308 - Updater called before beeing initialized
2024-06-06 11:45:11,070 [ERROR] Updater:1120 - MainUpdater not yet initialized. External WinMGr cannot be set.
2024-06-06 11:45:11,094 [INFO] Updater:1056 - Updater Version found : 6.11.1
2024-06-06 11:45:11,126 [INFO] ApplicationProperties:184 - Using Application install path: C:\ST\STM32CubeIDE_1.15.1\STM32CubeIDE\plugins\com.st.stm32cube.common.mx_6.11.1.202404110753
2024-06-06 11:45:12,732 [ERROR] LogOutputStream:75 - [STDERR_REDIRECT] Jun 06, 2024 11:45:12 AM java.util.prefs.WindowsPreferences <init>
2024-06-06 11:45:12,737 [ERROR] LogOutputStream:75 - [STDERR_REDIRECT] WARNING: Could not open/create prefs root node Software\JavaSoft\Prefs at root 0xffffffff80000002. Windows RegCreateKeyEx(...) returned error code 5.
2024-06-06 11:45:12,738 [ERROR] LogOutputStream:75 - [STDERR_REDIRECT] 
2024-06-06 11:45:13,502 [INFO] MainUpdater:2873 - connection check result : 10
2024-06-06 11:45:13,504 [INFO] MainUpdater:290 - Updater Check For Update Now.
2024-06-06 11:45:13,504 [INFO] MicroXplorer:498 - Change Database Version : DB.6.0.111
2024-06-06 11:45:13,562 [INFO] McuFinderGlobals:63 - Set McuFinder mode to 2 (CubeIDE integrated)
2024-06-06 11:45:13,590 [INFO] UserAuth:415 - Internet connection configuration mode: 1
2024-06-06 11:45:13,668 [INFO] JxBrowserEngine:152 - Initiate JxBrowser Engine with user profile folder
2024-06-06 11:45:13,868 [WARN] MainUpdater:1194 - Updater busy. Cannot search thirdparties
2024-06-06 11:45:13,869 [INFO] ThirdPartyUpdaterWithRetryManager:96 - Updater plugin is busy. [1/15]
2024-06-06 11:45:14,040 [INFO] CheckServerUpdateThread:120 - End of CheckServer Thread
2024-06-06 11:45:17,419 [WARN] PackLoader:240 - Cannot read IP mode file for STMicroelectronics.FP-SNS-MOTENVWB1.1.4.0
2024-06-06 11:45:17,461 [WARN] PackLoader:240 - Cannot read IP mode file for STMicroelectronics.X-CUBE-SMBUS.2.1.0
2024-06-06 11:45:17,499 [WARN] PackLoader:240 - Cannot read IP mode file for STMicroelectronics.X-CUBE-TOUCHGFX.4.23.0
2024-06-06 11:45:17,561 [WARN] PackLoader:240 - Cannot read IP mode file for STMicroelectronics.X-CUBE-TOUCHGFX.4.23.2
2024-06-06 11:45:17,765 [WARN] PackLoader:240 - Cannot read IP mode file for STMicroelectronics.X-CUBE-AZRTOS-F7.1.1.0
2024-06-06 11:45:17,861 [WARN] PackLoader:240 - Cannot read IP mode file for STMicroelectronics.FP-SNS-MOTENV1.4.3.2
2024-06-06 11:45:17,926 [WARN] PackLoader:240 - Cannot read IP mode file for STMicroelectronics.FP-SNS-FLIGHT1.5.0.2
2024-06-06 11:45:17,960 [WARN] PackLoader:240 - Cannot read IP mode file for STMicroelectronics.X-CUBE-DISPLAY.3.0.0
2024-06-06 11:45:18,017 [WARN] PackLoader:240 - Cannot read IP mode file for STMicroelectronics.X-CUBE-BLE1.7.0.0
2024-06-06 11:45:18,083 [WARN] PackLoader:240 - Cannot read IP mode file for emotas.I-CUBE-CANOPEN.1.3.0
2024-06-06 11:45:18,185 [WARN] PackLoader:240 - Cannot read IP mode file for STMicroelectronics.X-CUBE-TOUCHGFX.4.22.1
2024-06-06 11:45:18,226 [WARN] PackLoader:240 - Cannot read IP mode file for STMicroelectronics.X-CUBE-BLEMGR.3.1.0
2024-06-06 11:45:18,259 [WARN] PackLoader:240 - Cannot read IP mode file for STMicroelectronics.FP-SNS-SMARTAG2.1.2.0
2024-06-06 11:45:18,330 [INFO] LogOutputStream:77 - [STDOUT_REDIRECT] 1 : Invalid condition id : UX_CORESTACK_Condition cause : null
2024-06-06 11:45:18,331 [INFO] LogOutputStream:77 - [STDOUT_REDIRECT] 1 : Invalid condition id : UX_CORESTACK_Condition cause : null
2024-06-06 11:45:18,334 [INFO] LogOutputStream:77 - [STDOUT_REDIRECT] 1 : Invalid condition id : UX_CORESTACK_Condition cause : null
2024-06-06 11:45:18,337 [INFO] LogOutputStream:77 - [STDOUT_REDIRECT] 1 : Invalid condition id : UX_CORESTACK_Condition cause : null
2024-06-06 11:45:18,339 [INFO] LogOutputStream:77 - [STDOUT_REDIRECT] 1 : Invalid condition id : UX_CORESTACK_Condition cause : null
2024-06-06 11:45:18,345 [WARN] PackLoader:240 - Cannot read IP mode file for STMicroelectronics.X-CUBE-AZRTOS-WL.2.0.0
2024-06-06 11:45:18,372 [WARN] PackLoader:240 - Cannot read IP mode file for STMicroelectronics.FP-SNS-MOTENV1.5.0.0
2024-06-06 11:45:18,442 [WARN] PackLoader:240 - Cannot read IP mode file for WES.I-CUBE-Cesium.1.3.0
2024-06-06 11:45:18,469 [WARN] PackLoader:240 - Cannot read IP mode file for STMicroelectronics.X-CUBE-BLE2.3.3.0
2024-06-06 11:45:18,498 [WARN] PackLoader:240 - Cannot read IP mode file for STMicroelectronics.X-CUBE-TCPP.4.1.0
2024-06-06 11:45:18,569 [WARN] PackLoader:240 - Cannot read IP mode file for STMicroelectronics.X-CUBE-ALGOBUILD.1.3.0
2024-06-06 11:45:19,153 [WARN] PackLoader:240 - Cannot read IP mode file for STMicroelectronics.X-CUBE-AZRTOS-G0.1.1.0
2024-06-06 11:45:19,210 [WARN] PackLoader:240 - Cannot read IP mode file for STMicroelectronics.X-CUBE-SAFEA1.1.2.2
2024-06-06 11:45:19,298 [WARN] PackLoader:240 - Cannot read IP mode file for STMicroelectronics.X-CUBE-NFC4.3.0.0
2024-06-06 11:45:19,331 [WARN] PackLoader:240 - Cannot read IP mode file for wolfSSL.I-CUBE-wolfMQTT.1.18.0
2024-06-06 11:45:19,371 [WARN] PackLoader:240 - Cannot read IP mode file for STMicroelectronics.X-CUBE-BLEMGR.3.0.0
2024-06-06 11:45:19,400 [WARN] PackLoader:240 - Cannot read IP mode file for STMicroelectronics.FP-ATR-SIGFOX1.3.2.0
2024-06-06 11:45:19,444 [WARN] PackLoader:240 - Cannot read IP mode file for STMicroelectronics.X-CUBE-EEPRMA1.5.1.0
2024-06-06 11:45:19,607 [WARN] PackLoader:240 - Cannot read IP mode file for SEGGER.I-CUBE-embOS.1.3.1
2024-06-06 11:45:19,839 [WARN] PackLoader:240 - Cannot read IP mode file for STMicroelectronics.X-CUBE-ALGOBUILD.1.4.0
2024-06-06 11:45:19,871 [WARN] PackLoader:240 - Cannot read IP mode file for STMicroelectronics.X-CUBE-GNSS1.6.0.0
2024-06-06 11:45:20,058 [WARN] PackLoader:240 - Cannot read IP mode file for STMicroelectronics.X-CUBE-AZRTOS-F4.1.1.0
2024-06-06 11:45:20,127 [WARN] PackLoader:240 - Cannot read IP mode file for wolfSSL.I-CUBE-wolfSSL.5.6.3
2024-06-06 11:45:20,188 [WARN] PackLoader:240 - Cannot read IP mode file for STMicroelectronics.X-CUBE-FREERTOS.1.2.0
2024-06-06 11:45:20,289 [WARN] PackLoader:240 - Cannot read IP mode file for STMicroelectronics.X-CUBE-AZRTOS-L5.2.0.0
2024-06-06 11:45:20,530 [WARN] PackLoader:240 - Cannot read IP mode file for STMicroelectronics.X-CUBE-MEMS1.9.6.0
2024-06-06 11:45:20,975 [WARN] PackLoader:240 - Cannot read IP mode file for STMicroelectronics.X-CUBE-EEPRMA1.4.2.0
2024-06-06 11:45:21,048 [WARN] PackLoader:240 - Cannot read IP mode file for STMicroelectronics.X-CUBE-NFC6.3.1.0
2024-06-06 11:45:21,149 [WARN] PackLoader:240 - Cannot read IP mode file for ITTIA_DB.I-CUBE-ITTIADB.8.8.0
2024-06-06 11:45:21,194 [WARN] PackLoader:240 - Cannot read IP mode file for STMicroelectronics.X-CUBE-BLEMGR.2.0.0
2024-06-06 11:45:21,258 [WARN] PackLoader:240 - Cannot read IP mode file for STMicroelectronics.X-CUBE-AI.9.0.0
2024-06-06 11:45:21,314 [WARN] ConditionMgr:438 - getConditionDescription Invalid condition id : UX DEVICE CLASS RTOS Condition cause : null
2024-06-06 11:45:21,315 [WARN] ConditionMgr:438 - getConditionDescription Invalid condition id : UX DEVICE CLASS RTOS Condition cause : null
2024-06-06 11:45:21,321 [WARN] PackLoader:240 - Cannot read IP mode file for STMicroelectronics.X-CUBE-AZRTOS-H7.3.1.0
2024-06-06 11:45:21,324 [WARN] ConditionMgr:1039 - genDependencies : Invalid condition id : UX DEVICE CLASS RTOS Condition cause : null
2024-06-06 11:45:21,324 [WARN] ConditionMgr:1039 - genDependencies : Invalid condition id : UX DEVICE CLASS RTOS Condition cause : null
2024-06-06 11:45:21,326 [WARN] ConditionMgr:1039 - genDependencies : Invalid condition id : UX DEVICE CLASS RTOS Condition cause : null
2024-06-06 11:45:21,328 [WARN] ConditionMgr:1039 - genDependencies : Invalid condition id : UX DEVICE CLASS RTOS Condition cause : null
2024-06-06 11:45:21,329 [WARN] ConditionMgr:1039 - genDependencies : Invalid condition id : UX DEVICE CLASS RTOS Condition cause : null
2024-06-06 11:45:21,405 [WARN] PackLoader:240 - Cannot read IP mode file for STMicroelectronics.X-CUBE-NFC7.1.0.1
2024-06-06 11:45:21,471 [WARN] PackLoader:240 - Cannot read IP mode file for STMicroelectronics.X-CUBE-NFC6.3.0.0
2024-06-06 11:45:21,578 [WARN] PackLoader:240 - Cannot read IP mode file for STMicroelectronics.X-CUBE-EEPRMA1.4.1.0
2024-06-06 11:45:21,969 [WARN] PackLoader:240 - Cannot read IP mode file for STMicroelectronics.X-CUBE-AI.8.1.0
2024-06-06 11:45:22,072 [WARN] ConditionMgr:438 - getConditionDescription Invalid condition id : LAN8742 Phy interface Condition cause : null
2024-06-06 11:45:22,075 [WARN] PackLoader:240 - Cannot read IP mode file for STMicroelectronics.X-CUBE-AZRTOS-L4.2.0.0
2024-06-06 11:45:22,078 [WARN] ConditionMgr:1039 - genDependencies : Invalid condition id : LAN8742 Phy interface Condition cause : null
2024-06-06 11:45:22,079 [WARN] ConditionMgr:1039 - genDependencies : Invalid condition id : LAN8742 Phy interface Condition cause : null
2024-06-06 11:45:22,080 [WARN] ConditionMgr:1039 - genDependencies : Invalid condition id : LAN8742 Phy interface Condition cause : null
2024-06-06 11:45:22,110 [WARN] PackLoader:240 - Cannot read IP mode file for STMicroelectronics.X-CUBE-SFXS2LP1.4.0.0
2024-06-06 11:45:22,139 [WARN] PackLoader:240 - Cannot read IP mode file for STMicroelectronics.X-CUBE-ISPU.1.1.0
2024-06-06 11:45:22,219 [WARN] ConditionMgr:438 - getConditionDescription Invalid condition id : UX DEVICE CLASS RTOS Condition cause : null
2024-06-06 11:45:22,220 [WARN] ConditionMgr:438 - getConditionDescription Invalid condition id : UX DEVICE CLASS RTOS Condition cause : null
2024-06-06 11:45:22,226 [WARN] PackLoader:240 - Cannot read IP mode file for STMicroelectronics.X-CUBE-AZRTOS-WB.2.0.0
2024-06-06 11:45:22,227 [WARN] ConditionMgr:1039 - genDependencies : Invalid condition id : UX DEVICE CLASS RTOS Condition cause : null
2024-06-06 11:45:22,227 [WARN] ConditionMgr:1039 - genDependencies : Invalid condition id : UX DEVICE CLASS RTOS Condition cause : null
2024-06-06 11:45:22,228 [WARN] ConditionMgr:1039 - genDependencies : Invalid condition id : UX DEVICE CLASS RTOS Condition cause : null
2024-06-06 11:45:22,228 [WARN] ConditionMgr:1039 - genDependencies : Invalid condition id : UX DEVICE CLASS RTOS Condition cause : null
2024-06-06 11:45:22,229 [WARN] ConditionMgr:1039 - genDependencies : Invalid condition id : UX DEVICE CLASS RTOS Condition cause : null
2024-06-06 11:45:22,271 [WARN] PackLoader:240 - Cannot read IP mode file for STMicroelectronics.X-CUBE-SUBG2.5.0.0
2024-06-06 11:45:22,333 [WARN] PackLoader:240 - Cannot read IP mode file for STMicroelectronics.X-CUBE-TOF1.3.3.1
2024-06-06 11:45:22,462 [WARN] PackLoader:240 - Cannot read IP mode file for STMicroelectronics.X-CUBE-AZRTOS-G4.2.0.0
2024-06-06 11:45:22,512 [WARN] PackLoader:240 - Cannot read IP mode file for Infineon.AIROC-Wi-Fi-Bluetooth-STM32.1.5.1
2024-06-06 11:45:22,551 [WARN] PackLoader:240 - Cannot read IP mode file for STMicroelectronics.FP-SNS-MOTENVWB1.1.3.1
2024-06-06 11:45:22,574 [WARN] PackLoader:240 - Cannot read IP mode file for STMicroelectronics.X-CUBE-ISPU.2.0.0
2024-06-06 11:45:22,602 [WARN] PackLoader:240 - Cannot read IP mode file for STMicroelectronics.X-CUBE-ALS.1.0.2
2024-06-06 11:45:22,730 [WARN] PackLoader:240 - Cannot read IP mode file for STMicroelectronics.X-CUBE-MEMS1.10.0.0
2024-06-06 11:45:23,133 [WARN] PackLoader:240 - Cannot read IP mode file for STMicroelectronics.X-CUBE-FREERTOS.1.1.0
2024-06-06 11:45:23,165 [WARN] PackLoader:240 - Cannot read IP mode file for portGmbH.I-Cube-SoM-uGOAL.1.1.0
2024-06-06 11:45:23,217 [WARN] PackLoader:240 - Cannot read IP mode file for STMicroelectronics.X-CUBE-ALS.1.0.1
2024-06-06 11:45:23,288 [WARN] PackLoader:240 - Cannot read IP mode file for STMicroelectronics.X-CUBE-AZRTOS-H7RS.1.0.0
2024-06-06 11:45:23,369 [WARN] PackLoader:240 - Cannot read IP mode file for STMicroelectronics.FP-ATR-ASTRA1.2.0.0
2024-06-06 11:45:23,441 [WARN] PackLoader:240 - Cannot read IP mode file for STMicroelectronics.X-CUBE-TOF1.3.4.0
2024-06-06 11:45:23,519 [WARN] PackLoader:240 - Cannot read IP mode file for STMicroelectronics.X-CUBE-TOF1.3.4.1
2024-06-06 11:45:23,888 [WARN] PackLoader:240 - Cannot read IP mode file for STMicroelectronics.X-CUBE-AZRTOS-H7.3.2.0
2024-06-06 11:45:23,896 [INFO] ThirdParty:978 - Integrity check success = true
2024-06-06 11:45:23,896 [INFO] IntegrityCheckThread:100 - exiting critical section [integrity check]
2024-06-06 11:45:23,896 [INFO] IntegrityCheckThread:103 - End integrity checks thread
2024-06-06 11:45:29,491 [INFO] WebApp:161 - Instantiating new browser for Auth
2024-06-06 11:45:39,858 [INFO] WebApp:779 - Register for checkConnection events
2024-06-06 11:45:39,858 [INFO] WebApp:414 - Apply proxy settings
2024-06-06 11:45:39,858 [INFO] WebApp:499 - Chromium requires no authentication
2024-06-06 11:45:39,877 [INFO] WebApp:442 - Direct internet connection detected
2024-06-06 11:45:40,256 [INFO] WebApp:192 - Starting web application
2024-06-06 11:45:40,257 [INFO] WebApp:544 - Web application path used C:\ST\STM32CubeIDE_1.15.1\STM32CubeIDE\plugins\com.st.stm32cube.common.mx_6.11.1.202404110753\db\plugins\mcufinder\reactClient1\index.html
2024-06-06 11:47:50,974 [INFO] McuFinderGlobals:63 - Set McuFinder mode to 2 (CubeIDE integrated)
2024-06-06 11:47:51,038 [INFO] MainUpdater:2873 - connection check result : 10
2024-06-06 11:47:51,051 [INFO] MainUpdater:2873 - connection check result : 10
2024-06-06 11:47:52,153 [INFO] MicroXplorer:468 - Change Database Path : 
2024-06-06 11:47:52,153 [INFO] MicroXplorer:498 - Change Database Version : DB.6.0.111
2024-06-06 11:47:52,167 [WARN] ThirdParty:871 - waiting for thirdparty lock release [close project]
2024-06-06 11:47:52,167 [INFO] ThirdParty:873 - entering critical section [close project]
2024-06-06 11:47:52,176 [INFO] ThirdParty:883 - exiting critical section [close project]
2024-06-06 11:47:52,188 [INFO] PinOutPanel:1561 - setPackage(No Configuration,No Configuration)
2024-06-06 11:47:52,207 [INFO] UtilMem:75 - Begin LoadConfig() Used Memory: 715963776 Bytes (1073741824)
2024-06-06 11:47:52,214 [INFO] MicroXplorer:468 - Change Database Path : 
2024-06-06 11:47:52,214 [INFO] MicroXplorer:498 - Change Database Version : DB.6.0.111
2024-06-06 11:47:52,214 [INFO] OpenFileManager:312 - Change cursor
2024-06-06 11:47:52,371 [INFO] Mcu:2021 - Initializing MCU STM32C011F(4-6)Px STM32C011F6Px STM32C011F6P6
2024-06-06 11:47:56,965 [INFO] Context:663 - Trying to add GPIOservice into a context  which must be forbidden
2024-06-06 11:47:58,712 [WARN] ModelIntegratedComponent:63 - No mode defined for component null
2024-06-06 11:47:58,712 [WARN] ModelIntegratedComponent:63 - No mode defined for component null
2024-06-06 11:47:58,713 [WARN] ModelIntegratedComponent:63 - No mode defined for component null
2024-06-06 11:47:58,713 [WARN] ModelIntegratedComponent:63 - No mode defined for component null
2024-06-06 11:47:58,713 [WARN] ModelIntegratedComponent:63 - No mode defined for component null
2024-06-06 11:47:58,769 [WARN] ModelIntegratedComponent:63 - No mode defined for component null
2024-06-06 11:47:58,770 [WARN] ModelIntegratedComponent:63 - No mode defined for component null
2024-06-06 11:47:58,770 [WARN] ModelIntegratedComponent:63 - No mode defined for component null
2024-06-06 11:47:58,771 [WARN] ModelIntegratedComponent:63 - No mode defined for component null
2024-06-06 11:47:58,771 [WARN] ModelIntegratedComponent:63 - No mode defined for component null
2024-06-06 11:47:58,771 [WARN] ModelIntegratedComponent:63 - No mode defined for component null
2024-06-06 11:47:58,771 [WARN] ModelIntegratedComponent:63 - No mode defined for component null
2024-06-06 11:47:58,772 [WARN] ModelIntegratedComponent:63 - No mode defined for component null
2024-06-06 11:47:58,772 [WARN] ModelIntegratedComponent:63 - No mode defined for component null
2024-06-06 11:47:58,772 [WARN] ModelIntegratedComponent:63 - No mode defined for component null
2024-06-06 11:47:58,772 [WARN] ModelIntegratedComponent:63 - No mode defined for component null
2024-06-06 11:47:58,772 [WARN] ModelIntegratedComponent:63 - No mode defined for component null
2024-06-06 11:47:58,773 [WARN] ModelIntegratedComponent:63 - No mode defined for component null
2024-06-06 11:47:58,773 [WARN] ModelIntegratedComponent:63 - No mode defined for component null
2024-06-06 11:47:58,773 [WARN] ModelIntegratedComponent:63 - No mode defined for component null
2024-06-06 11:47:58,773 [WARN] ModelIntegratedComponent:63 - No mode defined for component null
2024-06-06 11:47:58,773 [WARN] ModelIntegratedComponent:63 - No mode defined for component null
2024-06-06 11:47:58,774 [WARN] ModelIntegratedComponent:63 - No mode defined for component null
2024-06-06 11:47:58,774 [WARN] ModelIntegratedComponent:63 - No mode defined for component null
2024-06-06 11:47:58,774 [WARN] ModelIntegratedComponent:63 - No mode defined for component null
2024-06-06 11:47:58,774 [WARN] ModelIntegratedComponent:63 - No mode defined for component null
2024-06-06 11:47:58,775 [WARN] ModelIntegratedComponent:63 - No mode defined for component null
2024-06-06 11:47:58,775 [WARN] ModelIntegratedComponent:63 - No mode defined for component null
2024-06-06 11:47:58,775 [WARN] ModelIntegratedComponent:63 - No mode defined for component null
2024-06-06 11:47:58,776 [WARN] ModelIntegratedComponent:63 - No mode defined for component null
2024-06-06 11:47:58,776 [WARN] ModelIntegratedComponent:63 - No mode defined for component null
2024-06-06 11:47:58,776 [WARN] ModelIntegratedComponent:63 - No mode defined for component null
2024-06-06 11:47:58,776 [WARN] ModelIntegratedComponent:63 - No mode defined for component null
2024-06-06 11:47:58,777 [WARN] ModelIntegratedComponent:63 - No mode defined for component null
2024-06-06 11:47:58,961 [INFO] RtosManager:555 - Registered RTOS mode: class=RTOS, group=ThreadX, mode=Core, owner=THREADX
2024-06-06 11:47:59,016 [INFO] ThirdPartyModel:298 - Start build external matchings
2024-06-06 11:48:00,608 [INFO] ThirdPartyModel:316 - End build external matchings
2024-06-06 11:48:00,676 [WARN] IP:2120 - FIFOMode not found: check if there is a RefParameter without a condition.
2024-06-06 11:48:00,677 [WARN] IP:2120 - TXFIFOThreshold not found: check if there is a RefParameter without a condition.
2024-06-06 11:48:00,677 [WARN] IP:2120 - RXFIFOThreshold not found: check if there is a RefParameter without a condition.
2024-06-06 11:48:00,677 [WARN] IP:2120 - AutoBaudRateEnableParam not found: check if there is a RefParameter without a condition.
2024-06-06 11:48:01,610 [INFO] ApiDb:581 - Connected to CubeFinder SQLite database (C:\Users\User\.stmcufinder\plugins\mcufinder\mcu\cube-finder-db.db)
2024-06-06 11:48:01,921 [INFO] ApiDb:668 - CubeFinder database Data Model version=2.1
2024-06-06 11:48:01,921 [INFO] ApiDb:669 - CubeFinder database Configuration version=3.0.39
2024-06-06 11:48:01,921 [INFO] ApiDb:670 - CubeFinder database generation date=2024-05-16 (1715872938)
2024-06-06 11:48:01,921 [INFO] ApiDb:671 - CubeFinder database FW Pack versions=[FP-ATR-ASTRA1_V2.0.0, FP-SNS-FLIGHT1_V5.0.1, FP-SNS-FLIGHT1_V5.0.2, FP-SNS-MOTENV1_V4.3.1, FP-SNS-MOTENV1_V4.3.2, FP-SNS-MOTENV1_V5.0.0, FP-SNS-MOTENVWB1_V1.4.0, FP-SNS-SMARTAG2_V1.2.0, STM32Cube_FW_C0_V1.1.0, STM32Cube_FW_F4_V1.28.0, STM32Cube_FW_F7_V1.17.0, STM32Cube_FW_G0_V1.6.2, STM32Cube_FW_G4_V1.5.2, STM32Cube_FW_H5_V0.5.1, STM32Cube_FW_H5_V1.1.1, STM32Cube_FW_H5_V1.2.0, STM32Cube_FW_H5_V1.2.0RC4, STM32Cube_FW_H7RS_V1.0.0, STM32Cube_FW_H7RS_V1.0.0RC4, STM32Cube_FW_H7_V1.11.0, STM32Cube_FW_L0_V1.12.2, STM32Cube_FW_L5_V1.5.1, STM32Cube_FW_U0_V1.0.0, STM32Cube_FW_U0_V1.0.0RC1, STM32Cube_FW_U5_V1.3.0RC4, STM32Cube_FW_U5_V1.5.0, STM32Cube_FW_U5_V1.5.0RC1, STM32Cube_FW_WBA_V1.0.0RC1, STM32Cube_FW_WBA_V1.2.0, STM32Cube_FW_WBA_V1.2.0RC2, STM32Cube_FW_WBA_V1.3.0, STM32Cube_FW_WBA_V1.3.0RC1, STM32Cube_FW_WB_V1.15.0RC1, STM32Cube_FW_WB_V1.16.0, STM32Cube_FW_WB_V1.16.0RC2, STM32Cube_FW_WB_V1.18.0, STM32Cube_FW_WB_V1.19.0, STM32Cube_FW_WL_V1.3.0, X-CUBE-ALGOBUILD_V1.4.0, X-CUBE-ALS_V1.0.1, X-CUBE-AZRTOS-F4_V1.1.0, X-CUBE-AZRTOS-F7_V1.1.0, X-CUBE-AZRTOS-G0_V1.1.0, X-CUBE-AZRTOS-G4_V2.0.0, X-CUBE-AZRTOS-H7_V3.2.0, X-CUBE-AZRTOS-L4_V1.0.0, X-CUBE-AZRTOS-L4_V2.0.0, X-CUBE-AZRTOS-L5_V1.1.0, X-CUBE-AZRTOS-WB_V2.0.0, X-CUBE-AZRTOS-WL_V2.0.0, X-CUBE-BLE1_V7.0.0, X-CUBE-BLE2_V3.3.0, X-CUBE-BLEMGR_V3.1.0, X-CUBE-EEPRMA1_V4.1.0, X-CUBE-EEPRMA1_V5.1.0, X-CUBE-FREERTOS_V1.1.0, X-CUBE-GNSS1_V6.0.0, X-CUBE-MEMS1_V10.0.0, X-CUBE-MEMS1_V9.1.0, X-CUBE-MEMS1_V9.4.0, X-CUBE-MEMS1_V9.6.0, X-CUBE-NFC4_V3.0.0, X-CUBE-NFC7_V1.0.1, X-CUBE-SFXS2LP1_V4.0.0, X-CUBE-SUBG2_V5.0.0, X-CUBE-TOF1_V3.4.0]
2024-06-06 11:48:02,212 [INFO] DbBoardsSqlite:226 - include board P-NUCLEO-WB55-NUCLEO as a kit item of type 'Nucleo-64'
2024-06-06 11:48:02,212 [INFO] DbBoardsSqlite:226 - include board P-NUCLEO-WB55-USBDONGLE as a kit item of type 'Nucleo USB Dongle'
2024-06-06 11:48:02,214 [INFO] DbBoardsSqlite:226 - include board STEVAL-IDP005V1 as a kit item of type 'Evaluation Board'
2024-06-06 11:48:02,214 [INFO] DbBoardsSqlite:226 - include board STEVAL-IDP005V2 as a kit item of type 'Evaluation Board'
2024-06-06 11:48:03,254 [INFO] ApiDb:240 - Found 483 in-development CPN: [B-G473E-ZEST1S, B-WB1M-WPAN1, B-WL5M-SUBG1, NUCLEO-C031C6, NUCLEO-H503RB, NUCLEO-H533RE, NUCLEO-H563ZI, NUCLEO-H7S3L8, NUCLEO-U031R8, NUCLEO-U083RC, NUCLEO-U545RE-Q, NUCLEO-U5A5ZJ-Q, NUCLEO-WBA52CG, NUCLEO-WBA55CG, STEVAL-PROTEUS1, STEVAL-SMARTAG2, STEVAL-STWINBX1, STM320518-EVAL, STM32C0116-DK, STM32C011D6Y3TR, STM32C011D6Y6TR, STM32C011F4P3, STM32C011F4P6, STM32C011F4U3, STM32C011F4U6TR, STM32C011F6P3, STM32C011F6P6, STM32C011F6U3, STM32C011F6U6TR, STM32C011J4M3, STM32C011J4M6, STM32C011J6M3, STM32C011J6M6, STM32C0316-DK, STM32C031C4T3, STM32C031C4T6, STM32C031C4U3, STM32C031C4U6, STM32C031C6T3, STM32C031C6T6, STM32C031C6U3, STM32C031C6U6, STM32C031F4P3, STM32C031F4P6, STM32C031F6P3, STM32C031F6P6, STM32C031G4U3, STM32C031G4U6, STM32C031G6U3, STM32C031G6U6, STM32C031K4T3, STM32C031K4T6, STM32C031K4U3, STM32C031K4U6, STM32C031K6T3, STM32C031K6T6, STM32C031K6U3, STM32C031K6U6, STM32G071K8TXN, STM32G071K8UXN, STM32G081GBU6N, STM32G081KBT6N, STM32G081KBUXN, STM32G0B1CCT6N, STM32G0B1KCT6, STM32G0B1NEY6TR, STM32G0B1RCT6N, STM32G0C1CCT6, STM32G0C1CCT6N, STM32G0C1CCU6N, STM32G0C1CET6N, STM32G0C1CEU6N, STM32G0C1KCT6, STM32G0C1NEY6TR, STM32G0C1RCI6N, STM32G0C1RCT6N, STM32G0C1REI6N, STM32G0C1RET6N, STM32G0C1VCI6, STM32G0C1VEI6, STM32G471CCT6, STM32G471CCU6, STM32G471CET3, STM32G471CET6, STM32G471CEU3, STM32G471CEU6, STM32G471MCT6, STM32G471MET3, STM32G471MET6, STM32G471MEY6TR, STM32G471QCT6, STM32G471QET3, STM32G471RCT6, STM32G471RET3, STM32G471RET6, STM32G471VCH6, STM32G471VCI6, STM32G471VCT6, STM32G471VEH3, STM32G471VEH6, STM32G471VEI3, STM32G471VEI6, STM32G471VET3, STM32G471VET6, STM32G474CCT6, STM32H503CBT6, STM32H503CBU6, STM32H503EBY6TR, STM32H503KBU6, STM32H503RBT6, STM32H523CCT6, STM32H523CCU6, STM32H523CET6, STM32H523CEU6, STM32H523HEY6TR, STM32H523RCT6, STM32H523RET6, STM32H523VCI6, STM32H523VCT6, STM32H523VEI6, STM32H523VET6, STM32H523ZCJ6, STM32H523ZCT6, STM32H523ZEJ6, STM32H523ZET6, STM32H533CET6, STM32H533CEU6, STM32H533HEY6TR, STM32H533RET6, STM32H533VEI6, STM32H533VET6, STM32H533ZEJ6, STM32H533ZET6, STM32H562AGI6, STM32H562AII6, STM32H562IGK6, STM32H562IGT6, STM32H562IIK6, STM32H562IIT6, STM32H562RGT6, STM32H562RGV6, STM32H562RIT6, STM32H562RIV6, STM32H562VGT6, STM32H562VIT6, STM32H562ZGT6, STM32H562ZIT6, STM32H563AGI6, STM32H563AII3Q, STM32H563AII6, STM32H563IGK6, STM32H563IGT6, STM32H563IIK3Q, STM32H563IIK6, STM32H563IIT3Q, STM32H563IIT6, STM32H563MIY3QTR, STM32H563RGT6, STM32H563RGV6, STM32H563RIT6, STM32H563RIV6, STM32H563VGT6, STM32H563VIT3Q, STM32H563VIT6, STM32H563ZGT6, STM32H563ZIT3Q, STM32H563ZIT6, STM32H573AII3Q, STM32H573AII6, STM32H573I-DK, STM32H573IIK3Q, STM32H573IIK6, STM32H573IIT3Q, STM32H573IIT6, STM32H573MIY3QTR, STM32H573RIT6, STM32H573RIV6, STM32H573VIT3Q, STM32H573VIT6, STM32H573ZIT3Q, STM32H573ZIT6, STM32H7R3A8I6, STM32H7R3I8K6, STM32H7R3I8T6, STM32H7R3L8H6, STM32H7R3L8H6H, STM32H7R3R8V6, STM32H7R3V8H6, STM32H7R3V8T6, STM32H7R3V8Y6, STM32H7R3Z8J6, STM32H7R3Z8T6, STM32H7R7A8I6, STM32H7R7I8K6, STM32H7R7I8T6, STM32H7R7L8H6, STM32H7R7L8H6H, STM32H7R7Z8J6, STM32H7S3A8I6, STM32H7S3I8K6, STM32H7S3I8T6, STM32H7S3L8H6, STM32H7S3L8H6H, STM32H7S3R8V6, STM32H7S3V8H6, STM32H7S3V8T6, STM32H7S3V8Y6, STM32H7S3Z8J6, STM32H7S3Z8T6, STM32H7S78-DK, STM32H7S7A8I6, STM32H7S7I8K6, STM32H7S7I8T6, STM32H7S7L8H6, STM32H7S7L8H6H, STM32H7S7Z8J6, STM32L4R5QGI6STR, STM32MP131AAE3, STM32MP131AAF3, STM32MP131AAG3, STM32MP131CAE3, STM32MP131CAF3, STM32MP131CAG3, STM32MP131DAE7, STM32MP131DAF7, STM32MP131DAG7, STM32MP131FAE7, STM32MP131FAF7, STM32MP131FAG7, STM32MP133AAE3, STM32MP133AAF3, STM32MP133AAG3, STM32MP133CAE3, STM32MP133CAF3, STM32MP133CAG3, STM32MP133DAE7, STM32MP133DAF7, STM32MP133DAG7, STM32MP133FAE7, STM32MP133FAF7, STM32MP133FAG7, STM32MP135AAE3, STM32MP135AAF3, STM32MP135AAG3, STM32MP135CAE3, STM32MP135CAF3, STM32MP135CAG3, STM32MP135DAE7, STM32MP135DAF7, STM32MP135DAG7, STM32MP135F-DK, STM32MP135FAE7, STM32MP135FAF7, STM32MP135FAF7T, STM32MP135FAF7U, STM32MP135FAG7, STM32U031C6T6, STM32U031C6U6, STM32U031C8T6, STM32U031C8U6, STM32U031F4P6, STM32U031F6P6, STM32U031F8P6, STM32U031G6Y6TR, STM32U031G8Y6TR, STM32U031K4U6, STM32U031K6U6, STM32U031K8U6, STM32U031R6I6, STM32U031R6T6, STM32U031R8I6, STM32U031R8T6, STM32U073C8T6, STM32U073C8U6, STM32U073CBT6, STM32U073CBU6, STM32U073CCT6, STM32U073CCU6, STM32U073H8Y6TR, STM32U073HBY6TR, STM32U073HCY6TR, STM32U073K8U6, STM32U073KBU6, STM32U073KCU6, STM32U073M8I6, STM32U073M8T6, STM32U073MBI6, STM32U073MBT6, STM32U073MCI6, STM32U073MCT6, STM32U073R8I6, STM32U073R8T6, STM32U073RBI6, STM32U073RBT6, STM32U073RCI6, STM32U073RCT6, STM32U083C-DK, STM32U083CCT6, STM32U083CCU6, STM32U083HCY6TR, STM32U083KCU6, STM32U083MCI6, STM32U083MCT6, STM32U083RCI6, STM32U083RCT6, STM32U535CBT6, STM32U535CBT6Q, STM32U535CBU6, STM32U535CBU6Q, STM32U535CCT6, STM32U535CCT6Q, STM32U535CCU6, STM32U535CCU6Q, STM32U535CET6, STM32U535CET6Q, STM32U535CEU6, STM32U535CEU6Q, STM32U535JEY6QTR, STM32U535NCY6QTR, STM32U535NEY6QTR, STM32U535RBI6, STM32U535RBI6Q, STM32U535RBT6, STM32U535RBT6Q, STM32U535RCI6, STM32U535RCI6Q, STM32U535RCT6, STM32U535RCT6Q, STM32U535REI6, STM32U535REI6Q, STM32U535RET6, STM32U535RET6Q, STM32U535VCI6, STM32U535VCI6Q, STM32U535VCT6, STM32U535VCT6Q, STM32U535VEI6, STM32U535VEI6Q, STM32U535VET6, STM32U535VET6Q, STM32U545CET6, STM32U545CET6Q, STM32U545CEU6, STM32U545CEU6Q, STM32U545JEY6QTR, STM32U545NEY6QTR, STM32U545REI6, STM32U545REI6Q, STM32U545RET6, STM32U545RET6Q, STM32U545VEI6, STM32U545VEI6Q, STM32U545VET6, STM32U545VET6Q, STM32U595AIH6, STM32U595AIH6Q, STM32U595AJH6, STM32U595AJH6Q, STM32U595QII6, STM32U595QII6Q, STM32U595QJI6, STM32U595QJI6Q, STM32U595RIT6, STM32U595RIT6Q, STM32U595RJT6, STM32U595RJT6Q, STM32U595VIT6, STM32U595VIT6Q, STM32U595VJT6, STM32U595VJT6Q, STM32U595ZIT6, STM32U595ZIT6Q, STM32U595ZIY6QTR, STM32U595ZJT6, STM32U595ZJT6Q, STM32U595ZJY6QTR, STM32U599BJY6QTR, STM32U599NIH6Q, STM32U599NJH6Q, STM32U599VIT6Q, STM32U599VJT6, STM32U599VJT6Q, STM32U599ZIT6Q, STM32U599ZIY6QTR, STM32U599ZJT6Q, STM32U599ZJY6QTR, STM32U5A5AJH6, STM32U5A5AJH6Q, STM32U5A5QII3Q , STM32U5A5QJI6, STM32U5A5QJI6Q, STM32U5A5RJT6, STM32U5A5RJT6Q, STM32U5A5VJT6, STM32U5A5VJT6Q, STM32U5A5ZJT6, STM32U5A5ZJT6Q, STM32U5A5ZJY6QTR, STM32U5A9BJY6QTR, STM32U5A9J-DK, STM32U5A9NJH6Q, STM32U5A9VJT6Q, STM32U5A9ZJT6Q, STM32U5A9ZJY6QTR, STM32U5F7VIT6, STM32U5F7VIT6Q, STM32U5F7VJT6, STM32U5F7VJT6Q, STM32U5F9BJY6QTR, STM32U5F9NJH6Q, STM32U5F9VIT6Q, STM32U5F9VJT6Q, STM32U5F9ZIJ6QTR, STM32U5F9ZIT6Q, STM32U5F9ZJJ6QTR, STM32U5F9ZJT6Q, STM32U5G7VJT6, STM32U5G7VJT6Q, STM32U5G9BJY6QTR, STM32U5G9J-DK1, STM32U5G9J-DK2, STM32U5G9NJH6Q, STM32U5G9VJT6Q, STM32U5G9ZJJ6QTR, STM32U5G9ZJT6Q, STM32WB1MMCH6, STM32WBA50KEU6, STM32WBA50KEU6TR, STM32WBA50KGU6, STM32WBA50KGU6TR, STM32WBA52CEU6, STM32WBA52CEU6TR, STM32WBA52CEU7, STM32WBA52CEU7TR, STM32WBA52CGU6, STM32WBA52CGU6TR, STM32WBA52CGU6U, STM32WBA52CGU7, STM32WBA52CGU7TR, STM32WBA52KEU6, STM32WBA52KEU6TR, STM32WBA52KGU6, STM32WBA52KGU6TR, STM32WBA54CEU6, STM32WBA54CEU6TR, STM32WBA54CEU7, STM32WBA54CEU7TR, STM32WBA54CGU6, STM32WBA54CGU6TR, STM32WBA54CGU7, STM32WBA54CGU7TR, STM32WBA54KEU6, STM32WBA54KEU6TR, STM32WBA54KEU7, STM32WBA54KEU7TR, STM32WBA54KGU6, STM32WBA54KGU6TR, STM32WBA54KGU7, STM32WBA54KGU7TR, STM32WBA55CEU6, STM32WBA55CEU6TR, STM32WBA55CEU7, STM32WBA55CEU7TR, STM32WBA55CGU6, STM32WBA55CGU6TR, STM32WBA55CGU6U, STM32WBA55CGU7, STM32WBA55CGU7TR, STM32WBA55G-DK1, STM32WBA55HEF6, STM32WBA55HEF7, STM32WBA55HGF6, STM32WBA55HGF7, STM32WBA55UEI6, STM32WBA55UEI6TR, STM32WBA55UEI7, STM32WBA55UEI7TR, STM32WBA55UGI6, STM32WBA55UGI6TR, STM32WBA55UGI7, STM32WBA55UGI7TR, STM32WL5MOCH6, STM32WL5MOCH6TR]
2024-06-06 11:48:03,623 [INFO] BoardInfo:889 - No configuration file found for board P-NUCLEO-WB55
2024-06-06 11:48:03,624 [INFO] DbBoards:161 - Kit is not supported: P-NUCLEO-WB55
2024-06-06 11:48:03,635 [INFO] BoardInfo:889 - No configuration file found for board STEVAL-BFA001V1B
2024-06-06 11:48:03,635 [INFO] DbBoards:161 - Kit is not supported: STEVAL-BFA001V1B
2024-06-06 11:48:03,639 [INFO] BoardInfo:889 - No configuration file found for board STEVAL-BFA001V2B
2024-06-06 11:48:03,639 [INFO] DbBoards:161 - Kit is not supported: STEVAL-BFA001V2B
2024-06-06 11:48:03,994 [INFO] DbBoards:168 - Found 199 boards, 196 are supported
2024-06-06 11:48:03,995 [INFO] DbBoards:169 - Found 199 boards, 8 of them is supported for  Bsp
2024-06-06 11:48:04,005 [INFO] ApiDb:668 - CubeFinder database Data Model version=2.1
2024-06-06 11:48:04,005 [INFO] ApiDb:669 - CubeFinder database Configuration version=3.0.39
2024-06-06 11:48:04,005 [INFO] ApiDb:670 - CubeFinder database generation date=2024-05-16 (1715872938)
2024-06-06 11:48:04,005 [INFO] ApiDb:671 - CubeFinder database FW Pack versions=[FP-ATR-ASTRA1_V2.0.0, FP-SNS-FLIGHT1_V5.0.1, FP-SNS-FLIGHT1_V5.0.2, FP-SNS-MOTENV1_V4.3.1, FP-SNS-MOTENV1_V4.3.2, FP-SNS-MOTENV1_V5.0.0, FP-SNS-MOTENVWB1_V1.4.0, FP-SNS-SMARTAG2_V1.2.0, STM32Cube_FW_C0_V1.1.0, STM32Cube_FW_F4_V1.28.0, STM32Cube_FW_F7_V1.17.0, STM32Cube_FW_G0_V1.6.2, STM32Cube_FW_G4_V1.5.2, STM32Cube_FW_H5_V0.5.1, STM32Cube_FW_H5_V1.1.1, STM32Cube_FW_H5_V1.2.0, STM32Cube_FW_H5_V1.2.0RC4, STM32Cube_FW_H7RS_V1.0.0, STM32Cube_FW_H7RS_V1.0.0RC4, STM32Cube_FW_H7_V1.11.0, STM32Cube_FW_L0_V1.12.2, STM32Cube_FW_L5_V1.5.1, STM32Cube_FW_U0_V1.0.0, STM32Cube_FW_U0_V1.0.0RC1, STM32Cube_FW_U5_V1.3.0RC4, STM32Cube_FW_U5_V1.5.0, STM32Cube_FW_U5_V1.5.0RC1, STM32Cube_FW_WBA_V1.0.0RC1, STM32Cube_FW_WBA_V1.2.0, STM32Cube_FW_WBA_V1.2.0RC2, STM32Cube_FW_WBA_V1.3.0, STM32Cube_FW_WBA_V1.3.0RC1, STM32Cube_FW_WB_V1.15.0RC1, STM32Cube_FW_WB_V1.16.0, STM32Cube_FW_WB_V1.16.0RC2, STM32Cube_FW_WB_V1.18.0, STM32Cube_FW_WB_V1.19.0, STM32Cube_FW_WL_V1.3.0, X-CUBE-ALGOBUILD_V1.4.0, X-CUBE-ALS_V1.0.1, X-CUBE-AZRTOS-F4_V1.1.0, X-CUBE-AZRTOS-F7_V1.1.0, X-CUBE-AZRTOS-G0_V1.1.0, X-CUBE-AZRTOS-G4_V2.0.0, X-CUBE-AZRTOS-H7_V3.2.0, X-CUBE-AZRTOS-L4_V1.0.0, X-CUBE-AZRTOS-L4_V2.0.0, X-CUBE-AZRTOS-L5_V1.1.0, X-CUBE-AZRTOS-WB_V2.0.0, X-CUBE-AZRTOS-WL_V2.0.0, X-CUBE-BLE1_V7.0.0, X-CUBE-BLE2_V3.3.0, X-CUBE-BLEMGR_V3.1.0, X-CUBE-EEPRMA1_V4.1.0, X-CUBE-EEPRMA1_V5.1.0, X-CUBE-FREERTOS_V1.1.0, X-CUBE-GNSS1_V6.0.0, X-CUBE-MEMS1_V10.0.0, X-CUBE-MEMS1_V9.1.0, X-CUBE-MEMS1_V9.4.0, X-CUBE-MEMS1_V9.6.0, X-CUBE-NFC4_V3.0.0, X-CUBE-NFC7_V1.0.1, X-CUBE-SFXS2LP1_V4.0.0, X-CUBE-SUBG2_V5.0.0, X-CUBE-TOF1_V3.4.0]
2024-06-06 11:48:09,533 [INFO] ApiDb:240 - Found 483 in-development CPN: [B-G473E-ZEST1S, B-WB1M-WPAN1, B-WL5M-SUBG1, NUCLEO-C031C6, NUCLEO-H503RB, NUCLEO-H533RE, NUCLEO-H563ZI, NUCLEO-H7S3L8, NUCLEO-U031R8, NUCLEO-U083RC, NUCLEO-U545RE-Q, NUCLEO-U5A5ZJ-Q, NUCLEO-WBA52CG, NUCLEO-WBA55CG, STEVAL-PROTEUS1, STEVAL-SMARTAG2, STEVAL-STWINBX1, STM320518-EVAL, STM32C0116-DK, STM32C011D6Y3TR, STM32C011D6Y6TR, STM32C011F4P3, STM32C011F4P6, STM32C011F4U3, STM32C011F4U6TR, STM32C011F6P3, STM32C011F6P6, STM32C011F6U3, STM32C011F6U6TR, STM32C011J4M3, STM32C011J4M6, STM32C011J6M3, STM32C011J6M6, STM32C0316-DK, STM32C031C4T3, STM32C031C4T6, STM32C031C4U3, STM32C031C4U6, STM32C031C6T3, STM32C031C6T6, STM32C031C6U3, STM32C031C6U6, STM32C031F4P3, STM32C031F4P6, STM32C031F6P3, STM32C031F6P6, STM32C031G4U3, STM32C031G4U6, STM32C031G6U3, STM32C031G6U6, STM32C031K4T3, STM32C031K4T6, STM32C031K4U3, STM32C031K4U6, STM32C031K6T3, STM32C031K6T6, STM32C031K6U3, STM32C031K6U6, STM32G071K8TXN, STM32G071K8UXN, STM32G081GBU6N, STM32G081KBT6N, STM32G081KBUXN, STM32G0B1CCT6N, STM32G0B1KCT6, STM32G0B1NEY6TR, STM32G0B1RCT6N, STM32G0C1CCT6, STM32G0C1CCT6N, STM32G0C1CCU6N, STM32G0C1CET6N, STM32G0C1CEU6N, STM32G0C1KCT6, STM32G0C1NEY6TR, STM32G0C1RCI6N, STM32G0C1RCT6N, STM32G0C1REI6N, STM32G0C1RET6N, STM32G0C1VCI6, STM32G0C1VEI6, STM32G471CCT6, STM32G471CCU6, STM32G471CET3, STM32G471CET6, STM32G471CEU3, STM32G471CEU6, STM32G471MCT6, STM32G471MET3, STM32G471MET6, STM32G471MEY6TR, STM32G471QCT6, STM32G471QET3, STM32G471RCT6, STM32G471RET3, STM32G471RET6, STM32G471VCH6, STM32G471VCI6, STM32G471VCT6, STM32G471VEH3, STM32G471VEH6, STM32G471VEI3, STM32G471VEI6, STM32G471VET3, STM32G471VET6, STM32G474CCT6, STM32H503CBT6, STM32H503CBU6, STM32H503EBY6TR, STM32H503KBU6, STM32H503RBT6, STM32H523CCT6, STM32H523CCU6, STM32H523CET6, STM32H523CEU6, STM32H523HEY6TR, STM32H523RCT6, STM32H523RET6, STM32H523VCI6, STM32H523VCT6, STM32H523VEI6, STM32H523VET6, STM32H523ZCJ6, STM32H523ZCT6, STM32H523ZEJ6, STM32H523ZET6, STM32H533CET6, STM32H533CEU6, STM32H533HEY6TR, STM32H533RET6, STM32H533VEI6, STM32H533VET6, STM32H533ZEJ6, STM32H533ZET6, STM32H562AGI6, STM32H562AII6, STM32H562IGK6, STM32H562IGT6, STM32H562IIK6, STM32H562IIT6, STM32H562RGT6, STM32H562RGV6, STM32H562RIT6, STM32H562RIV6, STM32H562VGT6, STM32H562VIT6, STM32H562ZGT6, STM32H562ZIT6, STM32H563AGI6, STM32H563AII3Q, STM32H563AII6, STM32H563IGK6, STM32H563IGT6, STM32H563IIK3Q, STM32H563IIK6, STM32H563IIT3Q, STM32H563IIT6, STM32H563MIY3QTR, STM32H563RGT6, STM32H563RGV6, STM32H563RIT6, STM32H563RIV6, STM32H563VGT6, STM32H563VIT3Q, STM32H563VIT6, STM32H563ZGT6, STM32H563ZIT3Q, STM32H563ZIT6, STM32H573AII3Q, STM32H573AII6, STM32H573I-DK, STM32H573IIK3Q, STM32H573IIK6, STM32H573IIT3Q, STM32H573IIT6, STM32H573MIY3QTR, STM32H573RIT6, STM32H573RIV6, STM32H573VIT3Q, STM32H573VIT6, STM32H573ZIT3Q, STM32H573ZIT6, STM32H7R3A8I6, STM32H7R3I8K6, STM32H7R3I8T6, STM32H7R3L8H6, STM32H7R3L8H6H, STM32H7R3R8V6, STM32H7R3V8H6, STM32H7R3V8T6, STM32H7R3V8Y6, STM32H7R3Z8J6, STM32H7R3Z8T6, STM32H7R7A8I6, STM32H7R7I8K6, STM32H7R7I8T6, STM32H7R7L8H6, STM32H7R7L8H6H, STM32H7R7Z8J6, STM32H7S3A8I6, STM32H7S3I8K6, STM32H7S3I8T6, STM32H7S3L8H6, STM32H7S3L8H6H, STM32H7S3R8V6, STM32H7S3V8H6, STM32H7S3V8T6, STM32H7S3V8Y6, STM32H7S3Z8J6, STM32H7S3Z8T6, STM32H7S78-DK, STM32H7S7A8I6, STM32H7S7I8K6, STM32H7S7I8T6, STM32H7S7L8H6, STM32H7S7L8H6H, STM32H7S7Z8J6, STM32L4R5QGI6STR, STM32MP131AAE3, STM32MP131AAF3, STM32MP131AAG3, STM32MP131CAE3, STM32MP131CAF3, STM32MP131CAG3, STM32MP131DAE7, STM32MP131DAF7, STM32MP131DAG7, STM32MP131FAE7, STM32MP131FAF7, STM32MP131FAG7, STM32MP133AAE3, STM32MP133AAF3, STM32MP133AAG3, STM32MP133CAE3, STM32MP133CAF3, STM32MP133CAG3, STM32MP133DAE7, STM32MP133DAF7, STM32MP133DAG7, STM32MP133FAE7, STM32MP133FAF7, STM32MP133FAG7, STM32MP135AAE3, STM32MP135AAF3, STM32MP135AAG3, STM32MP135CAE3, STM32MP135CAF3, STM32MP135CAG3, STM32MP135DAE7, STM32MP135DAF7, STM32MP135DAG7, STM32MP135F-DK, STM32MP135FAE7, STM32MP135FAF7, STM32MP135FAF7T, STM32MP135FAF7U, STM32MP135FAG7, STM32U031C6T6, STM32U031C6U6, STM32U031C8T6, STM32U031C8U6, STM32U031F4P6, STM32U031F6P6, STM32U031F8P6, STM32U031G6Y6TR, STM32U031G8Y6TR, STM32U031K4U6, STM32U031K6U6, STM32U031K8U6, STM32U031R6I6, STM32U031R6T6, STM32U031R8I6, STM32U031R8T6, STM32U073C8T6, STM32U073C8U6, STM32U073CBT6, STM32U073CBU6, STM32U073CCT6, STM32U073CCU6, STM32U073H8Y6TR, STM32U073HBY6TR, STM32U073HCY6TR, STM32U073K8U6, STM32U073KBU6, STM32U073KCU6, STM32U073M8I6, STM32U073M8T6, STM32U073MBI6, STM32U073MBT6, STM32U073MCI6, STM32U073MCT6, STM32U073R8I6, STM32U073R8T6, STM32U073RBI6, STM32U073RBT6, STM32U073RCI6, STM32U073RCT6, STM32U083C-DK, STM32U083CCT6, STM32U083CCU6, STM32U083HCY6TR, STM32U083KCU6, STM32U083MCI6, STM32U083MCT6, STM32U083RCI6, STM32U083RCT6, STM32U535CBT6, STM32U535CBT6Q, STM32U535CBU6, STM32U535CBU6Q, STM32U535CCT6, STM32U535CCT6Q, STM32U535CCU6, STM32U535CCU6Q, STM32U535CET6, STM32U535CET6Q, STM32U535CEU6, STM32U535CEU6Q, STM32U535JEY6QTR, STM32U535NCY6QTR, STM32U535NEY6QTR, STM32U535RBI6, STM32U535RBI6Q, STM32U535RBT6, STM32U535RBT6Q, STM32U535RCI6, STM32U535RCI6Q, STM32U535RCT6, STM32U535RCT6Q, STM32U535REI6, STM32U535REI6Q, STM32U535RET6, STM32U535RET6Q, STM32U535VCI6, STM32U535VCI6Q, STM32U535VCT6, STM32U535VCT6Q, STM32U535VEI6, STM32U535VEI6Q, STM32U535VET6, STM32U535VET6Q, STM32U545CET6, STM32U545CET6Q, STM32U545CEU6, STM32U545CEU6Q, STM32U545JEY6QTR, STM32U545NEY6QTR, STM32U545REI6, STM32U545REI6Q, STM32U545RET6, STM32U545RET6Q, STM32U545VEI6, STM32U545VEI6Q, STM32U545VET6, STM32U545VET6Q, STM32U595AIH6, STM32U595AIH6Q, STM32U595AJH6, STM32U595AJH6Q, STM32U595QII6, STM32U595QII6Q, STM32U595QJI6, STM32U595QJI6Q, STM32U595RIT6, STM32U595RIT6Q, STM32U595RJT6, STM32U595RJT6Q, STM32U595VIT6, STM32U595VIT6Q, STM32U595VJT6, STM32U595VJT6Q, STM32U595ZIT6, STM32U595ZIT6Q, STM32U595ZIY6QTR, STM32U595ZJT6, STM32U595ZJT6Q, STM32U595ZJY6QTR, STM32U599BJY6QTR, STM32U599NIH6Q, STM32U599NJH6Q, STM32U599VIT6Q, STM32U599VJT6, STM32U599VJT6Q, STM32U599ZIT6Q, STM32U599ZIY6QTR, STM32U599ZJT6Q, STM32U599ZJY6QTR, STM32U5A5AJH6, STM32U5A5AJH6Q, STM32U5A5QII3Q , STM32U5A5QJI6, STM32U5A5QJI6Q, STM32U5A5RJT6, STM32U5A5RJT6Q, STM32U5A5VJT6, STM32U5A5VJT6Q, STM32U5A5ZJT6, STM32U5A5ZJT6Q, STM32U5A5ZJY6QTR, STM32U5A9BJY6QTR, STM32U5A9J-DK, STM32U5A9NJH6Q, STM32U5A9VJT6Q, STM32U5A9ZJT6Q, STM32U5A9ZJY6QTR, STM32U5F7VIT6, STM32U5F7VIT6Q, STM32U5F7VJT6, STM32U5F7VJT6Q, STM32U5F9BJY6QTR, STM32U5F9NJH6Q, STM32U5F9VIT6Q, STM32U5F9VJT6Q, STM32U5F9ZIJ6QTR, STM32U5F9ZIT6Q, STM32U5F9ZJJ6QTR, STM32U5F9ZJT6Q, STM32U5G7VJT6, STM32U5G7VJT6Q, STM32U5G9BJY6QTR, STM32U5G9J-DK1, STM32U5G9J-DK2, STM32U5G9NJH6Q, STM32U5G9VJT6Q, STM32U5G9ZJJ6QTR, STM32U5G9ZJT6Q, STM32WB1MMCH6, STM32WBA50KEU6, STM32WBA50KEU6TR, STM32WBA50KGU6, STM32WBA50KGU6TR, STM32WBA52CEU6, STM32WBA52CEU6TR, STM32WBA52CEU7, STM32WBA52CEU7TR, STM32WBA52CGU6, STM32WBA52CGU6TR, STM32WBA52CGU6U, STM32WBA52CGU7, STM32WBA52CGU7TR, STM32WBA52KEU6, STM32WBA52KEU6TR, STM32WBA52KGU6, STM32WBA52KGU6TR, STM32WBA54CEU6, STM32WBA54CEU6TR, STM32WBA54CEU7, STM32WBA54CEU7TR, STM32WBA54CGU6, STM32WBA54CGU6TR, STM32WBA54CGU7, STM32WBA54CGU7TR, STM32WBA54KEU6, STM32WBA54KEU6TR, STM32WBA54KEU7, STM32WBA54KEU7TR, STM32WBA54KGU6, STM32WBA54KGU6TR, STM32WBA54KGU7, STM32WBA54KGU7TR, STM32WBA55CEU6, STM32WBA55CEU6TR, STM32WBA55CEU7, STM32WBA55CEU7TR, STM32WBA55CGU6, STM32WBA55CGU6TR, STM32WBA55CGU6U, STM32WBA55CGU7, STM32WBA55CGU7TR, STM32WBA55G-DK1, STM32WBA55HEF6, STM32WBA55HEF7, STM32WBA55HGF6, STM32WBA55HGF7, STM32WBA55UEI6, STM32WBA55UEI6TR, STM32WBA55UEI7, STM32WBA55UEI7TR, STM32WBA55UGI6, STM32WBA55UGI6TR, STM32WBA55UGI7, STM32WBA55UGI7TR, STM32WL5MOCH6, STM32WL5MOCH6TR]
2024-06-06 11:48:09,555 [INFO] DbMcus:218 - Found 4096 MCUs, 4096 are supported
2024-06-06 11:48:09,589 [INFO] ApiDb:423 - Load user favorites file C:\Users\User/.stm32cubeide/favorites.mcus.txt: 1 item(s)
2024-06-06 11:48:09,590 [INFO] ApiDb:427 - User favorites MCUs=[STM32C011F6P6]
2024-06-06 11:48:09,590 [INFO] DbMcus:224 - Set 1 / 1 favorites MCUs
2024-06-06 11:48:11,533 [INFO] ApiDb:423 - Load user favorites file C:\Users\User/.stm32cubeide/favorites.boards.txt: 0 item(s)
2024-06-06 11:48:11,534 [INFO] ApiDb:427 - User favorites Boards=[]
2024-06-06 11:48:11,535 [INFO] DbBoards:198 - Set 0 / 0 favorites Boards
2024-06-06 11:48:11,599 [INFO] UtilMem:75 - End LoadConfig() Used Memory: 808385552 Bytes (1073741824)
2024-06-06 11:48:13,484 [WARN] ThirdParty:833 - waiting for thirdparty lock release [change project]
2024-06-06 11:48:13,486 [INFO] ThirdParty:835 - entering critical section [change project]
2024-06-06 11:48:13,486 [INFO] ThirdParty:1030 - CMSIS Pack Vendor :STMicroelectronics X-CUBE-ISPU 1.1.0
2024-06-06 11:48:13,487 [INFO] ThirdParty:1030 - CMSIS Pack Vendor :STMicroelectronics USBPD 4.1
2024-06-06 11:48:13,487 [INFO] ThirdParty:1030 - CMSIS Pack Vendor :STMicroelectronics X-CUBE-GNSS1 6.0.0
2024-06-06 11:48:13,488 [INFO] ThirdParty:1030 - CMSIS Pack Vendor :STMicroelectronics USB_HOST 2.0.0
2024-06-06 11:48:13,489 [INFO] ThirdParty:1030 - CMSIS Pack Vendor :STMicroelectronics FP-SNS-MOTENVWB1 1.4.0
2024-06-06 11:48:13,489 [INFO] ThirdParty:1030 - CMSIS Pack Vendor :STMicroelectronics X-CUBE-AZRTOS-F4 1.1.0
2024-06-06 11:48:13,489 [INFO] ThirdParty:1030 - CMSIS Pack Vendor :STMicroelectronics LIBJPEG 8.0.0
2024-06-06 11:48:13,489 [INFO] ThirdParty:1030 - CMSIS Pack Vendor :wolfSSL I-CUBE-wolfSSL 5.6.3
2024-06-06 11:48:13,490 [INFO] ThirdParty:1030 - CMSIS Pack Vendor :STMicroelectronics X-CUBE-SMBUS 2.1.0
2024-06-06 11:48:13,490 [INFO] ThirdParty:1030 - CMSIS Pack Vendor :STMicroelectronics USB_DEVICE 3.0.0
2024-06-06 11:48:13,490 [INFO] ThirdParty:1030 - CMSIS Pack Vendor :STMicroelectronics X-CUBE-TCPP 4.1.0
2024-06-06 11:48:13,490 [INFO] ThirdParty:1030 - CMSIS Pack Vendor :STMicroelectronics X-CUBE-FREERTOS 1.2.0
2024-06-06 11:48:13,490 [INFO] ThirdParty:1030 - CMSIS Pack Vendor :STMicroelectronics X-CUBE-AZRTOS-WB 2.0.0
2024-06-06 11:48:13,490 [INFO] ThirdParty:1030 - CMSIS Pack Vendor :STMicroelectronics X-CUBE-TOUCHGFX 4.23.0
2024-06-06 11:48:13,490 [INFO] ThirdParty:1030 - CMSIS Pack Vendor :STMicroelectronics X-CUBE-TOUCHGFX 4.23.2
2024-06-06 11:48:13,490 [INFO] ThirdParty:1030 - CMSIS Pack Vendor :STMicroelectronics X-CUBE-AZRTOS-F7 1.1.0
2024-06-06 11:48:13,490 [INFO] ThirdParty:1030 - CMSIS Pack Vendor :STMicroelectronics X-CUBE-AZRTOS-L5 2.0.0
2024-06-06 11:48:13,491 [INFO] ThirdParty:1030 - CMSIS Pack Vendor :STMicroelectronics USB_DEVICE 2.0.0
2024-06-06 11:48:13,491 [INFO] ThirdParty:1030 - CMSIS Pack Vendor :STMicroelectronics X-CUBE-MEMS1 9.6.0
2024-06-06 11:48:13,491 [INFO] ThirdParty:1030 - CMSIS Pack Vendor :STMicroelectronics X-CUBE-EEPRMA1 4.2.0
2024-06-06 11:48:13,491 [INFO] ThirdParty:1030 - CMSIS Pack Vendor :STMicroelectronics X-CUBE-NFC6 3.1.0
2024-06-06 11:48:13,491 [INFO] ThirdParty:1030 - CMSIS Pack Vendor :ITTIA_DB I-CUBE-ITTIADB 8.8.0
2024-06-06 11:48:13,491 [INFO] ThirdParty:1030 - CMSIS Pack Vendor :STMicroelectronics FP-SNS-MOTENV1 4.3.2
2024-06-06 11:48:13,491 [INFO] ThirdParty:1030 - CMSIS Pack Vendor :STMicroelectronics X-CUBE-ALGOBUILD 1.3.0
2024-06-06 11:48:13,491 [INFO] ThirdParty:1030 - CMSIS Pack Vendor :STMicroelectronics FreeRTOS 0.0.1
2024-06-06 11:48:13,491 [INFO] ThirdParty:1030 - CMSIS Pack Vendor :STMicroelectronics X-CUBE-AZRTOS-G0 1.1.0
2024-06-06 11:48:13,491 [INFO] ThirdParty:1030 - CMSIS Pack Vendor :STMicroelectronics X-CUBE-BLEMGR 2.0.0
2024-06-06 11:48:13,491 [INFO] ThirdParty:1030 - CMSIS Pack Vendor :STMicroelectronics X-CUBE-SAFEA1 1.2.2
2024-06-06 11:48:13,492 [INFO] ThirdParty:1030 - CMSIS Pack Vendor :STMicroelectronics X-CUBE-NFC4 3.0.0
2024-06-06 11:48:13,492 [INFO] ThirdParty:1030 - CMSIS Pack Vendor :STMicroelectronics X-CUBE-SUBG2 5.0.0
2024-06-06 11:48:13,492 [INFO] ThirdParty:1030 - CMSIS Pack Vendor :STMicroelectronics STM32_WPAN 1.0.0
2024-06-06 11:48:13,492 [INFO] ThirdParty:1030 - CMSIS Pack Vendor :wolfSSL I-CUBE-wolfMQTT 1.18.0
2024-06-06 11:48:13,492 [INFO] ThirdParty:1030 - CMSIS Pack Vendor :STMicroelectronics lwIP 2.0.3
2024-06-06 11:48:13,492 [INFO] ThirdParty:1030 - CMSIS Pack Vendor :STMicroelectronics FP-SNS-FLIGHT1 5.0.2
2024-06-06 11:48:13,492 [INFO] ThirdParty:1030 - CMSIS Pack Vendor :STMicroelectronics USB_HOST 1.0.0
2024-06-06 11:48:13,492 [INFO] ThirdParty:1030 - CMSIS Pack Vendor :STMicroelectronics X-CUBE-TOF1 3.3.1
2024-06-06 11:48:13,492 [INFO] ThirdParty:1030 - CMSIS Pack Vendor :STMicroelectronics X-CUBE-AI 9.0.0
2024-06-06 11:48:13,492 [INFO] ThirdParty:1030 - CMSIS Pack Vendor :STMicroelectronics X-CUBE-AZRTOS-G4 2.0.0
2024-06-06 11:48:13,492 [INFO] ThirdParty:1030 - CMSIS Pack Vendor :STMicroelectronics PDM2PCM 3.1.0
2024-06-06 11:48:13,492 [INFO] ThirdParty:1030 - CMSIS Pack Vendor :STMicroelectronics X-CUBE-AZRTOS-H7 3.1.0
2024-06-06 11:48:13,492 [INFO] ThirdParty:1030 - CMSIS Pack Vendor :Infineon AIROC-Wi-Fi-Bluetooth-STM32 1.5.1
2024-06-06 11:48:13,492 [INFO] ThirdParty:1030 - CMSIS Pack Vendor :STMicroelectronics X-CUBE-BLEMGR 3.0.0
2024-06-06 11:48:13,492 [INFO] ThirdParty:1030 - CMSIS Pack Vendor :STMicroelectronics PDM2PCM 3.3.0
2024-06-06 11:48:13,493 [INFO] ThirdParty:1030 - CMSIS Pack Vendor :STMicroelectronics X-CUBE-DISPLAY 3.0.0
2024-06-06 11:48:13,493 [INFO] ThirdParty:1030 - CMSIS Pack Vendor :STMicroelectronics FP-SNS-MOTENVWB1 1.3.1
2024-06-06 11:48:13,493 [INFO] ThirdParty:1030 - CMSIS Pack Vendor :STMicroelectronics X-CUBE-BLE1 7.0.0
2024-06-06 11:48:13,493 [INFO] ThirdParty:1030 - CMSIS Pack Vendor :STMicroelectronics FP-ATR-SIGFOX1 3.2.0
2024-06-06 11:48:13,493 [INFO] ThirdParty:1030 - CMSIS Pack Vendor :STMicroelectronics X-CUBE-ISPU 2.0.0
2024-06-06 11:48:13,493 [INFO] ThirdParty:1030 - CMSIS Pack Vendor :STMicroelectronics X-CUBE-EEPRMA1 5.1.0
2024-06-06 11:48:13,493 [INFO] ThirdParty:1030 - CMSIS Pack Vendor :STMicroelectronics HAL Drivers 0.0.0
2024-06-06 11:48:13,493 [INFO] ThirdParty:1030 - CMSIS Pack Vendor :STMicroelectronics MBEDTLS 2.16.2
2024-06-06 11:48:13,493 [INFO] ThirdParty:1030 - CMSIS Pack Vendor :STMicroelectronics X-CUBE-ALS 1.0.2
2024-06-06 11:48:13,493 [INFO] ThirdParty:1030 - CMSIS Pack Vendor :emotas I-CUBE-CANOPEN 1.3.0
2024-06-06 11:48:13,493 [INFO] ThirdParty:1030 - CMSIS Pack Vendor :STMicroelectronics X-CUBE-MEMS1 10.0.0
2024-06-06 11:48:13,493 [INFO] ThirdParty:1030 - CMSIS Pack Vendor :STMicroelectronics X-CUBE-FREERTOS 1.1.0
2024-06-06 11:48:13,493 [INFO] ThirdParty:1030 - CMSIS Pack Vendor :STMicroelectronics X-CUBE-NFC7 1.0.1
2024-06-06 11:48:13,493 [INFO] ThirdParty:1030 - CMSIS Pack Vendor :STMicroelectronics MBEDTLS 2.14.1
2024-06-06 11:48:13,493 [INFO] ThirdParty:1030 - CMSIS Pack Vendor :STMicroelectronics X-CUBE-TOUCHGFX 4.22.1
2024-06-06 11:48:13,494 [INFO] ThirdParty:1030 - CMSIS Pack Vendor :STMicroelectronics X-CUBE-NFC6 3.0.0
2024-06-06 11:48:13,494 [INFO] ThirdParty:1030 - CMSIS Pack Vendor :STMicroelectronics X-CUBE-EEPRMA1 4.1.0
2024-06-06 11:48:13,494 [INFO] ThirdParty:1030 - CMSIS Pack Vendor :portGmbH I-Cube-SoM-uGOAL 1.1.0
2024-06-06 11:48:13,494 [INFO] ThirdParty:1030 - CMSIS Pack Vendor :STMicroelectronics X-CUBE-ALS 1.0.1
2024-06-06 11:48:13,494 [INFO] ThirdParty:1030 - CMSIS Pack Vendor :STMicroelectronics X-CUBE-BLEMGR 3.1.0
2024-06-06 11:48:13,494 [INFO] ThirdParty:1030 - CMSIS Pack Vendor :STMicroelectronics ThreadX 1.0.0
2024-06-06 11:48:13,494 [INFO] ThirdParty:1030 - CMSIS Pack Vendor :STMicroelectronics FP-SNS-SMARTAG2 1.2.0
2024-06-06 11:48:13,494 [INFO] ThirdParty:1030 - CMSIS Pack Vendor :STMicroelectronics X-CUBE-AZRTOS-WL 2.0.0
2024-06-06 11:48:13,494 [INFO] ThirdParty:1030 - CMSIS Pack Vendor :SEGGER I-CUBE-embOS 1.3.1
2024-06-06 11:48:13,494 [INFO] ThirdParty:1030 - CMSIS Pack Vendor :STMicroelectronics X-CUBE-ALGOBUILD 1.4.0
2024-06-06 11:48:13,494 [INFO] ThirdParty:1030 - CMSIS Pack Vendor :STMicroelectronics FP-SNS-MOTENV1 5.0.0
2024-06-06 11:48:13,495 [INFO] ThirdParty:1030 - CMSIS Pack Vendor :STMicroelectronics USB_DEVICE 1.0.0
2024-06-06 11:48:13,495 [INFO] ThirdParty:1030 - CMSIS Pack Vendor :STMicroelectronics X-CUBE-AI 8.1.0
2024-06-06 11:48:13,495 [INFO] ThirdParty:1030 - CMSIS Pack Vendor :STMicroelectronics X-CUBE-AZRTOS-H7RS 1.0.0
2024-06-06 11:48:13,495 [INFO] ThirdParty:1030 - CMSIS Pack Vendor :STMicroelectronics X-CUBE-AZRTOS-L4 2.0.0
2024-06-06 11:48:13,495 [INFO] ThirdParty:1030 - CMSIS Pack Vendor :STMicroelectronics ThreadX 0.0.2
2024-06-06 11:48:13,495 [INFO] ThirdParty:1030 - CMSIS Pack Vendor :WES I-CUBE-Cesium 1.3.0
2024-06-06 11:48:13,495 [INFO] ThirdParty:1030 - CMSIS Pack Vendor :STMicroelectronics FP-ATR-ASTRA1 2.0.0
2024-06-06 11:48:13,495 [INFO] ThirdParty:1030 - CMSIS Pack Vendor :STMicroelectronics lwIP 2.1.2
2024-06-06 11:48:13,495 [INFO] ThirdParty:1030 - CMSIS Pack Vendor :STMicroelectronics X-CUBE-SFXS2LP1 4.0.0
2024-06-06 11:48:13,495 [INFO] ThirdParty:1030 - CMSIS Pack Vendor :STMicroelectronics X-CUBE-BLE2 3.3.0
2024-06-06 11:48:13,496 [INFO] ThirdParty:1030 - CMSIS Pack Vendor :STMicroelectronics X-CUBE-TOF1 3.4.0
2024-06-06 11:48:13,496 [INFO] ThirdParty:1030 - CMSIS Pack Vendor :STMicroelectronics X-CUBE-TOF1 3.4.1
2024-06-06 11:48:13,496 [INFO] ThirdParty:1030 - CMSIS Pack Vendor :STMicroelectronics X-CUBE-AZRTOS-H7 3.2.0
2024-06-06 11:48:13,496 [INFO] ThirdParty:1030 - CMSIS Pack Vendor :STMicroelectronics PDM2PCM 3.2.0
2024-06-06 11:48:13,497 [INFO] ThirdParty:841 - exiting critical section [change project]
2024-06-06 11:48:14,998 [INFO] PinOutPanel:1561 - setPackage(No Configuration,No Configuration)
2024-06-06 11:48:15,012 [INFO] PinOutPanel:1561 - setPackage(STM32C011F6Px,TSSOP20)
2024-06-06 11:48:20,356 [INFO] UtilMem:75 - Before build in PCC Used Memory: 623079024 Bytes (1073741824)
2024-06-06 11:48:30,419 [INFO] UtilMem:75 - After build in PCC Used Memory: 779972760 Bytes (1073741824)
2024-06-06 11:48:30,948 [INFO] IPUIPlugin:80 - create IPUIPlugin
2024-06-06 11:48:30,956 [INFO] IPUIPlugin:80 - create IPUIPlugin
2024-06-06 11:48:30,957 [INFO] IPUIPlugin:80 - create IPUIPlugin
2024-06-06 11:48:30,959 [INFO] IPUIPlugin:80 - create IPUIPlugin
2024-06-06 11:48:30,964 [INFO] IPUIPlugin:80 - create IPUIPlugin
2024-06-06 11:48:30,965 [INFO] IPUIPlugin:80 - create IPUIPlugin
2024-06-06 11:48:30,966 [INFO] IPUIPlugin:80 - create IPUIPlugin
2024-06-06 11:48:30,967 [INFO] IPUIPlugin:80 - create IPUIPlugin
2024-06-06 11:48:30,968 [INFO] IPUIPlugin:80 - create IPUIPlugin
2024-06-06 11:48:30,968 [INFO] IPUIPlugin:80 - create IPUIPlugin
2024-06-06 11:48:30,969 [INFO] IPUIPlugin:80 - create IPUIPlugin
2024-06-06 11:48:31,002 [INFO] IPUIPlugin:80 - create IPUIPlugin
2024-06-06 11:48:31,003 [INFO] IPUIPlugin:80 - create IPUIPlugin
2024-06-06 11:48:31,003 [INFO] IPUIPlugin:80 - create IPUIPlugin
2024-06-06 11:48:31,009 [INFO] IPUIPlugin:80 - create IPUIPlugin
2024-06-06 11:48:31,013 [INFO] IPUIPlugin:80 - create IPUIPlugin
2024-06-06 11:48:31,014 [INFO] IPUIPlugin:80 - create IPUIPlugin
2024-06-06 11:48:31,014 [INFO] IPUIPlugin:80 - create IPUIPlugin
2024-06-06 11:48:31,016 [INFO] IPUIPlugin:80 - create IPUIPlugin
2024-06-06 11:48:31,016 [INFO] IPUIPlugin:80 - create IPUIPlugin
2024-06-06 11:48:31,017 [INFO] IPUIPlugin:80 - create IPUIPlugin
2024-06-06 11:48:31,018 [INFO] IPUIPlugin:80 - create IPUIPlugin
2024-06-06 11:48:31,019 [INFO] IPUIPlugin:80 - create IPUIPlugin
2024-06-06 11:48:31,023 [INFO] IPUIPlugin:80 - create IPUIPlugin
2024-06-06 11:48:31,025 [INFO] IPUIPlugin:80 - create IPUIPlugin
2024-06-06 11:48:31,026 [INFO] IPUIPlugin:80 - create IPUIPlugin
2024-06-06 11:48:31,385 [WARN] IP:2120 - FIFOMode not found: check if there is a RefParameter without a condition.
2024-06-06 11:48:31,385 [WARN] IP:2120 - TXFIFOThreshold not found: check if there is a RefParameter without a condition.
2024-06-06 11:48:31,385 [WARN] IP:2120 - RXFIFOThreshold not found: check if there is a RefParameter without a condition.
2024-06-06 11:48:31,386 [WARN] IP:2120 - AutoBaudRateEnableParam not found: check if there is a RefParameter without a condition.
2024-06-06 11:48:34,608 [INFO] CADModel:165 - CPN selected for project levelSTM32C011F6P6
2024-06-06 11:48:34,608 [INFO] CADModel:114 - Register for checkConnection events
2024-06-06 11:48:34,687 [INFO] OpenFileManager:343 - Restore cursor
2024-06-06 11:48:34,969 [WARN] IP:2120 - FIFOMode not found: check if there is a RefParameter without a condition.
2024-06-06 11:48:34,969 [WARN] IP:2120 - TXFIFOThreshold not found: check if there is a RefParameter without a condition.
2024-06-06 11:48:34,969 [WARN] IP:2120 - RXFIFOThreshold not found: check if there is a RefParameter without a condition.
2024-06-06 11:48:34,970 [WARN] IP:2120 - AutoBaudRateEnableParam not found: check if there is a RefParameter without a condition.
2024-06-06 11:48:34,980 [WARN] IP:2120 - FIFOMode not found: check if there is a RefParameter without a condition.
2024-06-06 11:48:34,980 [WARN] IP:2120 - TXFIFOThreshold not found: check if there is a RefParameter without a condition.
2024-06-06 11:48:34,981 [WARN] IP:2120 - RXFIFOThreshold not found: check if there is a RefParameter without a condition.
2024-06-06 11:48:34,982 [WARN] IP:2120 - AutoBaudRateEnableParam not found: check if there is a RefParameter without a condition.
2024-06-06 11:50:55,460 [WARN] IP:2120 - FIFOMode not found: check if there is a RefParameter without a condition.
2024-06-06 11:50:55,463 [WARN] IP:2120 - TXFIFOThreshold not found: check if there is a RefParameter without a condition.
2024-06-06 11:50:55,464 [WARN] IP:2120 - RXFIFOThreshold not found: check if there is a RefParameter without a condition.
2024-06-06 11:50:55,464 [WARN] IP:2120 - AutoBaudRateEnableParam not found: check if there is a RefParameter without a condition.
2024-06-06 11:50:55,471 [WARN] IP:2120 - FIFOMode not found: check if there is a RefParameter without a condition.
2024-06-06 11:50:55,472 [WARN] IP:2120 - TXFIFOThreshold not found: check if there is a RefParameter without a condition.
2024-06-06 11:50:55,473 [WARN] IP:2120 - RXFIFOThreshold not found: check if there is a RefParameter without a condition.
2024-06-06 11:50:55,473 [WARN] IP:2120 - AutoBaudRateEnableParam not found: check if there is a RefParameter without a condition.
2024-06-06 11:50:55,689 [WARN] IP:2120 - FIFOMode not found: check if there is a RefParameter without a condition.
2024-06-06 11:50:55,689 [WARN] IP:2120 - TXFIFOThreshold not found: check if there is a RefParameter without a condition.
2024-06-06 11:50:55,689 [WARN] IP:2120 - RXFIFOThreshold not found: check if there is a RefParameter without a condition.
2024-06-06 11:50:55,689 [WARN] IP:2120 - AutoBaudRateEnableParam not found: check if there is a RefParameter without a condition.
2024-06-06 11:50:55,715 [WARN] IP:2120 - FIFOMode not found: check if there is a RefParameter without a condition.
2024-06-06 11:50:55,715 [WARN] IP:2120 - TXFIFOThreshold not found: check if there is a RefParameter without a condition.
2024-06-06 11:50:55,715 [WARN] IP:2120 - RXFIFOThreshold not found: check if there is a RefParameter without a condition.
2024-06-06 11:50:55,716 [WARN] IP:2120 - AutoBaudRateEnableParam not found: check if there is a RefParameter without a condition.
2024-06-06 11:50:55,966 [WARN] IP:2120 - FIFOMode not found: check if there is a RefParameter without a condition.
2024-06-06 11:50:55,968 [WARN] IP:2120 - TXFIFOThreshold not found: check if there is a RefParameter without a condition.
2024-06-06 11:50:55,968 [WARN] IP:2120 - RXFIFOThreshold not found: check if there is a RefParameter without a condition.
2024-06-06 11:50:55,968 [WARN] IP:2120 - AutoBaudRateEnableParam not found: check if there is a RefParameter without a condition.
2024-06-06 11:50:55,973 [WARN] IP:2120 - FIFOMode not found: check if there is a RefParameter without a condition.
2024-06-06 11:50:55,973 [WARN] IP:2120 - TXFIFOThreshold not found: check if there is a RefParameter without a condition.
2024-06-06 11:50:55,973 [WARN] IP:2120 - RXFIFOThreshold not found: check if there is a RefParameter without a condition.
2024-06-06 11:50:55,973 [WARN] IP:2120 - AutoBaudRateEnableParam not found: check if there is a RefParameter without a condition.
2024-06-06 11:51:00,869 [INFO] UtilMem:75 - End SaveConfig() Used Memory: 770935120 Bytes (1073741824)
2024-06-06 11:51:05,900 [INFO] UtilMem:75 - End SaveConfig() Used Memory: 749649920 Bytes (1073741824)
2024-06-06 11:51:07,694 [INFO] BlockDiagram:2759 - set Specific Code input for plugin: NVIC
2024-06-06 11:51:07,694 [INFO] BlockDiagram:2759 - set Specific Code input for plugin: USART
2024-06-06 11:51:07,694 [INFO] BlockDiagram:2759 - set Specific Code input for plugin: USART
2024-06-06 11:51:07,695 [INFO] BlockDiagram:2759 - set Specific Code input for plugin: SYS
2024-06-06 11:51:07,695 [INFO] BlockDiagram:2759 - set Specific Code input for plugin: DEBUG
2024-06-06 11:51:07,695 [INFO] BlockDiagram:2759 - set Specific Code input for plugin: GPIO
2024-06-06 11:51:07,695 [INFO] BlockDiagram:2759 - set Specific Code input for plugin: RCC
2024-06-06 11:51:07,698 [INFO] CodeGenerator:807 - code generatio: config db path: C:\ST\STM32CubeIDE_1.15.1\STM32CubeIDE\plugins\com.st.stm32cube.common.mx_6.11.1.202404110753\\db\
2024-06-06 11:51:07,739 [WARN] IP:2120 - FIFOMode not found: check if there is a RefParameter without a condition.
2024-06-06 11:51:07,739 [WARN] IP:2120 - TXFIFOThreshold not found: check if there is a RefParameter without a condition.
2024-06-06 11:51:07,739 [WARN] IP:2120 - RXFIFOThreshold not found: check if there is a RefParameter without a condition.
2024-06-06 11:51:07,739 [WARN] IP:2120 - AutoBaudRateEnableParam not found: check if there is a RefParameter without a condition.
2024-06-06 11:51:08,485 [INFO] CodeEngine:255 - oldGeneratedFile, C:\Users\User\STM32CubeIDE\workspace_1.15.1\ProjetosFranzininho\gps_test\MXTmpFiles\license.tmp_save
2024-06-06 11:51:09,677 [INFO] CodeEngine:279 - Generated code: C:\Users\User\STM32CubeIDE\workspace_1.15.1\ProjetosFranzininho\gps_test\MXTmpFiles\license.tmp
2024-06-06 11:51:10,381 [INFO] CodeEngine:255 - oldGeneratedFile, C:\Users\User\STM32CubeIDE\workspace_1.15.1\ProjetosFranzininho\gps_test\MXTmpFiles\gpio.tmp_save
2024-06-06 11:51:10,980 [INFO] CodeEngine:279 - Generated code: C:\Users\User\STM32CubeIDE\workspace_1.15.1\ProjetosFranzininho\gps_test\MXTmpFiles\gpio.tmp
2024-06-06 11:51:11,555 [WARN] IPConfigManager:98 - WARNING: Missing Config File for DEBUG ip!!
2024-06-06 11:51:17,959 [INFO] CodeEngine:255 - oldGeneratedFile, C:\Users\User\STM32CubeIDE\workspace_1.15.1\ProjetosFranzininho\gps_test\MXTmpFiles\cortex.tmp_save
2024-06-06 11:51:18,538 [INFO] CodeEngine:279 - Generated code: C:\Users\User\STM32CubeIDE\workspace_1.15.1\ProjetosFranzininho\gps_test\MXTmpFiles\cortex.tmp
2024-06-06 11:51:18,826 [INFO] CodeEngine:255 - oldGeneratedFile, C:\Users\User\STM32CubeIDE\workspace_1.15.1\ProjetosFranzininho\gps_test\Core\Src\stm32c0xx_it.c_save
2024-06-06 11:51:19,617 [INFO] CodeEngine:279 - Generated code: C:\Users\User\STM32CubeIDE\workspace_1.15.1\ProjetosFranzininho\gps_test\Core\Src\stm32c0xx_it.c
2024-06-06 11:51:19,695 [INFO] CodeEngine:255 - oldGeneratedFile, C:\Users\User\STM32CubeIDE\workspace_1.15.1\ProjetosFranzininho\gps_test\Core\Inc\stm32c0xx_it.h_save
2024-06-06 11:51:20,140 [INFO] CodeEngine:279 - Generated code: C:\Users\User\STM32CubeIDE\workspace_1.15.1\ProjetosFranzininho\gps_test\Core\Inc\stm32c0xx_it.h
2024-06-06 11:51:20,759 [INFO] CodeEngine:255 - oldGeneratedFile, C:\Users\User\STM32CubeIDE\workspace_1.15.1\ProjetosFranzininho\gps_test\Core\Src\stm32c0xx_hal_msp.c_save
2024-06-06 11:51:22,289 [INFO] CodeEngine:279 - Generated code: C:\Users\User\STM32CubeIDE\workspace_1.15.1\ProjetosFranzininho\gps_test\Core\Src\stm32c0xx_hal_msp.c
2024-06-06 11:51:22,390 [INFO] CodeEngine:255 - oldGeneratedFile, C:\Users\User\STM32CubeIDE\workspace_1.15.1\ProjetosFranzininho\gps_test\MXTmpFiles\system.tmp_save
2024-06-06 11:51:22,660 [INFO] CodeEngine:279 - Generated code: C:\Users\User\STM32CubeIDE\workspace_1.15.1\ProjetosFranzininho\gps_test\MXTmpFiles\system.tmp
2024-06-06 11:51:22,909 [INFO] CodeEngine:311 - oldGeneratedFile, C:\Users\User\STM32CubeIDE\workspace_1.15.1\ProjetosFranzininho\gps_test\Core\Inc\stm32c0xx_hal_conf.h_save
2024-06-06 11:51:23,378 [INFO] CodeEngine:335 - Generated code: C:\Users\User\STM32CubeIDE\workspace_1.15.1\ProjetosFranzininho\gps_test\Core\Inc\stm32c0xx_hal_conf.h
2024-06-06 11:51:23,501 [WARN] IPConfigManager:2982 - Warning: the RefConfig RCC_ConfigVoltageScaling is not available in your config.xml file
2024-06-06 11:51:23,507 [WARN] IPConfigManager:2982 - Warning: the RefConfig RCC_PClockConfig is not available in your config.xml file
2024-06-06 11:51:23,509 [WARN] IPConfigManager:2982 - Warning: the RefConfig RCC_interrupt_Time_SYSTICK_Config is not available in your config.xml file
2024-06-06 11:51:23,622 [INFO] CodeEngine:255 - oldGeneratedFile, C:\Users\User\STM32CubeIDE\workspace_1.15.1\ProjetosFranzininho\gps_test\Core\Inc\main.h_save
2024-06-06 11:51:23,972 [INFO] CodeEngine:279 - Generated code: C:\Users\User\STM32CubeIDE\workspace_1.15.1\ProjetosFranzininho\gps_test\Core\Inc\main.h
2024-06-06 11:51:24,019 [INFO] CodeEngine:255 - oldGeneratedFile, C:\Users\User\STM32CubeIDE\workspace_1.15.1\ProjetosFranzininho\gps_test\Core\Src\main.c_save
2024-06-06 11:51:24,535 [INFO] CodeEngine:279 - Generated code: C:\Users\User\STM32CubeIDE\workspace_1.15.1\ProjetosFranzininho\gps_test\Core\Src\main.c
2024-06-06 11:51:25,829 [INFO] ProjectBuilder:3163 - Time for Copy HAL[1] : 599mS.
2024-06-06 11:51:25,845 [INFO] ProjectBuilder:4736 - Project Generator version: 4.3.0-B58
2024-06-06 11:51:26,192 [INFO] ConfigFileManager:1503 - The Die is : DIE443
2024-06-06 11:51:26,315 [INFO] ApiDbMcu:508 - Load IP Config File for FileX
2024-06-06 11:51:26,466 [INFO] ApiDbMcu:508 - Load IP Config File for ThreadX
2024-06-06 11:51:31,346 [INFO] LogOutputStream:77 - [STDOUT_REDIRECT] 
2024-06-06 11:51:36,690 [INFO] ProjectBuilder:5002 - Time for Generating toolchain IDE Files: 10844mS.
2024-06-06 11:51:36,694 [INFO] ProjectBuilder:3034 - Time for Copy CMSIS : 4mS.
2024-06-06 11:51:36,700 [INFO] ProjectBuilder:3034 - Time for Copy CMSIS : 1mS.
2024-06-06 11:52:27,888 [WARN] IP:2120 - FIFOMode not found: check if there is a RefParameter without a condition.
2024-06-06 11:52:27,889 [WARN] IP:2120 - TXFIFOThreshold not found: check if there is a RefParameter without a condition.
2024-06-06 11:52:27,889 [WARN] IP:2120 - RXFIFOThreshold not found: check if there is a RefParameter without a condition.
2024-06-06 11:52:27,889 [WARN] IP:2120 - AutoBaudRateEnableParam not found: check if there is a RefParameter without a condition.
2024-06-06 11:52:27,893 [WARN] IP:2120 - FIFOMode not found: check if there is a RefParameter without a condition.
2024-06-06 11:52:27,894 [WARN] IP:2120 - TXFIFOThreshold not found: check if there is a RefParameter without a condition.
2024-06-06 11:52:27,894 [WARN] IP:2120 - RXFIFOThreshold not found: check if there is a RefParameter without a condition.
2024-06-06 11:52:27,894 [WARN] IP:2120 - AutoBaudRateEnableParam not found: check if there is a RefParameter without a condition.
2024-06-06 11:52:28,030 [WARN] IP:2120 - FIFOMode not found: check if there is a RefParameter without a condition.
2024-06-06 11:52:28,030 [WARN] IP:2120 - TXFIFOThreshold not found: check if there is a RefParameter without a condition.
2024-06-06 11:52:28,031 [WARN] IP:2120 - RXFIFOThreshold not found: check if there is a RefParameter without a condition.
2024-06-06 11:52:28,031 [WARN] IP:2120 - AutoBaudRateEnableParam not found: check if there is a RefParameter without a condition.
2024-06-06 11:52:28,035 [WARN] IP:2120 - FIFOMode not found: check if there is a RefParameter without a condition.
2024-06-06 11:52:28,035 [WARN] IP:2120 - TXFIFOThreshold not found: check if there is a RefParameter without a condition.
2024-06-06 11:52:28,035 [WARN] IP:2120 - RXFIFOThreshold not found: check if there is a RefParameter without a condition.
2024-06-06 11:52:28,035 [WARN] IP:2120 - AutoBaudRateEnableParam not found: check if there is a RefParameter without a condition.
2024-06-06 11:52:36,746 [INFO] NvicIntPanel:101 - NVIC parent = com.st.microxplorer.plugins.ip.nvic.MultiNvicIntPanel[,0,0,0x0,invalid,layout=javax.swing.BoxLayout,alignmentX=0.0,alignmentY=0.0,border=,flags=9,maximumSize=,minimumSize=,preferredSize=]
2024-06-06 11:52:39,933 [WARN] IP:2120 - FIFOMode not found: check if there is a RefParameter without a condition.
2024-06-06 11:52:39,933 [WARN] IP:2120 - TXFIFOThreshold not found: check if there is a RefParameter without a condition.
2024-06-06 11:52:39,933 [WARN] IP:2120 - RXFIFOThreshold not found: check if there is a RefParameter without a condition.
2024-06-06 11:52:39,933 [WARN] IP:2120 - AutoBaudRateEnableParam not found: check if there is a RefParameter without a condition.
2024-06-06 11:52:39,964 [INFO] NvicIntPanel:101 - NVIC parent = com.st.microxplorer.plugins.ip.nvic.MultiNvicIntPanel[,0,0,0x0,invalid,layout=javax.swing.BoxLayout,alignmentX=0.0,alignmentY=0.0,border=,flags=9,maximumSize=,minimumSize=,preferredSize=]
2024-06-06 11:52:42,348 [WARN] IP:2120 - FIFOMode not found: check if there is a RefParameter without a condition.
2024-06-06 11:52:42,348 [WARN] IP:2120 - TXFIFOThreshold not found: check if there is a RefParameter without a condition.
2024-06-06 11:52:42,348 [WARN] IP:2120 - RXFIFOThreshold not found: check if there is a RefParameter without a condition.
2024-06-06 11:52:42,349 [WARN] IP:2120 - AutoBaudRateEnableParam not found: check if there is a RefParameter without a condition.
2024-06-06 13:45:59,329 [ERROR] LogOutputStream:75 - [STDERR_REDIRECT] 
