2024-06-03 09:55:21,399 [INFO] Activator:176 - 


2024-06-03 09:55:21,415 [INFO] Activator:177 - !SESSION log4j initialized
2024-06-03 09:55:42,982 [INFO] LogOutputStream:77 - [STDOUT_REDIRECT] 
2024-06-03 09:55:50,621 [INFO] ApplicationProperties:184 - Using Application install path: C:\ST\STM32CubeIDE_1.15.1\STM32CubeIDE\plugins\com.st.stm32cube.common.mx_6.11.1.202404110753
2024-06-03 09:55:50,650 [INFO] DbMcusXml:78 - Set database path to: C:\ST\STM32CubeIDE_1.15.1\STM32CubeIDE\plugins\com.st.stm32cube.common.mx_6.11.1.202404110753\\db\/mcu/
2024-06-03 09:55:50,651 [INFO] ApiDb:274 - Set plugin database path to: C:\ST\STM32CubeIDE_1.15.1\STM32CubeIDE\plugins\com.st.stm32cube.common.mx_6.11.1.202404110753\\db\/plugins/boardmanager/
2024-06-03 09:55:50,652 [WARN] ApiDb:259 - Overriding images path with different value:  => C:\ST\STM32CubeIDE_1.15.1\STM32CubeIDE\plugins\com.st.stm32cube.common.mx_6.11.1.202404110753\\db\/plugins/mcufinder/images/
2024-06-03 09:55:50,699 [INFO] ApiDb:250 - Set database path to: C:\Users\User\.stmcufinder\plugins\mcufinder//mcu/
2024-06-03 09:55:50,700 [INFO] DbMcusAds:125 - Set database path to: C:\Users\User\.stmcufinder\plugins\mcufinder//mcu/
2024-06-03 09:55:50,704 [INFO] CrossReferenceDbSqlite:203 - Set database path to: C:\Users\User\.stmcufinder\plugins\mcufinder//mcu/cs/
2024-06-03 09:55:50,928 [INFO] RulesReader:64 - Compatibility file has been processed (297 Rules)
2024-06-03 09:55:51,955 [INFO] DbMcusXml:78 - Set database path to: C:\ST\STM32CubeIDE_1.15.1\STM32CubeIDE\plugins\com.st.stm32cube.common.mx_6.11.1.202404110753\\db\/mcu/
2024-06-03 09:55:51,956 [INFO] ApiDb:274 - Set plugin database path to: C:\ST\STM32CubeIDE_1.15.1\STM32CubeIDE\plugins\com.st.stm32cube.common.mx_6.11.1.202404110753\\db\/plugins/boardmanager/
2024-06-03 09:55:51,957 [INFO] ApiDb:261 - Set plugin images path to: C:\ST\STM32CubeIDE_1.15.1\STM32CubeIDE\plugins\com.st.stm32cube.common.mx_6.11.1.202404110753\\db\/plugins/mcufinder/images/
2024-06-03 09:55:51,958 [WARN] DbFile:41 - Overriding database path with different value: C:\Users\User\.stmcufinder\plugins\mcufinder/ => C:\Users\User\.stmcufinder\plugins\mcufinder
2024-06-03 09:55:51,959 [INFO] ApiDb:250 - Set database path to: C:\Users\User\.stmcufinder\plugins\mcufinder//mcu/
2024-06-03 09:55:51,959 [WARN] DbFile:41 - Overriding database path with different value: C:\Users\User\.stmcufinder\plugins\mcufinder/ => C:\Users\User\.stmcufinder\plugins\mcufinder
2024-06-03 09:55:51,960 [INFO] DbMcusAds:125 - Set database path to: C:\Users\User\.stmcufinder\plugins\mcufinder//mcu/
2024-06-03 09:55:51,960 [WARN] DbFile:41 - Overriding database path with different value: C:\Users\User\.stmcufinder\plugins\mcufinder/ => C:\Users\User\.stmcufinder\plugins\mcufinder
2024-06-03 09:55:51,960 [WARN] DbFile:41 - Overriding database path with different value: C:\Users\User\.stmcufinder\plugins\mcufinder/ => C:\Users\User\.stmcufinder\plugins\mcufinder
2024-06-03 09:55:51,961 [INFO] CrossReferenceDbSqlite:203 - Set database path to: C:\Users\User\.stmcufinder\plugins\mcufinder//mcu/cs/
2024-06-03 09:55:52,404 [INFO] MainPanel:264 - HeapMemory: 268435456
2024-06-03 09:55:52,634 [INFO] DbMcusXml:78 - Set database path to: C:\ST\STM32CubeIDE_1.15.1\STM32CubeIDE\plugins\com.st.stm32cube.common.mx_6.11.1.202404110753\\db\/mcu/
2024-06-03 09:55:52,634 [INFO] ApiDb:274 - Set plugin database path to: C:\ST\STM32CubeIDE_1.15.1\STM32CubeIDE\plugins\com.st.stm32cube.common.mx_6.11.1.202404110753\\db\/plugins/boardmanager/
2024-06-03 09:55:52,634 [INFO] ApiDb:261 - Set plugin images path to: C:\ST\STM32CubeIDE_1.15.1\STM32CubeIDE\plugins\com.st.stm32cube.common.mx_6.11.1.202404110753\\db\/plugins/mcufinder/images/
2024-06-03 09:55:52,635 [WARN] DbFile:41 - Overriding database path with different value: C:\Users\User\.stmcufinder\plugins\mcufinder/ => C:\Users\User\.stmcufinder\plugins\mcufinder
2024-06-03 09:55:52,635 [INFO] ApiDb:250 - Set database path to: C:\Users\User\.stmcufinder\plugins\mcufinder//mcu/
2024-06-03 09:55:52,635 [WARN] DbFile:41 - Overriding database path with different value: C:\Users\User\.stmcufinder\plugins\mcufinder/ => C:\Users\User\.stmcufinder\plugins\mcufinder
2024-06-03 09:55:52,635 [INFO] DbMcusAds:125 - Set database path to: C:\Users\User\.stmcufinder\plugins\mcufinder//mcu/
2024-06-03 09:55:52,636 [WARN] DbFile:41 - Overriding database path with different value: C:\Users\User\.stmcufinder\plugins\mcufinder/ => C:\Users\User\.stmcufinder\plugins\mcufinder
2024-06-03 09:55:52,636 [WARN] DbFile:41 - Overriding database path with different value: C:\Users\User\.stmcufinder\plugins\mcufinder/ => C:\Users\User\.stmcufinder\plugins\mcufinder
2024-06-03 09:55:52,636 [INFO] CrossReferenceDbSqlite:203 - Set database path to: C:\Users\User\.stmcufinder\plugins\mcufinder//mcu/cs/
2024-06-03 09:55:52,898 [INFO] ApplicationProperties:184 - Using Application install path: C:\ST\STM32CubeIDE_1.15.1\STM32CubeIDE\plugins\com.st.stm32cube.common.mx_6.11.1.202404110753
2024-06-03 09:55:52,947 [INFO] PluginManage:196 - Search for loadable plugins [exclusion list=, ]
2024-06-03 09:55:52,983 [INFO] PluginManage:310 - Check plugin analytics
2024-06-03 09:55:53,471 [INFO] AnalyticsPlugin:253 - Accepted Software Licenses: 
2024-06-03 09:55:53,471 [INFO] AnalyticsPlugin:255 - Accepted CMSIS Pack Licenses: 
2024-06-03 09:55:53,472 [INFO] AnalyticsPlugin:257 - Accepted Firmware Licenses: FW.C0.1.0.0,FW.C0.1.1.0,FW.WL.1.3.0
2024-06-03 09:55:53,477 [INFO] PluginManage:359 - Loaded plugin analytics (category:tool,tabindex:-1)
2024-06-03 09:55:53,477 [INFO] PluginManage:310 - Check plugin cadmodel
2024-06-03 09:55:53,510 [INFO] CADModel:105 - Init CAD model plugin
2024-06-03 09:55:53,511 [INFO] PluginManage:359 - Loaded plugin cadmodel (category:power,tabindex:5)
2024-06-03 09:55:53,511 [INFO] PluginManage:310 - Check plugin clock
2024-06-03 09:55:53,560 [INFO] PluginManage:359 - Loaded plugin clock (category:base,tabindex:2)
2024-06-03 09:55:53,561 [INFO] PluginManage:310 - Check plugin ddr
2024-06-03 09:55:53,566 [INFO] PluginManage:359 - Loaded plugin ddr (category:tool,tabindex:6)
2024-06-03 09:55:53,567 [INFO] PluginManage:310 - Check plugin filemanager
2024-06-03 09:55:53,851 [INFO] PluginManage:359 - Loaded plugin filemanager (category:base,tabindex:10)
2024-06-03 09:55:53,852 [INFO] PluginManage:310 - Check plugin ipmanager
2024-06-03 09:55:53,896 [INFO] PluginManage:359 - Loaded plugin ipmanager (category:base,tabindex:5)
2024-06-03 09:55:53,896 [INFO] PluginManage:310 - Check plugin lpbam
2024-06-03 09:55:54,045 [INFO] PluginManage:359 - Loaded plugin lpbam (category:base,tabindex:0)
2024-06-03 09:55:54,046 [INFO] PluginManage:310 - Check plugin memorymap
2024-06-03 09:55:54,149 [INFO] PluginManage:359 - Loaded plugin memorymap (category:base,tabindex:4)
2024-06-03 09:55:54,150 [INFO] PluginManage:310 - Check plugin pinoutandconfiguration
2024-06-03 09:55:54,179 [INFO] PluginManage:359 - Loaded plugin pinoutandconfiguration (category:base,tabindex:1)
2024-06-03 09:55:54,179 [INFO] PluginManage:310 - Check plugin pinoutconfig
2024-06-03 09:55:54,381 [WARN] SupportedApi:132 - Cannot load RTOS API schema: s4s-elt-must-match.1: The content of 'definitions' must match (annotation?, (simpleType | complexType)?, (unique | key | keyref)*)). A problem was found starting at: attribute.
2024-06-03 09:55:55,013 [INFO] PluginManage:359 - Loaded plugin pinoutconfig (category:base,tabindex:0)
2024-06-03 09:55:55,014 [INFO] PluginManage:310 - Check plugin power
2024-06-03 09:55:55,073 [INFO] PluginManage:359 - Loaded plugin power (category:power,tabindex:4)
2024-06-03 09:55:55,073 [INFO] PluginManage:310 - Check plugin projectmanager
2024-06-03 09:55:55,157 [INFO] PluginManage:359 - Loaded plugin projectmanager (category:projectmanager,tabindex:3)
2024-06-03 09:55:55,157 [INFO] PluginManage:310 - Check plugin thirdparty
2024-06-03 09:55:55,996 [INFO] PluginManage:359 - Loaded plugin thirdparty (category:base,tabindex:-1)
2024-06-03 09:55:55,996 [WARN] IntegrityCheckThread:84 - waiting for thirdparty lock release [integrity check]
2024-06-03 09:55:55,997 [INFO] PluginManage:310 - Check plugin tools
2024-06-03 09:55:55,997 [INFO] IntegrityCheckThread:86 - entering critical section [integrity check]
2024-06-03 09:55:55,998 [INFO] ThirdPartyUpdaterWithRetryManager:70 - Updater plugin not ready yet. [1/15]
2024-06-03 09:55:56,065 [INFO] PluginManage:359 - Loaded plugin tools (category:base,tabindex:7)
2024-06-03 09:55:56,065 [INFO] PluginManage:310 - Check plugin tutovideos
2024-06-03 09:55:56,442 [INFO] PluginManage:359 - Loaded plugin tutovideos (category:base,tabindex:-1)
2024-06-03 09:55:56,443 [INFO] PluginManage:310 - Check plugin updater
2024-06-03 09:55:56,462 [INFO] PluginManage:359 - Loaded plugin updater (category:base,tabindex:12)
2024-06-03 09:55:56,462 [INFO] PluginManage:310 - Check plugin userauth
2024-06-03 09:55:56,473 [INFO] UserAuth:114 - Init User Auth plugin
2024-06-03 09:55:56,473 [INFO] PluginManage:359 - Loaded plugin userauth (category:base,tabindex:14)
2024-06-03 09:55:56,474 [INFO] PluginManage:283 - PluginManage : Loaded plugins [17]
2024-06-03 09:55:57,688 [INFO] PinOutPanel:1561 - setPackage(No Configuration,No Configuration)
2024-06-03 09:55:58,157 [INFO] CADModel:165 - CPN selected for project level
2024-06-03 09:55:58,157 [INFO] CADModel:114 - Register for checkConnection events
2024-06-03 09:55:58,239 [INFO] IPUIPlugin:80 - create IPUIPlugin
2024-06-03 09:55:58,239 [INFO] PluginManager:220 - loadIPPluginJar : add adc
2024-06-03 09:55:58,297 [INFO] IPUIPlugin:80 - create IPUIPlugin
2024-06-03 09:55:58,297 [INFO] PluginManager:220 - loadIPPluginJar : add aes
2024-06-03 09:55:58,361 [INFO] IPUIPlugin:80 - create IPUIPlugin
2024-06-03 09:55:58,361 [INFO] PluginManager:220 - loadIPPluginJar : add can
2024-06-03 09:55:58,397 [INFO] IPUIPlugin:80 - create IPUIPlugin
2024-06-03 09:55:58,398 [INFO] PluginManager:220 - loadIPPluginJar : add comp
2024-06-03 09:55:58,452 [INFO] IPUIPlugin:80 - create IPUIPlugin
2024-06-03 09:55:58,452 [INFO] PluginManager:220 - loadIPPluginJar : add cryp
2024-06-03 09:55:58,505 [INFO] IPUIPlugin:80 - create IPUIPlugin
2024-06-03 09:55:58,505 [INFO] PluginManager:220 - loadIPPluginJar : add dfsdm
2024-06-03 09:55:58,528 [INFO] IPUIPlugin:80 - create IPUIPlugin
2024-06-03 09:55:58,529 [INFO] PluginManager:220 - loadIPPluginJar : add dma
2024-06-03 09:55:58,604 [INFO] IPUIPlugin:80 - create IPUIPlugin
2024-06-03 09:55:58,604 [INFO] PluginManager:220 - loadIPPluginJar : add dma3
2024-06-03 09:55:58,675 [INFO] IPUIPlugin:80 - create IPUIPlugin
2024-06-03 09:55:58,675 [INFO] PluginManager:220 - loadIPPluginJar : add extmemmanager
2024-06-03 09:55:58,708 [INFO] IPUIPlugin:80 - create IPUIPlugin
2024-06-03 09:55:58,709 [INFO] PluginManager:220 - loadIPPluginJar : add fatfs
2024-06-03 09:55:58,784 [INFO] IPUIPlugin:80 - create IPUIPlugin
2024-06-03 09:55:58,785 [INFO] PluginManager:220 - loadIPPluginJar : add fmc
2024-06-03 09:55:58,807 [INFO] IPUIPlugin:80 - create IPUIPlugin
2024-06-03 09:55:58,807 [INFO] PluginManager:220 - loadIPPluginJar : add freertos
2024-06-03 09:55:58,838 [INFO] IPUIPlugin:80 - create IPUIPlugin
2024-06-03 09:55:58,839 [INFO] PluginManager:220 - loadIPPluginJar : add genericplugin
2024-06-03 09:55:58,993 [INFO] IPUIPlugin:80 - create IPUIPlugin
2024-06-03 09:55:58,993 [INFO] PluginManager:220 - loadIPPluginJar : add gfxmmu
2024-06-03 09:55:58,999 [INFO] ThirdPartyUpdaterWithRetryManager:70 - Updater plugin not ready yet. [2/15]
2024-06-03 09:55:59,209 [INFO] IPUIPlugin:80 - create IPUIPlugin
2024-06-03 09:55:59,209 [INFO] PluginManager:220 - loadIPPluginJar : add gic
2024-06-03 09:55:59,234 [INFO] IPUIPlugin:80 - create IPUIPlugin
2024-06-03 09:55:59,235 [INFO] PluginManager:220 - loadIPPluginJar : add gpio
2024-06-03 09:55:59,381 [INFO] IPUIPlugin:80 - create IPUIPlugin
2024-06-03 09:55:59,381 [INFO] PluginManager:220 - loadIPPluginJar : add gtzc
2024-06-03 09:55:59,551 [INFO] IPUIPlugin:80 - create IPUIPlugin
2024-06-03 09:55:59,551 [INFO] PluginManager:220 - loadIPPluginJar : add hash
2024-06-03 09:55:59,660 [INFO] IPUIPlugin:80 - create IPUIPlugin
2024-06-03 09:55:59,660 [INFO] PluginManager:220 - loadIPPluginJar : add i2c
2024-06-03 09:55:59,721 [INFO] IPUIPlugin:80 - create IPUIPlugin
2024-06-03 09:55:59,721 [INFO] PluginManager:220 - loadIPPluginJar : add i2s
2024-06-03 09:55:59,786 [INFO] IPUIPlugin:80 - create IPUIPlugin
2024-06-03 09:55:59,787 [INFO] PluginManager:220 - loadIPPluginJar : add i3c
2024-06-03 09:55:59,950 [INFO] IPUIPlugin:80 - create IPUIPlugin
2024-06-03 09:55:59,950 [INFO] PluginManager:220 - loadIPPluginJar : add ipddr
2024-06-03 09:56:00,115 [INFO] IPUIPlugin:80 - create IPUIPlugin
2024-06-03 09:56:00,115 [INFO] PluginManager:220 - loadIPPluginJar : add linkedlist
2024-06-03 09:56:00,170 [INFO] IPUIPlugin:80 - create IPUIPlugin
2024-06-03 09:56:00,171 [INFO] PluginManager:220 - loadIPPluginJar : add lorawan
2024-06-03 09:56:00,229 [INFO] IPUIPlugin:80 - create IPUIPlugin
2024-06-03 09:56:00,230 [INFO] PluginManager:220 - loadIPPluginJar : add ltdc
2024-06-03 09:56:00,253 [INFO] IPUIPlugin:80 - create IPUIPlugin
2024-06-03 09:56:00,254 [INFO] PluginManager:220 - loadIPPluginJar : add mdma
2024-06-03 09:56:00,273 [INFO] IPUIPlugin:80 - create IPUIPlugin
2024-06-03 09:56:00,274 [INFO] PluginManager:220 - loadIPPluginJar : add nvic
2024-06-03 09:56:00,335 [INFO] IPUIPlugin:80 - create IPUIPlugin
2024-06-03 09:56:00,336 [INFO] PluginManager:220 - loadIPPluginJar : add opamp
2024-06-03 09:56:00,434 [INFO] IPUIPlugin:80 - create IPUIPlugin
2024-06-03 09:56:00,435 [INFO] PluginManager:220 - loadIPPluginJar : add openamp
2024-06-03 09:56:00,517 [INFO] IPUIPlugin:80 - create IPUIPlugin
2024-06-03 09:56:00,517 [INFO] PluginManager:220 - loadIPPluginJar : add pdm2pcm
2024-06-03 09:56:00,546 [INFO] IPUIPlugin:80 - create IPUIPlugin
2024-06-03 09:56:00,552 [INFO] PluginManager:220 - loadIPPluginJar : add plateformsettings
2024-06-03 09:56:00,598 [INFO] IPUIPlugin:80 - create IPUIPlugin
2024-06-03 09:56:00,598 [INFO] PluginManager:220 - loadIPPluginJar : add quadspi
2024-06-03 09:56:00,622 [INFO] IPUIPlugin:80 - create IPUIPlugin
2024-06-03 09:56:00,623 [INFO] PluginManager:220 - loadIPPluginJar : add resmgrutility
2024-06-03 09:56:00,714 [INFO] IPUIPlugin:80 - create IPUIPlugin
2024-06-03 09:56:00,715 [INFO] PluginManager:220 - loadIPPluginJar : add sai
2024-06-03 09:56:00,777 [INFO] IPUIPlugin:80 - create IPUIPlugin
2024-06-03 09:56:00,777 [INFO] PluginManager:220 - loadIPPluginJar : add spi
2024-06-03 09:56:00,948 [INFO] IPUIPlugin:80 - create IPUIPlugin
2024-06-03 09:56:00,948 [INFO] PluginManager:220 - loadIPPluginJar : add stm32_wpan
2024-06-03 09:56:00,984 [INFO] IPUIPlugin:80 - create IPUIPlugin
2024-06-03 09:56:00,984 [INFO] PluginManager:220 - loadIPPluginJar : add tim
2024-06-03 09:56:01,100 [INFO] IPUIPlugin:80 - create IPUIPlugin
2024-06-03 09:56:01,100 [INFO] PluginManager:220 - loadIPPluginJar : add touchsensing
2024-06-03 09:56:01,151 [INFO] IPUIPlugin:80 - create IPUIPlugin
2024-06-03 09:56:01,151 [INFO] PluginManager:220 - loadIPPluginJar : add tracer_emb
2024-06-03 09:56:01,204 [INFO] IPUIPlugin:80 - create IPUIPlugin
2024-06-03 09:56:01,204 [INFO] PluginManager:220 - loadIPPluginJar : add ts
2024-06-03 09:56:01,238 [INFO] IPUIPlugin:80 - create IPUIPlugin
2024-06-03 09:56:01,239 [INFO] PluginManager:220 - loadIPPluginJar : add tsc
2024-06-03 09:56:01,275 [INFO] IPUIPlugin:80 - create IPUIPlugin
2024-06-03 09:56:01,275 [INFO] PluginManager:220 - loadIPPluginJar : add ucpd
2024-06-03 09:56:01,356 [INFO] IPUIPlugin:80 - create IPUIPlugin
2024-06-03 09:56:01,356 [INFO] PluginManager:220 - loadIPPluginJar : add usart
2024-06-03 09:56:01,458 [INFO] IPUIPlugin:80 - create IPUIPlugin
2024-06-03 09:56:01,458 [INFO] PluginManager:220 - loadIPPluginJar : add usbx
2024-06-03 09:56:01,816 [INFO] CADModel:165 - CPN selected for project level
2024-06-03 09:56:01,816 [INFO] CADModel:114 - Register for checkConnection events
2024-06-03 09:56:01,817 [FATAL] Updater:308 - Updater called before beeing initialized
2024-06-03 09:56:01,817 [ERROR] CADModel:125 - Updater not yet initialized, retry later 
2024-06-03 09:56:02,002 [INFO] ThirdPartyUpdaterWithRetryManager:70 - Updater plugin not ready yet. [3/15]
2024-06-03 09:56:02,157 [INFO] CADModel:165 - CPN selected for project level
2024-06-03 09:56:02,157 [INFO] CADModel:114 - Register for checkConnection events
2024-06-03 09:56:02,157 [FATAL] Updater:308 - Updater called before beeing initialized
2024-06-03 09:56:02,157 [ERROR] CADModel:125 - Updater not yet initialized, retry later 
2024-06-03 09:56:02,163 [FATAL] Updater:308 - Updater called before beeing initialized
2024-06-03 09:56:02,667 [FATAL] Updater:308 - Updater called before beeing initialized
2024-06-03 09:56:02,683 [INFO] DbMcusAds:53 - JSON generation date=Thu May 16 06:22:01 BRT 2024 (1715851321109)
2024-06-03 09:56:02,683 [FATAL] Updater:308 - Updater called before beeing initialized
2024-06-03 09:56:02,890 [WARN] DetailPanel:346 - Failed to get advertising image, set to default
2024-06-03 09:56:03,371 [FATAL] Updater:308 - Updater called before beeing initialized
2024-06-03 09:56:03,375 [FATAL] Updater:308 - Updater called before beeing initialized
2024-06-03 09:56:03,375 [FATAL] Updater:308 - Updater called before beeing initialized
2024-06-03 09:56:03,375 [WARN] DetailPanel:346 - Failed to get advertising image, set to default
2024-06-03 09:56:03,377 [FATAL] Updater:308 - Updater called before beeing initialized
2024-06-03 09:56:03,742 [ERROR] Updater:1120 - MainUpdater not yet initialized. External WinMGr cannot be set.
2024-06-03 09:56:03,792 [INFO] Updater:1056 - Updater Version found : 6.11.1
2024-06-03 09:56:04,037 [INFO] ApplicationProperties:184 - Using Application install path: C:\ST\STM32CubeIDE_1.15.1\STM32CubeIDE\plugins\com.st.stm32cube.common.mx_6.11.1.202404110753
2024-06-03 09:56:05,004 [FATAL] Updater:308 - Updater called before beeing initialized
2024-06-03 09:56:05,004 [ERROR] IntegrityCheckThread:130 - Cannot retrieve database content from updater: error 21
2024-06-03 09:56:05,005 [INFO] ThirdParty:978 - Integrity check success = false
2024-06-03 09:56:05,005 [INFO] IntegrityCheckThread:100 - exiting critical section [integrity check]
2024-06-03 09:56:05,005 [INFO] IntegrityCheckThread:103 - End integrity checks thread
2024-06-03 09:56:05,648 [ERROR] LogOutputStream:75 - [STDERR_REDIRECT] Jun 03, 2024 9:56:05 AM java.util.prefs.WindowsPreferences <init>
2024-06-03 09:56:05,653 [ERROR] LogOutputStream:75 - [STDERR_REDIRECT] WARNING: Could not open/create prefs root node Software\JavaSoft\Prefs at root 0xffffffff80000002. Windows RegCreateKeyEx(...) returned error code 5.
2024-06-03 09:56:05,653 [ERROR] LogOutputStream:75 - [STDERR_REDIRECT] 
2024-06-03 09:56:06,388 [INFO] MainUpdater:2873 - connection check result : 10
2024-06-03 09:56:06,389 [INFO] MainUpdater:3567 - Updater definition file requires update
2024-06-03 09:56:06,391 [INFO] MainUpdater:290 - Updater Check For Update Now.
2024-06-03 09:56:06,392 [INFO] MicroXplorer:498 - Change Database Version : DB.6.0.111
2024-06-03 09:56:06,427 [INFO] McuFinderGlobals:63 - Set McuFinder mode to 2 (CubeIDE integrated)
2024-06-03 09:56:06,447 [INFO] UserAuth:415 - Internet connection configuration mode: 1
2024-06-03 09:56:06,495 [INFO] JxBrowserEngine:152 - Initiate JxBrowser Engine with user profile folder
2024-06-03 09:56:06,695 [INFO] ServerAccessManage:473 - Download File updaters.zip
2024-06-03 09:56:06,994 [INFO] FileExtend:240 - Unzip File : updaters.zip
2024-06-03 09:56:06,994 [INFO] FileExtend:255 - Standard Zip Deflate
2024-06-03 09:56:07,893 [INFO] ServerAccessManage:473 - Download File PacksControlFlags.xml
2024-06-03 09:56:08,199 [INFO] ServerAccessManage:473 - Download File cubemx.pidx
2024-06-03 09:56:12,617 [INFO] ServerAccessManage:473 - Download File wolfSSL.I-CUBE-wolfMQTT.pdsc
2024-06-03 09:56:13,613 [ERROR] ServerAccessManage:1089 - Problem, file not found on Server
2024-06-03 09:56:14,076 [WARN] PackLoader:240 - Cannot read IP mode file for wolfSSL.I-CUBE-wolfMQTT.1.18.0
2024-06-03 09:56:14,078 [INFO] PopulateThirdPartyThread:66 - Ending populate Thread
2024-06-03 09:56:14,081 [INFO] ThirdParty:1030 - CMSIS Pack Vendor :wolfSSL I-CUBE-wolfMQTT 1.18.0
2024-06-03 09:56:14,081 [INFO] LoadServerUpdatesThread:375 - End of LoadServerUpdate Thread
2024-06-03 09:56:14,316 [INFO] CheckServerUpdateThread:120 - End of CheckServer Thread
2024-06-03 09:56:20,076 [INFO] WebApp:161 - Instantiating new browser for Auth
2024-06-03 09:56:22,592 [INFO] WebApp:779 - Register for checkConnection events
2024-06-03 09:56:22,592 [INFO] WebApp:414 - Apply proxy settings
2024-06-03 09:56:22,594 [INFO] WebApp:499 - Chromium requires no authentication
2024-06-03 09:56:22,611 [INFO] WebApp:442 - Direct internet connection detected
2024-06-03 09:56:23,002 [INFO] WebApp:192 - Starting web application
2024-06-03 09:56:23,002 [INFO] WebApp:544 - Web application path used C:\ST\STM32CubeIDE_1.15.1\STM32CubeIDE\plugins\com.st.stm32cube.common.mx_6.11.1.202404110753\db\plugins\mcufinder\reactClient1\index.html
2024-06-03 10:43:42,797 [ERROR] LogOutputStream:75 - [STDERR_REDIRECT] 
