2024-06-26 10:28:31,300 [INFO] Activator:176 - 


2024-06-26 10:28:31,313 [INFO] Activator:177 - !SESSION log4j initialized
2024-06-26 10:28:46,180 [INFO] LogOutputStream:77 - [STDOUT_REDIRECT] 
2024-06-26 10:28:46,670 [INFO] ApplicationProperties:184 - Using Application install path: C:\ST\STM32CubeIDE_1.15.1\STM32CubeIDE\plugins\com.st.stm32cube.common.mx_6.11.1.202404110753
2024-06-26 10:28:46,701 [INFO] DbMcusXml:78 - Set database path to: C:\ST\STM32CubeIDE_1.15.1\STM32CubeIDE\plugins\com.st.stm32cube.common.mx_6.11.1.202404110753\\db\/mcu/
2024-06-26 10:28:46,717 [INFO] ApiDb:274 - Set plugin database path to: C:\ST\STM32CubeIDE_1.15.1\STM32CubeIDE\plugins\com.st.stm32cube.common.mx_6.11.1.202404110753\\db\/plugins/boardmanager/
2024-06-26 10:28:46,717 [WARN] ApiDb:259 - Overriding images path with different value:  => C:\ST\STM32CubeIDE_1.15.1\STM32CubeIDE\plugins\com.st.stm32cube.common.mx_6.11.1.202404110753\\db\/plugins/mcufinder/images/
2024-06-26 10:28:46,733 [INFO] ApiDb:250 - Set database path to: C:\Users\User\.stmcufinder\plugins\mcufinder//mcu/
2024-06-26 10:28:46,733 [INFO] DbMcusAds:125 - Set database path to: C:\Users\User\.stmcufinder\plugins\mcufinder//mcu/
2024-06-26 10:28:46,733 [INFO] CrossReferenceDbSqlite:203 - Set database path to: C:\Users\User\.stmcufinder\plugins\mcufinder//mcu/cs/
2024-06-26 10:28:47,168 [INFO] RulesReader:64 - Compatibility file has been processed (297 Rules)
2024-06-26 10:28:47,449 [INFO] DbMcusXml:78 - Set database path to: C:\ST\STM32CubeIDE_1.15.1\STM32CubeIDE\plugins\com.st.stm32cube.common.mx_6.11.1.202404110753\\db\/mcu/
2024-06-26 10:28:47,449 [INFO] ApiDb:274 - Set plugin database path to: C:\ST\STM32CubeIDE_1.15.1\STM32CubeIDE\plugins\com.st.stm32cube.common.mx_6.11.1.202404110753\\db\/plugins/boardmanager/
2024-06-26 10:28:47,449 [INFO] ApiDb:261 - Set plugin images path to: C:\ST\STM32CubeIDE_1.15.1\STM32CubeIDE\plugins\com.st.stm32cube.common.mx_6.11.1.202404110753\\db\/plugins/mcufinder/images/
2024-06-26 10:28:47,449 [WARN] DbFile:41 - Overriding database path with different value: C:\Users\User\.stmcufinder\plugins\mcufinder/ => C:\Users\User\.stmcufinder\plugins\mcufinder
2024-06-26 10:28:47,449 [INFO] ApiDb:250 - Set database path to: C:\Users\User\.stmcufinder\plugins\mcufinder//mcu/
2024-06-26 10:28:47,449 [WARN] DbFile:41 - Overriding database path with different value: C:\Users\User\.stmcufinder\plugins\mcufinder/ => C:\Users\User\.stmcufinder\plugins\mcufinder
2024-06-26 10:28:47,449 [INFO] DbMcusAds:125 - Set database path to: C:\Users\User\.stmcufinder\plugins\mcufinder//mcu/
2024-06-26 10:28:47,449 [WARN] DbFile:41 - Overriding database path with different value: C:\Users\User\.stmcufinder\plugins\mcufinder/ => C:\Users\User\.stmcufinder\plugins\mcufinder
2024-06-26 10:28:47,449 [WARN] DbFile:41 - Overriding database path with different value: C:\Users\User\.stmcufinder\plugins\mcufinder/ => C:\Users\User\.stmcufinder\plugins\mcufinder
2024-06-26 10:28:47,449 [INFO] CrossReferenceDbSqlite:203 - Set database path to: C:\Users\User\.stmcufinder\plugins\mcufinder//mcu/cs/
2024-06-26 10:28:47,699 [INFO] MainPanel:264 - HeapMemory: 268435456
2024-06-26 10:28:47,949 [INFO] DbMcusXml:78 - Set database path to: C:\ST\STM32CubeIDE_1.15.1\STM32CubeIDE\plugins\com.st.stm32cube.common.mx_6.11.1.202404110753\\db\/mcu/
2024-06-26 10:28:47,949 [INFO] ApiDb:274 - Set plugin database path to: C:\ST\STM32CubeIDE_1.15.1\STM32CubeIDE\plugins\com.st.stm32cube.common.mx_6.11.1.202404110753\\db\/plugins/boardmanager/
2024-06-26 10:28:47,949 [INFO] ApiDb:261 - Set plugin images path to: C:\ST\STM32CubeIDE_1.15.1\STM32CubeIDE\plugins\com.st.stm32cube.common.mx_6.11.1.202404110753\\db\/plugins/mcufinder/images/
2024-06-26 10:28:47,949 [WARN] DbFile:41 - Overriding database path with different value: C:\Users\User\.stmcufinder\plugins\mcufinder/ => C:\Users\User\.stmcufinder\plugins\mcufinder
2024-06-26 10:28:47,949 [INFO] ApiDb:250 - Set database path to: C:\Users\User\.stmcufinder\plugins\mcufinder//mcu/
2024-06-26 10:28:47,949 [WARN] DbFile:41 - Overriding database path with different value: C:\Users\User\.stmcufinder\plugins\mcufinder/ => C:\Users\User\.stmcufinder\plugins\mcufinder
2024-06-26 10:28:47,949 [INFO] DbMcusAds:125 - Set database path to: C:\Users\User\.stmcufinder\plugins\mcufinder//mcu/
2024-06-26 10:28:47,949 [WARN] DbFile:41 - Overriding database path with different value: C:\Users\User\.stmcufinder\plugins\mcufinder/ => C:\Users\User\.stmcufinder\plugins\mcufinder
2024-06-26 10:28:47,949 [WARN] DbFile:41 - Overriding database path with different value: C:\Users\User\.stmcufinder\plugins\mcufinder/ => C:\Users\User\.stmcufinder\plugins\mcufinder
2024-06-26 10:28:47,949 [INFO] CrossReferenceDbSqlite:203 - Set database path to: C:\Users\User\.stmcufinder\plugins\mcufinder//mcu/cs/
2024-06-26 10:28:47,981 [INFO] ApplicationProperties:184 - Using Application install path: C:\ST\STM32CubeIDE_1.15.1\STM32CubeIDE\plugins\com.st.stm32cube.common.mx_6.11.1.202404110753
2024-06-26 10:28:47,981 [INFO] PluginManage:196 - Search for loadable plugins [exclusion list=, ]
2024-06-26 10:28:47,996 [INFO] PluginManage:310 - Check plugin analytics
2024-06-26 10:28:48,481 [INFO] AnalyticsPlugin:253 - Accepted Software Licenses: 
2024-06-26 10:28:48,481 [INFO] AnalyticsPlugin:255 - Accepted CMSIS Pack Licenses: 
2024-06-26 10:28:48,481 [INFO] AnalyticsPlugin:257 - Accepted Firmware Licenses: FW.C0.1.0.0,FW.C0.1.1.0,FW.WL.1.3.0
2024-06-26 10:28:48,496 [INFO] PluginManage:359 - Loaded plugin analytics (category:tool,tabindex:-1)
2024-06-26 10:28:48,496 [INFO] PluginManage:310 - Check plugin cadmodel
2024-06-26 10:28:48,528 [INFO] CADModel:105 - Init CAD model plugin
2024-06-26 10:28:48,528 [INFO] PluginManage:359 - Loaded plugin cadmodel (category:power,tabindex:5)
2024-06-26 10:28:48,528 [INFO] PluginManage:310 - Check plugin clock
2024-06-26 10:28:48,590 [INFO] PluginManage:359 - Loaded plugin clock (category:base,tabindex:2)
2024-06-26 10:28:48,590 [INFO] PluginManage:310 - Check plugin ddr
2024-06-26 10:28:48,590 [INFO] PluginManage:359 - Loaded plugin ddr (category:tool,tabindex:6)
2024-06-26 10:28:48,590 [INFO] PluginManage:310 - Check plugin filemanager
2024-06-26 10:28:49,005 [INFO] PluginManage:359 - Loaded plugin filemanager (category:base,tabindex:10)
2024-06-26 10:28:49,005 [INFO] PluginManage:310 - Check plugin ipmanager
2024-06-26 10:28:49,036 [INFO] PluginManage:359 - Loaded plugin ipmanager (category:base,tabindex:5)
2024-06-26 10:28:49,036 [INFO] PluginManage:310 - Check plugin lpbam
2024-06-26 10:28:49,130 [INFO] PluginManage:359 - Loaded plugin lpbam (category:base,tabindex:0)
2024-06-26 10:28:49,130 [INFO] PluginManage:310 - Check plugin memorymap
2024-06-26 10:28:49,239 [INFO] PluginManage:359 - Loaded plugin memorymap (category:base,tabindex:4)
2024-06-26 10:28:49,239 [INFO] PluginManage:310 - Check plugin pinoutandconfiguration
2024-06-26 10:28:49,364 [INFO] PluginManage:359 - Loaded plugin pinoutandconfiguration (category:base,tabindex:1)
2024-06-26 10:28:49,364 [INFO] PluginManage:310 - Check plugin pinoutconfig
2024-06-26 10:28:49,690 [WARN] SupportedApi:132 - Cannot load RTOS API schema: s4s-elt-must-match.1: The content of 'definitions' must match (annotation?, (simpleType | complexType)?, (unique | key | keyref)*)). A problem was found starting at: attribute.
2024-06-26 10:28:50,098 [INFO] PluginManage:359 - Loaded plugin pinoutconfig (category:base,tabindex:0)
2024-06-26 10:28:50,098 [INFO] PluginManage:310 - Check plugin power
2024-06-26 10:28:50,144 [INFO] PluginManage:359 - Loaded plugin power (category:power,tabindex:4)
2024-06-26 10:28:50,144 [INFO] PluginManage:310 - Check plugin projectmanager
2024-06-26 10:28:50,195 [INFO] PluginManage:359 - Loaded plugin projectmanager (category:projectmanager,tabindex:3)
2024-06-26 10:28:50,196 [INFO] PluginManage:310 - Check plugin thirdparty
2024-06-26 10:28:51,075 [INFO] PluginManage:359 - Loaded plugin thirdparty (category:base,tabindex:-1)
2024-06-26 10:28:51,075 [INFO] PluginManage:310 - Check plugin tools
2024-06-26 10:28:51,075 [WARN] IntegrityCheckThread:84 - waiting for thirdparty lock release [integrity check]
2024-06-26 10:28:51,078 [INFO] IntegrityCheckThread:86 - entering critical section [integrity check]
2024-06-26 10:28:51,079 [INFO] ThirdPartyUpdaterWithRetryManager:70 - Updater plugin not ready yet. [1/15]
2024-06-26 10:28:51,178 [INFO] PluginManage:359 - Loaded plugin tools (category:base,tabindex:7)
2024-06-26 10:28:51,178 [INFO] PluginManage:310 - Check plugin tutovideos
2024-06-26 10:28:51,713 [INFO] PluginManage:359 - Loaded plugin tutovideos (category:base,tabindex:-1)
2024-06-26 10:28:51,713 [INFO] PluginManage:310 - Check plugin updater
2024-06-26 10:28:51,740 [INFO] PluginManage:359 - Loaded plugin updater (category:base,tabindex:12)
2024-06-26 10:28:51,740 [INFO] PluginManage:310 - Check plugin userauth
2024-06-26 10:28:51,753 [INFO] UserAuth:114 - Init User Auth plugin
2024-06-26 10:28:51,754 [INFO] PluginManage:359 - Loaded plugin userauth (category:base,tabindex:14)
2024-06-26 10:28:51,755 [INFO] PluginManage:283 - PluginManage : Loaded plugins [17]
2024-06-26 10:28:52,245 [INFO] PinOutPanel:1561 - setPackage(No Configuration,No Configuration)
2024-06-26 10:28:52,401 [INFO] CADModel:165 - CPN selected for project level
2024-06-26 10:28:52,401 [INFO] CADModel:114 - Register for checkConnection events
2024-06-26 10:28:52,442 [INFO] IPUIPlugin:80 - create IPUIPlugin
2024-06-26 10:28:52,442 [INFO] PluginManager:220 - loadIPPluginJar : add adc
2024-06-26 10:28:52,500 [INFO] IPUIPlugin:80 - create IPUIPlugin
2024-06-26 10:28:52,500 [INFO] PluginManager:220 - loadIPPluginJar : add aes
2024-06-26 10:28:52,565 [INFO] IPUIPlugin:80 - create IPUIPlugin
2024-06-26 10:28:52,566 [INFO] PluginManager:220 - loadIPPluginJar : add can
2024-06-26 10:28:52,602 [INFO] IPUIPlugin:80 - create IPUIPlugin
2024-06-26 10:28:52,603 [INFO] PluginManager:220 - loadIPPluginJar : add comp
2024-06-26 10:28:52,657 [INFO] IPUIPlugin:80 - create IPUIPlugin
2024-06-26 10:28:52,657 [INFO] PluginManager:220 - loadIPPluginJar : add cryp
2024-06-26 10:28:52,703 [INFO] IPUIPlugin:80 - create IPUIPlugin
2024-06-26 10:28:52,704 [INFO] PluginManager:220 - loadIPPluginJar : add dfsdm
2024-06-26 10:28:52,724 [INFO] IPUIPlugin:80 - create IPUIPlugin
2024-06-26 10:28:52,725 [INFO] PluginManager:220 - loadIPPluginJar : add dma
2024-06-26 10:28:52,794 [INFO] IPUIPlugin:80 - create IPUIPlugin
2024-06-26 10:28:52,794 [INFO] PluginManager:220 - loadIPPluginJar : add dma3
2024-06-26 10:28:52,864 [INFO] IPUIPlugin:80 - create IPUIPlugin
2024-06-26 10:28:52,864 [INFO] PluginManager:220 - loadIPPluginJar : add extmemmanager
2024-06-26 10:28:52,895 [INFO] IPUIPlugin:80 - create IPUIPlugin
2024-06-26 10:28:52,896 [INFO] PluginManager:220 - loadIPPluginJar : add fatfs
2024-06-26 10:28:52,969 [INFO] IPUIPlugin:80 - create IPUIPlugin
2024-06-26 10:28:52,969 [INFO] PluginManager:220 - loadIPPluginJar : add fmc
2024-06-26 10:28:52,991 [INFO] IPUIPlugin:80 - create IPUIPlugin
2024-06-26 10:28:52,992 [INFO] PluginManager:220 - loadIPPluginJar : add freertos
2024-06-26 10:28:53,023 [INFO] IPUIPlugin:80 - create IPUIPlugin
2024-06-26 10:28:53,024 [INFO] PluginManager:220 - loadIPPluginJar : add genericplugin
2024-06-26 10:28:53,176 [INFO] IPUIPlugin:80 - create IPUIPlugin
2024-06-26 10:28:53,176 [INFO] PluginManager:220 - loadIPPluginJar : add gfxmmu
2024-06-26 10:28:53,395 [INFO] IPUIPlugin:80 - create IPUIPlugin
2024-06-26 10:28:53,395 [INFO] PluginManager:220 - loadIPPluginJar : add gic
2024-06-26 10:28:53,414 [INFO] IPUIPlugin:80 - create IPUIPlugin
2024-06-26 10:28:53,414 [INFO] PluginManager:220 - loadIPPluginJar : add gpio
2024-06-26 10:28:53,563 [INFO] IPUIPlugin:80 - create IPUIPlugin
2024-06-26 10:28:53,564 [INFO] PluginManager:220 - loadIPPluginJar : add gtzc
2024-06-26 10:28:53,617 [INFO] IPUIPlugin:80 - create IPUIPlugin
2024-06-26 10:28:53,617 [INFO] PluginManager:220 - loadIPPluginJar : add hash
2024-06-26 10:28:53,701 [INFO] IPUIPlugin:80 - create IPUIPlugin
2024-06-26 10:28:53,702 [INFO] PluginManager:220 - loadIPPluginJar : add i2c
2024-06-26 10:28:53,762 [INFO] IPUIPlugin:80 - create IPUIPlugin
2024-06-26 10:28:53,763 [INFO] PluginManager:220 - loadIPPluginJar : add i2s
2024-06-26 10:28:53,828 [INFO] IPUIPlugin:80 - create IPUIPlugin
2024-06-26 10:28:53,828 [INFO] PluginManager:220 - loadIPPluginJar : add i3c
2024-06-26 10:28:53,992 [INFO] IPUIPlugin:80 - create IPUIPlugin
2024-06-26 10:28:53,992 [INFO] PluginManager:220 - loadIPPluginJar : add ipddr
2024-06-26 10:28:54,080 [INFO] ThirdPartyUpdaterWithRetryManager:70 - Updater plugin not ready yet. [2/15]
2024-06-26 10:28:54,141 [INFO] IPUIPlugin:80 - create IPUIPlugin
2024-06-26 10:28:54,142 [INFO] PluginManager:220 - loadIPPluginJar : add linkedlist
2024-06-26 10:28:54,202 [INFO] IPUIPlugin:80 - create IPUIPlugin
2024-06-26 10:28:54,203 [INFO] PluginManager:220 - loadIPPluginJar : add lorawan
2024-06-26 10:28:54,265 [INFO] IPUIPlugin:80 - create IPUIPlugin
2024-06-26 10:28:54,265 [INFO] PluginManager:220 - loadIPPluginJar : add ltdc
2024-06-26 10:28:54,289 [INFO] IPUIPlugin:80 - create IPUIPlugin
2024-06-26 10:28:54,289 [INFO] PluginManager:220 - loadIPPluginJar : add mdma
2024-06-26 10:28:54,309 [INFO] IPUIPlugin:80 - create IPUIPlugin
2024-06-26 10:28:54,310 [INFO] PluginManager:220 - loadIPPluginJar : add nvic
2024-06-26 10:28:54,375 [INFO] IPUIPlugin:80 - create IPUIPlugin
2024-06-26 10:28:54,375 [INFO] PluginManager:220 - loadIPPluginJar : add opamp
2024-06-26 10:28:54,474 [INFO] IPUIPlugin:80 - create IPUIPlugin
2024-06-26 10:28:54,474 [INFO] PluginManager:220 - loadIPPluginJar : add openamp
2024-06-26 10:28:54,541 [INFO] IPUIPlugin:80 - create IPUIPlugin
2024-06-26 10:28:54,541 [INFO] PluginManager:220 - loadIPPluginJar : add pdm2pcm
2024-06-26 10:28:54,562 [INFO] IPUIPlugin:80 - create IPUIPlugin
2024-06-26 10:28:54,566 [INFO] PluginManager:220 - loadIPPluginJar : add plateformsettings
2024-06-26 10:28:54,600 [INFO] IPUIPlugin:80 - create IPUIPlugin
2024-06-26 10:28:54,600 [INFO] PluginManager:220 - loadIPPluginJar : add quadspi
2024-06-26 10:28:54,618 [INFO] IPUIPlugin:80 - create IPUIPlugin
2024-06-26 10:28:54,618 [INFO] PluginManager:220 - loadIPPluginJar : add resmgrutility
2024-06-26 10:28:54,705 [INFO] IPUIPlugin:80 - create IPUIPlugin
2024-06-26 10:28:54,705 [INFO] PluginManager:220 - loadIPPluginJar : add sai
2024-06-26 10:28:54,764 [INFO] IPUIPlugin:80 - create IPUIPlugin
2024-06-26 10:28:54,764 [INFO] PluginManager:220 - loadIPPluginJar : add spi
2024-06-26 10:28:54,877 [INFO] IPUIPlugin:80 - create IPUIPlugin
2024-06-26 10:28:54,877 [INFO] PluginManager:220 - loadIPPluginJar : add stm32_wpan
2024-06-26 10:28:54,912 [INFO] IPUIPlugin:80 - create IPUIPlugin
2024-06-26 10:28:54,912 [INFO] PluginManager:220 - loadIPPluginJar : add tim
2024-06-26 10:28:55,009 [INFO] IPUIPlugin:80 - create IPUIPlugin
2024-06-26 10:28:55,009 [INFO] PluginManager:220 - loadIPPluginJar : add touchsensing
2024-06-26 10:28:55,045 [INFO] IPUIPlugin:80 - create IPUIPlugin
2024-06-26 10:28:55,046 [INFO] PluginManager:220 - loadIPPluginJar : add tracer_emb
2024-06-26 10:28:55,081 [INFO] IPUIPlugin:80 - create IPUIPlugin
2024-06-26 10:28:55,081 [INFO] PluginManager:220 - loadIPPluginJar : add ts
2024-06-26 10:28:55,114 [INFO] IPUIPlugin:80 - create IPUIPlugin
2024-06-26 10:28:55,115 [INFO] PluginManager:220 - loadIPPluginJar : add tsc
2024-06-26 10:28:55,150 [INFO] IPUIPlugin:80 - create IPUIPlugin
2024-06-26 10:28:55,150 [INFO] PluginManager:220 - loadIPPluginJar : add ucpd
2024-06-26 10:28:55,219 [INFO] IPUIPlugin:80 - create IPUIPlugin
2024-06-26 10:28:55,219 [INFO] PluginManager:220 - loadIPPluginJar : add usart
2024-06-26 10:28:55,293 [INFO] IPUIPlugin:80 - create IPUIPlugin
2024-06-26 10:28:55,293 [INFO] PluginManager:220 - loadIPPluginJar : add usbx
2024-06-26 10:28:55,483 [INFO] CADModel:165 - CPN selected for project level
2024-06-26 10:28:55,483 [INFO] CADModel:114 - Register for checkConnection events
2024-06-26 10:28:55,483 [FATAL] Updater:308 - Updater called before beeing initialized
2024-06-26 10:28:55,483 [ERROR] CADModel:125 - Updater not yet initialized, retry later 
2024-06-26 10:28:55,768 [INFO] CADModel:165 - CPN selected for project level
2024-06-26 10:28:55,768 [INFO] CADModel:114 - Register for checkConnection events
2024-06-26 10:28:55,768 [FATAL] Updater:308 - Updater called before beeing initialized
2024-06-26 10:28:55,769 [ERROR] CADModel:125 - Updater not yet initialized, retry later 
2024-06-26 10:28:55,774 [FATAL] Updater:308 - Updater called before beeing initialized
2024-06-26 10:28:56,062 [FATAL] Updater:308 - Updater called before beeing initialized
2024-06-26 10:28:56,084 [INFO] DbMcusAds:53 - JSON generation date=Thu May 16 06:22:00 BRT 2024 (1715851320852)
2024-06-26 10:28:56,084 [FATAL] Updater:308 - Updater called before beeing initialized
2024-06-26 10:28:56,227 [WARN] DetailPanel:346 - Failed to get advertising image, set to default
2024-06-26 10:28:56,379 [FATAL] Updater:308 - Updater called before beeing initialized
2024-06-26 10:28:56,382 [FATAL] Updater:308 - Updater called before beeing initialized
2024-06-26 10:28:56,382 [FATAL] Updater:308 - Updater called before beeing initialized
2024-06-26 10:28:56,383 [WARN] DetailPanel:346 - Failed to get advertising image, set to default
2024-06-26 10:28:56,384 [FATAL] Updater:308 - Updater called before beeing initialized
2024-06-26 10:28:56,495 [ERROR] Updater:1120 - MainUpdater not yet initialized. External WinMGr cannot be set.
2024-06-26 10:28:56,511 [INFO] Updater:1056 - Updater Version found : 6.11.1
2024-06-26 10:28:56,540 [INFO] ApplicationProperties:184 - Using Application install path: C:\ST\STM32CubeIDE_1.15.1\STM32CubeIDE\plugins\com.st.stm32cube.common.mx_6.11.1.202404110753
2024-06-26 10:28:57,081 [INFO] ThirdPartyUpdaterWithRetryManager:70 - Updater plugin not ready yet. [3/15]
2024-06-26 10:28:58,144 [ERROR] LogOutputStream:75 - [STDERR_REDIRECT] Jun 26, 2024 10:28:58 AM java.util.prefs.WindowsPreferences <init>
2024-06-26 10:28:58,150 [ERROR] LogOutputStream:75 - [STDERR_REDIRECT] WARNING: Could not open/create prefs root node Software\JavaSoft\Prefs at root 0xffffffff80000002. Windows RegCreateKeyEx(...) returned error code 5.
2024-06-26 10:28:58,151 [ERROR] LogOutputStream:75 - [STDERR_REDIRECT] 
2024-06-26 10:28:58,768 [INFO] MainUpdater:2873 - connection check result : 10
2024-06-26 10:28:58,770 [INFO] MainUpdater:290 - Updater Check For Update Now.
2024-06-26 10:28:58,771 [INFO] MicroXplorer:498 - Change Database Version : DB.6.0.111
2024-06-26 10:28:58,802 [INFO] McuFinderGlobals:63 - Set McuFinder mode to 2 (CubeIDE integrated)
2024-06-26 10:28:58,831 [INFO] UserAuth:415 - Internet connection configuration mode: 1
2024-06-26 10:28:58,887 [INFO] JxBrowserEngine:152 - Initiate JxBrowser Engine with user profile folder
2024-06-26 10:29:00,146 [WARN] MainUpdater:1194 - Updater busy. Cannot search thirdparties
2024-06-26 10:29:00,180 [INFO] ThirdPartyUpdaterWithRetryManager:96 - Updater plugin is busy. [1/15]
2024-06-26 10:29:00,785 [INFO] CheckServerUpdateThread:120 - End of CheckServer Thread
2024-06-26 10:29:00,863 [INFO] MainUpdater:2873 - connection check result : 10
2024-06-26 10:29:02,810 [INFO] ApiDb:581 - Connected to CubeFinder SQLite database (C:\Users\User\.stmcufinder\plugins\mcufinder\mcu\cube-finder-db.db)
2024-06-26 10:29:03,566 [INFO] ApiDb:668 - CubeFinder database Data Model version=2.1
2024-06-26 10:29:03,567 [INFO] ApiDb:669 - CubeFinder database Configuration version=3.0.39
2024-06-26 10:29:03,567 [INFO] ApiDb:670 - CubeFinder database generation date=2024-06-05 (1717578087)
2024-06-26 10:29:03,568 [INFO] ApiDb:671 - CubeFinder database FW Pack versions=[FP-ATR-ASTRA1_V2.0.0, FP-SNS-FLIGHT1_V5.0.1, FP-SNS-FLIGHT1_V5.0.2, FP-SNS-MOTENV1_V4.3.1, FP-SNS-MOTENV1_V4.3.2, FP-SNS-MOTENV1_V5.0.0, FP-SNS-MOTENVWB1_V1.4.0, FP-SNS-SMARTAG2_V1.2.0, STM32Cube_FW_C0_V1.1.0, STM32Cube_FW_F4_V1.28.0, STM32Cube_FW_F7_V1.17.2, STM32Cube_FW_G0_V1.6.2, STM32Cube_FW_G4_V1.5.2, STM32Cube_FW_H5_V0.5.1, STM32Cube_FW_H5_V1.1.1, STM32Cube_FW_H5_V1.2.0, STM32Cube_FW_H5_V1.2.0RC4, STM32Cube_FW_H7RS_V1.0.0, STM32Cube_FW_H7RS_V1.0.0RC4, STM32Cube_FW_H7_V1.11.2, STM32Cube_FW_L0_V1.12.2, STM32Cube_FW_L5_V1.5.1, STM32Cube_FW_U0_V1.0.0, STM32Cube_FW_U0_V1.0.0RC1, STM32Cube_FW_U5_V1.3.0RC4, STM32Cube_FW_U5_V1.5.0, STM32Cube_FW_U5_V1.5.0RC1, STM32Cube_FW_WBA_V1.0.0RC1, STM32Cube_FW_WBA_V1.2.0, STM32Cube_FW_WBA_V1.2.0RC2, STM32Cube_FW_WBA_V1.3.0RC1, STM32Cube_FW_WBA_V1.3.1, STM32Cube_FW_WB_V1.15.0RC1, STM32Cube_FW_WB_V1.16.0, STM32Cube_FW_WB_V1.16.0RC2, STM32Cube_FW_WB_V1.18.0, STM32Cube_FW_WB_V1.19.0, STM32Cube_FW_WL_V1.3.0, X-CUBE-ALGOBUILD_V1.4.0, X-CUBE-ALS_V1.0.1, X-CUBE-ALS_V1.0.2, X-CUBE-AZRTOS-F4_V1.1.0, X-CUBE-AZRTOS-F7_V1.1.0, X-CUBE-AZRTOS-G0_V1.1.0, X-CUBE-AZRTOS-G4_V2.0.0, X-CUBE-AZRTOS-H7RS_V1.0.0, X-CUBE-AZRTOS-H7_V3.2.0, X-CUBE-AZRTOS-L4_V1.0.0, X-CUBE-AZRTOS-L4_V2.0.0, X-CUBE-AZRTOS-L5_V1.1.0, X-CUBE-AZRTOS-WB_V2.0.0, X-CUBE-AZRTOS-WL_V2.0.0, X-CUBE-BLE1_V7.0.0, X-CUBE-BLE2_V3.3.0, X-CUBE-BLEMGR_V3.1.0, X-CUBE-EEPRMA1_V4.1.0, X-CUBE-EEPRMA1_V5.1.0, X-CUBE-FREERTOS_V1.2.0, X-CUBE-GNSS1_V6.0.0, X-CUBE-MEMS1_V10.0.0, X-CUBE-MEMS1_V9.1.0, X-CUBE-MEMS1_V9.4.0, X-CUBE-MEMS1_V9.6.0, X-CUBE-NFC4_V3.0.0, X-CUBE-NFC7_V1.0.1, X-CUBE-SFXS2LP1_V4.0.0, X-CUBE-SUBG2_V5.0.0, X-CUBE-TOF1_V3.4.1]
2024-06-26 10:29:03,919 [INFO] DbBoardsSqlite:226 - include board P-NUCLEO-WB55-NUCLEO as a kit item of type 'Nucleo-64'
2024-06-26 10:29:03,919 [INFO] DbBoardsSqlite:226 - include board P-NUCLEO-WB55-USBDONGLE as a kit item of type 'Nucleo USB Dongle'
2024-06-26 10:29:03,922 [INFO] DbBoardsSqlite:226 - include board STEVAL-IDP005V1 as a kit item of type 'Evaluation Board'
2024-06-26 10:29:03,923 [INFO] DbBoardsSqlite:226 - include board STEVAL-IDP005V2 as a kit item of type 'Evaluation Board'
2024-06-26 10:29:04,091 [WARN] PackLoader:240 - Cannot read IP mode file for STMicroelectronics.FP-SNS-MOTENVWB1.1.4.0
2024-06-26 10:29:04,137 [WARN] PackLoader:240 - Cannot read IP mode file for STMicroelectronics.X-CUBE-SMBUS.2.1.0
2024-06-26 10:29:04,169 [WARN] PackLoader:240 - Cannot read IP mode file for STMicroelectronics.X-CUBE-TOUCHGFX.4.23.0
2024-06-26 10:29:04,191 [WARN] PackLoader:240 - Cannot read IP mode file for STMicroelectronics.X-CUBE-TOUCHGFX.4.23.2
2024-06-26 10:29:04,351 [WARN] PackLoader:240 - Cannot read IP mode file for STMicroelectronics.X-CUBE-AZRTOS-F7.1.1.0
2024-06-26 10:29:04,391 [WARN] PackLoader:240 - Cannot read IP mode file for STMicroelectronics.FP-SNS-MOTENV1.4.3.2
2024-06-26 10:29:04,429 [WARN] PackLoader:240 - Cannot read IP mode file for STMicroelectronics.FP-SNS-FLIGHT1.5.0.2
2024-06-26 10:29:04,467 [WARN] PackLoader:240 - Cannot read IP mode file for STMicroelectronics.X-CUBE-DISPLAY.3.0.0
2024-06-26 10:29:04,530 [WARN] PackLoader:240 - Cannot read IP mode file for STMicroelectronics.X-CUBE-BLE1.7.0.0
2024-06-26 10:29:04,562 [WARN] PackLoader:240 - Cannot read IP mode file for emotas.I-CUBE-CANOPEN.1.3.0
2024-06-26 10:29:04,587 [WARN] PackLoader:240 - Cannot read IP mode file for STMicroelectronics.X-CUBE-TOUCHGFX.4.22.1
2024-06-26 10:29:04,626 [WARN] PackLoader:240 - Cannot read IP mode file for STMicroelectronics.X-CUBE-BLEMGR.3.1.0
2024-06-26 10:29:04,662 [WARN] PackLoader:240 - Cannot read IP mode file for STMicroelectronics.FP-SNS-SMARTAG2.1.2.0
2024-06-26 10:29:04,736 [INFO] LogOutputStream:77 - [STDOUT_REDIRECT] 1 : Invalid condition id : UX_CORESTACK_Condition cause : null
2024-06-26 10:29:04,737 [INFO] LogOutputStream:77 - [STDOUT_REDIRECT] 1 : Invalid condition id : UX_CORESTACK_Condition cause : null
2024-06-26 10:29:04,740 [INFO] LogOutputStream:77 - [STDOUT_REDIRECT] 1 : Invalid condition id : UX_CORESTACK_Condition cause : null
2024-06-26 10:29:04,743 [INFO] LogOutputStream:77 - [STDOUT_REDIRECT] 1 : Invalid condition id : UX_CORESTACK_Condition cause : null
2024-06-26 10:29:04,745 [INFO] LogOutputStream:77 - [STDOUT_REDIRECT] 1 : Invalid condition id : UX_CORESTACK_Condition cause : null
2024-06-26 10:29:04,752 [WARN] PackLoader:240 - Cannot read IP mode file for STMicroelectronics.X-CUBE-AZRTOS-WL.2.0.0
2024-06-26 10:29:04,808 [WARN] PackLoader:240 - Cannot read IP mode file for STMicroelectronics.FP-SNS-MOTENV1.5.0.0
2024-06-26 10:29:04,836 [WARN] PackLoader:240 - Cannot read IP mode file for wolfSSL.I-CUBE-wolfMQTT.1.19.0
2024-06-26 10:29:04,876 [WARN] PackLoader:240 - Cannot read IP mode file for WES.I-CUBE-Cesium.1.3.0
2024-06-26 10:29:04,901 [WARN] PackLoader:240 - Cannot read IP mode file for STMicroelectronics.X-CUBE-BLE2.3.3.0
2024-06-26 10:29:04,931 [WARN] PackLoader:240 - Cannot read IP mode file for STMicroelectronics.X-CUBE-TCPP.4.1.0
2024-06-26 10:29:04,965 [WARN] PackLoader:240 - Cannot read IP mode file for STMicroelectronics.X-CUBE-ALGOBUILD.1.3.0
2024-06-26 10:29:05,113 [INFO] ApiDb:240 - Found 483 in-development CPN: [B-G473E-ZEST1S, B-WB1M-WPAN1, B-WL5M-SUBG1, NUCLEO-C031C6, NUCLEO-H503RB, NUCLEO-H533RE, NUCLEO-H563ZI, NUCLEO-H7S3L8, NUCLEO-U031R8, NUCLEO-U083RC, NUCLEO-U545RE-Q, NUCLEO-U5A5ZJ-Q, NUCLEO-WBA52CG, NUCLEO-WBA55CG, STEVAL-PROTEUS1, STEVAL-SMARTAG2, STEVAL-STWINBX1, STM320518-EVAL, STM32C0116-DK, STM32C011D6Y3TR, STM32C011D6Y6TR, STM32C011F4P3, STM32C011F4P6, STM32C011F4U3, STM32C011F4U6TR, STM32C011F6P3, STM32C011F6P6, STM32C011F6U3, STM32C011F6U6TR, STM32C011J4M3, STM32C011J4M6, STM32C011J6M3, STM32C011J6M6, STM32C0316-DK, STM32C031C4T3, STM32C031C4T6, STM32C031C4U3, STM32C031C4U6, STM32C031C6T3, STM32C031C6T6, STM32C031C6U3, STM32C031C6U6, STM32C031F4P3, STM32C031F4P6, STM32C031F6P3, STM32C031F6P6, STM32C031G4U3, STM32C031G4U6, STM32C031G6U3, STM32C031G6U6, STM32C031K4T3, STM32C031K4T6, STM32C031K4U3, STM32C031K4U6, STM32C031K6T3, STM32C031K6T6, STM32C031K6U3, STM32C031K6U6, STM32G071K8TXN, STM32G071K8UXN, STM32G081GBU6N, STM32G081KBT6N, STM32G081KBUXN, STM32G0B1CCT6N, STM32G0B1KCT6, STM32G0B1NEY6TR, STM32G0B1RCT6N, STM32G0C1CCT6, STM32G0C1CCT6N, STM32G0C1CCU6N, STM32G0C1CET6N, STM32G0C1CEU6N, STM32G0C1KCT6, STM32G0C1NEY6TR, STM32G0C1RCI6N, STM32G0C1RCT6N, STM32G0C1REI6N, STM32G0C1RET6N, STM32G0C1VCI6, STM32G0C1VEI6, STM32G471CCT6, STM32G471CCU6, STM32G471CET3, STM32G471CET6, STM32G471CEU3, STM32G471CEU6, STM32G471MCT6, STM32G471MET3, STM32G471MET6, STM32G471MEY6TR, STM32G471QCT6, STM32G471QET3, STM32G471RCT6, STM32G471RET3, STM32G471RET6, STM32G471VCH6, STM32G471VCI6, STM32G471VCT6, STM32G471VEH3, STM32G471VEH6, STM32G471VEI3, STM32G471VEI6, STM32G471VET3, STM32G471VET6, STM32G474CCT6, STM32H503CBT6, STM32H503CBU6, STM32H503EBY6TR, STM32H503KBU6, STM32H503RBT6, STM32H523CCT6, STM32H523CCU6, STM32H523CET6, STM32H523CEU6, STM32H523HEY6TR, STM32H523RCT6, STM32H523RET6, STM32H523VCI6, STM32H523VCT6, STM32H523VEI6, STM32H523VET6, STM32H523ZCJ6, STM32H523ZCT6, STM32H523ZEJ6, STM32H523ZET6, STM32H533CET6, STM32H533CEU6, STM32H533HEY6TR, STM32H533RET6, STM32H533VEI6, STM32H533VET6, STM32H533ZEJ6, STM32H533ZET6, STM32H562AGI6, STM32H562AII6, STM32H562IGK6, STM32H562IGT6, STM32H562IIK6, STM32H562IIT6, STM32H562RGT6, STM32H562RGV6, STM32H562RIT6, STM32H562RIV6, STM32H562VGT6, STM32H562VIT6, STM32H562ZGT6, STM32H562ZIT6, STM32H563AGI6, STM32H563AII3Q, STM32H563AII6, STM32H563IGK6, STM32H563IGT6, STM32H563IIK3Q, STM32H563IIK6, STM32H563IIT3Q, STM32H563IIT6, STM32H563MIY3QTR, STM32H563RGT6, STM32H563RGV6, STM32H563RIT6, STM32H563RIV6, STM32H563VGT6, STM32H563VIT3Q, STM32H563VIT6, STM32H563ZGT6, STM32H563ZIT3Q, STM32H563ZIT6, STM32H573AII3Q, STM32H573AII6, STM32H573I-DK, STM32H573IIK3Q, STM32H573IIK6, STM32H573IIT3Q, STM32H573IIT6, STM32H573MIY3QTR, STM32H573RIT6, STM32H573RIV6, STM32H573VIT3Q, STM32H573VIT6, STM32H573ZIT3Q, STM32H573ZIT6, STM32H7R3A8I6, STM32H7R3I8K6, STM32H7R3I8T6, STM32H7R3L8H6, STM32H7R3L8H6H, STM32H7R3R8V6, STM32H7R3V8H6, STM32H7R3V8T6, STM32H7R3V8Y6, STM32H7R3Z8J6, STM32H7R3Z8T6, STM32H7R7A8I6, STM32H7R7I8K6, STM32H7R7I8T6, STM32H7R7L8H6, STM32H7R7L8H6H, STM32H7R7Z8J6, STM32H7S3A8I6, STM32H7S3I8K6, STM32H7S3I8T6, STM32H7S3L8H6, STM32H7S3L8H6H, STM32H7S3R8V6, STM32H7S3V8H6, STM32H7S3V8T6, STM32H7S3V8Y6, STM32H7S3Z8J6, STM32H7S3Z8T6, STM32H7S78-DK, STM32H7S7A8I6, STM32H7S7I8K6, STM32H7S7I8T6, STM32H7S7L8H6, STM32H7S7L8H6H, STM32H7S7Z8J6, STM32L4R5QGI6STR, STM32MP131AAE3, STM32MP131AAF3, STM32MP131AAG3, STM32MP131CAE3, STM32MP131CAF3, STM32MP131CAG3, STM32MP131DAE7, STM32MP131DAF7, STM32MP131DAG7, STM32MP131FAE7, STM32MP131FAF7, STM32MP131FAG7, STM32MP133AAE3, STM32MP133AAF3, STM32MP133AAG3, STM32MP133CAE3, STM32MP133CAF3, STM32MP133CAG3, STM32MP133DAE7, STM32MP133DAF7, STM32MP133DAG7, STM32MP133FAE7, STM32MP133FAF7, STM32MP133FAG7, STM32MP135AAE3, STM32MP135AAF3, STM32MP135AAG3, STM32MP135CAE3, STM32MP135CAF3, STM32MP135CAG3, STM32MP135DAE7, STM32MP135DAF7, STM32MP135DAG7, STM32MP135F-DK, STM32MP135FAE7, STM32MP135FAF7, STM32MP135FAF7T, STM32MP135FAF7U, STM32MP135FAG7, STM32U031C6T6, STM32U031C6U6, STM32U031C8T6, STM32U031C8U6, STM32U031F4P6, STM32U031F6P6, STM32U031F8P6, STM32U031G6Y6TR, STM32U031G8Y6TR, STM32U031K4U6, STM32U031K6U6, STM32U031K8U6, STM32U031R6I6, STM32U031R6T6, STM32U031R8I6, STM32U031R8T6, STM32U073C8T6, STM32U073C8U6, STM32U073CBT6, STM32U073CBU6, STM32U073CCT6, STM32U073CCU6, STM32U073H8Y6TR, STM32U073HBY6TR, STM32U073HCY6TR, STM32U073K8U6, STM32U073KBU6, STM32U073KCU6, STM32U073M8I6, STM32U073M8T6, STM32U073MBI6, STM32U073MBT6, STM32U073MCI6, STM32U073MCT6, STM32U073R8I6, STM32U073R8T6, STM32U073RBI6, STM32U073RBT6, STM32U073RCI6, STM32U073RCT6, STM32U083C-DK, STM32U083CCT6, STM32U083CCU6, STM32U083HCY6TR, STM32U083KCU6, STM32U083MCI6, STM32U083MCT6, STM32U083RCI6, STM32U083RCT6, STM32U535CBT6, STM32U535CBT6Q, STM32U535CBU6, STM32U535CBU6Q, STM32U535CCT6, STM32U535CCT6Q, STM32U535CCU6, STM32U535CCU6Q, STM32U535CET6, STM32U535CET6Q, STM32U535CEU6, STM32U535CEU6Q, STM32U535JEY6QTR, STM32U535NCY6QTR, STM32U535NEY6QTR, STM32U535RBI6, STM32U535RBI6Q, STM32U535RBT6, STM32U535RBT6Q, STM32U535RCI6, STM32U535RCI6Q, STM32U535RCT6, STM32U535RCT6Q, STM32U535REI6, STM32U535REI6Q, STM32U535RET6, STM32U535RET6Q, STM32U535VCI6, STM32U535VCI6Q, STM32U535VCT6, STM32U535VCT6Q, STM32U535VEI6, STM32U535VEI6Q, STM32U535VET6, STM32U535VET6Q, STM32U545CET6, STM32U545CET6Q, STM32U545CEU6, STM32U545CEU6Q, STM32U545JEY6QTR, STM32U545NEY6QTR, STM32U545REI6, STM32U545REI6Q, STM32U545RET6, STM32U545RET6Q, STM32U545VEI6, STM32U545VEI6Q, STM32U545VET6, STM32U545VET6Q, STM32U595AIH6, STM32U595AIH6Q, STM32U595AJH6, STM32U595AJH6Q, STM32U595QII6, STM32U595QII6Q, STM32U595QJI6, STM32U595QJI6Q, STM32U595RIT6, STM32U595RIT6Q, STM32U595RJT6, STM32U595RJT6Q, STM32U595VIT6, STM32U595VIT6Q, STM32U595VJT6, STM32U595VJT6Q, STM32U595ZIT6, STM32U595ZIT6Q, STM32U595ZIY6QTR, STM32U595ZJT6, STM32U595ZJT6Q, STM32U595ZJY6QTR, STM32U599BJY6QTR, STM32U599NIH6Q, STM32U599NJH6Q, STM32U599VIT6Q, STM32U599VJT6, STM32U599VJT6Q, STM32U599ZIT6Q, STM32U599ZIY6QTR, STM32U599ZJT6Q, STM32U599ZJY6QTR, STM32U5A5AJH6, STM32U5A5AJH6Q, STM32U5A5QII3Q , STM32U5A5QJI6, STM32U5A5QJI6Q, STM32U5A5RJT6, STM32U5A5RJT6Q, STM32U5A5VJT6, STM32U5A5VJT6Q, STM32U5A5ZJT6, STM32U5A5ZJT6Q, STM32U5A5ZJY6QTR, STM32U5A9BJY6QTR, STM32U5A9J-DK, STM32U5A9NJH6Q, STM32U5A9VJT6Q, STM32U5A9ZJT6Q, STM32U5A9ZJY6QTR, STM32U5F7VIT6, STM32U5F7VIT6Q, STM32U5F7VJT6, STM32U5F7VJT6Q, STM32U5F9BJY6QTR, STM32U5F9NJH6Q, STM32U5F9VIT6Q, STM32U5F9VJT6Q, STM32U5F9ZIJ6QTR, STM32U5F9ZIT6Q, STM32U5F9ZJJ6QTR, STM32U5F9ZJT6Q, STM32U5G7VJT6, STM32U5G7VJT6Q, STM32U5G9BJY6QTR, STM32U5G9J-DK1, STM32U5G9J-DK2, STM32U5G9NJH6Q, STM32U5G9VJT6Q, STM32U5G9ZJJ6QTR, STM32U5G9ZJT6Q, STM32WB1MMCH6, STM32WBA50KEU6, STM32WBA50KEU6TR, STM32WBA50KGU6, STM32WBA50KGU6TR, STM32WBA52CEU6, STM32WBA52CEU6TR, STM32WBA52CEU7, STM32WBA52CEU7TR, STM32WBA52CGU6, STM32WBA52CGU6TR, STM32WBA52CGU6U, STM32WBA52CGU7, STM32WBA52CGU7TR, STM32WBA52KEU6, STM32WBA52KEU6TR, STM32WBA52KGU6, STM32WBA52KGU6TR, STM32WBA54CEU6, STM32WBA54CEU6TR, STM32WBA54CEU7, STM32WBA54CEU7TR, STM32WBA54CGU6, STM32WBA54CGU6TR, STM32WBA54CGU7, STM32WBA54CGU7TR, STM32WBA54KEU6, STM32WBA54KEU6TR, STM32WBA54KEU7, STM32WBA54KEU7TR, STM32WBA54KGU6, STM32WBA54KGU6TR, STM32WBA54KGU7, STM32WBA54KGU7TR, STM32WBA55CEU6, STM32WBA55CEU6TR, STM32WBA55CEU7, STM32WBA55CEU7TR, STM32WBA55CGU6, STM32WBA55CGU6TR, STM32WBA55CGU6U, STM32WBA55CGU7, STM32WBA55CGU7TR, STM32WBA55G-DK1, STM32WBA55HEF6, STM32WBA55HEF7, STM32WBA55HGF6, STM32WBA55HGF7, STM32WBA55UEI6, STM32WBA55UEI6TR, STM32WBA55UEI7, STM32WBA55UEI7TR, STM32WBA55UGI6, STM32WBA55UGI6TR, STM32WBA55UGI7, STM32WBA55UGI7TR, STM32WL5MOCH6, STM32WL5MOCH6TR]
2024-06-26 10:29:05,272 [WARN] PackLoader:240 - Cannot read IP mode file for STMicroelectronics.X-CUBE-AZRTOS-G0.1.1.0
2024-06-26 10:29:05,302 [WARN] PackLoader:240 - Cannot read IP mode file for STMicroelectronics.X-CUBE-SAFEA1.1.2.2
2024-06-26 10:29:05,350 [WARN] PackLoader:240 - Cannot read IP mode file for STMicroelectronics.X-CUBE-NFC4.3.0.0
2024-06-26 10:29:05,584 [WARN] PackLoader:240 - Cannot read IP mode file for wolfSSL.I-CUBE-wolfMQTT.1.18.0
2024-06-26 10:29:05,654 [INFO] BoardInfo:889 - No configuration file found for board P-NUCLEO-WB55
2024-06-26 10:29:05,655 [INFO] DbBoards:161 - Kit is not supported: P-NUCLEO-WB55
2024-06-26 10:29:05,670 [INFO] BoardInfo:889 - No configuration file found for board STEVAL-BFA001V1B
2024-06-26 10:29:05,671 [INFO] DbBoards:161 - Kit is not supported: STEVAL-BFA001V1B
2024-06-26 10:29:05,674 [INFO] BoardInfo:889 - No configuration file found for board STEVAL-BFA001V2B
2024-06-26 10:29:05,675 [INFO] DbBoards:161 - Kit is not supported: STEVAL-BFA001V2B
2024-06-26 10:29:05,714 [WARN] PackLoader:240 - Cannot read IP mode file for STMicroelectronics.X-CUBE-BLEMGR.3.0.0
2024-06-26 10:29:05,828 [WARN] PackLoader:240 - Cannot read IP mode file for STMicroelectronics.FP-ATR-SIGFOX1.3.2.0
2024-06-26 10:29:05,858 [WARN] PackLoader:240 - Cannot read IP mode file for STMicroelectronics.X-CUBE-EEPRMA1.5.1.0
2024-06-26 10:29:06,000 [WARN] PackLoader:240 - Cannot read IP mode file for SEGGER.I-CUBE-embOS.1.3.1
2024-06-26 10:29:06,118 [WARN] PackLoader:240 - Cannot read IP mode file for STMicroelectronics.X-CUBE-ALGOBUILD.1.4.0
2024-06-26 10:29:06,147 [WARN] PackLoader:240 - Cannot read IP mode file for STMicroelectronics.X-CUBE-GNSS1.6.0.0
2024-06-26 10:29:06,207 [WARN] PackLoader:240 - Cannot read IP mode file for STMicroelectronics.X-CUBE-AZRTOS-F4.1.1.0
2024-06-26 10:29:06,236 [WARN] PackLoader:240 - Cannot read IP mode file for wolfSSL.I-CUBE-wolfSSL.5.6.3
2024-06-26 10:29:06,243 [INFO] DbBoards:168 - Found 199 boards, 196 are supported
2024-06-26 10:29:06,244 [INFO] DbBoards:169 - Found 199 boards, 8 of them is supported for  Bsp
2024-06-26 10:29:06,253 [INFO] ApiDb:668 - CubeFinder database Data Model version=2.1
2024-06-26 10:29:06,253 [INFO] ApiDb:669 - CubeFinder database Configuration version=3.0.39
2024-06-26 10:29:06,253 [INFO] ApiDb:670 - CubeFinder database generation date=2024-06-05 (1717578087)
2024-06-26 10:29:06,253 [INFO] ApiDb:671 - CubeFinder database FW Pack versions=[FP-ATR-ASTRA1_V2.0.0, FP-SNS-FLIGHT1_V5.0.1, FP-SNS-FLIGHT1_V5.0.2, FP-SNS-MOTENV1_V4.3.1, FP-SNS-MOTENV1_V4.3.2, FP-SNS-MOTENV1_V5.0.0, FP-SNS-MOTENVWB1_V1.4.0, FP-SNS-SMARTAG2_V1.2.0, STM32Cube_FW_C0_V1.1.0, STM32Cube_FW_F4_V1.28.0, STM32Cube_FW_F7_V1.17.2, STM32Cube_FW_G0_V1.6.2, STM32Cube_FW_G4_V1.5.2, STM32Cube_FW_H5_V0.5.1, STM32Cube_FW_H5_V1.1.1, STM32Cube_FW_H5_V1.2.0, STM32Cube_FW_H5_V1.2.0RC4, STM32Cube_FW_H7RS_V1.0.0, STM32Cube_FW_H7RS_V1.0.0RC4, STM32Cube_FW_H7_V1.11.2, STM32Cube_FW_L0_V1.12.2, STM32Cube_FW_L5_V1.5.1, STM32Cube_FW_U0_V1.0.0, STM32Cube_FW_U0_V1.0.0RC1, STM32Cube_FW_U5_V1.3.0RC4, STM32Cube_FW_U5_V1.5.0, STM32Cube_FW_U5_V1.5.0RC1, STM32Cube_FW_WBA_V1.0.0RC1, STM32Cube_FW_WBA_V1.2.0, STM32Cube_FW_WBA_V1.2.0RC2, STM32Cube_FW_WBA_V1.3.0RC1, STM32Cube_FW_WBA_V1.3.1, STM32Cube_FW_WB_V1.15.0RC1, STM32Cube_FW_WB_V1.16.0, STM32Cube_FW_WB_V1.16.0RC2, STM32Cube_FW_WB_V1.18.0, STM32Cube_FW_WB_V1.19.0, STM32Cube_FW_WL_V1.3.0, X-CUBE-ALGOBUILD_V1.4.0, X-CUBE-ALS_V1.0.1, X-CUBE-ALS_V1.0.2, X-CUBE-AZRTOS-F4_V1.1.0, X-CUBE-AZRTOS-F7_V1.1.0, X-CUBE-AZRTOS-G0_V1.1.0, X-CUBE-AZRTOS-G4_V2.0.0, X-CUBE-AZRTOS-H7RS_V1.0.0, X-CUBE-AZRTOS-H7_V3.2.0, X-CUBE-AZRTOS-L4_V1.0.0, X-CUBE-AZRTOS-L4_V2.0.0, X-CUBE-AZRTOS-L5_V1.1.0, X-CUBE-AZRTOS-WB_V2.0.0, X-CUBE-AZRTOS-WL_V2.0.0, X-CUBE-BLE1_V7.0.0, X-CUBE-BLE2_V3.3.0, X-CUBE-BLEMGR_V3.1.0, X-CUBE-EEPRMA1_V4.1.0, X-CUBE-EEPRMA1_V5.1.0, X-CUBE-FREERTOS_V1.2.0, X-CUBE-GNSS1_V6.0.0, X-CUBE-MEMS1_V10.0.0, X-CUBE-MEMS1_V9.1.0, X-CUBE-MEMS1_V9.4.0, X-CUBE-MEMS1_V9.6.0, X-CUBE-NFC4_V3.0.0, X-CUBE-NFC7_V1.0.1, X-CUBE-SFXS2LP1_V4.0.0, X-CUBE-SUBG2_V5.0.0, X-CUBE-TOF1_V3.4.1]
2024-06-26 10:29:06,265 [WARN] PackLoader:240 - Cannot read IP mode file for STMicroelectronics.X-CUBE-FREERTOS.1.2.0
2024-06-26 10:29:06,344 [WARN] PackLoader:240 - Cannot read IP mode file for STMicroelectronics.X-CUBE-AZRTOS-L5.2.0.0
2024-06-26 10:29:06,499 [WARN] PackLoader:240 - Cannot read IP mode file for STMicroelectronics.X-CUBE-MEMS1.9.6.0
2024-06-26 10:29:06,944 [WARN] PackLoader:240 - Cannot read IP mode file for STMicroelectronics.X-CUBE-EEPRMA1.4.2.0
2024-06-26 10:29:06,977 [WARN] PackLoader:240 - Cannot read IP mode file for STMicroelectronics.X-CUBE-NFC6.3.1.0
2024-06-26 10:29:07,010 [WARN] PackLoader:240 - Cannot read IP mode file for ITTIA_DB.I-CUBE-ITTIADB.8.8.0
2024-06-26 10:29:07,039 [WARN] PackLoader:240 - Cannot read IP mode file for STMicroelectronics.X-CUBE-BLEMGR.2.0.0
2024-06-26 10:29:07,069 [WARN] PackLoader:240 - Cannot read IP mode file for STMicroelectronics.X-CUBE-AI.9.0.0
2024-06-26 10:29:07,130 [WARN] ConditionMgr:438 - getConditionDescription Invalid condition id : UX DEVICE CLASS RTOS Condition cause : null
2024-06-26 10:29:07,131 [WARN] ConditionMgr:438 - getConditionDescription Invalid condition id : UX DEVICE CLASS RTOS Condition cause : null
2024-06-26 10:29:07,139 [WARN] PackLoader:240 - Cannot read IP mode file for STMicroelectronics.X-CUBE-AZRTOS-H7.3.1.0
2024-06-26 10:29:07,143 [WARN] ConditionMgr:1039 - genDependencies : Invalid condition id : UX DEVICE CLASS RTOS Condition cause : null
2024-06-26 10:29:07,144 [WARN] ConditionMgr:1039 - genDependencies : Invalid condition id : UX DEVICE CLASS RTOS Condition cause : null
2024-06-26 10:29:07,145 [WARN] ConditionMgr:1039 - genDependencies : Invalid condition id : UX DEVICE CLASS RTOS Condition cause : null
2024-06-26 10:29:07,147 [WARN] ConditionMgr:1039 - genDependencies : Invalid condition id : UX DEVICE CLASS RTOS Condition cause : null
2024-06-26 10:29:07,147 [WARN] ConditionMgr:1039 - genDependencies : Invalid condition id : UX DEVICE CLASS RTOS Condition cause : null
2024-06-26 10:29:07,176 [WARN] PackLoader:240 - Cannot read IP mode file for STMicroelectronics.X-CUBE-NFC7.1.0.1
2024-06-26 10:29:07,207 [WARN] PackLoader:240 - Cannot read IP mode file for STMicroelectronics.X-CUBE-NFC6.3.0.0
2024-06-26 10:29:07,236 [WARN] PackLoader:240 - Cannot read IP mode file for STMicroelectronics.X-CUBE-EEPRMA1.4.1.0
2024-06-26 10:29:07,259 [WARN] PackLoader:240 - Cannot read IP mode file for STMicroelectronics.X-CUBE-AI.8.1.0
2024-06-26 10:29:07,344 [WARN] ConditionMgr:438 - getConditionDescription Invalid condition id : LAN8742 Phy interface Condition cause : null
2024-06-26 10:29:07,345 [WARN] PackLoader:240 - Cannot read IP mode file for STMicroelectronics.X-CUBE-AZRTOS-L4.2.0.0
2024-06-26 10:29:07,349 [WARN] ConditionMgr:1039 - genDependencies : Invalid condition id : LAN8742 Phy interface Condition cause : null
2024-06-26 10:29:07,352 [WARN] ConditionMgr:1039 - genDependencies : Invalid condition id : LAN8742 Phy interface Condition cause : null
2024-06-26 10:29:07,357 [WARN] ConditionMgr:1039 - genDependencies : Invalid condition id : LAN8742 Phy interface Condition cause : null
2024-06-26 10:29:07,398 [WARN] PackLoader:240 - Cannot read IP mode file for STMicroelectronics.X-CUBE-SFXS2LP1.4.0.0
2024-06-26 10:29:07,429 [WARN] PackLoader:240 - Cannot read IP mode file for STMicroelectronics.X-CUBE-ISPU.1.1.0
2024-06-26 10:29:07,486 [WARN] ConditionMgr:438 - getConditionDescription Invalid condition id : UX DEVICE CLASS RTOS Condition cause : null
2024-06-26 10:29:07,487 [WARN] ConditionMgr:438 - getConditionDescription Invalid condition id : UX DEVICE CLASS RTOS Condition cause : null
2024-06-26 10:29:07,491 [WARN] PackLoader:240 - Cannot read IP mode file for STMicroelectronics.X-CUBE-AZRTOS-WB.2.0.0
2024-06-26 10:29:07,492 [WARN] ConditionMgr:1039 - genDependencies : Invalid condition id : UX DEVICE CLASS RTOS Condition cause : null
2024-06-26 10:29:07,492 [WARN] ConditionMgr:1039 - genDependencies : Invalid condition id : UX DEVICE CLASS RTOS Condition cause : null
2024-06-26 10:29:07,493 [WARN] ConditionMgr:1039 - genDependencies : Invalid condition id : UX DEVICE CLASS RTOS Condition cause : null
2024-06-26 10:29:07,494 [WARN] ConditionMgr:1039 - genDependencies : Invalid condition id : UX DEVICE CLASS RTOS Condition cause : null
2024-06-26 10:29:07,494 [WARN] ConditionMgr:1039 - genDependencies : Invalid condition id : UX DEVICE CLASS RTOS Condition cause : null
2024-06-26 10:29:07,541 [WARN] PackLoader:240 - Cannot read IP mode file for STMicroelectronics.X-CUBE-SUBG2.5.0.0
2024-06-26 10:29:07,626 [WARN] PackLoader:240 - Cannot read IP mode file for STMicroelectronics.X-CUBE-TOF1.3.3.1
2024-06-26 10:29:07,748 [WARN] PackLoader:240 - Cannot read IP mode file for STMicroelectronics.X-CUBE-AZRTOS-G4.2.0.0
2024-06-26 10:29:09,286 [WARN] PackLoader:240 - Cannot read IP mode file for Infineon.AIROC-Wi-Fi-Bluetooth-STM32.1.5.1
2024-06-26 10:29:09,535 [WARN] PackLoader:240 - Cannot read IP mode file for STMicroelectronics.FP-SNS-MOTENVWB1.1.3.1
2024-06-26 10:29:09,968 [WARN] PackLoader:240 - Cannot read IP mode file for STMicroelectronics.X-CUBE-ISPU.2.0.0
2024-06-26 10:29:10,449 [WARN] PackLoader:240 - Cannot read IP mode file for STMicroelectronics.X-CUBE-ALS.1.0.2
2024-06-26 10:29:12,425 [WARN] PackLoader:240 - Cannot read IP mode file for STMicroelectronics.X-CUBE-MEMS1.10.0.0
2024-06-26 10:29:12,649 [WARN] PackLoader:240 - Cannot read IP mode file for STMicroelectronics.X-CUBE-FREERTOS.1.1.0
2024-06-26 10:29:12,702 [WARN] PackLoader:240 - Cannot read IP mode file for STMicroelectronics.X-CUBE-TOUCHGFX.4.24.0
2024-06-26 10:29:12,784 [WARN] PackLoader:240 - Cannot read IP mode file for portGmbH.I-Cube-SoM-uGOAL.1.1.0
2024-06-26 10:29:12,834 [WARN] PackLoader:240 - Cannot read IP mode file for STMicroelectronics.X-CUBE-ALS.1.0.1
2024-06-26 10:29:13,137 [WARN] PackLoader:240 - Cannot read IP mode file for STMicroelectronics.X-CUBE-AZRTOS-H7RS.1.0.0
2024-06-26 10:29:13,384 [WARN] PackLoader:240 - Cannot read IP mode file for STMicroelectronics.FP-ATR-ASTRA1.2.0.0
2024-06-26 10:29:13,603 [WARN] PackLoader:240 - Cannot read IP mode file for STMicroelectronics.X-CUBE-TOF1.3.4.0
2024-06-26 10:29:13,737 [WARN] PackLoader:240 - Cannot read IP mode file for STMicroelectronics.X-CUBE-TOF1.3.4.1
2024-06-26 10:29:13,830 [WARN] PackLoader:240 - Cannot read IP mode file for STMicroelectronics.X-CUBE-AZRTOS-H7.3.2.0
2024-06-26 10:29:13,857 [INFO] ThirdParty:978 - Integrity check success = true
2024-06-26 10:29:13,857 [INFO] IntegrityCheckThread:100 - exiting critical section [integrity check]
2024-06-26 10:29:13,857 [INFO] IntegrityCheckThread:103 - End integrity checks thread
2024-06-26 10:29:20,108 [INFO] ApiDb:240 - Found 483 in-development CPN: [B-G473E-ZEST1S, B-WB1M-WPAN1, B-WL5M-SUBG1, NUCLEO-C031C6, NUCLEO-H503RB, NUCLEO-H533RE, NUCLEO-H563ZI, NUCLEO-H7S3L8, NUCLEO-U031R8, NUCLEO-U083RC, NUCLEO-U545RE-Q, NUCLEO-U5A5ZJ-Q, NUCLEO-WBA52CG, NUCLEO-WBA55CG, STEVAL-PROTEUS1, STEVAL-SMARTAG2, STEVAL-STWINBX1, STM320518-EVAL, STM32C0116-DK, STM32C011D6Y3TR, STM32C011D6Y6TR, STM32C011F4P3, STM32C011F4P6, STM32C011F4U3, STM32C011F4U6TR, STM32C011F6P3, STM32C011F6P6, STM32C011F6U3, STM32C011F6U6TR, STM32C011J4M3, STM32C011J4M6, STM32C011J6M3, STM32C011J6M6, STM32C0316-DK, STM32C031C4T3, STM32C031C4T6, STM32C031C4U3, STM32C031C4U6, STM32C031C6T3, STM32C031C6T6, STM32C031C6U3, STM32C031C6U6, STM32C031F4P3, STM32C031F4P6, STM32C031F6P3, STM32C031F6P6, STM32C031G4U3, STM32C031G4U6, STM32C031G6U3, STM32C031G6U6, STM32C031K4T3, STM32C031K4T6, STM32C031K4U3, STM32C031K4U6, STM32C031K6T3, STM32C031K6T6, STM32C031K6U3, STM32C031K6U6, STM32G071K8TXN, STM32G071K8UXN, STM32G081GBU6N, STM32G081KBT6N, STM32G081KBUXN, STM32G0B1CCT6N, STM32G0B1KCT6, STM32G0B1NEY6TR, STM32G0B1RCT6N, STM32G0C1CCT6, STM32G0C1CCT6N, STM32G0C1CCU6N, STM32G0C1CET6N, STM32G0C1CEU6N, STM32G0C1KCT6, STM32G0C1NEY6TR, STM32G0C1RCI6N, STM32G0C1RCT6N, STM32G0C1REI6N, STM32G0C1RET6N, STM32G0C1VCI6, STM32G0C1VEI6, STM32G471CCT6, STM32G471CCU6, STM32G471CET3, STM32G471CET6, STM32G471CEU3, STM32G471CEU6, STM32G471MCT6, STM32G471MET3, STM32G471MET6, STM32G471MEY6TR, STM32G471QCT6, STM32G471QET3, STM32G471RCT6, STM32G471RET3, STM32G471RET6, STM32G471VCH6, STM32G471VCI6, STM32G471VCT6, STM32G471VEH3, STM32G471VEH6, STM32G471VEI3, STM32G471VEI6, STM32G471VET3, STM32G471VET6, STM32G474CCT6, STM32H503CBT6, STM32H503CBU6, STM32H503EBY6TR, STM32H503KBU6, STM32H503RBT6, STM32H523CCT6, STM32H523CCU6, STM32H523CET6, STM32H523CEU6, STM32H523HEY6TR, STM32H523RCT6, STM32H523RET6, STM32H523VCI6, STM32H523VCT6, STM32H523VEI6, STM32H523VET6, STM32H523ZCJ6, STM32H523ZCT6, STM32H523ZEJ6, STM32H523ZET6, STM32H533CET6, STM32H533CEU6, STM32H533HEY6TR, STM32H533RET6, STM32H533VEI6, STM32H533VET6, STM32H533ZEJ6, STM32H533ZET6, STM32H562AGI6, STM32H562AII6, STM32H562IGK6, STM32H562IGT6, STM32H562IIK6, STM32H562IIT6, STM32H562RGT6, STM32H562RGV6, STM32H562RIT6, STM32H562RIV6, STM32H562VGT6, STM32H562VIT6, STM32H562ZGT6, STM32H562ZIT6, STM32H563AGI6, STM32H563AII3Q, STM32H563AII6, STM32H563IGK6, STM32H563IGT6, STM32H563IIK3Q, STM32H563IIK6, STM32H563IIT3Q, STM32H563IIT6, STM32H563MIY3QTR, STM32H563RGT6, STM32H563RGV6, STM32H563RIT6, STM32H563RIV6, STM32H563VGT6, STM32H563VIT3Q, STM32H563VIT6, STM32H563ZGT6, STM32H563ZIT3Q, STM32H563ZIT6, STM32H573AII3Q, STM32H573AII6, STM32H573I-DK, STM32H573IIK3Q, STM32H573IIK6, STM32H573IIT3Q, STM32H573IIT6, STM32H573MIY3QTR, STM32H573RIT6, STM32H573RIV6, STM32H573VIT3Q, STM32H573VIT6, STM32H573ZIT3Q, STM32H573ZIT6, STM32H7R3A8I6, STM32H7R3I8K6, STM32H7R3I8T6, STM32H7R3L8H6, STM32H7R3L8H6H, STM32H7R3R8V6, STM32H7R3V8H6, STM32H7R3V8T6, STM32H7R3V8Y6, STM32H7R3Z8J6, STM32H7R3Z8T6, STM32H7R7A8I6, STM32H7R7I8K6, STM32H7R7I8T6, STM32H7R7L8H6, STM32H7R7L8H6H, STM32H7R7Z8J6, STM32H7S3A8I6, STM32H7S3I8K6, STM32H7S3I8T6, STM32H7S3L8H6, STM32H7S3L8H6H, STM32H7S3R8V6, STM32H7S3V8H6, STM32H7S3V8T6, STM32H7S3V8Y6, STM32H7S3Z8J6, STM32H7S3Z8T6, STM32H7S78-DK, STM32H7S7A8I6, STM32H7S7I8K6, STM32H7S7I8T6, STM32H7S7L8H6, STM32H7S7L8H6H, STM32H7S7Z8J6, STM32L4R5QGI6STR, STM32MP131AAE3, STM32MP131AAF3, STM32MP131AAG3, STM32MP131CAE3, STM32MP131CAF3, STM32MP131CAG3, STM32MP131DAE7, STM32MP131DAF7, STM32MP131DAG7, STM32MP131FAE7, STM32MP131FAF7, STM32MP131FAG7, STM32MP133AAE3, STM32MP133AAF3, STM32MP133AAG3, STM32MP133CAE3, STM32MP133CAF3, STM32MP133CAG3, STM32MP133DAE7, STM32MP133DAF7, STM32MP133DAG7, STM32MP133FAE7, STM32MP133FAF7, STM32MP133FAG7, STM32MP135AAE3, STM32MP135AAF3, STM32MP135AAG3, STM32MP135CAE3, STM32MP135CAF3, STM32MP135CAG3, STM32MP135DAE7, STM32MP135DAF7, STM32MP135DAG7, STM32MP135F-DK, STM32MP135FAE7, STM32MP135FAF7, STM32MP135FAF7T, STM32MP135FAF7U, STM32MP135FAG7, STM32U031C6T6, STM32U031C6U6, STM32U031C8T6, STM32U031C8U6, STM32U031F4P6, STM32U031F6P6, STM32U031F8P6, STM32U031G6Y6TR, STM32U031G8Y6TR, STM32U031K4U6, STM32U031K6U6, STM32U031K8U6, STM32U031R6I6, STM32U031R6T6, STM32U031R8I6, STM32U031R8T6, STM32U073C8T6, STM32U073C8U6, STM32U073CBT6, STM32U073CBU6, STM32U073CCT6, STM32U073CCU6, STM32U073H8Y6TR, STM32U073HBY6TR, STM32U073HCY6TR, STM32U073K8U6, STM32U073KBU6, STM32U073KCU6, STM32U073M8I6, STM32U073M8T6, STM32U073MBI6, STM32U073MBT6, STM32U073MCI6, STM32U073MCT6, STM32U073R8I6, STM32U073R8T6, STM32U073RBI6, STM32U073RBT6, STM32U073RCI6, STM32U073RCT6, STM32U083C-DK, STM32U083CCT6, STM32U083CCU6, STM32U083HCY6TR, STM32U083KCU6, STM32U083MCI6, STM32U083MCT6, STM32U083RCI6, STM32U083RCT6, STM32U535CBT6, STM32U535CBT6Q, STM32U535CBU6, STM32U535CBU6Q, STM32U535CCT6, STM32U535CCT6Q, STM32U535CCU6, STM32U535CCU6Q, STM32U535CET6, STM32U535CET6Q, STM32U535CEU6, STM32U535CEU6Q, STM32U535JEY6QTR, STM32U535NCY6QTR, STM32U535NEY6QTR, STM32U535RBI6, STM32U535RBI6Q, STM32U535RBT6, STM32U535RBT6Q, STM32U535RCI6, STM32U535RCI6Q, STM32U535RCT6, STM32U535RCT6Q, STM32U535REI6, STM32U535REI6Q, STM32U535RET6, STM32U535RET6Q, STM32U535VCI6, STM32U535VCI6Q, STM32U535VCT6, STM32U535VCT6Q, STM32U535VEI6, STM32U535VEI6Q, STM32U535VET6, STM32U535VET6Q, STM32U545CET6, STM32U545CET6Q, STM32U545CEU6, STM32U545CEU6Q, STM32U545JEY6QTR, STM32U545NEY6QTR, STM32U545REI6, STM32U545REI6Q, STM32U545RET6, STM32U545RET6Q, STM32U545VEI6, STM32U545VEI6Q, STM32U545VET6, STM32U545VET6Q, STM32U595AIH6, STM32U595AIH6Q, STM32U595AJH6, STM32U595AJH6Q, STM32U595QII6, STM32U595QII6Q, STM32U595QJI6, STM32U595QJI6Q, STM32U595RIT6, STM32U595RIT6Q, STM32U595RJT6, STM32U595RJT6Q, STM32U595VIT6, STM32U595VIT6Q, STM32U595VJT6, STM32U595VJT6Q, STM32U595ZIT6, STM32U595ZIT6Q, STM32U595ZIY6QTR, STM32U595ZJT6, STM32U595ZJT6Q, STM32U595ZJY6QTR, STM32U599BJY6QTR, STM32U599NIH6Q, STM32U599NJH6Q, STM32U599VIT6Q, STM32U599VJT6, STM32U599VJT6Q, STM32U599ZIT6Q, STM32U599ZIY6QTR, STM32U599ZJT6Q, STM32U599ZJY6QTR, STM32U5A5AJH6, STM32U5A5AJH6Q, STM32U5A5QII3Q , STM32U5A5QJI6, STM32U5A5QJI6Q, STM32U5A5RJT6, STM32U5A5RJT6Q, STM32U5A5VJT6, STM32U5A5VJT6Q, STM32U5A5ZJT6, STM32U5A5ZJT6Q, STM32U5A5ZJY6QTR, STM32U5A9BJY6QTR, STM32U5A9J-DK, STM32U5A9NJH6Q, STM32U5A9VJT6Q, STM32U5A9ZJT6Q, STM32U5A9ZJY6QTR, STM32U5F7VIT6, STM32U5F7VIT6Q, STM32U5F7VJT6, STM32U5F7VJT6Q, STM32U5F9BJY6QTR, STM32U5F9NJH6Q, STM32U5F9VIT6Q, STM32U5F9VJT6Q, STM32U5F9ZIJ6QTR, STM32U5F9ZIT6Q, STM32U5F9ZJJ6QTR, STM32U5F9ZJT6Q, STM32U5G7VJT6, STM32U5G7VJT6Q, STM32U5G9BJY6QTR, STM32U5G9J-DK1, STM32U5G9J-DK2, STM32U5G9NJH6Q, STM32U5G9VJT6Q, STM32U5G9ZJJ6QTR, STM32U5G9ZJT6Q, STM32WB1MMCH6, STM32WBA50KEU6, STM32WBA50KEU6TR, STM32WBA50KGU6, STM32WBA50KGU6TR, STM32WBA52CEU6, STM32WBA52CEU6TR, STM32WBA52CEU7, STM32WBA52CEU7TR, STM32WBA52CGU6, STM32WBA52CGU6TR, STM32WBA52CGU6U, STM32WBA52CGU7, STM32WBA52CGU7TR, STM32WBA52KEU6, STM32WBA52KEU6TR, STM32WBA52KGU6, STM32WBA52KGU6TR, STM32WBA54CEU6, STM32WBA54CEU6TR, STM32WBA54CEU7, STM32WBA54CEU7TR, STM32WBA54CGU6, STM32WBA54CGU6TR, STM32WBA54CGU7, STM32WBA54CGU7TR, STM32WBA54KEU6, STM32WBA54KEU6TR, STM32WBA54KEU7, STM32WBA54KEU7TR, STM32WBA54KGU6, STM32WBA54KGU6TR, STM32WBA54KGU7, STM32WBA54KGU7TR, STM32WBA55CEU6, STM32WBA55CEU6TR, STM32WBA55CEU7, STM32WBA55CEU7TR, STM32WBA55CGU6, STM32WBA55CGU6TR, STM32WBA55CGU6U, STM32WBA55CGU7, STM32WBA55CGU7TR, STM32WBA55G-DK1, STM32WBA55HEF6, STM32WBA55HEF7, STM32WBA55HGF6, STM32WBA55HGF7, STM32WBA55UEI6, STM32WBA55UEI6TR, STM32WBA55UEI7, STM32WBA55UEI7TR, STM32WBA55UGI6, STM32WBA55UGI6TR, STM32WBA55UGI7, STM32WBA55UGI7TR, STM32WL5MOCH6, STM32WL5MOCH6TR]
2024-06-26 10:29:20,123 [INFO] DbMcus:218 - Found 4096 MCUs, 4096 are supported
2024-06-26 10:29:20,152 [INFO] ApiDb:423 - Load user favorites file C:\Users\User/.stm32cubeide/favorites.mcus.txt: 1 item(s)
2024-06-26 10:29:20,152 [INFO] ApiDb:427 - User favorites MCUs=[STM32C011F6P6]
2024-06-26 10:29:20,152 [INFO] DbMcus:224 - Set 1 / 1 favorites MCUs
2024-06-26 10:29:21,476 [INFO] ApiDb:423 - Load user favorites file C:\Users\User/.stm32cubeide/favorites.boards.txt: 0 item(s)
2024-06-26 10:29:21,477 [INFO] ApiDb:427 - User favorites Boards=[]
2024-06-26 10:29:21,477 [INFO] DbBoards:198 - Set 0 / 0 favorites Boards
2024-06-26 10:29:21,478 [INFO] McuFinderGlobals:76 - Set McuFinderConnectedMode to true
2024-06-26 10:29:22,424 [INFO] MultiScanPanel:200 - Auto-refresh data requested => check proxy status ongoing
2024-06-26 10:29:22,810 [INFO] FinderPluginLoader:95 - Searching for filters in installed packs
2024-06-26 10:29:27,294 [INFO] WebApp:161 - Instantiating new browser for Auth
2024-06-26 10:29:29,998 [INFO] WebApp:779 - Register for checkConnection events
2024-06-26 10:29:29,998 [INFO] WebApp:414 - Apply proxy settings
2024-06-26 10:29:29,999 [INFO] WebApp:499 - Chromium requires no authentication
2024-06-26 10:29:30,060 [INFO] WebApp:442 - Direct internet connection detected
2024-06-26 10:29:30,900 [INFO] WebApp:192 - Starting web application
2024-06-26 10:29:30,900 [INFO] WebApp:544 - Web application path used C:\ST\STM32CubeIDE_1.15.1\STM32CubeIDE\plugins\com.st.stm32cube.common.mx_6.11.1.202404110753\db\plugins\mcufinder\reactClient1\index.html
2024-06-26 10:29:31,437 [INFO] LoadUrlFilesThread:185 - End of LoadServerUrlFiles without Thread
2024-06-26 10:29:31,476 [INFO] DetailPanel:341 - Set advertising image to C:/Users/User/STM32Cube/Repository/\en.prom-stm32h7rs-mcu-finder.jpg
2024-06-26 10:31:49,411 [INFO] MainUpdater:2873 - connection check result : 10
2024-06-26 10:31:49,411 [INFO] MainUpdater:2873 - connection check result : 10
2024-06-26 10:31:49,496 [INFO] MicroXplorer:468 - Change Database Path : 
2024-06-26 10:31:49,497 [INFO] MicroXplorer:498 - Change Database Version : DB.6.0.111
2024-06-26 10:31:49,517 [WARN] ThirdParty:871 - waiting for thirdparty lock release [close project]
2024-06-26 10:31:49,517 [INFO] ThirdParty:873 - entering critical section [close project]
2024-06-26 10:31:49,525 [INFO] ThirdParty:883 - exiting critical section [close project]
2024-06-26 10:31:49,533 [INFO] PinOutPanel:1561 - setPackage(No Configuration,No Configuration)
2024-06-26 10:31:49,543 [INFO] UtilMem:75 - Begin LoadConfig() Used Memory: 604317064 Bytes (1073741824)
2024-06-26 10:31:49,546 [INFO] MicroXplorer:468 - Change Database Path : 
2024-06-26 10:31:49,547 [INFO] MicroXplorer:498 - Change Database Version : DB.6.0.111
2024-06-26 10:31:49,547 [INFO] OpenFileManager:312 - Change cursor
2024-06-26 10:31:49,863 [INFO] Mcu:2021 - Initializing MCU STM32C011F6Px STM32C011F6Px STM32C011F6P6
2024-06-26 10:31:52,817 [INFO] Context:663 - Trying to add GPIOservice into a context  which must be forbidden
2024-06-26 10:31:53,663 [INFO] ImportTextPane:194 - (OptionalMessage_ERROR) Unable to find key (Mcu.ThirdPartyNb) in loaded IOC file
2024-06-26 10:31:53,664 [INFO] ImportTextPane:194 - (OptionalMessage_ERROR) Unable to find key (Mcu.PinsNb) in loaded IOC file
2024-06-26 10:31:53,664 [INFO] ImportTextPane:194 - (OptionalMessage_ERROR) Unable to find key (Mcu.IPNb) in loaded IOC file
2024-06-26 10:31:54,572 [WARN] ModelIntegratedComponent:63 - No mode defined for component null
2024-06-26 10:31:54,572 [WARN] ModelIntegratedComponent:63 - No mode defined for component null
2024-06-26 10:31:54,572 [WARN] ModelIntegratedComponent:63 - No mode defined for component null
2024-06-26 10:31:54,573 [WARN] ModelIntegratedComponent:63 - No mode defined for component null
2024-06-26 10:31:54,573 [WARN] ModelIntegratedComponent:63 - No mode defined for component null
2024-06-26 10:31:54,573 [WARN] ModelIntegratedComponent:63 - No mode defined for component null
2024-06-26 10:31:54,573 [WARN] ModelIntegratedComponent:63 - No mode defined for component null
2024-06-26 10:31:54,573 [WARN] ModelIntegratedComponent:63 - No mode defined for component null
2024-06-26 10:31:54,573 [WARN] ModelIntegratedComponent:63 - No mode defined for component null
2024-06-26 10:31:54,574 [WARN] ModelIntegratedComponent:63 - No mode defined for component null
2024-06-26 10:31:54,574 [WARN] ModelIntegratedComponent:63 - No mode defined for component null
2024-06-26 10:31:54,574 [WARN] ModelIntegratedComponent:63 - No mode defined for component null
2024-06-26 10:31:54,574 [WARN] ModelIntegratedComponent:63 - No mode defined for component null
2024-06-26 10:31:54,574 [WARN] ModelIntegratedComponent:63 - No mode defined for component null
2024-06-26 10:31:54,574 [WARN] ModelIntegratedComponent:63 - No mode defined for component null
2024-06-26 10:31:54,574 [WARN] ModelIntegratedComponent:63 - No mode defined for component null
2024-06-26 10:31:54,575 [WARN] ModelIntegratedComponent:63 - No mode defined for component null
2024-06-26 10:31:54,575 [WARN] ModelIntegratedComponent:63 - No mode defined for component null
2024-06-26 10:31:54,575 [WARN] ModelIntegratedComponent:63 - No mode defined for component null
2024-06-26 10:31:54,575 [WARN] ModelIntegratedComponent:63 - No mode defined for component null
2024-06-26 10:31:54,576 [WARN] ModelIntegratedComponent:63 - No mode defined for component null
2024-06-26 10:31:54,576 [WARN] ModelIntegratedComponent:63 - No mode defined for component null
2024-06-26 10:31:54,576 [WARN] ModelIntegratedComponent:63 - No mode defined for component null
2024-06-26 10:31:54,576 [WARN] ModelIntegratedComponent:63 - No mode defined for component null
2024-06-26 10:31:54,576 [WARN] ModelIntegratedComponent:63 - No mode defined for component null
2024-06-26 10:31:54,576 [WARN] ModelIntegratedComponent:63 - No mode defined for component null
2024-06-26 10:31:54,576 [WARN] ModelIntegratedComponent:63 - No mode defined for component null
2024-06-26 10:31:54,577 [WARN] ModelIntegratedComponent:63 - No mode defined for component null
2024-06-26 10:31:54,577 [WARN] ModelIntegratedComponent:63 - No mode defined for component null
2024-06-26 10:31:54,577 [WARN] ModelIntegratedComponent:63 - No mode defined for component null
2024-06-26 10:31:54,577 [WARN] ModelIntegratedComponent:63 - No mode defined for component null
2024-06-26 10:31:54,577 [WARN] ModelIntegratedComponent:63 - No mode defined for component null
2024-06-26 10:31:54,577 [WARN] ModelIntegratedComponent:63 - No mode defined for component null
2024-06-26 10:31:54,577 [WARN] ModelIntegratedComponent:63 - No mode defined for component null
2024-06-26 10:31:54,934 [INFO] RtosManager:555 - Registered RTOS mode: class=RTOS, group=ThreadX, mode=Core, owner=THREADX
2024-06-26 10:31:55,025 [INFO] ThirdPartyModel:298 - Start build external matchings
2024-06-26 10:31:58,039 [INFO] ThirdPartyModel:316 - End build external matchings
2024-06-26 10:31:58,521 [INFO] UtilMem:75 - End LoadConfig() Used Memory: 795660720 Bytes (1073741824)
2024-06-26 10:31:59,017 [WARN] ThirdParty:833 - waiting for thirdparty lock release [change project]
2024-06-26 10:31:59,017 [INFO] ThirdParty:835 - entering critical section [change project]
2024-06-26 10:31:59,018 [INFO] ThirdParty:1030 - CMSIS Pack Vendor :STMicroelectronics X-CUBE-ISPU 1.1.0
2024-06-26 10:31:59,018 [INFO] ThirdParty:1030 - CMSIS Pack Vendor :STMicroelectronics USBPD 4.1
2024-06-26 10:31:59,018 [INFO] ThirdParty:1030 - CMSIS Pack Vendor :STMicroelectronics X-CUBE-GNSS1 6.0.0
2024-06-26 10:31:59,018 [INFO] ThirdParty:1030 - CMSIS Pack Vendor :STMicroelectronics USB_HOST 2.0.0
2024-06-26 10:31:59,019 [INFO] ThirdParty:1030 - CMSIS Pack Vendor :STMicroelectronics FP-SNS-MOTENVWB1 1.4.0
2024-06-26 10:31:59,019 [INFO] ThirdParty:1030 - CMSIS Pack Vendor :STMicroelectronics X-CUBE-AZRTOS-F4 1.1.0
2024-06-26 10:31:59,019 [INFO] ThirdParty:1030 - CMSIS Pack Vendor :STMicroelectronics LIBJPEG 8.0.0
2024-06-26 10:31:59,019 [INFO] ThirdParty:1030 - CMSIS Pack Vendor :wolfSSL I-CUBE-wolfSSL 5.6.3
2024-06-26 10:31:59,019 [INFO] ThirdParty:1030 - CMSIS Pack Vendor :STMicroelectronics X-CUBE-SMBUS 2.1.0
2024-06-26 10:31:59,019 [INFO] ThirdParty:1030 - CMSIS Pack Vendor :STMicroelectronics USB_DEVICE 3.0.0
2024-06-26 10:31:59,019 [INFO] ThirdParty:1030 - CMSIS Pack Vendor :STMicroelectronics X-CUBE-TCPP 4.1.0
2024-06-26 10:31:59,019 [INFO] ThirdParty:1030 - CMSIS Pack Vendor :STMicroelectronics X-CUBE-FREERTOS 1.2.0
2024-06-26 10:31:59,019 [INFO] ThirdParty:1030 - CMSIS Pack Vendor :STMicroelectronics X-CUBE-AZRTOS-WB 2.0.0
2024-06-26 10:31:59,019 [INFO] ThirdParty:1030 - CMSIS Pack Vendor :STMicroelectronics X-CUBE-TOUCHGFX 4.23.0
2024-06-26 10:31:59,020 [INFO] ThirdParty:1030 - CMSIS Pack Vendor :STMicroelectronics X-CUBE-TOUCHGFX 4.23.2
2024-06-26 10:31:59,020 [INFO] ThirdParty:1030 - CMSIS Pack Vendor :STMicroelectronics X-CUBE-AZRTOS-F7 1.1.0
2024-06-26 10:31:59,020 [INFO] ThirdParty:1030 - CMSIS Pack Vendor :STMicroelectronics X-CUBE-AZRTOS-L5 2.0.0
2024-06-26 10:31:59,020 [INFO] ThirdParty:1030 - CMSIS Pack Vendor :STMicroelectronics USB_DEVICE 2.0.0
2024-06-26 10:31:59,020 [INFO] ThirdParty:1030 - CMSIS Pack Vendor :STMicroelectronics X-CUBE-MEMS1 9.6.0
2024-06-26 10:31:59,020 [INFO] ThirdParty:1030 - CMSIS Pack Vendor :STMicroelectronics X-CUBE-EEPRMA1 4.2.0
2024-06-26 10:31:59,020 [INFO] ThirdParty:1030 - CMSIS Pack Vendor :STMicroelectronics X-CUBE-NFC6 3.1.0
2024-06-26 10:31:59,020 [INFO] ThirdParty:1030 - CMSIS Pack Vendor :ITTIA_DB I-CUBE-ITTIADB 8.8.0
2024-06-26 10:31:59,020 [INFO] ThirdParty:1030 - CMSIS Pack Vendor :STMicroelectronics FP-SNS-MOTENV1 4.3.2
2024-06-26 10:31:59,021 [INFO] ThirdParty:1030 - CMSIS Pack Vendor :STMicroelectronics X-CUBE-ALGOBUILD 1.3.0
2024-06-26 10:31:59,021 [INFO] ThirdParty:1030 - CMSIS Pack Vendor :STMicroelectronics FreeRTOS 0.0.1
2024-06-26 10:31:59,021 [INFO] ThirdParty:1030 - CMSIS Pack Vendor :STMicroelectronics X-CUBE-AZRTOS-G0 1.1.0
2024-06-26 10:31:59,021 [INFO] ThirdParty:1030 - CMSIS Pack Vendor :STMicroelectronics X-CUBE-BLEMGR 2.0.0
2024-06-26 10:31:59,021 [INFO] ThirdParty:1030 - CMSIS Pack Vendor :STMicroelectronics X-CUBE-SAFEA1 1.2.2
2024-06-26 10:31:59,021 [INFO] ThirdParty:1030 - CMSIS Pack Vendor :STMicroelectronics X-CUBE-NFC4 3.0.0
2024-06-26 10:31:59,021 [INFO] ThirdParty:1030 - CMSIS Pack Vendor :STMicroelectronics X-CUBE-SUBG2 5.0.0
2024-06-26 10:31:59,021 [INFO] ThirdParty:1030 - CMSIS Pack Vendor :STMicroelectronics STM32_WPAN 1.0.0
2024-06-26 10:31:59,022 [INFO] ThirdParty:1030 - CMSIS Pack Vendor :wolfSSL I-CUBE-wolfMQTT 1.18.0
2024-06-26 10:31:59,022 [INFO] ThirdParty:1030 - CMSIS Pack Vendor :STMicroelectronics lwIP 2.0.3
2024-06-26 10:31:59,022 [INFO] ThirdParty:1030 - CMSIS Pack Vendor :STMicroelectronics FP-SNS-FLIGHT1 5.0.2
2024-06-26 10:31:59,022 [INFO] ThirdParty:1030 - CMSIS Pack Vendor :STMicroelectronics USB_HOST 1.0.0
2024-06-26 10:31:59,022 [INFO] ThirdParty:1030 - CMSIS Pack Vendor :STMicroelectronics X-CUBE-TOF1 3.3.1
2024-06-26 10:31:59,022 [INFO] ThirdParty:1030 - CMSIS Pack Vendor :STMicroelectronics X-CUBE-AI 9.0.0
2024-06-26 10:31:59,023 [INFO] ThirdParty:1030 - CMSIS Pack Vendor :STMicroelectronics X-CUBE-AZRTOS-G4 2.0.0
2024-06-26 10:31:59,023 [INFO] ThirdParty:1030 - CMSIS Pack Vendor :STMicroelectronics PDM2PCM 3.1.0
2024-06-26 10:31:59,023 [INFO] ThirdParty:1030 - CMSIS Pack Vendor :STMicroelectronics X-CUBE-AZRTOS-H7 3.1.0
2024-06-26 10:31:59,023 [INFO] ThirdParty:1030 - CMSIS Pack Vendor :Infineon AIROC-Wi-Fi-Bluetooth-STM32 1.5.1
2024-06-26 10:31:59,023 [INFO] ThirdParty:1030 - CMSIS Pack Vendor :STMicroelectronics X-CUBE-BLEMGR 3.0.0
2024-06-26 10:31:59,023 [INFO] ThirdParty:1030 - CMSIS Pack Vendor :STMicroelectronics PDM2PCM 3.3.0
2024-06-26 10:31:59,024 [INFO] ThirdParty:1030 - CMSIS Pack Vendor :STMicroelectronics X-CUBE-DISPLAY 3.0.0
2024-06-26 10:31:59,024 [INFO] ThirdParty:1030 - CMSIS Pack Vendor :STMicroelectronics FP-SNS-MOTENVWB1 1.3.1
2024-06-26 10:31:59,024 [INFO] ThirdParty:1030 - CMSIS Pack Vendor :STMicroelectronics X-CUBE-BLE1 7.0.0
2024-06-26 10:31:59,024 [INFO] ThirdParty:1030 - CMSIS Pack Vendor :STMicroelectronics FP-ATR-SIGFOX1 3.2.0
2024-06-26 10:31:59,024 [INFO] ThirdParty:1030 - CMSIS Pack Vendor :STMicroelectronics X-CUBE-ISPU 2.0.0
2024-06-26 10:31:59,024 [INFO] ThirdParty:1030 - CMSIS Pack Vendor :STMicroelectronics X-CUBE-EEPRMA1 5.1.0
2024-06-26 10:31:59,024 [INFO] ThirdParty:1030 - CMSIS Pack Vendor :STMicroelectronics HAL Drivers 0.0.0
2024-06-26 10:31:59,024 [INFO] ThirdParty:1030 - CMSIS Pack Vendor :STMicroelectronics MBEDTLS 2.16.2
2024-06-26 10:31:59,024 [INFO] ThirdParty:1030 - CMSIS Pack Vendor :STMicroelectronics X-CUBE-ALS 1.0.2
2024-06-26 10:31:59,024 [INFO] ThirdParty:1030 - CMSIS Pack Vendor :emotas I-CUBE-CANOPEN 1.3.0
2024-06-26 10:31:59,024 [INFO] ThirdParty:1030 - CMSIS Pack Vendor :STMicroelectronics X-CUBE-MEMS1 10.0.0
2024-06-26 10:31:59,024 [INFO] ThirdParty:1030 - CMSIS Pack Vendor :STMicroelectronics X-CUBE-FREERTOS 1.1.0
2024-06-26 10:31:59,024 [INFO] ThirdParty:1030 - CMSIS Pack Vendor :STMicroelectronics X-CUBE-NFC7 1.0.1
2024-06-26 10:31:59,024 [INFO] ThirdParty:1030 - CMSIS Pack Vendor :STMicroelectronics MBEDTLS 2.14.1
2024-06-26 10:31:59,025 [INFO] ThirdParty:1030 - CMSIS Pack Vendor :STMicroelectronics X-CUBE-TOUCHGFX 4.24.0
2024-06-26 10:31:59,025 [INFO] ThirdParty:1030 - CMSIS Pack Vendor :STMicroelectronics X-CUBE-TOUCHGFX 4.22.1
2024-06-26 10:31:59,025 [INFO] ThirdParty:1030 - CMSIS Pack Vendor :STMicroelectronics X-CUBE-NFC6 3.0.0
2024-06-26 10:31:59,025 [INFO] ThirdParty:1030 - CMSIS Pack Vendor :STMicroelectronics X-CUBE-EEPRMA1 4.1.0
2024-06-26 10:31:59,025 [INFO] ThirdParty:1030 - CMSIS Pack Vendor :portGmbH I-Cube-SoM-uGOAL 1.1.0
2024-06-26 10:31:59,025 [INFO] ThirdParty:1030 - CMSIS Pack Vendor :STMicroelectronics X-CUBE-ALS 1.0.1
2024-06-26 10:31:59,025 [INFO] ThirdParty:1030 - CMSIS Pack Vendor :STMicroelectronics X-CUBE-BLEMGR 3.1.0
2024-06-26 10:31:59,025 [INFO] ThirdParty:1030 - CMSIS Pack Vendor :STMicroelectronics ThreadX 1.0.0
2024-06-26 10:31:59,025 [INFO] ThirdParty:1030 - CMSIS Pack Vendor :STMicroelectronics FP-SNS-SMARTAG2 1.2.0
2024-06-26 10:31:59,025 [INFO] ThirdParty:1030 - CMSIS Pack Vendor :STMicroelectronics X-CUBE-AZRTOS-WL 2.0.0
2024-06-26 10:31:59,025 [INFO] ThirdParty:1030 - CMSIS Pack Vendor :SEGGER I-CUBE-embOS 1.3.1
2024-06-26 10:31:59,025 [INFO] ThirdParty:1030 - CMSIS Pack Vendor :STMicroelectronics X-CUBE-ALGOBUILD 1.4.0
2024-06-26 10:31:59,025 [INFO] ThirdParty:1030 - CMSIS Pack Vendor :STMicroelectronics FP-SNS-MOTENV1 5.0.0
2024-06-26 10:31:59,025 [INFO] ThirdParty:1030 - CMSIS Pack Vendor :STMicroelectronics USB_DEVICE 1.0.0
2024-06-26 10:31:59,026 [INFO] ThirdParty:1030 - CMSIS Pack Vendor :STMicroelectronics X-CUBE-AI 8.1.0
2024-06-26 10:31:59,026 [INFO] ThirdParty:1030 - CMSIS Pack Vendor :STMicroelectronics X-CUBE-AZRTOS-H7RS 1.0.0
2024-06-26 10:31:59,026 [INFO] ThirdParty:1030 - CMSIS Pack Vendor :wolfSSL I-CUBE-wolfMQTT 1.19.0
2024-06-26 10:31:59,026 [INFO] ThirdParty:1030 - CMSIS Pack Vendor :STMicroelectronics X-CUBE-AZRTOS-L4 2.0.0
2024-06-26 10:31:59,026 [INFO] ThirdParty:1030 - CMSIS Pack Vendor :STMicroelectronics ThreadX 0.0.2
2024-06-26 10:31:59,026 [INFO] ThirdParty:1030 - CMSIS Pack Vendor :WES I-CUBE-Cesium 1.3.0
2024-06-26 10:31:59,026 [INFO] ThirdParty:1030 - CMSIS Pack Vendor :STMicroelectronics FP-ATR-ASTRA1 2.0.0
2024-06-26 10:31:59,026 [INFO] ThirdParty:1030 - CMSIS Pack Vendor :STMicroelectronics lwIP 2.1.2
2024-06-26 10:31:59,026 [INFO] ThirdParty:1030 - CMSIS Pack Vendor :STMicroelectronics X-CUBE-SFXS2LP1 4.0.0
2024-06-26 10:31:59,026 [INFO] ThirdParty:1030 - CMSIS Pack Vendor :STMicroelectronics X-CUBE-BLE2 3.3.0
2024-06-26 10:31:59,026 [INFO] ThirdParty:1030 - CMSIS Pack Vendor :STMicroelectronics X-CUBE-TOF1 3.4.0
2024-06-26 10:31:59,026 [INFO] ThirdParty:1030 - CMSIS Pack Vendor :STMicroelectronics X-CUBE-TOF1 3.4.1
2024-06-26 10:31:59,026 [INFO] ThirdParty:1030 - CMSIS Pack Vendor :STMicroelectronics X-CUBE-AZRTOS-H7 3.2.0
2024-06-26 10:31:59,026 [INFO] ThirdParty:1030 - CMSIS Pack Vendor :STMicroelectronics PDM2PCM 3.2.0
2024-06-26 10:31:59,027 [INFO] ThirdParty:841 - exiting critical section [change project]
2024-06-26 10:31:59,638 [INFO] PinOutPanel:1561 - setPackage(No Configuration,No Configuration)
2024-06-26 10:31:59,645 [INFO] PinOutPanel:1561 - setPackage(STM32C011F6Px,TSSOP20)
2024-06-26 10:32:01,068 [INFO] UtilMem:75 - Before build in PCC Used Memory: 907066832 Bytes (1073741824)
2024-06-26 10:32:03,519 [INFO] UtilMem:75 - After build in PCC Used Memory: 665035264 Bytes (1073741824)
2024-06-26 10:32:03,591 [INFO] IPUIPlugin:80 - create IPUIPlugin
2024-06-26 10:32:03,592 [INFO] IPUIPlugin:80 - create IPUIPlugin
2024-06-26 10:32:03,594 [INFO] IPUIPlugin:80 - create IPUIPlugin
2024-06-26 10:32:03,596 [INFO] IPUIPlugin:80 - create IPUIPlugin
2024-06-26 10:32:03,597 [INFO] IPUIPlugin:80 - create IPUIPlugin
2024-06-26 10:32:03,598 [INFO] IPUIPlugin:80 - create IPUIPlugin
2024-06-26 10:32:03,599 [INFO] IPUIPlugin:80 - create IPUIPlugin
2024-06-26 10:32:03,599 [INFO] IPUIPlugin:80 - create IPUIPlugin
2024-06-26 10:32:03,600 [INFO] IPUIPlugin:80 - create IPUIPlugin
2024-06-26 10:32:03,600 [INFO] IPUIPlugin:80 - create IPUIPlugin
2024-06-26 10:32:03,600 [INFO] IPUIPlugin:80 - create IPUIPlugin
2024-06-26 10:32:03,601 [INFO] IPUIPlugin:80 - create IPUIPlugin
2024-06-26 10:32:03,602 [INFO] IPUIPlugin:80 - create IPUIPlugin
2024-06-26 10:32:03,602 [INFO] IPUIPlugin:80 - create IPUIPlugin
2024-06-26 10:32:03,603 [INFO] IPUIPlugin:80 - create IPUIPlugin
2024-06-26 10:32:03,604 [INFO] IPUIPlugin:80 - create IPUIPlugin
2024-06-26 10:32:03,604 [INFO] IPUIPlugin:80 - create IPUIPlugin
2024-06-26 10:32:03,605 [INFO] IPUIPlugin:80 - create IPUIPlugin
2024-06-26 10:32:03,606 [INFO] IPUIPlugin:80 - create IPUIPlugin
2024-06-26 10:32:03,606 [INFO] IPUIPlugin:80 - create IPUIPlugin
2024-06-26 10:32:03,607 [INFO] IPUIPlugin:80 - create IPUIPlugin
2024-06-26 10:32:03,607 [INFO] IPUIPlugin:80 - create IPUIPlugin
2024-06-26 10:32:03,608 [INFO] IPUIPlugin:80 - create IPUIPlugin
2024-06-26 10:32:03,609 [INFO] IPUIPlugin:80 - create IPUIPlugin
2024-06-26 10:32:03,609 [INFO] IPUIPlugin:80 - create IPUIPlugin
2024-06-26 10:32:03,613 [INFO] IPUIPlugin:80 - create IPUIPlugin
2024-06-26 10:32:04,052 [INFO] CADModel:165 - CPN selected for project levelSTM32C011F6P6
2024-06-26 10:32:04,052 [INFO] CADModel:114 - Register for checkConnection events
2024-06-26 10:32:04,116 [INFO] OpenFileManager:343 - Restore cursor
2024-06-26 10:32:06,271 [INFO] UtilMem:75 - End SaveConfig() Used Memory: 741753432 Bytes (1073741824)
2024-06-26 10:32:06,525 [INFO] UtilMem:75 - End SaveConfig() Used Memory: 752600800 Bytes (1073741824)
2024-06-26 10:32:07,626 [INFO] BlockDiagram:2759 - set Specific Code input for plugin: NVIC
2024-06-26 10:32:07,626 [INFO] BlockDiagram:2759 - set Specific Code input for plugin: RCC
2024-06-26 10:32:07,630 [INFO] CodeGenerator:807 - code generatio: config db path: C:\ST\STM32CubeIDE_1.15.1\STM32CubeIDE\plugins\com.st.stm32cube.common.mx_6.11.1.202404110753\\db\
2024-06-26 10:32:08,401 [INFO] CodeEngine:255 - oldGeneratedFile, C:\Users\User\STM32CubeIDE\workspace_1.15.1\ProjetosFranzininho\oled\MXTmpFiles\license.tmp_save
2024-06-26 10:32:10,439 [INFO] CodeEngine:279 - Generated code: C:\Users\User\STM32CubeIDE\workspace_1.15.1\ProjetosFranzininho\oled\MXTmpFiles\license.tmp
2024-06-26 10:32:10,863 [INFO] CodeEngine:255 - oldGeneratedFile, C:\Users\User\STM32CubeIDE\workspace_1.15.1\ProjetosFranzininho\oled\MXTmpFiles\cortex.tmp_save
2024-06-26 10:32:11,275 [INFO] CodeEngine:279 - Generated code: C:\Users\User\STM32CubeIDE\workspace_1.15.1\ProjetosFranzininho\oled\MXTmpFiles\cortex.tmp
2024-06-26 10:32:11,328 [INFO] CodeEngine:255 - oldGeneratedFile, C:\Users\User\STM32CubeIDE\workspace_1.15.1\ProjetosFranzininho\oled\Core\Src\stm32c0xx_it.c_save
2024-06-26 10:32:11,791 [INFO] CodeEngine:279 - Generated code: C:\Users\User\STM32CubeIDE\workspace_1.15.1\ProjetosFranzininho\oled\Core\Src\stm32c0xx_it.c
2024-06-26 10:32:11,815 [INFO] CodeEngine:255 - oldGeneratedFile, C:\Users\User\STM32CubeIDE\workspace_1.15.1\ProjetosFranzininho\oled\Core\Inc\stm32c0xx_it.h_save
2024-06-26 10:32:12,051 [INFO] CodeEngine:279 - Generated code: C:\Users\User\STM32CubeIDE\workspace_1.15.1\ProjetosFranzininho\oled\Core\Inc\stm32c0xx_it.h
2024-06-26 10:32:12,168 [INFO] CodeEngine:255 - oldGeneratedFile, C:\Users\User\STM32CubeIDE\workspace_1.15.1\ProjetosFranzininho\oled\Core\Src\stm32c0xx_hal_msp.c_save
2024-06-26 10:32:12,574 [INFO] CodeEngine:279 - Generated code: C:\Users\User\STM32CubeIDE\workspace_1.15.1\ProjetosFranzininho\oled\Core\Src\stm32c0xx_hal_msp.c
2024-06-26 10:32:12,597 [INFO] CodeEngine:255 - oldGeneratedFile, C:\Users\User\STM32CubeIDE\workspace_1.15.1\ProjetosFranzininho\oled\MXTmpFiles\system.tmp_save
2024-06-26 10:32:12,828 [INFO] CodeEngine:279 - Generated code: C:\Users\User\STM32CubeIDE\workspace_1.15.1\ProjetosFranzininho\oled\MXTmpFiles\system.tmp
2024-06-26 10:32:12,869 [INFO] CodeEngine:311 - oldGeneratedFile, C:\Users\User\STM32CubeIDE\workspace_1.15.1\ProjetosFranzininho\oled\Core\Inc\stm32c0xx_hal_conf.h_save
2024-06-26 10:32:13,257 [INFO] CodeEngine:335 - Generated code: C:\Users\User\STM32CubeIDE\workspace_1.15.1\ProjetosFranzininho\oled\Core\Inc\stm32c0xx_hal_conf.h
2024-06-26 10:32:13,311 [WARN] IPConfigManager:2982 - Warning: the RefConfig RCC_ConfigVoltageScaling is not available in your config.xml file
2024-06-26 10:32:13,315 [WARN] IPConfigManager:2982 - Warning: the RefConfig RCC_PClockConfig is not available in your config.xml file
2024-06-26 10:32:13,316 [WARN] IPConfigManager:2982 - Warning: the RefConfig RCC_interrupt_Time_SYSTICK_Config is not available in your config.xml file
2024-06-26 10:32:13,368 [INFO] CodeEngine:255 - oldGeneratedFile, C:\Users\User\STM32CubeIDE\workspace_1.15.1\ProjetosFranzininho\oled\Core\Inc\main.h_save
2024-06-26 10:32:13,670 [INFO] CodeEngine:279 - Generated code: C:\Users\User\STM32CubeIDE\workspace_1.15.1\ProjetosFranzininho\oled\Core\Inc\main.h
2024-06-26 10:32:13,695 [INFO] CodeEngine:255 - oldGeneratedFile, C:\Users\User\STM32CubeIDE\workspace_1.15.1\ProjetosFranzininho\oled\Core\Src\main.c_save
2024-06-26 10:32:14,023 [INFO] CodeEngine:279 - Generated code: C:\Users\User\STM32CubeIDE\workspace_1.15.1\ProjetosFranzininho\oled\Core\Src\main.c
2024-06-26 10:32:14,746 [INFO] ProjectBuilder:3163 - Time for Copy HAL[1] : 398mS.
2024-06-26 10:32:14,763 [INFO] ProjectBuilder:4736 - Project Generator version: 4.3.0-B58
2024-06-26 10:32:14,934 [INFO] ConfigFileManager:1503 - The Die is : DIE443
2024-06-26 10:32:14,996 [INFO] ApiDbMcu:508 - Load IP Config File for FileX
2024-06-26 10:32:15,058 [INFO] ApiDbMcu:508 - Load IP Config File for ThreadX
2024-06-26 10:32:16,739 [INFO] LogOutputStream:77 - [STDOUT_REDIRECT] 
2024-06-26 10:32:26,560 [INFO] ProjectBuilder:5002 - Time for Generating toolchain IDE Files: 11797mS.
2024-06-26 10:32:26,562 [INFO] ProjectBuilder:3034 - Time for Copy CMSIS : 1mS.
2024-06-26 10:32:26,568 [INFO] ProjectBuilder:3034 - Time for Copy CMSIS : 0mS.
2024-06-26 10:32:29,335 [INFO] McuFinderGlobals:76 - Set McuFinderConnectedMode to true
2024-06-26 10:32:29,346 [INFO] ApiDb:448 - Save user favorites file C:\Users\User/.stm32cubeide/favorites.mcus.txt: 1 item(s)
2024-06-26 10:32:29,346 [INFO] ApiDb:452 - User favorites MCUs=[STM32C011F6P6]
2024-06-26 10:43:15,703 [WARN] MainPanel:272 - <html><b><center>Warning: This peripheral has no parameters to be configured<br></b></html>
2024-06-26 10:43:15,936 [WARN] MainPanel:272 - <html><b><center>Warning: This peripheral has no parameters to be configured<br></b></html>
2024-06-26 10:44:18,334 [INFO] I2cTimingTraitement:330 - 0x20303E5D
2024-06-26 10:46:23,158 [INFO] I2cTimingTraitement:330 - 0x20303E5D
2024-06-26 10:49:04,719 [INFO] Gpio:277 - dependency for GPIO [DEBUG, I2C1]
2024-06-26 10:52:29,857 [INFO] Gpio:277 - dependency for GPIO [DEBUG, I2C1]
2024-06-26 10:52:30,223 [INFO] I2cTimingTraitement:330 - 0x20303E5D
2024-06-26 10:53:18,802 [INFO] Gpio:277 - dependency for GPIO [DEBUG, I2C1]
2024-06-26 10:53:40,866 [INFO] Gpio:277 - dependency for GPIO [DEBUG]
2024-06-26 10:53:41,180 [INFO] Gpio:277 - dependency for GPIO [DEBUG]
2024-06-26 10:53:43,915 [INFO] Gpio:277 - dependency for GPIO [DEBUG]
2024-06-26 10:53:46,332 [INFO] Gpio:277 - dependency for GPIO [DEBUG]
2024-06-26 10:53:48,679 [INFO] Gpio:277 - dependency for GPIO [DEBUG]
2024-06-26 10:53:54,285 [INFO] I2cTimingTraitement:330 - 0x20303E5D
2024-06-26 10:54:02,424 [INFO] UtilMem:75 - End SaveConfig() Used Memory: 538876608 Bytes (870318080)
2024-06-26 10:54:26,191 [INFO] UtilMem:75 - End SaveConfig() Used Memory: 634178720 Bytes (870318080)
2024-06-26 10:54:26,823 [INFO] BlockDiagram:2759 - set Specific Code input for plugin: NVIC
2024-06-26 10:54:26,824 [INFO] BlockDiagram:2759 - set Specific Code input for plugin: SYS
2024-06-26 10:54:26,824 [INFO] BlockDiagram:2759 - set Specific Code input for plugin: DEBUG
2024-06-26 10:54:26,825 [INFO] BlockDiagram:2759 - set Specific Code input for plugin: GPIO
2024-06-26 10:54:26,825 [INFO] BlockDiagram:2759 - set Specific Code input for plugin: RCC
2024-06-26 10:54:26,825 [INFO] BlockDiagram:2759 - set Specific Code input for plugin: I2C
2024-06-26 10:54:26,831 [INFO] CodeGenerator:807 - code generatio: config db path: C:\ST\STM32CubeIDE_1.15.1\STM32CubeIDE\plugins\com.st.stm32cube.common.mx_6.11.1.202404110753\\db\
2024-06-26 10:54:27,129 [INFO] CodeEngine:255 - oldGeneratedFile, C:\Users\User\STM32CubeIDE\workspace_1.15.1\ProjetosFranzininho\oled\MXTmpFiles\license.tmp_save
2024-06-26 10:54:27,763 [INFO] CodeEngine:279 - Generated code: C:\Users\User\STM32CubeIDE\workspace_1.15.1\ProjetosFranzininho\oled\MXTmpFiles\license.tmp
2024-06-26 10:54:28,062 [INFO] CodeEngine:255 - oldGeneratedFile, C:\Users\User\STM32CubeIDE\workspace_1.15.1\ProjetosFranzininho\oled\MXTmpFiles\gpio.tmp_save
2024-06-26 10:54:28,445 [INFO] CodeEngine:279 - Generated code: C:\Users\User\STM32CubeIDE\workspace_1.15.1\ProjetosFranzininho\oled\MXTmpFiles\gpio.tmp
2024-06-26 10:54:28,553 [WARN] IPConfigManager:98 - WARNING: Missing Config File for DEBUG ip!!
2024-06-26 10:54:29,419 [INFO] CodeEngine:255 - oldGeneratedFile, C:\Users\User\STM32CubeIDE\workspace_1.15.1\ProjetosFranzininho\oled\MXTmpFiles\cortex.tmp_save
2024-06-26 10:54:30,176 [INFO] CodeEngine:279 - Generated code: C:\Users\User\STM32CubeIDE\workspace_1.15.1\ProjetosFranzininho\oled\MXTmpFiles\cortex.tmp
2024-06-26 10:54:30,261 [INFO] CodeEngine:255 - oldGeneratedFile, C:\Users\User\STM32CubeIDE\workspace_1.15.1\ProjetosFranzininho\oled\Core\Src\stm32c0xx_it.c_save
2024-06-26 10:54:30,875 [INFO] CodeEngine:279 - Generated code: C:\Users\User\STM32CubeIDE\workspace_1.15.1\ProjetosFranzininho\oled\Core\Src\stm32c0xx_it.c
2024-06-26 10:54:30,893 [INFO] CodeEngine:255 - oldGeneratedFile, C:\Users\User\STM32CubeIDE\workspace_1.15.1\ProjetosFranzininho\oled\Core\Inc\stm32c0xx_it.h_save
2024-06-26 10:54:31,127 [INFO] CodeEngine:279 - Generated code: C:\Users\User\STM32CubeIDE\workspace_1.15.1\ProjetosFranzininho\oled\Core\Inc\stm32c0xx_it.h
2024-06-26 10:54:31,294 [INFO] CodeEngine:255 - oldGeneratedFile, C:\Users\User\STM32CubeIDE\workspace_1.15.1\ProjetosFranzininho\oled\Core\Src\stm32c0xx_hal_msp.c_save
2024-06-26 10:54:31,875 [INFO] CodeEngine:279 - Generated code: C:\Users\User\STM32CubeIDE\workspace_1.15.1\ProjetosFranzininho\oled\Core\Src\stm32c0xx_hal_msp.c
2024-06-26 10:54:31,892 [INFO] CodeEngine:255 - oldGeneratedFile, C:\Users\User\STM32CubeIDE\workspace_1.15.1\ProjetosFranzininho\oled\MXTmpFiles\system.tmp_save
2024-06-26 10:54:32,388 [INFO] CodeEngine:279 - Generated code: C:\Users\User\STM32CubeIDE\workspace_1.15.1\ProjetosFranzininho\oled\MXTmpFiles\system.tmp
2024-06-26 10:54:32,456 [INFO] CodeEngine:311 - oldGeneratedFile, C:\Users\User\STM32CubeIDE\workspace_1.15.1\ProjetosFranzininho\oled\Core\Inc\stm32c0xx_hal_conf.h_save
2024-06-26 10:54:32,802 [INFO] CodeEngine:335 - Generated code: C:\Users\User\STM32CubeIDE\workspace_1.15.1\ProjetosFranzininho\oled\Core\Inc\stm32c0xx_hal_conf.h
2024-06-26 10:54:32,918 [WARN] IPConfigManager:2982 - Warning: the RefConfig RCC_ConfigVoltageScaling is not available in your config.xml file
2024-06-26 10:54:32,923 [WARN] IPConfigManager:2982 - Warning: the RefConfig RCC_PClockConfig is not available in your config.xml file
2024-06-26 10:54:32,924 [WARN] IPConfigManager:2982 - Warning: the RefConfig RCC_interrupt_Time_SYSTICK_Config is not available in your config.xml file
2024-06-26 10:54:33,042 [INFO] CodeEngine:255 - oldGeneratedFile, C:\Users\User\STM32CubeIDE\workspace_1.15.1\ProjetosFranzininho\oled\Core\Inc\main.h_save
2024-06-26 10:54:33,764 [INFO] CodeEngine:279 - Generated code: C:\Users\User\STM32CubeIDE\workspace_1.15.1\ProjetosFranzininho\oled\Core\Inc\main.h
2024-06-26 10:54:33,807 [INFO] CodeEngine:255 - oldGeneratedFile, C:\Users\User\STM32CubeIDE\workspace_1.15.1\ProjetosFranzininho\oled\Core\Src\main.c_save
2024-06-26 10:54:34,367 [INFO] CodeEngine:279 - Generated code: C:\Users\User\STM32CubeIDE\workspace_1.15.1\ProjetosFranzininho\oled\Core\Src\main.c
2024-06-26 10:54:36,300 [INFO] ProjectBuilder:3163 - Time for Copy HAL[1] : 1080mS.
2024-06-26 10:54:36,320 [INFO] ProjectBuilder:4736 - Project Generator version: 4.3.0-B58
2024-06-26 10:54:36,624 [INFO] ConfigFileManager:1503 - The Die is : DIE443
2024-06-26 10:54:41,897 [INFO] ProjectBuilder:5002 - Time for Generating toolchain IDE Files: 5577mS.
2024-06-26 10:54:41,898 [INFO] ProjectBuilder:3034 - Time for Copy CMSIS : 1mS.
2024-06-26 10:54:41,906 [INFO] ProjectBuilder:3034 - Time for Copy CMSIS : 0mS.
2024-06-26 15:03:14,741 [ERROR] ConfigurationRetriever:142 - IOException on connection: Read timed out
2024-06-26 15:03:16,819 [ERROR] ConfigurationRetriever:142 - IOException on connection: Read timed out
2024-06-26 15:03:18,859 [ERROR] ConfigurationRetriever:142 - IOException on connection: Read timed out
2024-06-26 17:05:42,984 [ERROR] LogOutputStream:75 - [STDERR_REDIRECT] 
