2024-07-02 12:15:53,663 [INFO] Activator:176 - 


2024-07-02 12:15:53,695 [INFO] Activator:177 - !SESSION log4j initialized
2024-07-02 12:16:15,447 [INFO] LogOutputStream:77 - [STDOUT_REDIRECT] 
2024-07-02 12:16:22,531 [INFO] ApplicationProperties:184 - Using Application install path: C:\ST\STM32CubeIDE_1.15.1\STM32CubeIDE\plugins\com.st.stm32cube.common.mx_6.11.1.202404110753
2024-07-02 12:16:22,605 [INFO] DbMcusXml:78 - Set database path to: C:\ST\STM32CubeIDE_1.15.1\STM32CubeIDE\plugins\com.st.stm32cube.common.mx_6.11.1.202404110753\\db\/mcu/
2024-07-02 12:16:22,606 [INFO] ApiDb:274 - Set plugin database path to: C:\ST\STM32CubeIDE_1.15.1\STM32CubeIDE\plugins\com.st.stm32cube.common.mx_6.11.1.202404110753\\db\/plugins/boardmanager/
2024-07-02 12:16:22,606 [WARN] ApiDb:259 - Overriding images path with different value:  => C:\ST\STM32CubeIDE_1.15.1\STM32CubeIDE\plugins\com.st.stm32cube.common.mx_6.11.1.202404110753\\db\/plugins/mcufinder/images/
2024-07-02 12:16:22,638 [INFO] ApiDb:250 - Set database path to: C:\Users\User\.stmcufinder\plugins\mcufinder//mcu/
2024-07-02 12:16:22,641 [INFO] DbMcusAds:125 - Set database path to: C:\Users\User\.stmcufinder\plugins\mcufinder//mcu/
2024-07-02 12:16:22,651 [INFO] CrossReferenceDbSqlite:203 - Set database path to: C:\Users\User\.stmcufinder\plugins\mcufinder//mcu/cs/
2024-07-02 12:16:23,023 [INFO] RulesReader:64 - Compatibility file has been processed (297 Rules)
2024-07-02 12:16:23,295 [INFO] DbMcusXml:78 - Set database path to: C:\ST\STM32CubeIDE_1.15.1\STM32CubeIDE\plugins\com.st.stm32cube.common.mx_6.11.1.202404110753\\db\/mcu/
2024-07-02 12:16:23,295 [INFO] ApiDb:274 - Set plugin database path to: C:\ST\STM32CubeIDE_1.15.1\STM32CubeIDE\plugins\com.st.stm32cube.common.mx_6.11.1.202404110753\\db\/plugins/boardmanager/
2024-07-02 12:16:23,296 [INFO] ApiDb:261 - Set plugin images path to: C:\ST\STM32CubeIDE_1.15.1\STM32CubeIDE\plugins\com.st.stm32cube.common.mx_6.11.1.202404110753\\db\/plugins/mcufinder/images/
2024-07-02 12:16:23,296 [WARN] DbFile:41 - Overriding database path with different value: C:\Users\User\.stmcufinder\plugins\mcufinder/ => C:\Users\User\.stmcufinder\plugins\mcufinder
2024-07-02 12:16:23,297 [INFO] ApiDb:250 - Set database path to: C:\Users\User\.stmcufinder\plugins\mcufinder//mcu/
2024-07-02 12:16:23,297 [WARN] DbFile:41 - Overriding database path with different value: C:\Users\User\.stmcufinder\plugins\mcufinder/ => C:\Users\User\.stmcufinder\plugins\mcufinder
2024-07-02 12:16:23,297 [INFO] DbMcusAds:125 - Set database path to: C:\Users\User\.stmcufinder\plugins\mcufinder//mcu/
2024-07-02 12:16:23,298 [WARN] DbFile:41 - Overriding database path with different value: C:\Users\User\.stmcufinder\plugins\mcufinder/ => C:\Users\User\.stmcufinder\plugins\mcufinder
2024-07-02 12:16:23,299 [WARN] DbFile:41 - Overriding database path with different value: C:\Users\User\.stmcufinder\plugins\mcufinder/ => C:\Users\User\.stmcufinder\plugins\mcufinder
2024-07-02 12:16:23,299 [INFO] CrossReferenceDbSqlite:203 - Set database path to: C:\Users\User\.stmcufinder\plugins\mcufinder//mcu/cs/
2024-07-02 12:16:23,619 [INFO] MainPanel:264 - HeapMemory: 268435456
2024-07-02 12:16:23,883 [INFO] DbMcusXml:78 - Set database path to: C:\ST\STM32CubeIDE_1.15.1\STM32CubeIDE\plugins\com.st.stm32cube.common.mx_6.11.1.202404110753\\db\/mcu/
2024-07-02 12:16:23,883 [INFO] ApiDb:274 - Set plugin database path to: C:\ST\STM32CubeIDE_1.15.1\STM32CubeIDE\plugins\com.st.stm32cube.common.mx_6.11.1.202404110753\\db\/plugins/boardmanager/
2024-07-02 12:16:23,884 [INFO] ApiDb:261 - Set plugin images path to: C:\ST\STM32CubeIDE_1.15.1\STM32CubeIDE\plugins\com.st.stm32cube.common.mx_6.11.1.202404110753\\db\/plugins/mcufinder/images/
2024-07-02 12:16:23,885 [WARN] DbFile:41 - Overriding database path with different value: C:\Users\User\.stmcufinder\plugins\mcufinder/ => C:\Users\User\.stmcufinder\plugins\mcufinder
2024-07-02 12:16:23,885 [INFO] ApiDb:250 - Set database path to: C:\Users\User\.stmcufinder\plugins\mcufinder//mcu/
2024-07-02 12:16:23,886 [WARN] DbFile:41 - Overriding database path with different value: C:\Users\User\.stmcufinder\plugins\mcufinder/ => C:\Users\User\.stmcufinder\plugins\mcufinder
2024-07-02 12:16:23,886 [INFO] DbMcusAds:125 - Set database path to: C:\Users\User\.stmcufinder\plugins\mcufinder//mcu/
2024-07-02 12:16:23,886 [WARN] DbFile:41 - Overriding database path with different value: C:\Users\User\.stmcufinder\plugins\mcufinder/ => C:\Users\User\.stmcufinder\plugins\mcufinder
2024-07-02 12:16:23,887 [WARN] DbFile:41 - Overriding database path with different value: C:\Users\User\.stmcufinder\plugins\mcufinder/ => C:\Users\User\.stmcufinder\plugins\mcufinder
2024-07-02 12:16:23,887 [INFO] CrossReferenceDbSqlite:203 - Set database path to: C:\Users\User\.stmcufinder\plugins\mcufinder//mcu/cs/
2024-07-02 12:16:23,935 [INFO] ApplicationProperties:184 - Using Application install path: C:\ST\STM32CubeIDE_1.15.1\STM32CubeIDE\plugins\com.st.stm32cube.common.mx_6.11.1.202404110753
2024-07-02 12:16:23,939 [INFO] PluginManage:196 - Search for loadable plugins [exclusion list=, ]
2024-07-02 12:16:23,943 [INFO] PluginManage:310 - Check plugin analytics
2024-07-02 12:16:24,531 [INFO] AnalyticsPlugin:253 - Accepted Software Licenses: 
2024-07-02 12:16:24,531 [INFO] AnalyticsPlugin:255 - Accepted CMSIS Pack Licenses: 
2024-07-02 12:16:24,532 [INFO] AnalyticsPlugin:257 - Accepted Firmware Licenses: FW.C0.1.0.0,FW.C0.1.1.0,FW.WL.1.3.0
2024-07-02 12:16:24,538 [INFO] PluginManage:359 - Loaded plugin analytics (category:tool,tabindex:-1)
2024-07-02 12:16:24,539 [INFO] PluginManage:310 - Check plugin cadmodel
2024-07-02 12:16:24,580 [INFO] CADModel:105 - Init CAD model plugin
2024-07-02 12:16:24,580 [INFO] PluginManage:359 - Loaded plugin cadmodel (category:power,tabindex:5)
2024-07-02 12:16:24,581 [INFO] PluginManage:310 - Check plugin clock
2024-07-02 12:16:24,648 [INFO] PluginManage:359 - Loaded plugin clock (category:base,tabindex:2)
2024-07-02 12:16:24,648 [INFO] PluginManage:310 - Check plugin ddr
2024-07-02 12:16:24,654 [INFO] PluginManage:359 - Loaded plugin ddr (category:tool,tabindex:6)
2024-07-02 12:16:24,655 [INFO] PluginManage:310 - Check plugin filemanager
2024-07-02 12:16:25,060 [INFO] PluginManage:359 - Loaded plugin filemanager (category:base,tabindex:10)
2024-07-02 12:16:25,061 [INFO] PluginManage:310 - Check plugin ipmanager
2024-07-02 12:16:25,080 [INFO] PluginManage:359 - Loaded plugin ipmanager (category:base,tabindex:5)
2024-07-02 12:16:25,081 [INFO] PluginManage:310 - Check plugin lpbam
2024-07-02 12:16:25,132 [INFO] PluginManage:359 - Loaded plugin lpbam (category:base,tabindex:0)
2024-07-02 12:16:25,133 [INFO] PluginManage:310 - Check plugin memorymap
2024-07-02 12:16:25,205 [INFO] PluginManage:359 - Loaded plugin memorymap (category:base,tabindex:4)
2024-07-02 12:16:25,206 [INFO] PluginManage:310 - Check plugin pinoutandconfiguration
2024-07-02 12:16:25,255 [INFO] PluginManage:359 - Loaded plugin pinoutandconfiguration (category:base,tabindex:1)
2024-07-02 12:16:25,256 [INFO] PluginManage:310 - Check plugin pinoutconfig
2024-07-02 12:16:25,547 [WARN] SupportedApi:132 - Cannot load RTOS API schema: s4s-elt-must-match.1: The content of 'definitions' must match (annotation?, (simpleType | complexType)?, (unique | key | keyref)*)). A problem was found starting at: attribute.
2024-07-02 12:16:25,968 [INFO] PluginManage:359 - Loaded plugin pinoutconfig (category:base,tabindex:0)
2024-07-02 12:16:25,968 [INFO] PluginManage:310 - Check plugin power
2024-07-02 12:16:26,026 [INFO] PluginManage:359 - Loaded plugin power (category:power,tabindex:4)
2024-07-02 12:16:26,027 [INFO] PluginManage:310 - Check plugin projectmanager
2024-07-02 12:16:26,074 [INFO] PluginManage:359 - Loaded plugin projectmanager (category:projectmanager,tabindex:3)
2024-07-02 12:16:26,076 [INFO] PluginManage:310 - Check plugin thirdparty
2024-07-02 12:16:27,045 [INFO] PluginManage:359 - Loaded plugin thirdparty (category:base,tabindex:-1)
2024-07-02 12:16:27,045 [INFO] PluginManage:310 - Check plugin tools
2024-07-02 12:16:27,046 [WARN] IntegrityCheckThread:84 - waiting for thirdparty lock release [integrity check]
2024-07-02 12:16:27,047 [INFO] IntegrityCheckThread:86 - entering critical section [integrity check]
2024-07-02 12:16:27,047 [INFO] ThirdPartyUpdaterWithRetryManager:70 - Updater plugin not ready yet. [1/15]
2024-07-02 12:16:27,154 [INFO] PluginManage:359 - Loaded plugin tools (category:base,tabindex:7)
2024-07-02 12:16:27,155 [INFO] PluginManage:310 - Check plugin tutovideos
2024-07-02 12:16:28,026 [INFO] PluginManage:359 - Loaded plugin tutovideos (category:base,tabindex:-1)
2024-07-02 12:16:28,027 [INFO] PluginManage:310 - Check plugin updater
2024-07-02 12:16:28,057 [INFO] PluginManage:359 - Loaded plugin updater (category:base,tabindex:12)
2024-07-02 12:16:28,057 [INFO] PluginManage:310 - Check plugin userauth
2024-07-02 12:16:28,072 [INFO] UserAuth:114 - Init User Auth plugin
2024-07-02 12:16:28,074 [INFO] PluginManage:359 - Loaded plugin userauth (category:base,tabindex:14)
2024-07-02 12:16:28,075 [INFO] PluginManage:283 - PluginManage : Loaded plugins [17]
2024-07-02 12:16:28,834 [INFO] PinOutPanel:1561 - setPackage(No Configuration,No Configuration)
2024-07-02 12:16:29,047 [INFO] CADModel:165 - CPN selected for project level
2024-07-02 12:16:29,047 [INFO] CADModel:114 - Register for checkConnection events
2024-07-02 12:16:29,141 [INFO] IPUIPlugin:80 - create IPUIPlugin
2024-07-02 12:16:29,141 [INFO] PluginManager:220 - loadIPPluginJar : add adc
2024-07-02 12:16:29,251 [INFO] IPUIPlugin:80 - create IPUIPlugin
2024-07-02 12:16:29,251 [INFO] PluginManager:220 - loadIPPluginJar : add aes
2024-07-02 12:16:29,374 [INFO] IPUIPlugin:80 - create IPUIPlugin
2024-07-02 12:16:29,375 [INFO] PluginManager:220 - loadIPPluginJar : add can
2024-07-02 12:16:29,444 [INFO] IPUIPlugin:80 - create IPUIPlugin
2024-07-02 12:16:29,444 [INFO] PluginManager:220 - loadIPPluginJar : add comp
2024-07-02 12:16:29,560 [INFO] IPUIPlugin:80 - create IPUIPlugin
2024-07-02 12:16:29,560 [INFO] PluginManager:220 - loadIPPluginJar : add cryp
2024-07-02 12:16:29,657 [INFO] IPUIPlugin:80 - create IPUIPlugin
2024-07-02 12:16:29,657 [INFO] PluginManager:220 - loadIPPluginJar : add dfsdm
2024-07-02 12:16:29,694 [INFO] IPUIPlugin:80 - create IPUIPlugin
2024-07-02 12:16:29,695 [INFO] PluginManager:220 - loadIPPluginJar : add dma
2024-07-02 12:16:29,833 [INFO] IPUIPlugin:80 - create IPUIPlugin
2024-07-02 12:16:29,834 [INFO] PluginManager:220 - loadIPPluginJar : add dma3
2024-07-02 12:16:29,981 [INFO] IPUIPlugin:80 - create IPUIPlugin
2024-07-02 12:16:29,982 [INFO] PluginManager:220 - loadIPPluginJar : add extmemmanager
2024-07-02 12:16:30,048 [INFO] ThirdPartyUpdaterWithRetryManager:70 - Updater plugin not ready yet. [2/15]
2024-07-02 12:16:30,049 [INFO] IPUIPlugin:80 - create IPUIPlugin
2024-07-02 12:16:30,050 [INFO] PluginManager:220 - loadIPPluginJar : add fatfs
2024-07-02 12:16:30,207 [INFO] IPUIPlugin:80 - create IPUIPlugin
2024-07-02 12:16:30,207 [INFO] PluginManager:220 - loadIPPluginJar : add fmc
2024-07-02 12:16:30,249 [INFO] IPUIPlugin:80 - create IPUIPlugin
2024-07-02 12:16:30,250 [INFO] PluginManager:220 - loadIPPluginJar : add freertos
2024-07-02 12:16:30,312 [INFO] IPUIPlugin:80 - create IPUIPlugin
2024-07-02 12:16:30,312 [INFO] PluginManager:220 - loadIPPluginJar : add genericplugin
2024-07-02 12:16:30,630 [INFO] IPUIPlugin:80 - create IPUIPlugin
2024-07-02 12:16:30,630 [INFO] PluginManager:220 - loadIPPluginJar : add gfxmmu
2024-07-02 12:16:31,065 [INFO] IPUIPlugin:80 - create IPUIPlugin
2024-07-02 12:16:31,065 [INFO] PluginManager:220 - loadIPPluginJar : add gic
2024-07-02 12:16:31,099 [INFO] IPUIPlugin:80 - create IPUIPlugin
2024-07-02 12:16:31,100 [INFO] PluginManager:220 - loadIPPluginJar : add gpio
2024-07-02 12:16:31,410 [INFO] IPUIPlugin:80 - create IPUIPlugin
2024-07-02 12:16:31,411 [INFO] PluginManager:220 - loadIPPluginJar : add gtzc
2024-07-02 12:16:31,524 [INFO] IPUIPlugin:80 - create IPUIPlugin
2024-07-02 12:16:31,524 [INFO] PluginManager:220 - loadIPPluginJar : add hash
2024-07-02 12:16:31,748 [INFO] IPUIPlugin:80 - create IPUIPlugin
2024-07-02 12:16:31,749 [INFO] PluginManager:220 - loadIPPluginJar : add i2c
2024-07-02 12:16:31,878 [INFO] IPUIPlugin:80 - create IPUIPlugin
2024-07-02 12:16:31,878 [INFO] PluginManager:220 - loadIPPluginJar : add i2s
2024-07-02 12:16:32,016 [INFO] IPUIPlugin:80 - create IPUIPlugin
2024-07-02 12:16:32,017 [INFO] PluginManager:220 - loadIPPluginJar : add i3c
2024-07-02 12:16:32,341 [INFO] IPUIPlugin:80 - create IPUIPlugin
2024-07-02 12:16:32,342 [INFO] PluginManager:220 - loadIPPluginJar : add ipddr
2024-07-02 12:16:32,632 [INFO] IPUIPlugin:80 - create IPUIPlugin
2024-07-02 12:16:32,632 [INFO] PluginManager:220 - loadIPPluginJar : add linkedlist
2024-07-02 12:16:32,729 [INFO] IPUIPlugin:80 - create IPUIPlugin
2024-07-02 12:16:32,729 [INFO] PluginManager:220 - loadIPPluginJar : add lorawan
2024-07-02 12:16:32,829 [INFO] IPUIPlugin:80 - create IPUIPlugin
2024-07-02 12:16:32,830 [INFO] PluginManager:220 - loadIPPluginJar : add ltdc
2024-07-02 12:16:32,870 [INFO] IPUIPlugin:80 - create IPUIPlugin
2024-07-02 12:16:32,871 [INFO] PluginManager:220 - loadIPPluginJar : add mdma
2024-07-02 12:16:32,897 [INFO] IPUIPlugin:80 - create IPUIPlugin
2024-07-02 12:16:32,897 [INFO] PluginManager:220 - loadIPPluginJar : add nvic
2024-07-02 12:16:32,996 [INFO] IPUIPlugin:80 - create IPUIPlugin
2024-07-02 12:16:32,997 [INFO] PluginManager:220 - loadIPPluginJar : add opamp
2024-07-02 12:16:33,050 [INFO] ThirdPartyUpdaterWithRetryManager:70 - Updater plugin not ready yet. [3/15]
2024-07-02 12:16:33,175 [INFO] IPUIPlugin:80 - create IPUIPlugin
2024-07-02 12:16:33,175 [INFO] PluginManager:220 - loadIPPluginJar : add openamp
2024-07-02 12:16:33,312 [INFO] IPUIPlugin:80 - create IPUIPlugin
2024-07-02 12:16:33,313 [INFO] PluginManager:220 - loadIPPluginJar : add pdm2pcm
2024-07-02 12:16:33,362 [INFO] IPUIPlugin:80 - create IPUIPlugin
2024-07-02 12:16:33,372 [INFO] PluginManager:220 - loadIPPluginJar : add plateformsettings
2024-07-02 12:16:33,440 [INFO] IPUIPlugin:80 - create IPUIPlugin
2024-07-02 12:16:33,440 [INFO] PluginManager:220 - loadIPPluginJar : add quadspi
2024-07-02 12:16:33,473 [INFO] IPUIPlugin:80 - create IPUIPlugin
2024-07-02 12:16:33,474 [INFO] PluginManager:220 - loadIPPluginJar : add resmgrutility
2024-07-02 12:16:33,632 [INFO] IPUIPlugin:80 - create IPUIPlugin
2024-07-02 12:16:33,632 [INFO] PluginManager:220 - loadIPPluginJar : add sai
2024-07-02 12:16:33,753 [INFO] IPUIPlugin:80 - create IPUIPlugin
2024-07-02 12:16:33,753 [INFO] PluginManager:220 - loadIPPluginJar : add spi
2024-07-02 12:16:34,000 [INFO] IPUIPlugin:80 - create IPUIPlugin
2024-07-02 12:16:34,001 [INFO] PluginManager:220 - loadIPPluginJar : add stm32_wpan
2024-07-02 12:16:34,092 [INFO] IPUIPlugin:80 - create IPUIPlugin
2024-07-02 12:16:34,093 [INFO] PluginManager:220 - loadIPPluginJar : add tim
2024-07-02 12:16:34,297 [INFO] IPUIPlugin:80 - create IPUIPlugin
2024-07-02 12:16:34,297 [INFO] PluginManager:220 - loadIPPluginJar : add touchsensing
2024-07-02 12:16:34,369 [INFO] IPUIPlugin:80 - create IPUIPlugin
2024-07-02 12:16:34,369 [INFO] PluginManager:220 - loadIPPluginJar : add tracer_emb
2024-07-02 12:16:34,458 [INFO] IPUIPlugin:80 - create IPUIPlugin
2024-07-02 12:16:34,459 [INFO] PluginManager:220 - loadIPPluginJar : add ts
2024-07-02 12:16:34,517 [INFO] IPUIPlugin:80 - create IPUIPlugin
2024-07-02 12:16:34,517 [INFO] PluginManager:220 - loadIPPluginJar : add tsc
2024-07-02 12:16:34,581 [INFO] IPUIPlugin:80 - create IPUIPlugin
2024-07-02 12:16:34,581 [INFO] PluginManager:220 - loadIPPluginJar : add ucpd
2024-07-02 12:16:34,739 [INFO] IPUIPlugin:80 - create IPUIPlugin
2024-07-02 12:16:34,740 [INFO] PluginManager:220 - loadIPPluginJar : add usart
2024-07-02 12:16:34,874 [INFO] IPUIPlugin:80 - create IPUIPlugin
2024-07-02 12:16:34,874 [INFO] PluginManager:220 - loadIPPluginJar : add usbx
2024-07-02 12:16:35,113 [INFO] CADModel:165 - CPN selected for project level
2024-07-02 12:16:35,114 [INFO] CADModel:114 - Register for checkConnection events
2024-07-02 12:16:35,114 [FATAL] Updater:308 - Updater called before beeing initialized
2024-07-02 12:16:35,115 [ERROR] CADModel:125 - Updater not yet initialized, retry later 
2024-07-02 12:16:35,510 [INFO] CADModel:165 - CPN selected for project level
2024-07-02 12:16:35,511 [INFO] CADModel:114 - Register for checkConnection events
2024-07-02 12:16:35,511 [FATAL] Updater:308 - Updater called before beeing initialized
2024-07-02 12:16:35,511 [ERROR] CADModel:125 - Updater not yet initialized, retry later 
2024-07-02 12:16:35,519 [FATAL] Updater:308 - Updater called before beeing initialized
2024-07-02 12:16:35,812 [FATAL] Updater:308 - Updater called before beeing initialized
2024-07-02 12:16:35,846 [INFO] DbMcusAds:53 - JSON generation date=Thu May 16 06:22:00 BRT 2024 (1715851320852)
2024-07-02 12:16:35,846 [FATAL] Updater:308 - Updater called before beeing initialized
2024-07-02 12:16:36,052 [INFO] ThirdPartyUpdaterWithRetryManager:70 - Updater plugin not ready yet. [4/15]
2024-07-02 12:16:36,159 [WARN] DetailPanel:346 - Failed to get advertising image, set to default
2024-07-02 12:16:36,566 [FATAL] Updater:308 - Updater called before beeing initialized
2024-07-02 12:16:36,572 [FATAL] Updater:308 - Updater called before beeing initialized
2024-07-02 12:16:36,573 [FATAL] Updater:308 - Updater called before beeing initialized
2024-07-02 12:16:36,573 [WARN] DetailPanel:346 - Failed to get advertising image, set to default
2024-07-02 12:16:36,576 [FATAL] Updater:308 - Updater called before beeing initialized
2024-07-02 12:16:36,773 [ERROR] Updater:1120 - MainUpdater not yet initialized. External WinMGr cannot be set.
2024-07-02 12:16:36,802 [INFO] Updater:1056 - Updater Version found : 6.11.1
2024-07-02 12:16:36,858 [INFO] ApplicationProperties:184 - Using Application install path: C:\ST\STM32CubeIDE_1.15.1\STM32CubeIDE\plugins\com.st.stm32cube.common.mx_6.11.1.202404110753
2024-07-02 12:16:38,505 [ERROR] LogOutputStream:75 - [STDERR_REDIRECT] Jul 02, 2024 12:16:38 PM java.util.prefs.WindowsPreferences <init>
2024-07-02 12:16:38,509 [ERROR] LogOutputStream:75 - [STDERR_REDIRECT] WARNING: Could not open/create prefs root node Software\JavaSoft\Prefs at root 0xffffffff80000002. Windows RegCreateKeyEx(...) returned error code 5.
2024-07-02 12:16:38,509 [ERROR] LogOutputStream:75 - [STDERR_REDIRECT] 
2024-07-02 12:16:39,053 [FATAL] Updater:308 - Updater called before beeing initialized
2024-07-02 12:16:39,055 [ERROR] IntegrityCheckThread:130 - Cannot retrieve database content from updater: error 21
2024-07-02 12:16:39,058 [INFO] ThirdParty:978 - Integrity check success = false
2024-07-02 12:16:39,058 [INFO] IntegrityCheckThread:100 - exiting critical section [integrity check]
2024-07-02 12:16:39,058 [INFO] IntegrityCheckThread:103 - End integrity checks thread
2024-07-02 12:16:39,703 [INFO] MainUpdater:2873 - connection check result : 10
2024-07-02 12:16:39,703 [INFO] MainUpdater:3567 - Updater definition file requires update
2024-07-02 12:16:39,709 [INFO] MainUpdater:290 - Updater Check For Update Now.
2024-07-02 12:16:39,709 [INFO] MicroXplorer:498 - Change Database Version : DB.6.0.111
2024-07-02 12:16:39,907 [INFO] McuFinderGlobals:63 - Set McuFinder mode to 2 (CubeIDE integrated)
2024-07-02 12:16:39,937 [INFO] UserAuth:415 - Internet connection configuration mode: 1
2024-07-02 12:16:40,010 [INFO] JxBrowserEngine:152 - Initiate JxBrowser Engine with user profile folder
2024-07-02 12:16:40,151 [INFO] ServerAccessManage:473 - Download File updaters.zip
2024-07-02 12:16:41,906 [INFO] FileExtend:240 - Unzip File : updaters.zip
2024-07-02 12:16:41,906 [INFO] FileExtend:255 - Standard Zip Deflate
2024-07-02 12:16:43,448 [INFO] ServerAccessManage:473 - Download File PacksControlFlags.xml
2024-07-02 12:16:43,876 [INFO] ServerAccessManage:473 - Download File cubemx.pidx
2024-07-02 12:16:44,161 [INFO] LoadServerUpdatesThread:375 - End of LoadServerUpdate Thread
2024-07-02 12:16:44,540 [INFO] CheckServerUpdateThread:120 - End of CheckServer Thread
2024-07-02 12:16:58,816 [INFO] WebApp:161 - Instantiating new browser for Auth
2024-07-02 12:17:01,443 [INFO] WebApp:779 - Register for checkConnection events
2024-07-02 12:17:01,443 [INFO] WebApp:414 - Apply proxy settings
2024-07-02 12:17:01,444 [INFO] WebApp:499 - Chromium requires no authentication
2024-07-02 12:17:01,461 [INFO] WebApp:442 - Direct internet connection detected
2024-07-02 12:17:01,878 [INFO] WebApp:192 - Starting web application
2024-07-02 12:17:01,880 [INFO] WebApp:544 - Web application path used C:\ST\STM32CubeIDE_1.15.1\STM32CubeIDE\plugins\com.st.stm32cube.common.mx_6.11.1.202404110753\db\plugins\mcufinder\reactClient1\index.html
2024-07-02 14:01:49,523 [ERROR] LogOutputStream:75 - [STDERR_REDIRECT] 
