2024-06-20 11:05:02,521 [INFO] Activator:176 - 


2024-06-20 11:05:02,536 [INFO] Activator:177 - !SESSION log4j initialized
2024-06-20 11:05:43,739 [INFO] LogOutputStream:77 - [STDOUT_REDIRECT] 
2024-06-20 11:06:46,903 [INFO] ApplicationProperties:184 - Using Application install path: C:\ST\STM32CubeIDE_1.15.1\STM32CubeIDE\plugins\com.st.stm32cube.common.mx_6.11.1.202404110753
2024-06-20 11:06:47,306 [INFO] DbMcusXml:78 - Set database path to: C:\ST\STM32CubeIDE_1.15.1\STM32CubeIDE\plugins\com.st.stm32cube.common.mx_6.11.1.202404110753\\db\/mcu/
2024-06-20 11:06:47,308 [INFO] ApiDb:274 - Set plugin database path to: C:\ST\STM32CubeIDE_1.15.1\STM32CubeIDE\plugins\com.st.stm32cube.common.mx_6.11.1.202404110753\\db\/plugins/boardmanager/
2024-06-20 11:06:47,309 [WARN] ApiDb:259 - Overriding images path with different value:  => C:\ST\STM32CubeIDE_1.15.1\STM32CubeIDE\plugins\com.st.stm32cube.common.mx_6.11.1.202404110753\\db\/plugins/mcufinder/images/
2024-06-20 11:06:47,344 [INFO] ApiDb:250 - Set database path to: C:\Users\User\.stmcufinder\plugins\mcufinder//mcu/
2024-06-20 11:06:47,348 [INFO] DbMcusAds:125 - Set database path to: C:\Users\User\.stmcufinder\plugins\mcufinder//mcu/
2024-06-20 11:06:47,553 [INFO] CrossReferenceDbSqlite:203 - Set database path to: C:\Users\User\.stmcufinder\plugins\mcufinder//mcu/cs/
2024-06-20 11:06:49,627 [INFO] RulesReader:64 - Compatibility file has been processed (297 Rules)
2024-06-20 11:06:51,257 [INFO] DbMcusXml:78 - Set database path to: C:\ST\STM32CubeIDE_1.15.1\STM32CubeIDE\plugins\com.st.stm32cube.common.mx_6.11.1.202404110753\\db\/mcu/
2024-06-20 11:06:51,258 [INFO] ApiDb:274 - Set plugin database path to: C:\ST\STM32CubeIDE_1.15.1\STM32CubeIDE\plugins\com.st.stm32cube.common.mx_6.11.1.202404110753\\db\/plugins/boardmanager/
2024-06-20 11:06:51,258 [INFO] ApiDb:261 - Set plugin images path to: C:\ST\STM32CubeIDE_1.15.1\STM32CubeIDE\plugins\com.st.stm32cube.common.mx_6.11.1.202404110753\\db\/plugins/mcufinder/images/
2024-06-20 11:06:51,259 [WARN] DbFile:41 - Overriding database path with different value: C:\Users\User\.stmcufinder\plugins\mcufinder/ => C:\Users\User\.stmcufinder\plugins\mcufinder
2024-06-20 11:06:51,260 [INFO] ApiDb:250 - Set database path to: C:\Users\User\.stmcufinder\plugins\mcufinder//mcu/
2024-06-20 11:06:51,260 [WARN] DbFile:41 - Overriding database path with different value: C:\Users\User\.stmcufinder\plugins\mcufinder/ => C:\Users\User\.stmcufinder\plugins\mcufinder
2024-06-20 11:06:51,260 [INFO] DbMcusAds:125 - Set database path to: C:\Users\User\.stmcufinder\plugins\mcufinder//mcu/
2024-06-20 11:06:51,261 [WARN] DbFile:41 - Overriding database path with different value: C:\Users\User\.stmcufinder\plugins\mcufinder/ => C:\Users\User\.stmcufinder\plugins\mcufinder
2024-06-20 11:06:51,261 [WARN] DbFile:41 - Overriding database path with different value: C:\Users\User\.stmcufinder\plugins\mcufinder/ => C:\Users\User\.stmcufinder\plugins\mcufinder
2024-06-20 11:06:51,262 [INFO] CrossReferenceDbSqlite:203 - Set database path to: C:\Users\User\.stmcufinder\plugins\mcufinder//mcu/cs/
2024-06-20 11:06:52,479 [INFO] MainPanel:264 - HeapMemory: 268435456
2024-06-20 11:06:52,830 [INFO] DbMcusXml:78 - Set database path to: C:\ST\STM32CubeIDE_1.15.1\STM32CubeIDE\plugins\com.st.stm32cube.common.mx_6.11.1.202404110753\\db\/mcu/
2024-06-20 11:06:52,830 [INFO] ApiDb:274 - Set plugin database path to: C:\ST\STM32CubeIDE_1.15.1\STM32CubeIDE\plugins\com.st.stm32cube.common.mx_6.11.1.202404110753\\db\/plugins/boardmanager/
2024-06-20 11:06:52,831 [INFO] ApiDb:261 - Set plugin images path to: C:\ST\STM32CubeIDE_1.15.1\STM32CubeIDE\plugins\com.st.stm32cube.common.mx_6.11.1.202404110753\\db\/plugins/mcufinder/images/
2024-06-20 11:06:52,833 [WARN] DbFile:41 - Overriding database path with different value: C:\Users\User\.stmcufinder\plugins\mcufinder/ => C:\Users\User\.stmcufinder\plugins\mcufinder
2024-06-20 11:06:52,833 [INFO] ApiDb:250 - Set database path to: C:\Users\User\.stmcufinder\plugins\mcufinder//mcu/
2024-06-20 11:06:52,833 [WARN] DbFile:41 - Overriding database path with different value: C:\Users\User\.stmcufinder\plugins\mcufinder/ => C:\Users\User\.stmcufinder\plugins\mcufinder
2024-06-20 11:06:52,833 [INFO] DbMcusAds:125 - Set database path to: C:\Users\User\.stmcufinder\plugins\mcufinder//mcu/
2024-06-20 11:06:52,834 [WARN] DbFile:41 - Overriding database path with different value: C:\Users\User\.stmcufinder\plugins\mcufinder/ => C:\Users\User\.stmcufinder\plugins\mcufinder
2024-06-20 11:06:52,834 [WARN] DbFile:41 - Overriding database path with different value: C:\Users\User\.stmcufinder\plugins\mcufinder/ => C:\Users\User\.stmcufinder\plugins\mcufinder
2024-06-20 11:06:52,834 [INFO] CrossReferenceDbSqlite:203 - Set database path to: C:\Users\User\.stmcufinder\plugins\mcufinder//mcu/cs/
2024-06-20 11:06:52,931 [INFO] ApplicationProperties:184 - Using Application install path: C:\ST\STM32CubeIDE_1.15.1\STM32CubeIDE\plugins\com.st.stm32cube.common.mx_6.11.1.202404110753
2024-06-20 11:06:52,936 [INFO] PluginManage:196 - Search for loadable plugins [exclusion list=, ]
2024-06-20 11:06:52,941 [INFO] PluginManage:310 - Check plugin analytics
2024-06-20 11:06:54,534 [INFO] AnalyticsPlugin:253 - Accepted Software Licenses: 
2024-06-20 11:06:54,535 [INFO] AnalyticsPlugin:255 - Accepted CMSIS Pack Licenses: 
2024-06-20 11:06:54,536 [INFO] AnalyticsPlugin:257 - Accepted Firmware Licenses: FW.C0.1.0.0,FW.C0.1.1.0,FW.WL.1.3.0
2024-06-20 11:06:54,545 [INFO] PluginManage:359 - Loaded plugin analytics (category:tool,tabindex:-1)
2024-06-20 11:06:54,546 [INFO] PluginManage:310 - Check plugin cadmodel
2024-06-20 11:06:54,759 [INFO] CADModel:105 - Init CAD model plugin
2024-06-20 11:06:54,760 [INFO] PluginManage:359 - Loaded plugin cadmodel (category:power,tabindex:5)
2024-06-20 11:06:54,762 [INFO] PluginManage:310 - Check plugin clock
2024-06-20 11:06:55,119 [INFO] PluginManage:359 - Loaded plugin clock (category:base,tabindex:2)
2024-06-20 11:06:55,119 [INFO] PluginManage:310 - Check plugin ddr
2024-06-20 11:06:55,129 [INFO] PluginManage:359 - Loaded plugin ddr (category:tool,tabindex:6)
2024-06-20 11:06:55,130 [INFO] PluginManage:310 - Check plugin filemanager
2024-06-20 11:06:55,849 [INFO] PluginManage:359 - Loaded plugin filemanager (category:base,tabindex:10)
2024-06-20 11:06:55,850 [INFO] PluginManage:310 - Check plugin ipmanager
2024-06-20 11:06:55,957 [INFO] PluginManage:359 - Loaded plugin ipmanager (category:base,tabindex:5)
2024-06-20 11:06:55,957 [INFO] PluginManage:310 - Check plugin lpbam
2024-06-20 11:06:56,007 [INFO] PluginManage:359 - Loaded plugin lpbam (category:base,tabindex:0)
2024-06-20 11:06:56,008 [INFO] PluginManage:310 - Check plugin memorymap
2024-06-20 11:06:56,156 [INFO] PluginManage:359 - Loaded plugin memorymap (category:base,tabindex:4)
2024-06-20 11:06:56,157 [INFO] PluginManage:310 - Check plugin pinoutandconfiguration
2024-06-20 11:06:56,235 [INFO] PluginManage:359 - Loaded plugin pinoutandconfiguration (category:base,tabindex:1)
2024-06-20 11:06:56,235 [INFO] PluginManage:310 - Check plugin pinoutconfig
2024-06-20 11:06:56,903 [WARN] SupportedApi:132 - Cannot load RTOS API schema: s4s-elt-must-match.1: The content of 'definitions' must match (annotation?, (simpleType | complexType)?, (unique | key | keyref)*)). A problem was found starting at: attribute.
2024-06-20 11:06:57,389 [INFO] PluginManage:359 - Loaded plugin pinoutconfig (category:base,tabindex:0)
2024-06-20 11:06:57,390 [INFO] PluginManage:310 - Check plugin power
2024-06-20 11:06:57,512 [INFO] PluginManage:359 - Loaded plugin power (category:power,tabindex:4)
2024-06-20 11:06:57,513 [INFO] PluginManage:310 - Check plugin projectmanager
2024-06-20 11:06:57,623 [INFO] PluginManage:359 - Loaded plugin projectmanager (category:projectmanager,tabindex:3)
2024-06-20 11:06:57,623 [INFO] PluginManage:310 - Check plugin thirdparty
2024-06-20 11:06:58,992 [INFO] PluginManage:359 - Loaded plugin thirdparty (category:base,tabindex:-1)
2024-06-20 11:06:58,993 [INFO] PluginManage:310 - Check plugin tools
2024-06-20 11:06:59,003 [WARN] IntegrityCheckThread:84 - waiting for thirdparty lock release [integrity check]
2024-06-20 11:06:59,006 [INFO] IntegrityCheckThread:86 - entering critical section [integrity check]
2024-06-20 11:06:59,007 [INFO] ThirdPartyUpdaterWithRetryManager:70 - Updater plugin not ready yet. [1/15]
2024-06-20 11:06:59,131 [INFO] PluginManage:359 - Loaded plugin tools (category:base,tabindex:7)
2024-06-20 11:06:59,131 [INFO] PluginManage:310 - Check plugin tutovideos
2024-06-20 11:06:59,847 [INFO] PluginManage:359 - Loaded plugin tutovideos (category:base,tabindex:-1)
2024-06-20 11:06:59,848 [INFO] PluginManage:310 - Check plugin updater
2024-06-20 11:06:59,956 [INFO] PluginManage:359 - Loaded plugin updater (category:base,tabindex:12)
2024-06-20 11:06:59,957 [INFO] PluginManage:310 - Check plugin userauth
2024-06-20 11:06:59,996 [INFO] UserAuth:114 - Init User Auth plugin
2024-06-20 11:06:59,996 [INFO] PluginManage:359 - Loaded plugin userauth (category:base,tabindex:14)
2024-06-20 11:06:59,997 [INFO] PluginManage:283 - PluginManage : Loaded plugins [17]
2024-06-20 11:07:01,603 [INFO] PinOutPanel:1561 - setPackage(No Configuration,No Configuration)
2024-06-20 11:07:02,010 [INFO] ThirdPartyUpdaterWithRetryManager:70 - Updater plugin not ready yet. [2/15]
2024-06-20 11:07:02,074 [INFO] CADModel:165 - CPN selected for project level
2024-06-20 11:07:02,075 [INFO] CADModel:114 - Register for checkConnection events
2024-06-20 11:07:02,158 [INFO] IPUIPlugin:80 - create IPUIPlugin
2024-06-20 11:07:02,159 [INFO] PluginManager:220 - loadIPPluginJar : add adc
2024-06-20 11:07:02,366 [INFO] IPUIPlugin:80 - create IPUIPlugin
2024-06-20 11:07:02,366 [INFO] PluginManager:220 - loadIPPluginJar : add aes
2024-06-20 11:07:02,604 [INFO] IPUIPlugin:80 - create IPUIPlugin
2024-06-20 11:07:02,604 [INFO] PluginManager:220 - loadIPPluginJar : add can
2024-06-20 11:07:02,713 [INFO] IPUIPlugin:80 - create IPUIPlugin
2024-06-20 11:07:02,713 [INFO] PluginManager:220 - loadIPPluginJar : add comp
2024-06-20 11:07:02,840 [INFO] IPUIPlugin:80 - create IPUIPlugin
2024-06-20 11:07:02,841 [INFO] PluginManager:220 - loadIPPluginJar : add cryp
2024-06-20 11:07:03,051 [INFO] IPUIPlugin:80 - create IPUIPlugin
2024-06-20 11:07:03,051 [INFO] PluginManager:220 - loadIPPluginJar : add dfsdm
2024-06-20 11:07:03,106 [INFO] IPUIPlugin:80 - create IPUIPlugin
2024-06-20 11:07:03,107 [INFO] PluginManager:220 - loadIPPluginJar : add dma
2024-06-20 11:07:03,349 [INFO] IPUIPlugin:80 - create IPUIPlugin
2024-06-20 11:07:03,349 [INFO] PluginManager:220 - loadIPPluginJar : add dma3
2024-06-20 11:07:03,532 [INFO] IPUIPlugin:80 - create IPUIPlugin
2024-06-20 11:07:03,532 [INFO] PluginManager:220 - loadIPPluginJar : add extmemmanager
2024-06-20 11:07:03,602 [INFO] IPUIPlugin:80 - create IPUIPlugin
2024-06-20 11:07:03,603 [INFO] PluginManager:220 - loadIPPluginJar : add fatfs
2024-06-20 11:07:03,761 [INFO] IPUIPlugin:80 - create IPUIPlugin
2024-06-20 11:07:03,762 [INFO] PluginManager:220 - loadIPPluginJar : add fmc
2024-06-20 11:07:03,814 [INFO] IPUIPlugin:80 - create IPUIPlugin
2024-06-20 11:07:03,815 [INFO] PluginManager:220 - loadIPPluginJar : add freertos
2024-06-20 11:07:04,003 [INFO] IPUIPlugin:80 - create IPUIPlugin
2024-06-20 11:07:04,010 [INFO] PluginManager:220 - loadIPPluginJar : add genericplugin
2024-06-20 11:07:04,594 [INFO] IPUIPlugin:80 - create IPUIPlugin
2024-06-20 11:07:04,595 [INFO] PluginManager:220 - loadIPPluginJar : add gfxmmu
2024-06-20 11:07:05,012 [INFO] ThirdPartyUpdaterWithRetryManager:70 - Updater plugin not ready yet. [3/15]
2024-06-20 11:07:05,114 [INFO] IPUIPlugin:80 - create IPUIPlugin
2024-06-20 11:07:05,115 [INFO] PluginManager:220 - loadIPPluginJar : add gic
2024-06-20 11:07:05,170 [INFO] IPUIPlugin:80 - create IPUIPlugin
2024-06-20 11:07:05,171 [INFO] PluginManager:220 - loadIPPluginJar : add gpio
2024-06-20 11:07:05,505 [INFO] IPUIPlugin:80 - create IPUIPlugin
2024-06-20 11:07:05,506 [INFO] PluginManager:220 - loadIPPluginJar : add gtzc
2024-06-20 11:07:05,687 [INFO] IPUIPlugin:80 - create IPUIPlugin
2024-06-20 11:07:05,687 [INFO] PluginManager:220 - loadIPPluginJar : add hash
2024-06-20 11:07:05,876 [INFO] IPUIPlugin:80 - create IPUIPlugin
2024-06-20 11:07:05,876 [INFO] PluginManager:220 - loadIPPluginJar : add i2c
2024-06-20 11:07:06,022 [INFO] IPUIPlugin:80 - create IPUIPlugin
2024-06-20 11:07:06,022 [INFO] PluginManager:220 - loadIPPluginJar : add i2s
2024-06-20 11:07:06,180 [INFO] IPUIPlugin:80 - create IPUIPlugin
2024-06-20 11:07:06,180 [INFO] PluginManager:220 - loadIPPluginJar : add i3c
2024-06-20 11:07:06,644 [INFO] IPUIPlugin:80 - create IPUIPlugin
2024-06-20 11:07:06,644 [INFO] PluginManager:220 - loadIPPluginJar : add ipddr
2024-06-20 11:07:07,104 [INFO] IPUIPlugin:80 - create IPUIPlugin
2024-06-20 11:07:07,105 [INFO] PluginManager:220 - loadIPPluginJar : add linkedlist
2024-06-20 11:07:07,311 [INFO] IPUIPlugin:80 - create IPUIPlugin
2024-06-20 11:07:07,311 [INFO] PluginManager:220 - loadIPPluginJar : add lorawan
2024-06-20 11:07:07,449 [INFO] IPUIPlugin:80 - create IPUIPlugin
2024-06-20 11:07:07,449 [INFO] PluginManager:220 - loadIPPluginJar : add ltdc
2024-06-20 11:07:07,569 [INFO] IPUIPlugin:80 - create IPUIPlugin
2024-06-20 11:07:07,570 [INFO] PluginManager:220 - loadIPPluginJar : add mdma
2024-06-20 11:07:07,632 [INFO] IPUIPlugin:80 - create IPUIPlugin
2024-06-20 11:07:07,633 [INFO] PluginManager:220 - loadIPPluginJar : add nvic
2024-06-20 11:07:07,764 [INFO] IPUIPlugin:80 - create IPUIPlugin
2024-06-20 11:07:07,764 [INFO] PluginManager:220 - loadIPPluginJar : add opamp
2024-06-20 11:07:08,003 [INFO] IPUIPlugin:80 - create IPUIPlugin
2024-06-20 11:07:08,003 [INFO] PluginManager:220 - loadIPPluginJar : add openamp
2024-06-20 11:07:08,016 [INFO] ThirdPartyUpdaterWithRetryManager:70 - Updater plugin not ready yet. [4/15]
2024-06-20 11:07:08,380 [INFO] IPUIPlugin:80 - create IPUIPlugin
2024-06-20 11:07:08,380 [INFO] PluginManager:220 - loadIPPluginJar : add pdm2pcm
2024-06-20 11:07:08,458 [INFO] IPUIPlugin:80 - create IPUIPlugin
2024-06-20 11:07:08,488 [INFO] PluginManager:220 - loadIPPluginJar : add plateformsettings
2024-06-20 11:07:08,667 [INFO] IPUIPlugin:80 - create IPUIPlugin
2024-06-20 11:07:08,668 [INFO] PluginManager:220 - loadIPPluginJar : add quadspi
2024-06-20 11:07:08,713 [INFO] IPUIPlugin:80 - create IPUIPlugin
2024-06-20 11:07:08,714 [INFO] PluginManager:220 - loadIPPluginJar : add resmgrutility
2024-06-20 11:07:09,087 [INFO] IPUIPlugin:80 - create IPUIPlugin
2024-06-20 11:07:09,087 [INFO] PluginManager:220 - loadIPPluginJar : add sai
2024-06-20 11:07:09,235 [INFO] IPUIPlugin:80 - create IPUIPlugin
2024-06-20 11:07:09,236 [INFO] PluginManager:220 - loadIPPluginJar : add spi
2024-06-20 11:07:09,637 [INFO] IPUIPlugin:80 - create IPUIPlugin
2024-06-20 11:07:09,638 [INFO] PluginManager:220 - loadIPPluginJar : add stm32_wpan
2024-06-20 11:07:09,735 [INFO] IPUIPlugin:80 - create IPUIPlugin
2024-06-20 11:07:09,735 [INFO] PluginManager:220 - loadIPPluginJar : add tim
2024-06-20 11:07:09,997 [INFO] IPUIPlugin:80 - create IPUIPlugin
2024-06-20 11:07:09,998 [INFO] PluginManager:220 - loadIPPluginJar : add touchsensing
2024-06-20 11:07:10,149 [INFO] IPUIPlugin:80 - create IPUIPlugin
2024-06-20 11:07:10,149 [INFO] PluginManager:220 - loadIPPluginJar : add tracer_emb
2024-06-20 11:07:10,257 [INFO] IPUIPlugin:80 - create IPUIPlugin
2024-06-20 11:07:10,257 [INFO] PluginManager:220 - loadIPPluginJar : add ts
2024-06-20 11:07:10,358 [INFO] IPUIPlugin:80 - create IPUIPlugin
2024-06-20 11:07:10,359 [INFO] PluginManager:220 - loadIPPluginJar : add tsc
2024-06-20 11:07:10,481 [INFO] IPUIPlugin:80 - create IPUIPlugin
2024-06-20 11:07:10,482 [INFO] PluginManager:220 - loadIPPluginJar : add ucpd
2024-06-20 11:07:10,741 [INFO] IPUIPlugin:80 - create IPUIPlugin
2024-06-20 11:07:10,742 [INFO] PluginManager:220 - loadIPPluginJar : add usart
2024-06-20 11:07:11,018 [INFO] ThirdPartyUpdaterWithRetryManager:70 - Updater plugin not ready yet. [5/15]
2024-06-20 11:07:11,037 [INFO] IPUIPlugin:80 - create IPUIPlugin
2024-06-20 11:07:11,037 [INFO] PluginManager:220 - loadIPPluginJar : add usbx
2024-06-20 11:07:11,331 [INFO] CADModel:165 - CPN selected for project level
2024-06-20 11:07:11,332 [INFO] CADModel:114 - Register for checkConnection events
2024-06-20 11:07:11,332 [FATAL] Updater:308 - Updater called before beeing initialized
2024-06-20 11:07:11,332 [ERROR] CADModel:125 - Updater not yet initialized, retry later 
2024-06-20 11:07:11,981 [INFO] CADModel:165 - CPN selected for project level
2024-06-20 11:07:11,981 [INFO] CADModel:114 - Register for checkConnection events
2024-06-20 11:07:11,981 [FATAL] Updater:308 - Updater called before beeing initialized
2024-06-20 11:07:11,981 [ERROR] CADModel:125 - Updater not yet initialized, retry later 
2024-06-20 11:07:11,994 [FATAL] Updater:308 - Updater called before beeing initialized
2024-06-20 11:07:12,519 [FATAL] Updater:308 - Updater called before beeing initialized
2024-06-20 11:07:12,565 [INFO] DbMcusAds:53 - JSON generation date=Thu May 16 06:22:00 BRT 2024 (1715851320852)
2024-06-20 11:07:12,565 [FATAL] Updater:308 - Updater called before beeing initialized
2024-06-20 11:07:13,277 [WARN] DetailPanel:346 - Failed to get advertising image, set to default
2024-06-20 11:07:13,817 [FATAL] Updater:308 - Updater called before beeing initialized
2024-06-20 11:07:13,824 [FATAL] Updater:308 - Updater called before beeing initialized
2024-06-20 11:07:13,824 [FATAL] Updater:308 - Updater called before beeing initialized
2024-06-20 11:07:13,824 [WARN] DetailPanel:346 - Failed to get advertising image, set to default
2024-06-20 11:07:13,826 [FATAL] Updater:308 - Updater called before beeing initialized
2024-06-20 11:07:14,051 [INFO] ThirdPartyUpdaterWithRetryManager:70 - Updater plugin not ready yet. [6/15]
2024-06-20 11:07:14,132 [ERROR] Updater:1120 - MainUpdater not yet initialized. External WinMGr cannot be set.
2024-06-20 11:07:14,185 [INFO] Updater:1056 - Updater Version found : 6.11.1
2024-06-20 11:07:14,263 [INFO] ApplicationProperties:184 - Using Application install path: C:\ST\STM32CubeIDE_1.15.1\STM32CubeIDE\plugins\com.st.stm32cube.common.mx_6.11.1.202404110753
2024-06-20 11:07:15,993 [ERROR] LogOutputStream:75 - [STDERR_REDIRECT] Jun 20, 2024 11:07:15 AM java.util.prefs.WindowsPreferences <init>
2024-06-20 11:07:16,026 [ERROR] LogOutputStream:75 - [STDERR_REDIRECT] WARNING: Could not open/create prefs root node Software\JavaSoft\Prefs at root 0xffffffff80000002. Windows RegCreateKeyEx(...) returned error code 5.
2024-06-20 11:07:16,026 [ERROR] LogOutputStream:75 - [STDERR_REDIRECT] 
2024-06-20 11:07:17,108 [FATAL] Updater:308 - Updater called before beeing initialized
2024-06-20 11:07:17,109 [ERROR] IntegrityCheckThread:130 - Cannot retrieve database content from updater: error 21
2024-06-20 11:07:17,109 [INFO] ThirdParty:978 - Integrity check success = false
2024-06-20 11:07:17,110 [INFO] IntegrityCheckThread:100 - exiting critical section [integrity check]
2024-06-20 11:07:17,110 [INFO] IntegrityCheckThread:103 - End integrity checks thread
2024-06-20 11:07:17,813 [INFO] MainUpdater:2873 - connection check result : 10
2024-06-20 11:07:17,815 [INFO] MainUpdater:290 - Updater Check For Update Now.
2024-06-20 11:07:17,815 [INFO] MicroXplorer:498 - Change Database Version : DB.6.0.111
2024-06-20 11:07:18,795 [INFO] McuFinderGlobals:63 - Set McuFinder mode to 2 (CubeIDE integrated)
2024-06-20 11:07:19,073 [INFO] UserAuth:415 - Internet connection configuration mode: 1
2024-06-20 11:07:19,445 [INFO] JxBrowserEngine:152 - Initiate JxBrowser Engine with user profile folder
2024-06-20 11:07:19,657 [INFO] CheckServerUpdateThread:120 - End of CheckServer Thread
2024-06-20 11:08:01,570 [INFO] WebApp:161 - Instantiating new browser for Auth
2024-06-20 11:08:09,067 [INFO] WebApp:779 - Register for checkConnection events
2024-06-20 11:08:09,072 [INFO] WebApp:414 - Apply proxy settings
2024-06-20 11:08:09,088 [INFO] WebApp:499 - Chromium requires no authentication
2024-06-20 11:08:09,166 [INFO] WebApp:442 - Direct internet connection detected
2024-06-20 11:08:10,826 [INFO] WebApp:192 - Starting web application
2024-06-20 11:08:10,826 [INFO] WebApp:544 - Web application path used C:\ST\STM32CubeIDE_1.15.1\STM32CubeIDE\plugins\com.st.stm32cube.common.mx_6.11.1.202404110753\db\plugins\mcufinder\reactClient1\index.html
2024-06-20 12:41:20,551 [ERROR] LogOutputStream:75 - [STDERR_REDIRECT] 
