2024-06-28 11:05:32,065 [INFO] Activator:176 - 


2024-06-28 11:05:32,075 [INFO] Activator:177 - !SESSION log4j initialized
2024-06-28 11:05:48,113 [INFO] LogOutputStream:77 - [STDOUT_REDIRECT] 
2024-06-28 11:05:51,691 [INFO] ApplicationProperties:184 - Using Application install path: C:\ST\STM32CubeIDE_1.15.1\STM32CubeIDE\plugins\com.st.stm32cube.common.mx_6.11.1.202404110753
2024-06-28 11:05:51,721 [INFO] DbMcusXml:78 - Set database path to: C:\ST\STM32CubeIDE_1.15.1\STM32CubeIDE\plugins\com.st.stm32cube.common.mx_6.11.1.202404110753\\db\/mcu/
2024-06-28 11:05:51,722 [INFO] ApiDb:274 - Set plugin database path to: C:\ST\STM32CubeIDE_1.15.1\STM32CubeIDE\plugins\com.st.stm32cube.common.mx_6.11.1.202404110753\\db\/plugins/boardmanager/
2024-06-28 11:05:51,723 [WARN] ApiDb:259 - Overriding images path with different value:  => C:\ST\STM32CubeIDE_1.15.1\STM32CubeIDE\plugins\com.st.stm32cube.common.mx_6.11.1.202404110753\\db\/plugins/mcufinder/images/
2024-06-28 11:05:51,740 [INFO] ApiDb:250 - Set database path to: C:\Users\User\.stmcufinder\plugins\mcufinder//mcu/
2024-06-28 11:05:51,742 [INFO] DbMcusAds:125 - Set database path to: C:\Users\User\.stmcufinder\plugins\mcufinder//mcu/
2024-06-28 11:05:51,745 [INFO] CrossReferenceDbSqlite:203 - Set database path to: C:\Users\User\.stmcufinder\plugins\mcufinder//mcu/cs/
2024-06-28 11:05:51,970 [INFO] RulesReader:64 - Compatibility file has been processed (297 Rules)
2024-06-28 11:05:52,135 [INFO] DbMcusXml:78 - Set database path to: C:\ST\STM32CubeIDE_1.15.1\STM32CubeIDE\plugins\com.st.stm32cube.common.mx_6.11.1.202404110753\\db\/mcu/
2024-06-28 11:05:52,135 [INFO] ApiDb:274 - Set plugin database path to: C:\ST\STM32CubeIDE_1.15.1\STM32CubeIDE\plugins\com.st.stm32cube.common.mx_6.11.1.202404110753\\db\/plugins/boardmanager/
2024-06-28 11:05:52,136 [INFO] ApiDb:261 - Set plugin images path to: C:\ST\STM32CubeIDE_1.15.1\STM32CubeIDE\plugins\com.st.stm32cube.common.mx_6.11.1.202404110753\\db\/plugins/mcufinder/images/
2024-06-28 11:05:52,136 [WARN] DbFile:41 - Overriding database path with different value: C:\Users\User\.stmcufinder\plugins\mcufinder/ => C:\Users\User\.stmcufinder\plugins\mcufinder
2024-06-28 11:05:52,136 [INFO] ApiDb:250 - Set database path to: C:\Users\User\.stmcufinder\plugins\mcufinder//mcu/
2024-06-28 11:05:52,136 [WARN] DbFile:41 - Overriding database path with different value: C:\Users\User\.stmcufinder\plugins\mcufinder/ => C:\Users\User\.stmcufinder\plugins\mcufinder
2024-06-28 11:05:52,137 [INFO] DbMcusAds:125 - Set database path to: C:\Users\User\.stmcufinder\plugins\mcufinder//mcu/
2024-06-28 11:05:52,137 [WARN] DbFile:41 - Overriding database path with different value: C:\Users\User\.stmcufinder\plugins\mcufinder/ => C:\Users\User\.stmcufinder\plugins\mcufinder
2024-06-28 11:05:52,137 [WARN] DbFile:41 - Overriding database path with different value: C:\Users\User\.stmcufinder\plugins\mcufinder/ => C:\Users\User\.stmcufinder\plugins\mcufinder
2024-06-28 11:05:52,137 [INFO] CrossReferenceDbSqlite:203 - Set database path to: C:\Users\User\.stmcufinder\plugins\mcufinder//mcu/cs/
2024-06-28 11:05:52,271 [INFO] MainPanel:264 - HeapMemory: 268435456
2024-06-28 11:05:52,427 [INFO] DbMcusXml:78 - Set database path to: C:\ST\STM32CubeIDE_1.15.1\STM32CubeIDE\plugins\com.st.stm32cube.common.mx_6.11.1.202404110753\\db\/mcu/
2024-06-28 11:05:52,428 [INFO] ApiDb:274 - Set plugin database path to: C:\ST\STM32CubeIDE_1.15.1\STM32CubeIDE\plugins\com.st.stm32cube.common.mx_6.11.1.202404110753\\db\/plugins/boardmanager/
2024-06-28 11:05:52,428 [INFO] ApiDb:261 - Set plugin images path to: C:\ST\STM32CubeIDE_1.15.1\STM32CubeIDE\plugins\com.st.stm32cube.common.mx_6.11.1.202404110753\\db\/plugins/mcufinder/images/
2024-06-28 11:05:52,429 [WARN] DbFile:41 - Overriding database path with different value: C:\Users\User\.stmcufinder\plugins\mcufinder/ => C:\Users\User\.stmcufinder\plugins\mcufinder
2024-06-28 11:05:52,429 [INFO] ApiDb:250 - Set database path to: C:\Users\User\.stmcufinder\plugins\mcufinder//mcu/
2024-06-28 11:05:52,429 [WARN] DbFile:41 - Overriding database path with different value: C:\Users\User\.stmcufinder\plugins\mcufinder/ => C:\Users\User\.stmcufinder\plugins\mcufinder
2024-06-28 11:05:52,429 [INFO] DbMcusAds:125 - Set database path to: C:\Users\User\.stmcufinder\plugins\mcufinder//mcu/
2024-06-28 11:05:52,429 [WARN] DbFile:41 - Overriding database path with different value: C:\Users\User\.stmcufinder\plugins\mcufinder/ => C:\Users\User\.stmcufinder\plugins\mcufinder
2024-06-28 11:05:52,429 [WARN] DbFile:41 - Overriding database path with different value: C:\Users\User\.stmcufinder\plugins\mcufinder/ => C:\Users\User\.stmcufinder\plugins\mcufinder
2024-06-28 11:05:52,430 [INFO] CrossReferenceDbSqlite:203 - Set database path to: C:\Users\User\.stmcufinder\plugins\mcufinder//mcu/cs/
2024-06-28 11:05:52,461 [INFO] ApplicationProperties:184 - Using Application install path: C:\ST\STM32CubeIDE_1.15.1\STM32CubeIDE\plugins\com.st.stm32cube.common.mx_6.11.1.202404110753
2024-06-28 11:05:52,465 [INFO] PluginManage:196 - Search for loadable plugins [exclusion list=, ]
2024-06-28 11:05:52,467 [INFO] PluginManage:310 - Check plugin analytics
2024-06-28 11:05:52,807 [INFO] AnalyticsPlugin:253 - Accepted Software Licenses: 
2024-06-28 11:05:52,808 [INFO] AnalyticsPlugin:255 - Accepted CMSIS Pack Licenses: 
2024-06-28 11:05:52,808 [INFO] AnalyticsPlugin:257 - Accepted Firmware Licenses: FW.C0.1.0.0,FW.C0.1.1.0,FW.WL.1.3.0
2024-06-28 11:05:52,813 [INFO] PluginManage:359 - Loaded plugin analytics (category:tool,tabindex:-1)
2024-06-28 11:05:52,814 [INFO] PluginManage:310 - Check plugin cadmodel
2024-06-28 11:05:52,838 [INFO] CADModel:105 - Init CAD model plugin
2024-06-28 11:05:52,838 [INFO] PluginManage:359 - Loaded plugin cadmodel (category:power,tabindex:5)
2024-06-28 11:05:52,838 [INFO] PluginManage:310 - Check plugin clock
2024-06-28 11:05:52,871 [INFO] PluginManage:359 - Loaded plugin clock (category:base,tabindex:2)
2024-06-28 11:05:52,871 [INFO] PluginManage:310 - Check plugin ddr
2024-06-28 11:05:52,876 [INFO] PluginManage:359 - Loaded plugin ddr (category:tool,tabindex:6)
2024-06-28 11:05:52,876 [INFO] PluginManage:310 - Check plugin filemanager
2024-06-28 11:05:53,124 [INFO] PluginManage:359 - Loaded plugin filemanager (category:base,tabindex:10)
2024-06-28 11:05:53,125 [INFO] PluginManage:310 - Check plugin ipmanager
2024-06-28 11:05:53,138 [INFO] PluginManage:359 - Loaded plugin ipmanager (category:base,tabindex:5)
2024-06-28 11:05:53,138 [INFO] PluginManage:310 - Check plugin lpbam
2024-06-28 11:05:53,169 [INFO] PluginManage:359 - Loaded plugin lpbam (category:base,tabindex:0)
2024-06-28 11:05:53,170 [INFO] PluginManage:310 - Check plugin memorymap
2024-06-28 11:05:53,210 [INFO] PluginManage:359 - Loaded plugin memorymap (category:base,tabindex:4)
2024-06-28 11:05:53,211 [INFO] PluginManage:310 - Check plugin pinoutandconfiguration
2024-06-28 11:05:53,240 [INFO] PluginManage:359 - Loaded plugin pinoutandconfiguration (category:base,tabindex:1)
2024-06-28 11:05:53,241 [INFO] PluginManage:310 - Check plugin pinoutconfig
2024-06-28 11:05:53,434 [WARN] SupportedApi:132 - Cannot load RTOS API schema: s4s-elt-must-match.1: The content of 'definitions' must match (annotation?, (simpleType | complexType)?, (unique | key | keyref)*)). A problem was found starting at: attribute.
2024-06-28 11:05:53,740 [INFO] PluginManage:359 - Loaded plugin pinoutconfig (category:base,tabindex:0)
2024-06-28 11:05:53,741 [INFO] PluginManage:310 - Check plugin power
2024-06-28 11:05:53,774 [INFO] PluginManage:359 - Loaded plugin power (category:power,tabindex:4)
2024-06-28 11:05:53,774 [INFO] PluginManage:310 - Check plugin projectmanager
2024-06-28 11:05:53,805 [INFO] PluginManage:359 - Loaded plugin projectmanager (category:projectmanager,tabindex:3)
2024-06-28 11:05:53,806 [INFO] PluginManage:310 - Check plugin thirdparty
2024-06-28 11:05:54,279 [INFO] PluginManage:359 - Loaded plugin thirdparty (category:base,tabindex:-1)
2024-06-28 11:05:54,279 [WARN] IntegrityCheckThread:84 - waiting for thirdparty lock release [integrity check]
2024-06-28 11:05:54,279 [INFO] PluginManage:310 - Check plugin tools
2024-06-28 11:05:54,280 [INFO] IntegrityCheckThread:86 - entering critical section [integrity check]
2024-06-28 11:05:54,280 [INFO] ThirdPartyUpdaterWithRetryManager:70 - Updater plugin not ready yet. [1/15]
2024-06-28 11:05:54,347 [INFO] PluginManage:359 - Loaded plugin tools (category:base,tabindex:7)
2024-06-28 11:05:54,348 [INFO] PluginManage:310 - Check plugin tutovideos
2024-06-28 11:05:54,745 [INFO] PluginManage:359 - Loaded plugin tutovideos (category:base,tabindex:-1)
2024-06-28 11:05:54,746 [INFO] PluginManage:310 - Check plugin updater
2024-06-28 11:05:54,768 [INFO] PluginManage:359 - Loaded plugin updater (category:base,tabindex:12)
2024-06-28 11:05:54,768 [INFO] PluginManage:310 - Check plugin userauth
2024-06-28 11:05:54,777 [INFO] UserAuth:114 - Init User Auth plugin
2024-06-28 11:05:54,778 [INFO] PluginManage:359 - Loaded plugin userauth (category:base,tabindex:14)
2024-06-28 11:05:54,778 [INFO] PluginManage:283 - PluginManage : Loaded plugins [17]
2024-06-28 11:05:55,300 [INFO] PinOutPanel:1561 - setPackage(No Configuration,No Configuration)
2024-06-28 11:05:55,452 [INFO] CADModel:165 - CPN selected for project level
2024-06-28 11:05:55,452 [INFO] CADModel:114 - Register for checkConnection events
2024-06-28 11:05:55,509 [INFO] IPUIPlugin:80 - create IPUIPlugin
2024-06-28 11:05:55,510 [INFO] PluginManager:220 - loadIPPluginJar : add adc
2024-06-28 11:05:55,587 [INFO] IPUIPlugin:80 - create IPUIPlugin
2024-06-28 11:05:55,587 [INFO] PluginManager:220 - loadIPPluginJar : add aes
2024-06-28 11:05:55,655 [INFO] IPUIPlugin:80 - create IPUIPlugin
2024-06-28 11:05:55,656 [INFO] PluginManager:220 - loadIPPluginJar : add can
2024-06-28 11:05:55,660 [INFO] IPUIPlugin:80 - create IPUIPlugin
2024-06-28 11:05:55,660 [INFO] PluginManager:220 - loadIPPluginJar : add comp
2024-06-28 11:05:55,717 [INFO] IPUIPlugin:80 - create IPUIPlugin
2024-06-28 11:05:55,717 [INFO] PluginManager:220 - loadIPPluginJar : add cryp
2024-06-28 11:05:55,773 [INFO] IPUIPlugin:80 - create IPUIPlugin
2024-06-28 11:05:55,774 [INFO] PluginManager:220 - loadIPPluginJar : add dfsdm
2024-06-28 11:05:55,795 [INFO] IPUIPlugin:80 - create IPUIPlugin
2024-06-28 11:05:55,796 [INFO] PluginManager:220 - loadIPPluginJar : add dma
2024-06-28 11:05:55,875 [INFO] IPUIPlugin:80 - create IPUIPlugin
2024-06-28 11:05:55,875 [INFO] PluginManager:220 - loadIPPluginJar : add dma3
2024-06-28 11:05:55,961 [INFO] IPUIPlugin:80 - create IPUIPlugin
2024-06-28 11:05:55,961 [INFO] PluginManager:220 - loadIPPluginJar : add extmemmanager
2024-06-28 11:05:55,995 [INFO] IPUIPlugin:80 - create IPUIPlugin
2024-06-28 11:05:55,995 [INFO] PluginManager:220 - loadIPPluginJar : add fatfs
2024-06-28 11:05:56,080 [INFO] IPUIPlugin:80 - create IPUIPlugin
2024-06-28 11:05:56,080 [INFO] PluginManager:220 - loadIPPluginJar : add fmc
2024-06-28 11:05:56,104 [INFO] IPUIPlugin:80 - create IPUIPlugin
2024-06-28 11:05:56,104 [INFO] PluginManager:220 - loadIPPluginJar : add freertos
2024-06-28 11:05:56,140 [INFO] IPUIPlugin:80 - create IPUIPlugin
2024-06-28 11:05:56,140 [INFO] PluginManager:220 - loadIPPluginJar : add genericplugin
2024-06-28 11:05:56,298 [INFO] IPUIPlugin:80 - create IPUIPlugin
2024-06-28 11:05:56,298 [INFO] PluginManager:220 - loadIPPluginJar : add gfxmmu
2024-06-28 11:05:56,521 [INFO] IPUIPlugin:80 - create IPUIPlugin
2024-06-28 11:05:56,521 [INFO] PluginManager:220 - loadIPPluginJar : add gic
2024-06-28 11:05:56,541 [INFO] IPUIPlugin:80 - create IPUIPlugin
2024-06-28 11:05:56,541 [INFO] PluginManager:220 - loadIPPluginJar : add gpio
2024-06-28 11:05:56,697 [INFO] IPUIPlugin:80 - create IPUIPlugin
2024-06-28 11:05:56,697 [INFO] PluginManager:220 - loadIPPluginJar : add gtzc
2024-06-28 11:05:56,749 [INFO] IPUIPlugin:80 - create IPUIPlugin
2024-06-28 11:05:56,749 [INFO] PluginManager:220 - loadIPPluginJar : add hash
2024-06-28 11:05:56,836 [INFO] IPUIPlugin:80 - create IPUIPlugin
2024-06-28 11:05:56,837 [INFO] PluginManager:220 - loadIPPluginJar : add i2c
2024-06-28 11:05:56,899 [INFO] IPUIPlugin:80 - create IPUIPlugin
2024-06-28 11:05:56,899 [INFO] PluginManager:220 - loadIPPluginJar : add i2s
2024-06-28 11:05:56,971 [INFO] IPUIPlugin:80 - create IPUIPlugin
2024-06-28 11:05:56,971 [INFO] PluginManager:220 - loadIPPluginJar : add i3c
2024-06-28 11:05:57,139 [INFO] IPUIPlugin:80 - create IPUIPlugin
2024-06-28 11:05:57,139 [INFO] PluginManager:220 - loadIPPluginJar : add ipddr
2024-06-28 11:05:57,281 [INFO] ThirdPartyUpdaterWithRetryManager:70 - Updater plugin not ready yet. [2/15]
2024-06-28 11:05:57,291 [INFO] IPUIPlugin:80 - create IPUIPlugin
2024-06-28 11:05:57,292 [INFO] PluginManager:220 - loadIPPluginJar : add linkedlist
2024-06-28 11:05:57,350 [INFO] IPUIPlugin:80 - create IPUIPlugin
2024-06-28 11:05:57,351 [INFO] PluginManager:220 - loadIPPluginJar : add lorawan
2024-06-28 11:05:57,410 [INFO] IPUIPlugin:80 - create IPUIPlugin
2024-06-28 11:05:57,410 [INFO] PluginManager:220 - loadIPPluginJar : add ltdc
2024-06-28 11:05:57,432 [INFO] IPUIPlugin:80 - create IPUIPlugin
2024-06-28 11:05:57,432 [INFO] PluginManager:220 - loadIPPluginJar : add mdma
2024-06-28 11:05:57,450 [INFO] IPUIPlugin:80 - create IPUIPlugin
2024-06-28 11:05:57,450 [INFO] PluginManager:220 - loadIPPluginJar : add nvic
2024-06-28 11:05:57,509 [INFO] IPUIPlugin:80 - create IPUIPlugin
2024-06-28 11:05:57,509 [INFO] PluginManager:220 - loadIPPluginJar : add opamp
2024-06-28 11:05:57,614 [INFO] IPUIPlugin:80 - create IPUIPlugin
2024-06-28 11:05:57,614 [INFO] PluginManager:220 - loadIPPluginJar : add openamp
2024-06-28 11:05:57,684 [INFO] IPUIPlugin:80 - create IPUIPlugin
2024-06-28 11:05:57,684 [INFO] PluginManager:220 - loadIPPluginJar : add pdm2pcm
2024-06-28 11:05:57,706 [INFO] IPUIPlugin:80 - create IPUIPlugin
2024-06-28 11:05:57,709 [INFO] PluginManager:220 - loadIPPluginJar : add plateformsettings
2024-06-28 11:05:57,743 [INFO] IPUIPlugin:80 - create IPUIPlugin
2024-06-28 11:05:57,743 [INFO] PluginManager:220 - loadIPPluginJar : add quadspi
2024-06-28 11:05:57,767 [INFO] IPUIPlugin:80 - create IPUIPlugin
2024-06-28 11:05:57,767 [INFO] PluginManager:220 - loadIPPluginJar : add resmgrutility
2024-06-28 11:05:57,852 [INFO] IPUIPlugin:80 - create IPUIPlugin
2024-06-28 11:05:57,853 [INFO] PluginManager:220 - loadIPPluginJar : add sai
2024-06-28 11:05:57,921 [INFO] IPUIPlugin:80 - create IPUIPlugin
2024-06-28 11:05:57,921 [INFO] PluginManager:220 - loadIPPluginJar : add spi
2024-06-28 11:05:58,055 [INFO] IPUIPlugin:80 - create IPUIPlugin
2024-06-28 11:05:58,055 [INFO] PluginManager:220 - loadIPPluginJar : add stm32_wpan
2024-06-28 11:05:58,095 [INFO] IPUIPlugin:80 - create IPUIPlugin
2024-06-28 11:05:58,095 [INFO] PluginManager:220 - loadIPPluginJar : add tim
2024-06-28 11:05:58,200 [INFO] IPUIPlugin:80 - create IPUIPlugin
2024-06-28 11:05:58,200 [INFO] PluginManager:220 - loadIPPluginJar : add touchsensing
2024-06-28 11:05:58,237 [INFO] IPUIPlugin:80 - create IPUIPlugin
2024-06-28 11:05:58,237 [INFO] PluginManager:220 - loadIPPluginJar : add tracer_emb
2024-06-28 11:05:58,274 [INFO] IPUIPlugin:80 - create IPUIPlugin
2024-06-28 11:05:58,274 [INFO] PluginManager:220 - loadIPPluginJar : add ts
2024-06-28 11:05:58,309 [INFO] IPUIPlugin:80 - create IPUIPlugin
2024-06-28 11:05:58,309 [INFO] PluginManager:220 - loadIPPluginJar : add tsc
2024-06-28 11:05:58,344 [INFO] IPUIPlugin:80 - create IPUIPlugin
2024-06-28 11:05:58,344 [INFO] PluginManager:220 - loadIPPluginJar : add ucpd
2024-06-28 11:05:58,416 [INFO] IPUIPlugin:80 - create IPUIPlugin
2024-06-28 11:05:58,416 [INFO] PluginManager:220 - loadIPPluginJar : add usart
2024-06-28 11:05:58,489 [INFO] IPUIPlugin:80 - create IPUIPlugin
2024-06-28 11:05:58,489 [INFO] PluginManager:220 - loadIPPluginJar : add usbx
2024-06-28 11:05:58,675 [INFO] CADModel:165 - CPN selected for project level
2024-06-28 11:05:58,676 [INFO] CADModel:114 - Register for checkConnection events
2024-06-28 11:05:58,676 [FATAL] Updater:308 - Updater called before beeing initialized
2024-06-28 11:05:58,676 [ERROR] CADModel:125 - Updater not yet initialized, retry later 
2024-06-28 11:05:58,945 [INFO] CADModel:165 - CPN selected for project level
2024-06-28 11:05:58,945 [INFO] CADModel:114 - Register for checkConnection events
2024-06-28 11:05:58,945 [FATAL] Updater:308 - Updater called before beeing initialized
2024-06-28 11:05:58,945 [ERROR] CADModel:125 - Updater not yet initialized, retry later 
2024-06-28 11:05:58,951 [FATAL] Updater:308 - Updater called before beeing initialized
2024-06-28 11:05:59,164 [FATAL] Updater:308 - Updater called before beeing initialized
2024-06-28 11:05:59,181 [INFO] DbMcusAds:53 - JSON generation date=Thu May 16 06:22:00 BRT 2024 (1715851320852)
2024-06-28 11:05:59,182 [FATAL] Updater:308 - Updater called before beeing initialized
2024-06-28 11:05:59,344 [WARN] DetailPanel:346 - Failed to get advertising image, set to default
2024-06-28 11:05:59,518 [FATAL] Updater:308 - Updater called before beeing initialized
2024-06-28 11:05:59,522 [FATAL] Updater:308 - Updater called before beeing initialized
2024-06-28 11:05:59,522 [FATAL] Updater:308 - Updater called before beeing initialized
2024-06-28 11:05:59,522 [WARN] DetailPanel:346 - Failed to get advertising image, set to default
2024-06-28 11:05:59,523 [FATAL] Updater:308 - Updater called before beeing initialized
2024-06-28 11:05:59,641 [ERROR] Updater:1120 - MainUpdater not yet initialized. External WinMGr cannot be set.
2024-06-28 11:05:59,659 [INFO] Updater:1056 - Updater Version found : 6.11.1
2024-06-28 11:05:59,691 [INFO] ApplicationProperties:184 - Using Application install path: C:\ST\STM32CubeIDE_1.15.1\STM32CubeIDE\plugins\com.st.stm32cube.common.mx_6.11.1.202404110753
2024-06-28 11:06:00,282 [INFO] ThirdPartyUpdaterWithRetryManager:70 - Updater plugin not ready yet. [3/15]
2024-06-28 11:06:01,298 [ERROR] LogOutputStream:75 - [STDERR_REDIRECT] Jun 28, 2024 11:06:01 AM java.util.prefs.WindowsPreferences <init>
2024-06-28 11:06:01,304 [ERROR] LogOutputStream:75 - [STDERR_REDIRECT] WARNING: Could not open/create prefs root node Software\JavaSoft\Prefs at root 0xffffffff80000002. Windows RegCreateKeyEx(...) returned error code 5.
2024-06-28 11:06:01,305 [ERROR] LogOutputStream:75 - [STDERR_REDIRECT] 
2024-06-28 11:06:02,029 [INFO] MainUpdater:2873 - connection check result : 10
2024-06-28 11:06:02,030 [INFO] MainUpdater:290 - Updater Check For Update Now.
2024-06-28 11:06:02,031 [INFO] MicroXplorer:498 - Change Database Version : DB.6.0.111
2024-06-28 11:06:02,062 [INFO] McuFinderGlobals:63 - Set McuFinder mode to 2 (CubeIDE integrated)
2024-06-28 11:06:02,088 [INFO] UserAuth:415 - Internet connection configuration mode: 1
2024-06-28 11:06:02,140 [INFO] JxBrowserEngine:152 - Initiate JxBrowser Engine with user profile folder
2024-06-28 11:06:02,394 [INFO] CheckServerUpdateThread:120 - End of CheckServer Thread
2024-06-28 11:06:03,793 [WARN] PackLoader:240 - Cannot read IP mode file for STMicroelectronics.FP-SNS-MOTENVWB1.1.4.0
2024-06-28 11:06:03,830 [WARN] PackLoader:240 - Cannot read IP mode file for STMicroelectronics.X-CUBE-SMBUS.2.1.0
2024-06-28 11:06:03,857 [WARN] PackLoader:240 - Cannot read IP mode file for STMicroelectronics.X-CUBE-TOUCHGFX.4.23.0
2024-06-28 11:06:03,880 [WARN] PackLoader:240 - Cannot read IP mode file for STMicroelectronics.X-CUBE-TOUCHGFX.4.23.2
2024-06-28 11:06:03,973 [WARN] PackLoader:240 - Cannot read IP mode file for STMicroelectronics.X-CUBE-AZRTOS-F7.1.1.0
2024-06-28 11:06:04,019 [WARN] PackLoader:240 - Cannot read IP mode file for STMicroelectronics.FP-SNS-MOTENV1.4.3.2
2024-06-28 11:06:04,047 [WARN] PackLoader:240 - Cannot read IP mode file for STMicroelectronics.FP-SNS-FLIGHT1.5.0.2
2024-06-28 11:06:04,082 [WARN] PackLoader:240 - Cannot read IP mode file for STMicroelectronics.X-CUBE-DISPLAY.3.0.0
2024-06-28 11:06:04,124 [WARN] PackLoader:240 - Cannot read IP mode file for STMicroelectronics.X-CUBE-BLE1.7.0.0
2024-06-28 11:06:04,153 [WARN] PackLoader:240 - Cannot read IP mode file for emotas.I-CUBE-CANOPEN.1.3.0
2024-06-28 11:06:04,177 [WARN] PackLoader:240 - Cannot read IP mode file for STMicroelectronics.X-CUBE-TOUCHGFX.4.22.1
2024-06-28 11:06:04,220 [WARN] PackLoader:240 - Cannot read IP mode file for STMicroelectronics.X-CUBE-BLEMGR.3.1.0
2024-06-28 11:06:04,255 [WARN] PackLoader:240 - Cannot read IP mode file for STMicroelectronics.FP-SNS-SMARTAG2.1.2.0
2024-06-28 11:06:04,303 [INFO] LogOutputStream:77 - [STDOUT_REDIRECT] 1 : Invalid condition id : UX_CORESTACK_Condition cause : null
2024-06-28 11:06:04,304 [INFO] LogOutputStream:77 - [STDOUT_REDIRECT] 1 : Invalid condition id : UX_CORESTACK_Condition cause : null
2024-06-28 11:06:04,307 [INFO] LogOutputStream:77 - [STDOUT_REDIRECT] 1 : Invalid condition id : UX_CORESTACK_Condition cause : null
2024-06-28 11:06:04,310 [INFO] LogOutputStream:77 - [STDOUT_REDIRECT] 1 : Invalid condition id : UX_CORESTACK_Condition cause : null
2024-06-28 11:06:04,312 [INFO] LogOutputStream:77 - [STDOUT_REDIRECT] 1 : Invalid condition id : UX_CORESTACK_Condition cause : null
2024-06-28 11:06:04,346 [WARN] PackLoader:240 - Cannot read IP mode file for STMicroelectronics.X-CUBE-AZRTOS-WL.2.0.0
2024-06-28 11:06:04,381 [WARN] PackLoader:240 - Cannot read IP mode file for STMicroelectronics.FP-SNS-MOTENV1.5.0.0
2024-06-28 11:06:04,408 [WARN] PackLoader:240 - Cannot read IP mode file for wolfSSL.I-CUBE-wolfMQTT.1.19.0
2024-06-28 11:06:04,440 [WARN] PackLoader:240 - Cannot read IP mode file for WES.I-CUBE-Cesium.1.3.0
2024-06-28 11:06:04,465 [WARN] PackLoader:240 - Cannot read IP mode file for STMicroelectronics.X-CUBE-BLE2.3.3.0
2024-06-28 11:06:04,495 [WARN] PackLoader:240 - Cannot read IP mode file for STMicroelectronics.X-CUBE-TCPP.4.1.0
2024-06-28 11:06:04,532 [WARN] PackLoader:240 - Cannot read IP mode file for STMicroelectronics.X-CUBE-ALGOBUILD.1.3.0
2024-06-28 11:06:04,816 [WARN] PackLoader:240 - Cannot read IP mode file for STMicroelectronics.X-CUBE-AZRTOS-G0.1.1.0
2024-06-28 11:06:04,854 [WARN] PackLoader:240 - Cannot read IP mode file for STMicroelectronics.X-CUBE-SAFEA1.1.2.2
2024-06-28 11:06:04,892 [WARN] PackLoader:240 - Cannot read IP mode file for STMicroelectronics.X-CUBE-NFC4.3.0.0
2024-06-28 11:06:04,915 [WARN] PackLoader:240 - Cannot read IP mode file for wolfSSL.I-CUBE-wolfMQTT.1.18.0
2024-06-28 11:06:04,955 [WARN] PackLoader:240 - Cannot read IP mode file for STMicroelectronics.X-CUBE-BLEMGR.3.0.0
2024-06-28 11:06:04,988 [WARN] PackLoader:240 - Cannot read IP mode file for STMicroelectronics.FP-ATR-SIGFOX1.3.2.0
2024-06-28 11:06:05,020 [WARN] PackLoader:240 - Cannot read IP mode file for STMicroelectronics.X-CUBE-EEPRMA1.5.1.0
2024-06-28 11:06:05,165 [WARN] PackLoader:240 - Cannot read IP mode file for SEGGER.I-CUBE-embOS.1.3.1
2024-06-28 11:06:05,312 [WARN] PackLoader:240 - Cannot read IP mode file for STMicroelectronics.X-CUBE-ALGOBUILD.1.4.0
2024-06-28 11:06:05,344 [WARN] PackLoader:240 - Cannot read IP mode file for STMicroelectronics.X-CUBE-GNSS1.6.0.0
2024-06-28 11:06:05,427 [WARN] PackLoader:240 - Cannot read IP mode file for STMicroelectronics.X-CUBE-AZRTOS-F4.1.1.0
2024-06-28 11:06:05,462 [WARN] PackLoader:240 - Cannot read IP mode file for wolfSSL.I-CUBE-wolfSSL.5.6.3
2024-06-28 11:06:05,490 [WARN] PackLoader:240 - Cannot read IP mode file for STMicroelectronics.X-CUBE-FREERTOS.1.2.0
2024-06-28 11:06:05,579 [WARN] PackLoader:240 - Cannot read IP mode file for STMicroelectronics.X-CUBE-AZRTOS-L5.2.0.0
2024-06-28 11:06:05,747 [WARN] PackLoader:240 - Cannot read IP mode file for STMicroelectronics.X-CUBE-MEMS1.9.6.0
2024-06-28 11:06:06,292 [WARN] PackLoader:240 - Cannot read IP mode file for STMicroelectronics.X-CUBE-EEPRMA1.4.2.0
2024-06-28 11:06:06,388 [WARN] PackLoader:240 - Cannot read IP mode file for STMicroelectronics.X-CUBE-NFC6.3.1.0
2024-06-28 11:06:06,471 [WARN] PackLoader:240 - Cannot read IP mode file for ITTIA_DB.I-CUBE-ITTIADB.8.8.0
2024-06-28 11:06:06,564 [WARN] PackLoader:240 - Cannot read IP mode file for STMicroelectronics.X-CUBE-BLEMGR.2.0.0
2024-06-28 11:06:06,820 [WARN] PackLoader:240 - Cannot read IP mode file for STMicroelectronics.X-CUBE-AI.9.0.0
2024-06-28 11:06:06,929 [WARN] ConditionMgr:438 - getConditionDescription Invalid condition id : UX DEVICE CLASS RTOS Condition cause : null
2024-06-28 11:06:06,930 [WARN] ConditionMgr:438 - getConditionDescription Invalid condition id : UX DEVICE CLASS RTOS Condition cause : null
2024-06-28 11:06:06,939 [WARN] PackLoader:240 - Cannot read IP mode file for STMicroelectronics.X-CUBE-AZRTOS-H7.3.1.0
2024-06-28 11:06:06,941 [WARN] ConditionMgr:1039 - genDependencies : Invalid condition id : UX DEVICE CLASS RTOS Condition cause : null
2024-06-28 11:06:06,942 [WARN] ConditionMgr:1039 - genDependencies : Invalid condition id : UX DEVICE CLASS RTOS Condition cause : null
2024-06-28 11:06:06,943 [WARN] ConditionMgr:1039 - genDependencies : Invalid condition id : UX DEVICE CLASS RTOS Condition cause : null
2024-06-28 11:06:06,945 [WARN] ConditionMgr:1039 - genDependencies : Invalid condition id : UX DEVICE CLASS RTOS Condition cause : null
2024-06-28 11:06:06,946 [WARN] ConditionMgr:1039 - genDependencies : Invalid condition id : UX DEVICE CLASS RTOS Condition cause : null
2024-06-28 11:06:07,007 [WARN] PackLoader:240 - Cannot read IP mode file for STMicroelectronics.X-CUBE-NFC7.1.0.1
2024-06-28 11:06:07,067 [WARN] PackLoader:240 - Cannot read IP mode file for STMicroelectronics.X-CUBE-NFC6.3.0.0
2024-06-28 11:06:07,122 [WARN] PackLoader:240 - Cannot read IP mode file for STMicroelectronics.X-CUBE-EEPRMA1.4.1.0
2024-06-28 11:06:07,168 [WARN] PackLoader:240 - Cannot read IP mode file for STMicroelectronics.X-CUBE-AI.8.1.0
2024-06-28 11:06:07,271 [WARN] ConditionMgr:438 - getConditionDescription Invalid condition id : LAN8742 Phy interface Condition cause : null
2024-06-28 11:06:07,273 [WARN] PackLoader:240 - Cannot read IP mode file for STMicroelectronics.X-CUBE-AZRTOS-L4.2.0.0
2024-06-28 11:06:07,276 [WARN] ConditionMgr:1039 - genDependencies : Invalid condition id : LAN8742 Phy interface Condition cause : null
2024-06-28 11:06:07,276 [WARN] ConditionMgr:1039 - genDependencies : Invalid condition id : LAN8742 Phy interface Condition cause : null
2024-06-28 11:06:07,278 [WARN] ConditionMgr:1039 - genDependencies : Invalid condition id : LAN8742 Phy interface Condition cause : null
2024-06-28 11:06:07,347 [WARN] PackLoader:240 - Cannot read IP mode file for STMicroelectronics.X-CUBE-SFXS2LP1.4.0.0
2024-06-28 11:06:07,405 [WARN] PackLoader:240 - Cannot read IP mode file for STMicroelectronics.X-CUBE-ISPU.1.1.0
2024-06-28 11:06:07,466 [WARN] ConditionMgr:438 - getConditionDescription Invalid condition id : UX DEVICE CLASS RTOS Condition cause : null
2024-06-28 11:06:07,467 [WARN] ConditionMgr:438 - getConditionDescription Invalid condition id : UX DEVICE CLASS RTOS Condition cause : null
2024-06-28 11:06:07,473 [WARN] PackLoader:240 - Cannot read IP mode file for STMicroelectronics.X-CUBE-AZRTOS-WB.2.0.0
2024-06-28 11:06:07,475 [WARN] ConditionMgr:1039 - genDependencies : Invalid condition id : UX DEVICE CLASS RTOS Condition cause : null
2024-06-28 11:06:07,475 [WARN] ConditionMgr:1039 - genDependencies : Invalid condition id : UX DEVICE CLASS RTOS Condition cause : null
2024-06-28 11:06:07,477 [WARN] ConditionMgr:1039 - genDependencies : Invalid condition id : UX DEVICE CLASS RTOS Condition cause : null
2024-06-28 11:06:07,477 [WARN] ConditionMgr:1039 - genDependencies : Invalid condition id : UX DEVICE CLASS RTOS Condition cause : null
2024-06-28 11:06:07,478 [WARN] ConditionMgr:1039 - genDependencies : Invalid condition id : UX DEVICE CLASS RTOS Condition cause : null
2024-06-28 11:06:07,532 [WARN] PackLoader:240 - Cannot read IP mode file for STMicroelectronics.X-CUBE-SUBG2.5.0.0
2024-06-28 11:06:07,606 [WARN] PackLoader:240 - Cannot read IP mode file for STMicroelectronics.X-CUBE-TOF1.3.3.1
2024-06-28 11:06:07,696 [WARN] PackLoader:240 - Cannot read IP mode file for STMicroelectronics.X-CUBE-AZRTOS-G4.2.0.0
2024-06-28 11:06:07,806 [WARN] PackLoader:240 - Cannot read IP mode file for Infineon.AIROC-Wi-Fi-Bluetooth-STM32.1.5.1
2024-06-28 11:06:07,879 [WARN] PackLoader:240 - Cannot read IP mode file for STMicroelectronics.FP-SNS-MOTENVWB1.1.3.1
2024-06-28 11:06:07,918 [WARN] PackLoader:240 - Cannot read IP mode file for STMicroelectronics.X-CUBE-ISPU.2.0.0
2024-06-28 11:06:07,965 [WARN] PackLoader:240 - Cannot read IP mode file for STMicroelectronics.X-CUBE-ALS.1.0.2
2024-06-28 11:06:08,250 [WARN] PackLoader:240 - Cannot read IP mode file for STMicroelectronics.X-CUBE-MEMS1.10.0.0
2024-06-28 11:06:09,355 [WARN] PackLoader:240 - Cannot read IP mode file for STMicroelectronics.X-CUBE-FREERTOS.1.1.0
2024-06-28 11:06:09,383 [WARN] PackLoader:240 - Cannot read IP mode file for STMicroelectronics.X-CUBE-TOUCHGFX.4.24.0
2024-06-28 11:06:09,412 [WARN] PackLoader:240 - Cannot read IP mode file for portGmbH.I-Cube-SoM-uGOAL.1.1.0
2024-06-28 11:06:09,436 [WARN] PackLoader:240 - Cannot read IP mode file for STMicroelectronics.X-CUBE-ALS.1.0.1
2024-06-28 11:06:09,504 [WARN] PackLoader:240 - Cannot read IP mode file for STMicroelectronics.X-CUBE-AZRTOS-H7RS.1.0.0
2024-06-28 11:06:09,534 [WARN] PackLoader:240 - Cannot read IP mode file for STMicroelectronics.FP-ATR-ASTRA1.2.0.0
2024-06-28 11:06:09,575 [WARN] PackLoader:240 - Cannot read IP mode file for STMicroelectronics.X-CUBE-TOF1.3.4.0
2024-06-28 11:06:09,639 [WARN] PackLoader:240 - Cannot read IP mode file for STMicroelectronics.X-CUBE-TOF1.3.4.1
2024-06-28 11:06:09,721 [WARN] PackLoader:240 - Cannot read IP mode file for STMicroelectronics.X-CUBE-AZRTOS-H7.3.2.0
2024-06-28 11:06:09,737 [INFO] ThirdParty:978 - Integrity check success = true
2024-06-28 11:06:09,737 [INFO] IntegrityCheckThread:100 - exiting critical section [integrity check]
2024-06-28 11:06:09,738 [INFO] IntegrityCheckThread:103 - End integrity checks thread
2024-06-28 11:06:15,631 [INFO] WebApp:161 - Instantiating new browser for Auth
2024-06-28 11:06:19,000 [INFO] WebApp:779 - Register for checkConnection events
2024-06-28 11:06:19,000 [INFO] WebApp:414 - Apply proxy settings
2024-06-28 11:06:19,001 [INFO] WebApp:499 - Chromium requires no authentication
2024-06-28 11:06:19,029 [INFO] WebApp:442 - Direct internet connection detected
2024-06-28 11:06:19,565 [INFO] WebApp:192 - Starting web application
2024-06-28 11:06:19,566 [INFO] WebApp:544 - Web application path used C:\ST\STM32CubeIDE_1.15.1\STM32CubeIDE\plugins\com.st.stm32cube.common.mx_6.11.1.202404110753\db\plugins\mcufinder\reactClient1\index.html
2024-06-28 11:06:27,064 [INFO] McuFinderGlobals:63 - Set McuFinder mode to 2 (CubeIDE integrated)
2024-06-28 11:06:27,115 [INFO] MainUpdater:2873 - connection check result : 10
2024-06-28 11:06:27,162 [INFO] McuFinderGlobals:76 - Set McuFinderConnectedMode to true
2024-06-28 11:06:28,171 [INFO] ServerAccessManage:473 - Download File mcusAds.json._tmp_
2024-06-28 11:06:28,292 [INFO] LoadUrlFilesThread:156 - End of LoadUrlFiles Thread
2024-06-28 11:06:29,014 [INFO] ServerAccessManage:473 - Download File cube-finder-db.zip
2024-06-28 11:06:36,035 [INFO] FileExtend:240 - Unzip File : cube-finder-db.zip
2024-06-28 11:06:36,036 [INFO] FileExtend:255 - Standard Zip Deflate
2024-06-28 11:06:49,043 [INFO] LoadUrlFilesThread:156 - End of LoadUrlFiles Thread
2024-06-28 11:06:50,191 [INFO] ServerAccessManage:473 - Download File crdb.zip
2024-06-28 11:06:52,033 [INFO] FileExtend:240 - Unzip File : crdb.zip
2024-06-28 11:06:52,033 [INFO] FileExtend:255 - Standard Zip Deflate
2024-06-28 11:06:52,216 [INFO] LoadUrlFilesThread:156 - End of LoadUrlFiles Thread
2024-06-28 11:06:52,478 [INFO] ServerAccessManage:473 - Download File tutoVideoDB.zip
2024-06-28 11:06:52,555 [INFO] FileExtend:240 - Unzip File : tutoVideoDB.zip
2024-06-28 11:06:52,555 [INFO] FileExtend:255 - Standard Zip Deflate
2024-06-28 11:06:52,700 [INFO] LoadUrlFilesThread:156 - End of LoadUrlFiles Thread
2024-06-28 11:06:52,705 [WARN] DbFile:41 - Overriding database path with different value: C:\Users\User\.stmcufinder\plugins\mcufinder/ => C:\Users\User\.stmcufinder\plugins\mcufinder
2024-06-28 11:06:52,796 [INFO] ServerAccessManage:473 - Download File api_config.json
2024-06-28 11:06:52,912 [INFO] LoadUrlFilesThread:156 - End of LoadUrlFiles Thread
2024-06-28 11:06:52,917 [INFO] DbMcusAds:53 - JSON generation date=Thu May 16 06:22:00 BRT 2024 (1715851320852)
2024-06-28 11:06:53,021 [INFO] LoadUrlFilesThread:185 - End of LoadServerUrlFiles without Thread
2024-06-28 11:06:53,022 [INFO] TargetSelectorAdapter:259 - Refresh data is successful
2024-06-28 11:06:53,321 [INFO] ApiDb:581 - Connected to CubeFinder SQLite database (C:\Users\User\.stmcufinder\plugins\mcufinder\mcu\cube-finder-db.db)
2024-06-28 11:06:53,618 [INFO] ApiDb:668 - CubeFinder database Data Model version=2.1
2024-06-28 11:06:53,619 [INFO] ApiDb:669 - CubeFinder database Configuration version=3.0.39
2024-06-28 11:06:53,619 [INFO] ApiDb:670 - CubeFinder database generation date=2024-06-05 (1717578087)
2024-06-28 11:06:53,620 [INFO] ApiDb:671 - CubeFinder database FW Pack versions=[FP-ATR-ASTRA1_V2.0.0, FP-SNS-FLIGHT1_V5.0.1, FP-SNS-FLIGHT1_V5.0.2, FP-SNS-MOTENV1_V4.3.1, FP-SNS-MOTENV1_V4.3.2, FP-SNS-MOTENV1_V5.0.0, FP-SNS-MOTENVWB1_V1.4.0, FP-SNS-SMARTAG2_V1.2.0, STM32Cube_FW_C0_V1.1.0, STM32Cube_FW_F4_V1.28.0, STM32Cube_FW_F7_V1.17.2, STM32Cube_FW_G0_V1.6.2, STM32Cube_FW_G4_V1.5.2, STM32Cube_FW_H5_V0.5.1, STM32Cube_FW_H5_V1.1.1, STM32Cube_FW_H5_V1.2.0, STM32Cube_FW_H5_V1.2.0RC4, STM32Cube_FW_H7RS_V1.0.0, STM32Cube_FW_H7RS_V1.0.0RC4, STM32Cube_FW_H7_V1.11.2, STM32Cube_FW_L0_V1.12.2, STM32Cube_FW_L5_V1.5.1, STM32Cube_FW_U0_V1.0.0, STM32Cube_FW_U0_V1.0.0RC1, STM32Cube_FW_U5_V1.3.0RC4, STM32Cube_FW_U5_V1.5.0, STM32Cube_FW_U5_V1.5.0RC1, STM32Cube_FW_WBA_V1.0.0RC1, STM32Cube_FW_WBA_V1.2.0, STM32Cube_FW_WBA_V1.2.0RC2, STM32Cube_FW_WBA_V1.3.0RC1, STM32Cube_FW_WBA_V1.3.1, STM32Cube_FW_WB_V1.15.0RC1, STM32Cube_FW_WB_V1.16.0, STM32Cube_FW_WB_V1.16.0RC2, STM32Cube_FW_WB_V1.18.0, STM32Cube_FW_WB_V1.19.0, STM32Cube_FW_WL_V1.3.0, X-CUBE-ALGOBUILD_V1.4.0, X-CUBE-ALS_V1.0.1, X-CUBE-ALS_V1.0.2, X-CUBE-AZRTOS-F4_V1.1.0, X-CUBE-AZRTOS-F7_V1.1.0, X-CUBE-AZRTOS-G0_V1.1.0, X-CUBE-AZRTOS-G4_V2.0.0, X-CUBE-AZRTOS-H7RS_V1.0.0, X-CUBE-AZRTOS-H7_V3.2.0, X-CUBE-AZRTOS-L4_V1.0.0, X-CUBE-AZRTOS-L4_V2.0.0, X-CUBE-AZRTOS-L5_V1.1.0, X-CUBE-AZRTOS-WB_V2.0.0, X-CUBE-AZRTOS-WL_V2.0.0, X-CUBE-BLE1_V7.0.0, X-CUBE-BLE2_V3.3.0, X-CUBE-BLEMGR_V3.1.0, X-CUBE-EEPRMA1_V4.1.0, X-CUBE-EEPRMA1_V5.1.0, X-CUBE-FREERTOS_V1.2.0, X-CUBE-GNSS1_V6.0.0, X-CUBE-MEMS1_V10.0.0, X-CUBE-MEMS1_V9.1.0, X-CUBE-MEMS1_V9.4.0, X-CUBE-MEMS1_V9.6.0, X-CUBE-NFC4_V3.0.0, X-CUBE-NFC7_V1.0.1, X-CUBE-SFXS2LP1_V4.0.0, X-CUBE-SUBG2_V5.0.0, X-CUBE-TOF1_V3.4.1]
2024-06-28 11:07:02,033 [INFO] ApiDb:240 - Found 483 in-development CPN: [B-G473E-ZEST1S, B-WB1M-WPAN1, B-WL5M-SUBG1, NUCLEO-C031C6, NUCLEO-H503RB, NUCLEO-H533RE, NUCLEO-H563ZI, NUCLEO-H7S3L8, NUCLEO-U031R8, NUCLEO-U083RC, NUCLEO-U545RE-Q, NUCLEO-U5A5ZJ-Q, NUCLEO-WBA52CG, NUCLEO-WBA55CG, STEVAL-PROTEUS1, STEVAL-SMARTAG2, STEVAL-STWINBX1, STM320518-EVAL, STM32C0116-DK, STM32C011D6Y3TR, STM32C011D6Y6TR, STM32C011F4P3, STM32C011F4P6, STM32C011F4U3, STM32C011F4U6TR, STM32C011F6P3, STM32C011F6P6, STM32C011F6U3, STM32C011F6U6TR, STM32C011J4M3, STM32C011J4M6, STM32C011J6M3, STM32C011J6M6, STM32C0316-DK, STM32C031C4T3, STM32C031C4T6, STM32C031C4U3, STM32C031C4U6, STM32C031C6T3, STM32C031C6T6, STM32C031C6U3, STM32C031C6U6, STM32C031F4P3, STM32C031F4P6, STM32C031F6P3, STM32C031F6P6, STM32C031G4U3, STM32C031G4U6, STM32C031G6U3, STM32C031G6U6, STM32C031K4T3, STM32C031K4T6, STM32C031K4U3, STM32C031K4U6, STM32C031K6T3, STM32C031K6T6, STM32C031K6U3, STM32C031K6U6, STM32G071K8TXN, STM32G071K8UXN, STM32G081GBU6N, STM32G081KBT6N, STM32G081KBUXN, STM32G0B1CCT6N, STM32G0B1KCT6, STM32G0B1NEY6TR, STM32G0B1RCT6N, STM32G0C1CCT6, STM32G0C1CCT6N, STM32G0C1CCU6N, STM32G0C1CET6N, STM32G0C1CEU6N, STM32G0C1KCT6, STM32G0C1NEY6TR, STM32G0C1RCI6N, STM32G0C1RCT6N, STM32G0C1REI6N, STM32G0C1RET6N, STM32G0C1VCI6, STM32G0C1VEI6, STM32G471CCT6, STM32G471CCU6, STM32G471CET3, STM32G471CET6, STM32G471CEU3, STM32G471CEU6, STM32G471MCT6, STM32G471MET3, STM32G471MET6, STM32G471MEY6TR, STM32G471QCT6, STM32G471QET3, STM32G471RCT6, STM32G471RET3, STM32G471RET6, STM32G471VCH6, STM32G471VCI6, STM32G471VCT6, STM32G471VEH3, STM32G471VEH6, STM32G471VEI3, STM32G471VEI6, STM32G471VET3, STM32G471VET6, STM32G474CCT6, STM32H503CBT6, STM32H503CBU6, STM32H503EBY6TR, STM32H503KBU6, STM32H503RBT6, STM32H523CCT6, STM32H523CCU6, STM32H523CET6, STM32H523CEU6, STM32H523HEY6TR, STM32H523RCT6, STM32H523RET6, STM32H523VCI6, STM32H523VCT6, STM32H523VEI6, STM32H523VET6, STM32H523ZCJ6, STM32H523ZCT6, STM32H523ZEJ6, STM32H523ZET6, STM32H533CET6, STM32H533CEU6, STM32H533HEY6TR, STM32H533RET6, STM32H533VEI6, STM32H533VET6, STM32H533ZEJ6, STM32H533ZET6, STM32H562AGI6, STM32H562AII6, STM32H562IGK6, STM32H562IGT6, STM32H562IIK6, STM32H562IIT6, STM32H562RGT6, STM32H562RGV6, STM32H562RIT6, STM32H562RIV6, STM32H562VGT6, STM32H562VIT6, STM32H562ZGT6, STM32H562ZIT6, STM32H563AGI6, STM32H563AII3Q, STM32H563AII6, STM32H563IGK6, STM32H563IGT6, STM32H563IIK3Q, STM32H563IIK6, STM32H563IIT3Q, STM32H563IIT6, STM32H563MIY3QTR, STM32H563RGT6, STM32H563RGV6, STM32H563RIT6, STM32H563RIV6, STM32H563VGT6, STM32H563VIT3Q, STM32H563VIT6, STM32H563ZGT6, STM32H563ZIT3Q, STM32H563ZIT6, STM32H573AII3Q, STM32H573AII6, STM32H573I-DK, STM32H573IIK3Q, STM32H573IIK6, STM32H573IIT3Q, STM32H573IIT6, STM32H573MIY3QTR, STM32H573RIT6, STM32H573RIV6, STM32H573VIT3Q, STM32H573VIT6, STM32H573ZIT3Q, STM32H573ZIT6, STM32H7R3A8I6, STM32H7R3I8K6, STM32H7R3I8T6, STM32H7R3L8H6, STM32H7R3L8H6H, STM32H7R3R8V6, STM32H7R3V8H6, STM32H7R3V8T6, STM32H7R3V8Y6, STM32H7R3Z8J6, STM32H7R3Z8T6, STM32H7R7A8I6, STM32H7R7I8K6, STM32H7R7I8T6, STM32H7R7L8H6, STM32H7R7L8H6H, STM32H7R7Z8J6, STM32H7S3A8I6, STM32H7S3I8K6, STM32H7S3I8T6, STM32H7S3L8H6, STM32H7S3L8H6H, STM32H7S3R8V6, STM32H7S3V8H6, STM32H7S3V8T6, STM32H7S3V8Y6, STM32H7S3Z8J6, STM32H7S3Z8T6, STM32H7S78-DK, STM32H7S7A8I6, STM32H7S7I8K6, STM32H7S7I8T6, STM32H7S7L8H6, STM32H7S7L8H6H, STM32H7S7Z8J6, STM32L4R5QGI6STR, STM32MP131AAE3, STM32MP131AAF3, STM32MP131AAG3, STM32MP131CAE3, STM32MP131CAF3, STM32MP131CAG3, STM32MP131DAE7, STM32MP131DAF7, STM32MP131DAG7, STM32MP131FAE7, STM32MP131FAF7, STM32MP131FAG7, STM32MP133AAE3, STM32MP133AAF3, STM32MP133AAG3, STM32MP133CAE3, STM32MP133CAF3, STM32MP133CAG3, STM32MP133DAE7, STM32MP133DAF7, STM32MP133DAG7, STM32MP133FAE7, STM32MP133FAF7, STM32MP133FAG7, STM32MP135AAE3, STM32MP135AAF3, STM32MP135AAG3, STM32MP135CAE3, STM32MP135CAF3, STM32MP135CAG3, STM32MP135DAE7, STM32MP135DAF7, STM32MP135DAG7, STM32MP135F-DK, STM32MP135FAE7, STM32MP135FAF7, STM32MP135FAF7T, STM32MP135FAF7U, STM32MP135FAG7, STM32U031C6T6, STM32U031C6U6, STM32U031C8T6, STM32U031C8U6, STM32U031F4P6, STM32U031F6P6, STM32U031F8P6, STM32U031G6Y6TR, STM32U031G8Y6TR, STM32U031K4U6, STM32U031K6U6, STM32U031K8U6, STM32U031R6I6, STM32U031R6T6, STM32U031R8I6, STM32U031R8T6, STM32U073C8T6, STM32U073C8U6, STM32U073CBT6, STM32U073CBU6, STM32U073CCT6, STM32U073CCU6, STM32U073H8Y6TR, STM32U073HBY6TR, STM32U073HCY6TR, STM32U073K8U6, STM32U073KBU6, STM32U073KCU6, STM32U073M8I6, STM32U073M8T6, STM32U073MBI6, STM32U073MBT6, STM32U073MCI6, STM32U073MCT6, STM32U073R8I6, STM32U073R8T6, STM32U073RBI6, STM32U073RBT6, STM32U073RCI6, STM32U073RCT6, STM32U083C-DK, STM32U083CCT6, STM32U083CCU6, STM32U083HCY6TR, STM32U083KCU6, STM32U083MCI6, STM32U083MCT6, STM32U083RCI6, STM32U083RCT6, STM32U535CBT6, STM32U535CBT6Q, STM32U535CBU6, STM32U535CBU6Q, STM32U535CCT6, STM32U535CCT6Q, STM32U535CCU6, STM32U535CCU6Q, STM32U535CET6, STM32U535CET6Q, STM32U535CEU6, STM32U535CEU6Q, STM32U535JEY6QTR, STM32U535NCY6QTR, STM32U535NEY6QTR, STM32U535RBI6, STM32U535RBI6Q, STM32U535RBT6, STM32U535RBT6Q, STM32U535RCI6, STM32U535RCI6Q, STM32U535RCT6, STM32U535RCT6Q, STM32U535REI6, STM32U535REI6Q, STM32U535RET6, STM32U535RET6Q, STM32U535VCI6, STM32U535VCI6Q, STM32U535VCT6, STM32U535VCT6Q, STM32U535VEI6, STM32U535VEI6Q, STM32U535VET6, STM32U535VET6Q, STM32U545CET6, STM32U545CET6Q, STM32U545CEU6, STM32U545CEU6Q, STM32U545JEY6QTR, STM32U545NEY6QTR, STM32U545REI6, STM32U545REI6Q, STM32U545RET6, STM32U545RET6Q, STM32U545VEI6, STM32U545VEI6Q, STM32U545VET6, STM32U545VET6Q, STM32U595AIH6, STM32U595AIH6Q, STM32U595AJH6, STM32U595AJH6Q, STM32U595QII6, STM32U595QII6Q, STM32U595QJI6, STM32U595QJI6Q, STM32U595RIT6, STM32U595RIT6Q, STM32U595RJT6, STM32U595RJT6Q, STM32U595VIT6, STM32U595VIT6Q, STM32U595VJT6, STM32U595VJT6Q, STM32U595ZIT6, STM32U595ZIT6Q, STM32U595ZIY6QTR, STM32U595ZJT6, STM32U595ZJT6Q, STM32U595ZJY6QTR, STM32U599BJY6QTR, STM32U599NIH6Q, STM32U599NJH6Q, STM32U599VIT6Q, STM32U599VJT6, STM32U599VJT6Q, STM32U599ZIT6Q, STM32U599ZIY6QTR, STM32U599ZJT6Q, STM32U599ZJY6QTR, STM32U5A5AJH6, STM32U5A5AJH6Q, STM32U5A5QII3Q , STM32U5A5QJI6, STM32U5A5QJI6Q, STM32U5A5RJT6, STM32U5A5RJT6Q, STM32U5A5VJT6, STM32U5A5VJT6Q, STM32U5A5ZJT6, STM32U5A5ZJT6Q, STM32U5A5ZJY6QTR, STM32U5A9BJY6QTR, STM32U5A9J-DK, STM32U5A9NJH6Q, STM32U5A9VJT6Q, STM32U5A9ZJT6Q, STM32U5A9ZJY6QTR, STM32U5F7VIT6, STM32U5F7VIT6Q, STM32U5F7VJT6, STM32U5F7VJT6Q, STM32U5F9BJY6QTR, STM32U5F9NJH6Q, STM32U5F9VIT6Q, STM32U5F9VJT6Q, STM32U5F9ZIJ6QTR, STM32U5F9ZIT6Q, STM32U5F9ZJJ6QTR, STM32U5F9ZJT6Q, STM32U5G7VJT6, STM32U5G7VJT6Q, STM32U5G9BJY6QTR, STM32U5G9J-DK1, STM32U5G9J-DK2, STM32U5G9NJH6Q, STM32U5G9VJT6Q, STM32U5G9ZJJ6QTR, STM32U5G9ZJT6Q, STM32WB1MMCH6, STM32WBA50KEU6, STM32WBA50KEU6TR, STM32WBA50KGU6, STM32WBA50KGU6TR, STM32WBA52CEU6, STM32WBA52CEU6TR, STM32WBA52CEU7, STM32WBA52CEU7TR, STM32WBA52CGU6, STM32WBA52CGU6TR, STM32WBA52CGU6U, STM32WBA52CGU7, STM32WBA52CGU7TR, STM32WBA52KEU6, STM32WBA52KEU6TR, STM32WBA52KGU6, STM32WBA52KGU6TR, STM32WBA54CEU6, STM32WBA54CEU6TR, STM32WBA54CEU7, STM32WBA54CEU7TR, STM32WBA54CGU6, STM32WBA54CGU6TR, STM32WBA54CGU7, STM32WBA54CGU7TR, STM32WBA54KEU6, STM32WBA54KEU6TR, STM32WBA54KEU7, STM32WBA54KEU7TR, STM32WBA54KGU6, STM32WBA54KGU6TR, STM32WBA54KGU7, STM32WBA54KGU7TR, STM32WBA55CEU6, STM32WBA55CEU6TR, STM32WBA55CEU7, STM32WBA55CEU7TR, STM32WBA55CGU6, STM32WBA55CGU6TR, STM32WBA55CGU6U, STM32WBA55CGU7, STM32WBA55CGU7TR, STM32WBA55G-DK1, STM32WBA55HEF6, STM32WBA55HEF7, STM32WBA55HGF6, STM32WBA55HGF7, STM32WBA55UEI6, STM32WBA55UEI6TR, STM32WBA55UEI7, STM32WBA55UEI7TR, STM32WBA55UGI6, STM32WBA55UGI6TR, STM32WBA55UGI7, STM32WBA55UGI7TR, STM32WL5MOCH6, STM32WL5MOCH6TR]
2024-06-28 11:07:02,051 [INFO] DbMcus:218 - Found 4096 MCUs, 4096 are supported
2024-06-28 11:07:02,073 [INFO] ApiDb:423 - Load user favorites file C:\Users\User/.stm32cubeide/favorites.mcus.txt: 1 item(s)
2024-06-28 11:07:02,074 [INFO] ApiDb:427 - User favorites MCUs=[STM32C011F6P6]
2024-06-28 11:07:02,074 [INFO] DbMcus:224 - Set 1 / 1 favorites MCUs
2024-06-28 11:07:04,183 [INFO] ApiDb:668 - CubeFinder database Data Model version=2.1
2024-06-28 11:07:04,183 [INFO] ApiDb:669 - CubeFinder database Configuration version=3.0.39
2024-06-28 11:07:04,183 [INFO] ApiDb:670 - CubeFinder database generation date=2024-06-05 (1717578087)
2024-06-28 11:07:04,184 [INFO] ApiDb:671 - CubeFinder database FW Pack versions=[FP-ATR-ASTRA1_V2.0.0, FP-SNS-FLIGHT1_V5.0.1, FP-SNS-FLIGHT1_V5.0.2, FP-SNS-MOTENV1_V4.3.1, FP-SNS-MOTENV1_V4.3.2, FP-SNS-MOTENV1_V5.0.0, FP-SNS-MOTENVWB1_V1.4.0, FP-SNS-SMARTAG2_V1.2.0, STM32Cube_FW_C0_V1.1.0, STM32Cube_FW_F4_V1.28.0, STM32Cube_FW_F7_V1.17.2, STM32Cube_FW_G0_V1.6.2, STM32Cube_FW_G4_V1.5.2, STM32Cube_FW_H5_V0.5.1, STM32Cube_FW_H5_V1.1.1, STM32Cube_FW_H5_V1.2.0, STM32Cube_FW_H5_V1.2.0RC4, STM32Cube_FW_H7RS_V1.0.0, STM32Cube_FW_H7RS_V1.0.0RC4, STM32Cube_FW_H7_V1.11.2, STM32Cube_FW_L0_V1.12.2, STM32Cube_FW_L5_V1.5.1, STM32Cube_FW_U0_V1.0.0, STM32Cube_FW_U0_V1.0.0RC1, STM32Cube_FW_U5_V1.3.0RC4, STM32Cube_FW_U5_V1.5.0, STM32Cube_FW_U5_V1.5.0RC1, STM32Cube_FW_WBA_V1.0.0RC1, STM32Cube_FW_WBA_V1.2.0, STM32Cube_FW_WBA_V1.2.0RC2, STM32Cube_FW_WBA_V1.3.0RC1, STM32Cube_FW_WBA_V1.3.1, STM32Cube_FW_WB_V1.15.0RC1, STM32Cube_FW_WB_V1.16.0, STM32Cube_FW_WB_V1.16.0RC2, STM32Cube_FW_WB_V1.18.0, STM32Cube_FW_WB_V1.19.0, STM32Cube_FW_WL_V1.3.0, X-CUBE-ALGOBUILD_V1.4.0, X-CUBE-ALS_V1.0.1, X-CUBE-ALS_V1.0.2, X-CUBE-AZRTOS-F4_V1.1.0, X-CUBE-AZRTOS-F7_V1.1.0, X-CUBE-AZRTOS-G0_V1.1.0, X-CUBE-AZRTOS-G4_V2.0.0, X-CUBE-AZRTOS-H7RS_V1.0.0, X-CUBE-AZRTOS-H7_V3.2.0, X-CUBE-AZRTOS-L4_V1.0.0, X-CUBE-AZRTOS-L4_V2.0.0, X-CUBE-AZRTOS-L5_V1.1.0, X-CUBE-AZRTOS-WB_V2.0.0, X-CUBE-AZRTOS-WL_V2.0.0, X-CUBE-BLE1_V7.0.0, X-CUBE-BLE2_V3.3.0, X-CUBE-BLEMGR_V3.1.0, X-CUBE-EEPRMA1_V4.1.0, X-CUBE-EEPRMA1_V5.1.0, X-CUBE-FREERTOS_V1.2.0, X-CUBE-GNSS1_V6.0.0, X-CUBE-MEMS1_V10.0.0, X-CUBE-MEMS1_V9.1.0, X-CUBE-MEMS1_V9.4.0, X-CUBE-MEMS1_V9.6.0, X-CUBE-NFC4_V3.0.0, X-CUBE-NFC7_V1.0.1, X-CUBE-SFXS2LP1_V4.0.0, X-CUBE-SUBG2_V5.0.0, X-CUBE-TOF1_V3.4.1]
2024-06-28 11:07:04,614 [INFO] DbBoardsSqlite:226 - include board P-NUCLEO-WB55-NUCLEO as a kit item of type 'Nucleo-64'
2024-06-28 11:07:04,616 [INFO] DbBoardsSqlite:226 - include board P-NUCLEO-WB55-USBDONGLE as a kit item of type 'Nucleo USB Dongle'
2024-06-28 11:07:04,620 [INFO] DbBoardsSqlite:226 - include board STEVAL-IDP005V1 as a kit item of type 'Evaluation Board'
2024-06-28 11:07:04,621 [INFO] DbBoardsSqlite:226 - include board STEVAL-IDP005V2 as a kit item of type 'Evaluation Board'
2024-06-28 11:07:06,263 [INFO] ApiDb:240 - Found 483 in-development CPN: [B-G473E-ZEST1S, B-WB1M-WPAN1, B-WL5M-SUBG1, NUCLEO-C031C6, NUCLEO-H503RB, NUCLEO-H533RE, NUCLEO-H563ZI, NUCLEO-H7S3L8, NUCLEO-U031R8, NUCLEO-U083RC, NUCLEO-U545RE-Q, NUCLEO-U5A5ZJ-Q, NUCLEO-WBA52CG, NUCLEO-WBA55CG, STEVAL-PROTEUS1, STEVAL-SMARTAG2, STEVAL-STWINBX1, STM320518-EVAL, STM32C0116-DK, STM32C011D6Y3TR, STM32C011D6Y6TR, STM32C011F4P3, STM32C011F4P6, STM32C011F4U3, STM32C011F4U6TR, STM32C011F6P3, STM32C011F6P6, STM32C011F6U3, STM32C011F6U6TR, STM32C011J4M3, STM32C011J4M6, STM32C011J6M3, STM32C011J6M6, STM32C0316-DK, STM32C031C4T3, STM32C031C4T6, STM32C031C4U3, STM32C031C4U6, STM32C031C6T3, STM32C031C6T6, STM32C031C6U3, STM32C031C6U6, STM32C031F4P3, STM32C031F4P6, STM32C031F6P3, STM32C031F6P6, STM32C031G4U3, STM32C031G4U6, STM32C031G6U3, STM32C031G6U6, STM32C031K4T3, STM32C031K4T6, STM32C031K4U3, STM32C031K4U6, STM32C031K6T3, STM32C031K6T6, STM32C031K6U3, STM32C031K6U6, STM32G071K8TXN, STM32G071K8UXN, STM32G081GBU6N, STM32G081KBT6N, STM32G081KBUXN, STM32G0B1CCT6N, STM32G0B1KCT6, STM32G0B1NEY6TR, STM32G0B1RCT6N, STM32G0C1CCT6, STM32G0C1CCT6N, STM32G0C1CCU6N, STM32G0C1CET6N, STM32G0C1CEU6N, STM32G0C1KCT6, STM32G0C1NEY6TR, STM32G0C1RCI6N, STM32G0C1RCT6N, STM32G0C1REI6N, STM32G0C1RET6N, STM32G0C1VCI6, STM32G0C1VEI6, STM32G471CCT6, STM32G471CCU6, STM32G471CET3, STM32G471CET6, STM32G471CEU3, STM32G471CEU6, STM32G471MCT6, STM32G471MET3, STM32G471MET6, STM32G471MEY6TR, STM32G471QCT6, STM32G471QET3, STM32G471RCT6, STM32G471RET3, STM32G471RET6, STM32G471VCH6, STM32G471VCI6, STM32G471VCT6, STM32G471VEH3, STM32G471VEH6, STM32G471VEI3, STM32G471VEI6, STM32G471VET3, STM32G471VET6, STM32G474CCT6, STM32H503CBT6, STM32H503CBU6, STM32H503EBY6TR, STM32H503KBU6, STM32H503RBT6, STM32H523CCT6, STM32H523CCU6, STM32H523CET6, STM32H523CEU6, STM32H523HEY6TR, STM32H523RCT6, STM32H523RET6, STM32H523VCI6, STM32H523VCT6, STM32H523VEI6, STM32H523VET6, STM32H523ZCJ6, STM32H523ZCT6, STM32H523ZEJ6, STM32H523ZET6, STM32H533CET6, STM32H533CEU6, STM32H533HEY6TR, STM32H533RET6, STM32H533VEI6, STM32H533VET6, STM32H533ZEJ6, STM32H533ZET6, STM32H562AGI6, STM32H562AII6, STM32H562IGK6, STM32H562IGT6, STM32H562IIK6, STM32H562IIT6, STM32H562RGT6, STM32H562RGV6, STM32H562RIT6, STM32H562RIV6, STM32H562VGT6, STM32H562VIT6, STM32H562ZGT6, STM32H562ZIT6, STM32H563AGI6, STM32H563AII3Q, STM32H563AII6, STM32H563IGK6, STM32H563IGT6, STM32H563IIK3Q, STM32H563IIK6, STM32H563IIT3Q, STM32H563IIT6, STM32H563MIY3QTR, STM32H563RGT6, STM32H563RGV6, STM32H563RIT6, STM32H563RIV6, STM32H563VGT6, STM32H563VIT3Q, STM32H563VIT6, STM32H563ZGT6, STM32H563ZIT3Q, STM32H563ZIT6, STM32H573AII3Q, STM32H573AII6, STM32H573I-DK, STM32H573IIK3Q, STM32H573IIK6, STM32H573IIT3Q, STM32H573IIT6, STM32H573MIY3QTR, STM32H573RIT6, STM32H573RIV6, STM32H573VIT3Q, STM32H573VIT6, STM32H573ZIT3Q, STM32H573ZIT6, STM32H7R3A8I6, STM32H7R3I8K6, STM32H7R3I8T6, STM32H7R3L8H6, STM32H7R3L8H6H, STM32H7R3R8V6, STM32H7R3V8H6, STM32H7R3V8T6, STM32H7R3V8Y6, STM32H7R3Z8J6, STM32H7R3Z8T6, STM32H7R7A8I6, STM32H7R7I8K6, STM32H7R7I8T6, STM32H7R7L8H6, STM32H7R7L8H6H, STM32H7R7Z8J6, STM32H7S3A8I6, STM32H7S3I8K6, STM32H7S3I8T6, STM32H7S3L8H6, STM32H7S3L8H6H, STM32H7S3R8V6, STM32H7S3V8H6, STM32H7S3V8T6, STM32H7S3V8Y6, STM32H7S3Z8J6, STM32H7S3Z8T6, STM32H7S78-DK, STM32H7S7A8I6, STM32H7S7I8K6, STM32H7S7I8T6, STM32H7S7L8H6, STM32H7S7L8H6H, STM32H7S7Z8J6, STM32L4R5QGI6STR, STM32MP131AAE3, STM32MP131AAF3, STM32MP131AAG3, STM32MP131CAE3, STM32MP131CAF3, STM32MP131CAG3, STM32MP131DAE7, STM32MP131DAF7, STM32MP131DAG7, STM32MP131FAE7, STM32MP131FAF7, STM32MP131FAG7, STM32MP133AAE3, STM32MP133AAF3, STM32MP133AAG3, STM32MP133CAE3, STM32MP133CAF3, STM32MP133CAG3, STM32MP133DAE7, STM32MP133DAF7, STM32MP133DAG7, STM32MP133FAE7, STM32MP133FAF7, STM32MP133FAG7, STM32MP135AAE3, STM32MP135AAF3, STM32MP135AAG3, STM32MP135CAE3, STM32MP135CAF3, STM32MP135CAG3, STM32MP135DAE7, STM32MP135DAF7, STM32MP135DAG7, STM32MP135F-DK, STM32MP135FAE7, STM32MP135FAF7, STM32MP135FAF7T, STM32MP135FAF7U, STM32MP135FAG7, STM32U031C6T6, STM32U031C6U6, STM32U031C8T6, STM32U031C8U6, STM32U031F4P6, STM32U031F6P6, STM32U031F8P6, STM32U031G6Y6TR, STM32U031G8Y6TR, STM32U031K4U6, STM32U031K6U6, STM32U031K8U6, STM32U031R6I6, STM32U031R6T6, STM32U031R8I6, STM32U031R8T6, STM32U073C8T6, STM32U073C8U6, STM32U073CBT6, STM32U073CBU6, STM32U073CCT6, STM32U073CCU6, STM32U073H8Y6TR, STM32U073HBY6TR, STM32U073HCY6TR, STM32U073K8U6, STM32U073KBU6, STM32U073KCU6, STM32U073M8I6, STM32U073M8T6, STM32U073MBI6, STM32U073MBT6, STM32U073MCI6, STM32U073MCT6, STM32U073R8I6, STM32U073R8T6, STM32U073RBI6, STM32U073RBT6, STM32U073RCI6, STM32U073RCT6, STM32U083C-DK, STM32U083CCT6, STM32U083CCU6, STM32U083HCY6TR, STM32U083KCU6, STM32U083MCI6, STM32U083MCT6, STM32U083RCI6, STM32U083RCT6, STM32U535CBT6, STM32U535CBT6Q, STM32U535CBU6, STM32U535CBU6Q, STM32U535CCT6, STM32U535CCT6Q, STM32U535CCU6, STM32U535CCU6Q, STM32U535CET6, STM32U535CET6Q, STM32U535CEU6, STM32U535CEU6Q, STM32U535JEY6QTR, STM32U535NCY6QTR, STM32U535NEY6QTR, STM32U535RBI6, STM32U535RBI6Q, STM32U535RBT6, STM32U535RBT6Q, STM32U535RCI6, STM32U535RCI6Q, STM32U535RCT6, STM32U535RCT6Q, STM32U535REI6, STM32U535REI6Q, STM32U535RET6, STM32U535RET6Q, STM32U535VCI6, STM32U535VCI6Q, STM32U535VCT6, STM32U535VCT6Q, STM32U535VEI6, STM32U535VEI6Q, STM32U535VET6, STM32U535VET6Q, STM32U545CET6, STM32U545CET6Q, STM32U545CEU6, STM32U545CEU6Q, STM32U545JEY6QTR, STM32U545NEY6QTR, STM32U545REI6, STM32U545REI6Q, STM32U545RET6, STM32U545RET6Q, STM32U545VEI6, STM32U545VEI6Q, STM32U545VET6, STM32U545VET6Q, STM32U595AIH6, STM32U595AIH6Q, STM32U595AJH6, STM32U595AJH6Q, STM32U595QII6, STM32U595QII6Q, STM32U595QJI6, STM32U595QJI6Q, STM32U595RIT6, STM32U595RIT6Q, STM32U595RJT6, STM32U595RJT6Q, STM32U595VIT6, STM32U595VIT6Q, STM32U595VJT6, STM32U595VJT6Q, STM32U595ZIT6, STM32U595ZIT6Q, STM32U595ZIY6QTR, STM32U595ZJT6, STM32U595ZJT6Q, STM32U595ZJY6QTR, STM32U599BJY6QTR, STM32U599NIH6Q, STM32U599NJH6Q, STM32U599VIT6Q, STM32U599VJT6, STM32U599VJT6Q, STM32U599ZIT6Q, STM32U599ZIY6QTR, STM32U599ZJT6Q, STM32U599ZJY6QTR, STM32U5A5AJH6, STM32U5A5AJH6Q, STM32U5A5QII3Q , STM32U5A5QJI6, STM32U5A5QJI6Q, STM32U5A5RJT6, STM32U5A5RJT6Q, STM32U5A5VJT6, STM32U5A5VJT6Q, STM32U5A5ZJT6, STM32U5A5ZJT6Q, STM32U5A5ZJY6QTR, STM32U5A9BJY6QTR, STM32U5A9J-DK, STM32U5A9NJH6Q, STM32U5A9VJT6Q, STM32U5A9ZJT6Q, STM32U5A9ZJY6QTR, STM32U5F7VIT6, STM32U5F7VIT6Q, STM32U5F7VJT6, STM32U5F7VJT6Q, STM32U5F9BJY6QTR, STM32U5F9NJH6Q, STM32U5F9VIT6Q, STM32U5F9VJT6Q, STM32U5F9ZIJ6QTR, STM32U5F9ZIT6Q, STM32U5F9ZJJ6QTR, STM32U5F9ZJT6Q, STM32U5G7VJT6, STM32U5G7VJT6Q, STM32U5G9BJY6QTR, STM32U5G9J-DK1, STM32U5G9J-DK2, STM32U5G9NJH6Q, STM32U5G9VJT6Q, STM32U5G9ZJJ6QTR, STM32U5G9ZJT6Q, STM32WB1MMCH6, STM32WBA50KEU6, STM32WBA50KEU6TR, STM32WBA50KGU6, STM32WBA50KGU6TR, STM32WBA52CEU6, STM32WBA52CEU6TR, STM32WBA52CEU7, STM32WBA52CEU7TR, STM32WBA52CGU6, STM32WBA52CGU6TR, STM32WBA52CGU6U, STM32WBA52CGU7, STM32WBA52CGU7TR, STM32WBA52KEU6, STM32WBA52KEU6TR, STM32WBA52KGU6, STM32WBA52KGU6TR, STM32WBA54CEU6, STM32WBA54CEU6TR, STM32WBA54CEU7, STM32WBA54CEU7TR, STM32WBA54CGU6, STM32WBA54CGU6TR, STM32WBA54CGU7, STM32WBA54CGU7TR, STM32WBA54KEU6, STM32WBA54KEU6TR, STM32WBA54KEU7, STM32WBA54KEU7TR, STM32WBA54KGU6, STM32WBA54KGU6TR, STM32WBA54KGU7, STM32WBA54KGU7TR, STM32WBA55CEU6, STM32WBA55CEU6TR, STM32WBA55CEU7, STM32WBA55CEU7TR, STM32WBA55CGU6, STM32WBA55CGU6TR, STM32WBA55CGU6U, STM32WBA55CGU7, STM32WBA55CGU7TR, STM32WBA55G-DK1, STM32WBA55HEF6, STM32WBA55HEF7, STM32WBA55HGF6, STM32WBA55HGF7, STM32WBA55UEI6, STM32WBA55UEI6TR, STM32WBA55UEI7, STM32WBA55UEI7TR, STM32WBA55UGI6, STM32WBA55UGI6TR, STM32WBA55UGI7, STM32WBA55UGI7TR, STM32WL5MOCH6, STM32WL5MOCH6TR]
2024-06-28 11:07:06,883 [INFO] BoardInfo:889 - No configuration file found for board P-NUCLEO-WB55
2024-06-28 11:07:06,885 [INFO] DbBoards:161 - Kit is not supported: P-NUCLEO-WB55
2024-06-28 11:07:06,902 [INFO] BoardInfo:889 - No configuration file found for board STEVAL-BFA001V1B
2024-06-28 11:07:06,903 [INFO] DbBoards:161 - Kit is not supported: STEVAL-BFA001V1B
2024-06-28 11:07:06,906 [INFO] BoardInfo:889 - No configuration file found for board STEVAL-BFA001V2B
2024-06-28 11:07:06,907 [INFO] DbBoards:161 - Kit is not supported: STEVAL-BFA001V2B
2024-06-28 11:07:07,576 [INFO] DbBoards:168 - Found 199 boards, 196 are supported
2024-06-28 11:07:07,577 [INFO] DbBoards:169 - Found 199 boards, 8 of them is supported for  Bsp
2024-06-28 11:07:07,590 [INFO] ApiDb:423 - Load user favorites file C:\Users\User/.stm32cubeide/favorites.boards.txt: 0 item(s)
2024-06-28 11:07:07,590 [INFO] ApiDb:427 - User favorites Boards=[]
2024-06-28 11:07:07,590 [INFO] DbBoards:198 - Set 0 / 0 favorites Boards
2024-06-28 11:07:07,613 [INFO] ApiDb:668 - CubeFinder database Data Model version=2.1
2024-06-28 11:07:07,614 [INFO] ApiDb:669 - CubeFinder database Configuration version=3.0.39
2024-06-28 11:07:07,614 [INFO] ApiDb:670 - CubeFinder database generation date=2024-06-05 (1717578087)
2024-06-28 11:07:07,614 [INFO] ApiDb:671 - CubeFinder database FW Pack versions=[FP-ATR-ASTRA1_V2.0.0, FP-SNS-FLIGHT1_V5.0.1, FP-SNS-FLIGHT1_V5.0.2, FP-SNS-MOTENV1_V4.3.1, FP-SNS-MOTENV1_V4.3.2, FP-SNS-MOTENV1_V5.0.0, FP-SNS-MOTENVWB1_V1.4.0, FP-SNS-SMARTAG2_V1.2.0, STM32Cube_FW_C0_V1.1.0, STM32Cube_FW_F4_V1.28.0, STM32Cube_FW_F7_V1.17.2, STM32Cube_FW_G0_V1.6.2, STM32Cube_FW_G4_V1.5.2, STM32Cube_FW_H5_V0.5.1, STM32Cube_FW_H5_V1.1.1, STM32Cube_FW_H5_V1.2.0, STM32Cube_FW_H5_V1.2.0RC4, STM32Cube_FW_H7RS_V1.0.0, STM32Cube_FW_H7RS_V1.0.0RC4, STM32Cube_FW_H7_V1.11.2, STM32Cube_FW_L0_V1.12.2, STM32Cube_FW_L5_V1.5.1, STM32Cube_FW_U0_V1.0.0, STM32Cube_FW_U0_V1.0.0RC1, STM32Cube_FW_U5_V1.3.0RC4, STM32Cube_FW_U5_V1.5.0, STM32Cube_FW_U5_V1.5.0RC1, STM32Cube_FW_WBA_V1.0.0RC1, STM32Cube_FW_WBA_V1.2.0, STM32Cube_FW_WBA_V1.2.0RC2, STM32Cube_FW_WBA_V1.3.0RC1, STM32Cube_FW_WBA_V1.3.1, STM32Cube_FW_WB_V1.15.0RC1, STM32Cube_FW_WB_V1.16.0, STM32Cube_FW_WB_V1.16.0RC2, STM32Cube_FW_WB_V1.18.0, STM32Cube_FW_WB_V1.19.0, STM32Cube_FW_WL_V1.3.0, X-CUBE-ALGOBUILD_V1.4.0, X-CUBE-ALS_V1.0.1, X-CUBE-ALS_V1.0.2, X-CUBE-AZRTOS-F4_V1.1.0, X-CUBE-AZRTOS-F7_V1.1.0, X-CUBE-AZRTOS-G0_V1.1.0, X-CUBE-AZRTOS-G4_V2.0.0, X-CUBE-AZRTOS-H7RS_V1.0.0, X-CUBE-AZRTOS-H7_V3.2.0, X-CUBE-AZRTOS-L4_V1.0.0, X-CUBE-AZRTOS-L4_V2.0.0, X-CUBE-AZRTOS-L5_V1.1.0, X-CUBE-AZRTOS-WB_V2.0.0, X-CUBE-AZRTOS-WL_V2.0.0, X-CUBE-BLE1_V7.0.0, X-CUBE-BLE2_V3.3.0, X-CUBE-BLEMGR_V3.1.0, X-CUBE-EEPRMA1_V4.1.0, X-CUBE-EEPRMA1_V5.1.0, X-CUBE-FREERTOS_V1.2.0, X-CUBE-GNSS1_V6.0.0, X-CUBE-MEMS1_V10.0.0, X-CUBE-MEMS1_V9.1.0, X-CUBE-MEMS1_V9.4.0, X-CUBE-MEMS1_V9.6.0, X-CUBE-NFC4_V3.0.0, X-CUBE-NFC7_V1.0.1, X-CUBE-SFXS2LP1_V4.0.0, X-CUBE-SUBG2_V5.0.0, X-CUBE-TOF1_V3.4.1]
2024-06-28 11:07:12,333 [ERROR] DbExamplesSqlite:437 - Missing JSON key: board_cpn
2024-06-28 11:07:12,334 [ERROR] DbExamplesSqlite:437 - Missing JSON key: board_cpn
2024-06-28 11:07:12,335 [ERROR] DbExamplesSqlite:437 - Missing JSON key: board_cpn
2024-06-28 11:07:12,336 [ERROR] DbExamplesSqlite:437 - Missing JSON key: board_cpn
2024-06-28 11:07:12,795 [INFO] DbExamplesSqlite:395 - Ignored 57 examples not supported by CubeIDE
2024-06-28 11:07:12,796 [INFO] DbExamplesSqlite:396 - Found 8190 examples active
2024-06-28 11:07:12,797 [INFO] DbExamplesSqlite:397 - Found 876 examples obsolete
2024-06-28 11:07:12,797 [INFO] DbExamplesSqlite:398 - Found 0 examples under development
2024-06-28 11:07:12,797 [INFO] DbExamplesSqlite:399 - Found 10 examples not building
2024-06-28 11:07:12,801 [INFO] DbExamples:125 - Found 8143 examples
2024-06-28 11:07:12,834 [INFO] DbExamples:222 - Found 101 boards with related examples
2024-06-28 11:07:12,838 [INFO] DbExamples:235 - Found 86 MCUs with related examples
2024-06-28 11:07:12,881 [INFO] ApiDb:423 - Load user favorites file C:\Users\User/.stm32cubeide/favorites.examples.txt: 0 item(s)
2024-06-28 11:07:12,882 [INFO] ApiDb:427 - User favorites Examples=[]
2024-06-28 11:07:12,882 [INFO] DbExamples:250 - Set 0 / 0 favorites Examples
2024-06-28 11:07:14,837 [INFO] McuFinderGlobals:76 - Set McuFinderConnectedMode to true
2024-06-28 11:07:14,860 [INFO] MultiScanPanel:200 - Auto-refresh data requested => check proxy status ongoing
2024-06-28 11:07:14,872 [INFO] FinderPluginLoader:95 - Searching for filters in installed packs
2024-06-28 11:07:20,151 [INFO] LoadUrlFilesThread:185 - End of LoadServerUrlFiles without Thread
2024-06-28 11:07:20,242 [INFO] DetailPanel:341 - Set advertising image to C:/Users/User/STM32Cube/Repository/\en.prom-stm32h7rs-mcu-finder.jpg
2024-06-28 11:08:12,159 [INFO] MainUpdater:2873 - connection check result : 10
2024-06-28 11:08:12,174 [INFO] MainUpdater:2873 - connection check result : 10
2024-06-28 11:08:12,407 [INFO] MicroXplorer:468 - Change Database Path : 
2024-06-28 11:08:12,408 [INFO] MicroXplorer:498 - Change Database Version : DB.6.0.111
2024-06-28 11:08:12,452 [WARN] ThirdParty:871 - waiting for thirdparty lock release [close project]
2024-06-28 11:08:12,453 [INFO] ThirdParty:873 - entering critical section [close project]
2024-06-28 11:08:12,472 [INFO] ThirdParty:883 - exiting critical section [close project]
2024-06-28 11:08:12,489 [INFO] PinOutPanel:1561 - setPackage(No Configuration,No Configuration)
2024-06-28 11:08:12,505 [INFO] UtilMem:75 - Begin LoadConfig() Used Memory: 643529040 Bytes (963641344)
2024-06-28 11:08:12,514 [INFO] MicroXplorer:468 - Change Database Path : 
2024-06-28 11:08:12,514 [INFO] MicroXplorer:498 - Change Database Version : DB.6.0.111
2024-06-28 11:08:12,515 [INFO] OpenFileManager:312 - Change cursor
2024-06-28 11:08:13,934 [INFO] Mcu:2021 - Initializing MCU STM32C011F6Px STM32C011F6Px STM32C011F6P6
2024-06-28 11:08:26,012 [INFO] Context:663 - Trying to add GPIOservice into a context  which must be forbidden
2024-06-28 11:08:27,312 [INFO] ImportTextPane:194 - (OptionalMessage_ERROR) Unable to find key (Mcu.ThirdPartyNb) in loaded IOC file
2024-06-28 11:08:27,312 [INFO] ImportTextPane:194 - (OptionalMessage_ERROR) Unable to find key (Mcu.PinsNb) in loaded IOC file
2024-06-28 11:08:27,312 [INFO] ImportTextPane:194 - (OptionalMessage_ERROR) Unable to find key (Mcu.IPNb) in loaded IOC file
2024-06-28 11:08:28,588 [WARN] ModelIntegratedComponent:63 - No mode defined for component null
2024-06-28 11:08:28,588 [WARN] ModelIntegratedComponent:63 - No mode defined for component null
2024-06-28 11:08:28,588 [WARN] ModelIntegratedComponent:63 - No mode defined for component null
2024-06-28 11:08:28,588 [WARN] ModelIntegratedComponent:63 - No mode defined for component null
2024-06-28 11:08:28,589 [WARN] ModelIntegratedComponent:63 - No mode defined for component null
2024-06-28 11:08:28,589 [WARN] ModelIntegratedComponent:63 - No mode defined for component null
2024-06-28 11:08:28,589 [WARN] ModelIntegratedComponent:63 - No mode defined for component null
2024-06-28 11:08:28,589 [WARN] ModelIntegratedComponent:63 - No mode defined for component null
2024-06-28 11:08:28,589 [WARN] ModelIntegratedComponent:63 - No mode defined for component null
2024-06-28 11:08:28,589 [WARN] ModelIntegratedComponent:63 - No mode defined for component null
2024-06-28 11:08:28,589 [WARN] ModelIntegratedComponent:63 - No mode defined for component null
2024-06-28 11:08:28,589 [WARN] ModelIntegratedComponent:63 - No mode defined for component null
2024-06-28 11:08:28,589 [WARN] ModelIntegratedComponent:63 - No mode defined for component null
2024-06-28 11:08:28,590 [WARN] ModelIntegratedComponent:63 - No mode defined for component null
2024-06-28 11:08:28,590 [WARN] ModelIntegratedComponent:63 - No mode defined for component null
2024-06-28 11:08:28,590 [WARN] ModelIntegratedComponent:63 - No mode defined for component null
2024-06-28 11:08:28,590 [WARN] ModelIntegratedComponent:63 - No mode defined for component null
2024-06-28 11:08:28,590 [WARN] ModelIntegratedComponent:63 - No mode defined for component null
2024-06-28 11:08:28,590 [WARN] ModelIntegratedComponent:63 - No mode defined for component null
2024-06-28 11:08:28,590 [WARN] ModelIntegratedComponent:63 - No mode defined for component null
2024-06-28 11:08:28,590 [WARN] ModelIntegratedComponent:63 - No mode defined for component null
2024-06-28 11:08:28,590 [WARN] ModelIntegratedComponent:63 - No mode defined for component null
2024-06-28 11:08:28,591 [WARN] ModelIntegratedComponent:63 - No mode defined for component null
2024-06-28 11:08:28,591 [WARN] ModelIntegratedComponent:63 - No mode defined for component null
2024-06-28 11:08:28,591 [WARN] ModelIntegratedComponent:63 - No mode defined for component null
2024-06-28 11:08:28,591 [WARN] ModelIntegratedComponent:63 - No mode defined for component null
2024-06-28 11:08:28,591 [WARN] ModelIntegratedComponent:63 - No mode defined for component null
2024-06-28 11:08:28,591 [WARN] ModelIntegratedComponent:63 - No mode defined for component null
2024-06-28 11:08:28,591 [WARN] ModelIntegratedComponent:63 - No mode defined for component null
2024-06-28 11:08:28,591 [WARN] ModelIntegratedComponent:63 - No mode defined for component null
2024-06-28 11:08:28,591 [WARN] ModelIntegratedComponent:63 - No mode defined for component null
2024-06-28 11:08:28,592 [WARN] ModelIntegratedComponent:63 - No mode defined for component null
2024-06-28 11:08:28,592 [WARN] ModelIntegratedComponent:63 - No mode defined for component null
2024-06-28 11:08:28,592 [WARN] ModelIntegratedComponent:63 - No mode defined for component null
2024-06-28 11:08:29,116 [INFO] RtosManager:555 - Registered RTOS mode: class=RTOS, group=ThreadX, mode=Core, owner=THREADX
2024-06-28 11:08:29,208 [INFO] ThirdPartyModel:298 - Start build external matchings
2024-06-28 11:08:32,179 [INFO] ThirdPartyModel:316 - End build external matchings
2024-06-28 11:08:32,712 [INFO] UtilMem:75 - End LoadConfig() Used Memory: 545226768 Bytes (1073741824)
2024-06-28 11:08:33,487 [WARN] ThirdParty:833 - waiting for thirdparty lock release [change project]
2024-06-28 11:08:33,488 [INFO] ThirdParty:835 - entering critical section [change project]
2024-06-28 11:08:33,488 [INFO] ThirdParty:1030 - CMSIS Pack Vendor :STMicroelectronics X-CUBE-ISPU 1.1.0
2024-06-28 11:08:33,488 [INFO] ThirdParty:1030 - CMSIS Pack Vendor :STMicroelectronics USBPD 4.1
2024-06-28 11:08:33,489 [INFO] ThirdParty:1030 - CMSIS Pack Vendor :STMicroelectronics X-CUBE-GNSS1 6.0.0
2024-06-28 11:08:33,489 [INFO] ThirdParty:1030 - CMSIS Pack Vendor :STMicroelectronics USB_HOST 2.0.0
2024-06-28 11:08:33,489 [INFO] ThirdParty:1030 - CMSIS Pack Vendor :STMicroelectronics FP-SNS-MOTENVWB1 1.4.0
2024-06-28 11:08:33,489 [INFO] ThirdParty:1030 - CMSIS Pack Vendor :STMicroelectronics X-CUBE-AZRTOS-F4 1.1.0
2024-06-28 11:08:33,489 [INFO] ThirdParty:1030 - CMSIS Pack Vendor :STMicroelectronics LIBJPEG 8.0.0
2024-06-28 11:08:33,489 [INFO] ThirdParty:1030 - CMSIS Pack Vendor :wolfSSL I-CUBE-wolfSSL 5.6.3
2024-06-28 11:08:33,489 [INFO] ThirdParty:1030 - CMSIS Pack Vendor :STMicroelectronics X-CUBE-SMBUS 2.1.0
2024-06-28 11:08:33,489 [INFO] ThirdParty:1030 - CMSIS Pack Vendor :STMicroelectronics USB_DEVICE 3.0.0
2024-06-28 11:08:33,490 [INFO] ThirdParty:1030 - CMSIS Pack Vendor :STMicroelectronics X-CUBE-TCPP 4.1.0
2024-06-28 11:08:33,490 [INFO] ThirdParty:1030 - CMSIS Pack Vendor :STMicroelectronics X-CUBE-FREERTOS 1.2.0
2024-06-28 11:08:33,490 [INFO] ThirdParty:1030 - CMSIS Pack Vendor :STMicroelectronics X-CUBE-AZRTOS-WB 2.0.0
2024-06-28 11:08:33,490 [INFO] ThirdParty:1030 - CMSIS Pack Vendor :STMicroelectronics X-CUBE-TOUCHGFX 4.23.0
2024-06-28 11:08:33,490 [INFO] ThirdParty:1030 - CMSIS Pack Vendor :STMicroelectronics X-CUBE-TOUCHGFX 4.23.2
2024-06-28 11:08:33,490 [INFO] ThirdParty:1030 - CMSIS Pack Vendor :STMicroelectronics X-CUBE-AZRTOS-F7 1.1.0
2024-06-28 11:08:33,490 [INFO] ThirdParty:1030 - CMSIS Pack Vendor :STMicroelectronics X-CUBE-AZRTOS-L5 2.0.0
2024-06-28 11:08:33,501 [INFO] ThirdParty:1030 - CMSIS Pack Vendor :STMicroelectronics USB_DEVICE 2.0.0
2024-06-28 11:08:33,501 [INFO] ThirdParty:1030 - CMSIS Pack Vendor :STMicroelectronics X-CUBE-MEMS1 9.6.0
2024-06-28 11:08:33,501 [INFO] ThirdParty:1030 - CMSIS Pack Vendor :STMicroelectronics X-CUBE-EEPRMA1 4.2.0
2024-06-28 11:08:33,501 [INFO] ThirdParty:1030 - CMSIS Pack Vendor :STMicroelectronics X-CUBE-NFC6 3.1.0
2024-06-28 11:08:33,501 [INFO] ThirdParty:1030 - CMSIS Pack Vendor :ITTIA_DB I-CUBE-ITTIADB 8.8.0
2024-06-28 11:08:33,501 [INFO] ThirdParty:1030 - CMSIS Pack Vendor :STMicroelectronics FP-SNS-MOTENV1 4.3.2
2024-06-28 11:08:33,501 [INFO] ThirdParty:1030 - CMSIS Pack Vendor :STMicroelectronics X-CUBE-ALGOBUILD 1.3.0
2024-06-28 11:08:33,501 [INFO] ThirdParty:1030 - CMSIS Pack Vendor :STMicroelectronics FreeRTOS 0.0.1
2024-06-28 11:08:33,502 [INFO] ThirdParty:1030 - CMSIS Pack Vendor :STMicroelectronics X-CUBE-AZRTOS-G0 1.1.0
2024-06-28 11:08:33,502 [INFO] ThirdParty:1030 - CMSIS Pack Vendor :STMicroelectronics X-CUBE-BLEMGR 2.0.0
2024-06-28 11:08:33,502 [INFO] ThirdParty:1030 - CMSIS Pack Vendor :STMicroelectronics X-CUBE-SAFEA1 1.2.2
2024-06-28 11:08:33,502 [INFO] ThirdParty:1030 - CMSIS Pack Vendor :STMicroelectronics X-CUBE-NFC4 3.0.0
2024-06-28 11:08:33,502 [INFO] ThirdParty:1030 - CMSIS Pack Vendor :STMicroelectronics X-CUBE-SUBG2 5.0.0
2024-06-28 11:08:33,502 [INFO] ThirdParty:1030 - CMSIS Pack Vendor :STMicroelectronics STM32_WPAN 1.0.0
2024-06-28 11:08:33,502 [INFO] ThirdParty:1030 - CMSIS Pack Vendor :wolfSSL I-CUBE-wolfMQTT 1.18.0
2024-06-28 11:08:33,502 [INFO] ThirdParty:1030 - CMSIS Pack Vendor :STMicroelectronics lwIP 2.0.3
2024-06-28 11:08:33,502 [INFO] ThirdParty:1030 - CMSIS Pack Vendor :STMicroelectronics FP-SNS-FLIGHT1 5.0.2
2024-06-28 11:08:33,502 [INFO] ThirdParty:1030 - CMSIS Pack Vendor :STMicroelectronics USB_HOST 1.0.0
2024-06-28 11:08:33,502 [INFO] ThirdParty:1030 - CMSIS Pack Vendor :STMicroelectronics X-CUBE-TOF1 3.3.1
2024-06-28 11:08:33,502 [INFO] ThirdParty:1030 - CMSIS Pack Vendor :STMicroelectronics X-CUBE-AI 9.0.0
2024-06-28 11:08:33,502 [INFO] ThirdParty:1030 - CMSIS Pack Vendor :STMicroelectronics X-CUBE-AZRTOS-G4 2.0.0
2024-06-28 11:08:33,503 [INFO] ThirdParty:1030 - CMSIS Pack Vendor :STMicroelectronics PDM2PCM 3.1.0
2024-06-28 11:08:33,503 [INFO] ThirdParty:1030 - CMSIS Pack Vendor :STMicroelectronics X-CUBE-AZRTOS-H7 3.1.0
2024-06-28 11:08:33,503 [INFO] ThirdParty:1030 - CMSIS Pack Vendor :Infineon AIROC-Wi-Fi-Bluetooth-STM32 1.5.1
2024-06-28 11:08:33,503 [INFO] ThirdParty:1030 - CMSIS Pack Vendor :STMicroelectronics X-CUBE-BLEMGR 3.0.0
2024-06-28 11:08:33,503 [INFO] ThirdParty:1030 - CMSIS Pack Vendor :STMicroelectronics PDM2PCM 3.3.0
2024-06-28 11:08:33,503 [INFO] ThirdParty:1030 - CMSIS Pack Vendor :STMicroelectronics X-CUBE-DISPLAY 3.0.0
2024-06-28 11:08:33,503 [INFO] ThirdParty:1030 - CMSIS Pack Vendor :STMicroelectronics FP-SNS-MOTENVWB1 1.3.1
2024-06-28 11:08:33,504 [INFO] ThirdParty:1030 - CMSIS Pack Vendor :STMicroelectronics X-CUBE-BLE1 7.0.0
2024-06-28 11:08:33,504 [INFO] ThirdParty:1030 - CMSIS Pack Vendor :STMicroelectronics FP-ATR-SIGFOX1 3.2.0
2024-06-28 11:08:33,504 [INFO] ThirdParty:1030 - CMSIS Pack Vendor :STMicroelectronics X-CUBE-ISPU 2.0.0
2024-06-28 11:08:33,504 [INFO] ThirdParty:1030 - CMSIS Pack Vendor :STMicroelectronics X-CUBE-EEPRMA1 5.1.0
2024-06-28 11:08:33,504 [INFO] ThirdParty:1030 - CMSIS Pack Vendor :STMicroelectronics HAL Drivers 0.0.0
2024-06-28 11:08:33,504 [INFO] ThirdParty:1030 - CMSIS Pack Vendor :STMicroelectronics MBEDTLS 2.16.2
2024-06-28 11:08:33,504 [INFO] ThirdParty:1030 - CMSIS Pack Vendor :STMicroelectronics X-CUBE-ALS 1.0.2
2024-06-28 11:08:33,504 [INFO] ThirdParty:1030 - CMSIS Pack Vendor :emotas I-CUBE-CANOPEN 1.3.0
2024-06-28 11:08:33,505 [INFO] ThirdParty:1030 - CMSIS Pack Vendor :STMicroelectronics X-CUBE-MEMS1 10.0.0
2024-06-28 11:08:33,505 [INFO] ThirdParty:1030 - CMSIS Pack Vendor :STMicroelectronics X-CUBE-FREERTOS 1.1.0
2024-06-28 11:08:33,505 [INFO] ThirdParty:1030 - CMSIS Pack Vendor :STMicroelectronics X-CUBE-NFC7 1.0.1
2024-06-28 11:08:33,505 [INFO] ThirdParty:1030 - CMSIS Pack Vendor :STMicroelectronics MBEDTLS 2.14.1
2024-06-28 11:08:33,505 [INFO] ThirdParty:1030 - CMSIS Pack Vendor :STMicroelectronics X-CUBE-TOUCHGFX 4.24.0
2024-06-28 11:08:33,505 [INFO] ThirdParty:1030 - CMSIS Pack Vendor :STMicroelectronics X-CUBE-TOUCHGFX 4.22.1
2024-06-28 11:08:33,505 [INFO] ThirdParty:1030 - CMSIS Pack Vendor :STMicroelectronics X-CUBE-NFC6 3.0.0
2024-06-28 11:08:33,505 [INFO] ThirdParty:1030 - CMSIS Pack Vendor :STMicroelectronics X-CUBE-EEPRMA1 4.1.0
2024-06-28 11:08:33,505 [INFO] ThirdParty:1030 - CMSIS Pack Vendor :portGmbH I-Cube-SoM-uGOAL 1.1.0
2024-06-28 11:08:33,506 [INFO] ThirdParty:1030 - CMSIS Pack Vendor :STMicroelectronics X-CUBE-ALS 1.0.1
2024-06-28 11:08:33,506 [INFO] ThirdParty:1030 - CMSIS Pack Vendor :STMicroelectronics X-CUBE-BLEMGR 3.1.0
2024-06-28 11:08:33,506 [INFO] ThirdParty:1030 - CMSIS Pack Vendor :STMicroelectronics ThreadX 1.0.0
2024-06-28 11:08:33,506 [INFO] ThirdParty:1030 - CMSIS Pack Vendor :STMicroelectronics FP-SNS-SMARTAG2 1.2.0
2024-06-28 11:08:33,506 [INFO] ThirdParty:1030 - CMSIS Pack Vendor :STMicroelectronics X-CUBE-AZRTOS-WL 2.0.0
2024-06-28 11:08:33,506 [INFO] ThirdParty:1030 - CMSIS Pack Vendor :SEGGER I-CUBE-embOS 1.3.1
2024-06-28 11:08:33,506 [INFO] ThirdParty:1030 - CMSIS Pack Vendor :STMicroelectronics X-CUBE-ALGOBUILD 1.4.0
2024-06-28 11:08:33,507 [INFO] ThirdParty:1030 - CMSIS Pack Vendor :STMicroelectronics FP-SNS-MOTENV1 5.0.0
2024-06-28 11:08:33,507 [INFO] ThirdParty:1030 - CMSIS Pack Vendor :STMicroelectronics USB_DEVICE 1.0.0
2024-06-28 11:08:33,507 [INFO] ThirdParty:1030 - CMSIS Pack Vendor :STMicroelectronics X-CUBE-AI 8.1.0
2024-06-28 11:08:33,507 [INFO] ThirdParty:1030 - CMSIS Pack Vendor :STMicroelectronics X-CUBE-AZRTOS-H7RS 1.0.0
2024-06-28 11:08:33,507 [INFO] ThirdParty:1030 - CMSIS Pack Vendor :wolfSSL I-CUBE-wolfMQTT 1.19.0
2024-06-28 11:08:33,508 [INFO] ThirdParty:1030 - CMSIS Pack Vendor :STMicroelectronics X-CUBE-AZRTOS-L4 2.0.0
2024-06-28 11:08:33,508 [INFO] ThirdParty:1030 - CMSIS Pack Vendor :STMicroelectronics ThreadX 0.0.2
2024-06-28 11:08:33,509 [INFO] ThirdParty:1030 - CMSIS Pack Vendor :WES I-CUBE-Cesium 1.3.0
2024-06-28 11:08:33,509 [INFO] ThirdParty:1030 - CMSIS Pack Vendor :STMicroelectronics FP-ATR-ASTRA1 2.0.0
2024-06-28 11:08:33,509 [INFO] ThirdParty:1030 - CMSIS Pack Vendor :STMicroelectronics lwIP 2.1.2
2024-06-28 11:08:33,509 [INFO] ThirdParty:1030 - CMSIS Pack Vendor :STMicroelectronics X-CUBE-SFXS2LP1 4.0.0
2024-06-28 11:08:33,510 [INFO] ThirdParty:1030 - CMSIS Pack Vendor :STMicroelectronics X-CUBE-BLE2 3.3.0
2024-06-28 11:08:33,510 [INFO] ThirdParty:1030 - CMSIS Pack Vendor :STMicroelectronics X-CUBE-TOF1 3.4.0
2024-06-28 11:08:33,510 [INFO] ThirdParty:1030 - CMSIS Pack Vendor :STMicroelectronics X-CUBE-TOF1 3.4.1
2024-06-28 11:08:33,510 [INFO] ThirdParty:1030 - CMSIS Pack Vendor :STMicroelectronics X-CUBE-AZRTOS-H7 3.2.0
2024-06-28 11:08:33,511 [INFO] ThirdParty:1030 - CMSIS Pack Vendor :STMicroelectronics PDM2PCM 3.2.0
2024-06-28 11:08:33,511 [INFO] ThirdParty:841 - exiting critical section [change project]
2024-06-28 11:08:35,029 [INFO] PinOutPanel:1561 - setPackage(No Configuration,No Configuration)
2024-06-28 11:08:35,035 [INFO] PinOutPanel:1561 - setPackage(STM32C011F6Px,TSSOP20)
2024-06-28 11:08:37,440 [INFO] UtilMem:75 - Before build in PCC Used Memory: 856121816 Bytes (1073741824)
2024-06-28 11:08:40,576 [INFO] UtilMem:75 - After build in PCC Used Memory: 772921856 Bytes (1073741824)
2024-06-28 11:08:40,639 [INFO] IPUIPlugin:80 - create IPUIPlugin
2024-06-28 11:08:40,641 [INFO] IPUIPlugin:80 - create IPUIPlugin
2024-06-28 11:08:40,642 [INFO] IPUIPlugin:80 - create IPUIPlugin
2024-06-28 11:08:40,642 [INFO] IPUIPlugin:80 - create IPUIPlugin
2024-06-28 11:08:40,644 [INFO] IPUIPlugin:80 - create IPUIPlugin
2024-06-28 11:08:40,645 [INFO] IPUIPlugin:80 - create IPUIPlugin
2024-06-28 11:08:40,646 [INFO] IPUIPlugin:80 - create IPUIPlugin
2024-06-28 11:08:40,647 [INFO] IPUIPlugin:80 - create IPUIPlugin
2024-06-28 11:08:40,648 [INFO] IPUIPlugin:80 - create IPUIPlugin
2024-06-28 11:08:40,648 [INFO] IPUIPlugin:80 - create IPUIPlugin
2024-06-28 11:08:40,649 [INFO] IPUIPlugin:80 - create IPUIPlugin
2024-06-28 11:08:40,650 [INFO] IPUIPlugin:80 - create IPUIPlugin
2024-06-28 11:08:40,651 [INFO] IPUIPlugin:80 - create IPUIPlugin
2024-06-28 11:08:40,652 [INFO] IPUIPlugin:80 - create IPUIPlugin
2024-06-28 11:08:40,653 [INFO] IPUIPlugin:80 - create IPUIPlugin
2024-06-28 11:08:40,654 [INFO] IPUIPlugin:80 - create IPUIPlugin
2024-06-28 11:08:40,655 [INFO] IPUIPlugin:80 - create IPUIPlugin
2024-06-28 11:08:40,655 [INFO] IPUIPlugin:80 - create IPUIPlugin
2024-06-28 11:08:40,656 [INFO] IPUIPlugin:80 - create IPUIPlugin
2024-06-28 11:08:40,657 [INFO] IPUIPlugin:80 - create IPUIPlugin
2024-06-28 11:08:40,657 [INFO] IPUIPlugin:80 - create IPUIPlugin
2024-06-28 11:08:40,658 [INFO] IPUIPlugin:80 - create IPUIPlugin
2024-06-28 11:08:40,659 [INFO] IPUIPlugin:80 - create IPUIPlugin
2024-06-28 11:08:40,660 [INFO] IPUIPlugin:80 - create IPUIPlugin
2024-06-28 11:08:40,661 [INFO] IPUIPlugin:80 - create IPUIPlugin
2024-06-28 11:08:40,661 [INFO] IPUIPlugin:80 - create IPUIPlugin
2024-06-28 11:08:41,120 [INFO] CADModel:165 - CPN selected for project levelSTM32C011F6P6
2024-06-28 11:08:41,120 [INFO] CADModel:114 - Register for checkConnection events
2024-06-28 11:08:41,194 [INFO] OpenFileManager:343 - Restore cursor
2024-06-28 11:08:44,071 [INFO] UtilMem:75 - End SaveConfig() Used Memory: 852700312 Bytes (1073741824)
2024-06-28 11:08:44,344 [INFO] UtilMem:75 - End SaveConfig() Used Memory: 865701000 Bytes (1073741824)
2024-06-28 11:08:45,851 [INFO] BlockDiagram:2759 - set Specific Code input for plugin: NVIC
2024-06-28 11:08:45,852 [INFO] BlockDiagram:2759 - set Specific Code input for plugin: RCC
2024-06-28 11:08:45,855 [INFO] CodeGenerator:807 - code generatio: config db path: C:\ST\STM32CubeIDE_1.15.1\STM32CubeIDE\plugins\com.st.stm32cube.common.mx_6.11.1.202404110753\\db\
2024-06-28 11:08:46,548 [INFO] CodeEngine:255 - oldGeneratedFile, C:\Users\User\STM32CubeIDE\workspace_1.15.1\ProjetosFranzininho\dht\MXTmpFiles\license.tmp_save
2024-06-28 11:08:48,569 [INFO] CodeEngine:279 - Generated code: C:\Users\User\STM32CubeIDE\workspace_1.15.1\ProjetosFranzininho\dht\MXTmpFiles\license.tmp
2024-06-28 11:08:48,972 [INFO] CodeEngine:255 - oldGeneratedFile, C:\Users\User\STM32CubeIDE\workspace_1.15.1\ProjetosFranzininho\dht\MXTmpFiles\cortex.tmp_save
2024-06-28 11:08:49,704 [INFO] CodeEngine:279 - Generated code: C:\Users\User\STM32CubeIDE\workspace_1.15.1\ProjetosFranzininho\dht\MXTmpFiles\cortex.tmp
2024-06-28 11:08:49,753 [INFO] CodeEngine:255 - oldGeneratedFile, C:\Users\User\STM32CubeIDE\workspace_1.15.1\ProjetosFranzininho\dht\Core\Src\stm32c0xx_it.c_save
2024-06-28 11:08:50,349 [INFO] CodeEngine:279 - Generated code: C:\Users\User\STM32CubeIDE\workspace_1.15.1\ProjetosFranzininho\dht\Core\Src\stm32c0xx_it.c
2024-06-28 11:08:50,378 [INFO] CodeEngine:255 - oldGeneratedFile, C:\Users\User\STM32CubeIDE\workspace_1.15.1\ProjetosFranzininho\dht\Core\Inc\stm32c0xx_it.h_save
2024-06-28 11:08:50,679 [INFO] CodeEngine:279 - Generated code: C:\Users\User\STM32CubeIDE\workspace_1.15.1\ProjetosFranzininho\dht\Core\Inc\stm32c0xx_it.h
2024-06-28 11:08:50,814 [INFO] CodeEngine:255 - oldGeneratedFile, C:\Users\User\STM32CubeIDE\workspace_1.15.1\ProjetosFranzininho\dht\Core\Src\stm32c0xx_hal_msp.c_save
2024-06-28 11:08:51,655 [INFO] CodeEngine:279 - Generated code: C:\Users\User\STM32CubeIDE\workspace_1.15.1\ProjetosFranzininho\dht\Core\Src\stm32c0xx_hal_msp.c
2024-06-28 11:08:51,683 [INFO] CodeEngine:255 - oldGeneratedFile, C:\Users\User\STM32CubeIDE\workspace_1.15.1\ProjetosFranzininho\dht\MXTmpFiles\system.tmp_save
2024-06-28 11:08:51,999 [INFO] CodeEngine:279 - Generated code: C:\Users\User\STM32CubeIDE\workspace_1.15.1\ProjetosFranzininho\dht\MXTmpFiles\system.tmp
2024-06-28 11:08:52,051 [INFO] CodeEngine:311 - oldGeneratedFile, C:\Users\User\STM32CubeIDE\workspace_1.15.1\ProjetosFranzininho\dht\Core\Inc\stm32c0xx_hal_conf.h_save
2024-06-28 11:08:52,482 [INFO] CodeEngine:335 - Generated code: C:\Users\User\STM32CubeIDE\workspace_1.15.1\ProjetosFranzininho\dht\Core\Inc\stm32c0xx_hal_conf.h
2024-06-28 11:08:52,590 [WARN] IPConfigManager:2982 - Warning: the RefConfig RCC_ConfigVoltageScaling is not available in your config.xml file
2024-06-28 11:08:52,596 [WARN] IPConfigManager:2982 - Warning: the RefConfig RCC_PClockConfig is not available in your config.xml file
2024-06-28 11:08:52,598 [WARN] IPConfigManager:2982 - Warning: the RefConfig RCC_interrupt_Time_SYSTICK_Config is not available in your config.xml file
2024-06-28 11:08:52,648 [INFO] CodeEngine:255 - oldGeneratedFile, C:\Users\User\STM32CubeIDE\workspace_1.15.1\ProjetosFranzininho\dht\Core\Inc\main.h_save
2024-06-28 11:08:53,094 [INFO] CodeEngine:279 - Generated code: C:\Users\User\STM32CubeIDE\workspace_1.15.1\ProjetosFranzininho\dht\Core\Inc\main.h
2024-06-28 11:08:53,129 [INFO] CodeEngine:255 - oldGeneratedFile, C:\Users\User\STM32CubeIDE\workspace_1.15.1\ProjetosFranzininho\dht\Core\Src\main.c_save
2024-06-28 11:08:53,570 [INFO] CodeEngine:279 - Generated code: C:\Users\User\STM32CubeIDE\workspace_1.15.1\ProjetosFranzininho\dht\Core\Src\main.c
2024-06-28 11:08:54,740 [INFO] ProjectBuilder:3163 - Time for Copy HAL[1] : 499mS.
2024-06-28 11:08:54,761 [INFO] ProjectBuilder:4736 - Project Generator version: 4.3.0-B58
2024-06-28 11:08:55,083 [INFO] ConfigFileManager:1503 - The Die is : DIE443
2024-06-28 11:08:55,175 [INFO] ApiDbMcu:508 - Load IP Config File for FileX
2024-06-28 11:08:55,224 [INFO] ApiDbMcu:508 - Load IP Config File for ThreadX
2024-06-28 11:08:57,865 [INFO] LogOutputStream:77 - [STDOUT_REDIRECT] 
2024-06-28 11:09:08,679 [INFO] ProjectBuilder:5002 - Time for Generating toolchain IDE Files: 13918mS.
2024-06-28 11:09:08,681 [INFO] ProjectBuilder:3034 - Time for Copy CMSIS : 1mS.
2024-06-28 11:09:08,686 [INFO] ProjectBuilder:3034 - Time for Copy CMSIS : 0mS.
2024-06-28 11:09:14,092 [INFO] McuFinderGlobals:76 - Set McuFinderConnectedMode to true
2024-06-28 11:09:14,105 [INFO] ApiDb:448 - Save user favorites file C:\Users\User/.stm32cubeide/favorites.mcus.txt: 1 item(s)
2024-06-28 11:09:14,106 [INFO] ApiDb:452 - User favorites MCUs=[STM32C011F6P6]
2024-06-28 11:27:37,821 [WARN] MainPanel:272 - <html><b><center>Warning: This peripheral has no parameters to be configured<br></b></html>
2024-06-28 11:27:41,633 [WARN] MainPanel:272 - <html><b><center>Warning: This peripheral has no parameters to be configured<br></b></html>
2024-06-28 11:28:16,837 [WARN] MainPanel:272 - <html><b><center>Warning: This peripheral has no parameters to be configured<br></b></html>
2024-06-28 11:28:21,178 [INFO] Gpio:277 - dependency for GPIO [DEBUG]
2024-06-28 11:33:27,240 [INFO] UtilMem:75 - End SaveConfig() Used Memory: 464021088 Bytes (849346560)
2024-06-28 11:33:33,154 [INFO] UtilMem:75 - End SaveConfig() Used Memory: 540681016 Bytes (849346560)
2024-06-28 11:33:34,203 [INFO] BlockDiagram:2759 - set Specific Code input for plugin: NVIC
2024-06-28 11:33:34,204 [INFO] BlockDiagram:2759 - set Specific Code input for plugin: SYS
2024-06-28 11:33:34,205 [INFO] BlockDiagram:2759 - set Specific Code input for plugin: DEBUG
2024-06-28 11:33:34,206 [INFO] BlockDiagram:2759 - set Specific Code input for plugin: GPIO
2024-06-28 11:33:34,206 [INFO] BlockDiagram:2759 - set Specific Code input for plugin: RCC
2024-06-28 11:33:34,215 [INFO] CodeGenerator:807 - code generatio: config db path: C:\ST\STM32CubeIDE_1.15.1\STM32CubeIDE\plugins\com.st.stm32cube.common.mx_6.11.1.202404110753\\db\
2024-06-28 11:33:34,650 [INFO] CodeEngine:255 - oldGeneratedFile, C:\Users\User\STM32CubeIDE\workspace_1.15.1\ProjetosFranzininho\dht\MXTmpFiles\license.tmp_save
2024-06-28 11:33:35,888 [INFO] CodeEngine:279 - Generated code: C:\Users\User\STM32CubeIDE\workspace_1.15.1\ProjetosFranzininho\dht\MXTmpFiles\license.tmp
2024-06-28 11:33:36,223 [INFO] CodeEngine:255 - oldGeneratedFile, C:\Users\User\STM32CubeIDE\workspace_1.15.1\ProjetosFranzininho\dht\MXTmpFiles\gpio.tmp_save
2024-06-28 11:33:36,888 [INFO] CodeEngine:279 - Generated code: C:\Users\User\STM32CubeIDE\workspace_1.15.1\ProjetosFranzininho\dht\MXTmpFiles\gpio.tmp
2024-06-28 11:33:37,035 [WARN] IPConfigManager:98 - WARNING: Missing Config File for DEBUG ip!!
2024-06-28 11:33:37,237 [INFO] CodeEngine:255 - oldGeneratedFile, C:\Users\User\STM32CubeIDE\workspace_1.15.1\ProjetosFranzininho\dht\MXTmpFiles\cortex.tmp_save
2024-06-28 11:33:38,003 [INFO] CodeEngine:279 - Generated code: C:\Users\User\STM32CubeIDE\workspace_1.15.1\ProjetosFranzininho\dht\MXTmpFiles\cortex.tmp
2024-06-28 11:33:38,166 [INFO] CodeEngine:255 - oldGeneratedFile, C:\Users\User\STM32CubeIDE\workspace_1.15.1\ProjetosFranzininho\dht\Core\Src\stm32c0xx_it.c_save
2024-06-28 11:33:40,252 [INFO] CodeEngine:279 - Generated code: C:\Users\User\STM32CubeIDE\workspace_1.15.1\ProjetosFranzininho\dht\Core\Src\stm32c0xx_it.c
2024-06-28 11:33:40,268 [INFO] CodeEngine:255 - oldGeneratedFile, C:\Users\User\STM32CubeIDE\workspace_1.15.1\ProjetosFranzininho\dht\Core\Inc\stm32c0xx_it.h_save
2024-06-28 11:33:40,473 [INFO] CodeEngine:279 - Generated code: C:\Users\User\STM32CubeIDE\workspace_1.15.1\ProjetosFranzininho\dht\Core\Inc\stm32c0xx_it.h
2024-06-28 11:33:40,576 [INFO] CodeEngine:255 - oldGeneratedFile, C:\Users\User\STM32CubeIDE\workspace_1.15.1\ProjetosFranzininho\dht\Core\Src\stm32c0xx_hal_msp.c_save
2024-06-28 11:33:40,942 [INFO] CodeEngine:279 - Generated code: C:\Users\User\STM32CubeIDE\workspace_1.15.1\ProjetosFranzininho\dht\Core\Src\stm32c0xx_hal_msp.c
2024-06-28 11:33:40,953 [INFO] CodeEngine:255 - oldGeneratedFile, C:\Users\User\STM32CubeIDE\workspace_1.15.1\ProjetosFranzininho\dht\MXTmpFiles\system.tmp_save
2024-06-28 11:33:41,218 [INFO] CodeEngine:279 - Generated code: C:\Users\User\STM32CubeIDE\workspace_1.15.1\ProjetosFranzininho\dht\MXTmpFiles\system.tmp
2024-06-28 11:33:41,273 [INFO] CodeEngine:311 - oldGeneratedFile, C:\Users\User\STM32CubeIDE\workspace_1.15.1\ProjetosFranzininho\dht\Core\Inc\stm32c0xx_hal_conf.h_save
2024-06-28 11:33:41,982 [INFO] CodeEngine:335 - Generated code: C:\Users\User\STM32CubeIDE\workspace_1.15.1\ProjetosFranzininho\dht\Core\Inc\stm32c0xx_hal_conf.h
2024-06-28 11:33:42,106 [WARN] IPConfigManager:2982 - Warning: the RefConfig RCC_ConfigVoltageScaling is not available in your config.xml file
2024-06-28 11:33:42,140 [WARN] IPConfigManager:2982 - Warning: the RefConfig RCC_PClockConfig is not available in your config.xml file
2024-06-28 11:33:42,156 [WARN] IPConfigManager:2982 - Warning: the RefConfig RCC_interrupt_Time_SYSTICK_Config is not available in your config.xml file
2024-06-28 11:33:42,279 [INFO] CodeEngine:255 - oldGeneratedFile, C:\Users\User\STM32CubeIDE\workspace_1.15.1\ProjetosFranzininho\dht\Core\Inc\main.h_save
2024-06-28 11:33:43,309 [INFO] CodeEngine:279 - Generated code: C:\Users\User\STM32CubeIDE\workspace_1.15.1\ProjetosFranzininho\dht\Core\Inc\main.h
2024-06-28 11:33:43,407 [INFO] CodeEngine:255 - oldGeneratedFile, C:\Users\User\STM32CubeIDE\workspace_1.15.1\ProjetosFranzininho\dht\Core\Src\main.c_save
2024-06-28 11:33:44,727 [INFO] CodeEngine:279 - Generated code: C:\Users\User\STM32CubeIDE\workspace_1.15.1\ProjetosFranzininho\dht\Core\Src\main.c
2024-06-28 11:33:46,907 [INFO] ProjectBuilder:3163 - Time for Copy HAL[1] : 817mS.
2024-06-28 11:33:46,944 [INFO] ProjectBuilder:4736 - Project Generator version: 4.3.0-B58
2024-06-28 11:33:47,328 [INFO] ConfigFileManager:1503 - The Die is : DIE443
2024-06-28 11:33:55,649 [INFO] ProjectBuilder:5002 - Time for Generating toolchain IDE Files: 8708mS.
2024-06-28 11:33:55,674 [INFO] ProjectBuilder:3034 - Time for Copy CMSIS : 22mS.
2024-06-28 11:33:55,680 [INFO] ProjectBuilder:3034 - Time for Copy CMSIS : 0mS.
