2024-06-07 08:59:12,982 [INFO] Activator:176 - 


2024-06-07 08:59:12,994 [INFO] Activator:177 - !SESSION log4j initialized
2024-06-07 08:59:28,974 [INFO] LogOutputStream:77 - [STDOUT_REDIRECT] 
2024-06-07 08:59:37,792 [INFO] ApplicationProperties:184 - Using Application install path: C:\ST\STM32CubeIDE_1.15.1\STM32CubeIDE\plugins\com.st.stm32cube.common.mx_6.11.1.202404110753
2024-06-07 08:59:37,846 [INFO] DbMcusXml:78 - Set database path to: C:\ST\STM32CubeIDE_1.15.1\STM32CubeIDE\plugins\com.st.stm32cube.common.mx_6.11.1.202404110753\\db\/mcu/
2024-06-07 08:59:37,847 [INFO] ApiDb:274 - Set plugin database path to: C:\ST\STM32CubeIDE_1.15.1\STM32CubeIDE\plugins\com.st.stm32cube.common.mx_6.11.1.202404110753\\db\/plugins/boardmanager/
2024-06-07 08:59:37,848 [WARN] ApiDb:259 - Overriding images path with different value:  => C:\ST\STM32CubeIDE_1.15.1\STM32CubeIDE\plugins\com.st.stm32cube.common.mx_6.11.1.202404110753\\db\/plugins/mcufinder/images/
2024-06-07 08:59:37,873 [INFO] ApiDb:250 - Set database path to: C:\Users\User\.stmcufinder\plugins\mcufinder//mcu/
2024-06-07 08:59:37,877 [INFO] DbMcusAds:125 - Set database path to: C:\Users\User\.stmcufinder\plugins\mcufinder//mcu/
2024-06-07 08:59:37,885 [INFO] CrossReferenceDbSqlite:203 - Set database path to: C:\Users\User\.stmcufinder\plugins\mcufinder//mcu/cs/
2024-06-07 08:59:38,246 [INFO] RulesReader:64 - Compatibility file has been processed (297 Rules)
2024-06-07 08:59:38,575 [INFO] DbMcusXml:78 - Set database path to: C:\ST\STM32CubeIDE_1.15.1\STM32CubeIDE\plugins\com.st.stm32cube.common.mx_6.11.1.202404110753\\db\/mcu/
2024-06-07 08:59:38,575 [INFO] ApiDb:274 - Set plugin database path to: C:\ST\STM32CubeIDE_1.15.1\STM32CubeIDE\plugins\com.st.stm32cube.common.mx_6.11.1.202404110753\\db\/plugins/boardmanager/
2024-06-07 08:59:38,576 [INFO] ApiDb:261 - Set plugin images path to: C:\ST\STM32CubeIDE_1.15.1\STM32CubeIDE\plugins\com.st.stm32cube.common.mx_6.11.1.202404110753\\db\/plugins/mcufinder/images/
2024-06-07 08:59:38,576 [WARN] DbFile:41 - Overriding database path with different value: C:\Users\User\.stmcufinder\plugins\mcufinder/ => C:\Users\User\.stmcufinder\plugins\mcufinder
2024-06-07 08:59:38,576 [INFO] ApiDb:250 - Set database path to: C:\Users\User\.stmcufinder\plugins\mcufinder//mcu/
2024-06-07 08:59:38,576 [WARN] DbFile:41 - Overriding database path with different value: C:\Users\User\.stmcufinder\plugins\mcufinder/ => C:\Users\User\.stmcufinder\plugins\mcufinder
2024-06-07 08:59:38,577 [INFO] DbMcusAds:125 - Set database path to: C:\Users\User\.stmcufinder\plugins\mcufinder//mcu/
2024-06-07 08:59:38,577 [WARN] DbFile:41 - Overriding database path with different value: C:\Users\User\.stmcufinder\plugins\mcufinder/ => C:\Users\User\.stmcufinder\plugins\mcufinder
2024-06-07 08:59:38,577 [WARN] DbFile:41 - Overriding database path with different value: C:\Users\User\.stmcufinder\plugins\mcufinder/ => C:\Users\User\.stmcufinder\plugins\mcufinder
2024-06-07 08:59:38,577 [INFO] CrossReferenceDbSqlite:203 - Set database path to: C:\Users\User\.stmcufinder\plugins\mcufinder//mcu/cs/
2024-06-07 08:59:38,791 [INFO] MainPanel:264 - HeapMemory: 268435456
2024-06-07 08:59:39,071 [INFO] DbMcusXml:78 - Set database path to: C:\ST\STM32CubeIDE_1.15.1\STM32CubeIDE\plugins\com.st.stm32cube.common.mx_6.11.1.202404110753\\db\/mcu/
2024-06-07 08:59:39,072 [INFO] ApiDb:274 - Set plugin database path to: C:\ST\STM32CubeIDE_1.15.1\STM32CubeIDE\plugins\com.st.stm32cube.common.mx_6.11.1.202404110753\\db\/plugins/boardmanager/
2024-06-07 08:59:39,072 [INFO] ApiDb:261 - Set plugin images path to: C:\ST\STM32CubeIDE_1.15.1\STM32CubeIDE\plugins\com.st.stm32cube.common.mx_6.11.1.202404110753\\db\/plugins/mcufinder/images/
2024-06-07 08:59:39,073 [WARN] DbFile:41 - Overriding database path with different value: C:\Users\User\.stmcufinder\plugins\mcufinder/ => C:\Users\User\.stmcufinder\plugins\mcufinder
2024-06-07 08:59:39,074 [INFO] ApiDb:250 - Set database path to: C:\Users\User\.stmcufinder\plugins\mcufinder//mcu/
2024-06-07 08:59:39,074 [WARN] DbFile:41 - Overriding database path with different value: C:\Users\User\.stmcufinder\plugins\mcufinder/ => C:\Users\User\.stmcufinder\plugins\mcufinder
2024-06-07 08:59:39,075 [INFO] DbMcusAds:125 - Set database path to: C:\Users\User\.stmcufinder\plugins\mcufinder//mcu/
2024-06-07 08:59:39,075 [WARN] DbFile:41 - Overriding database path with different value: C:\Users\User\.stmcufinder\plugins\mcufinder/ => C:\Users\User\.stmcufinder\plugins\mcufinder
2024-06-07 08:59:39,075 [WARN] DbFile:41 - Overriding database path with different value: C:\Users\User\.stmcufinder\plugins\mcufinder/ => C:\Users\User\.stmcufinder\plugins\mcufinder
2024-06-07 08:59:39,076 [INFO] CrossReferenceDbSqlite:203 - Set database path to: C:\Users\User\.stmcufinder\plugins\mcufinder//mcu/cs/
2024-06-07 08:59:39,133 [INFO] ApplicationProperties:184 - Using Application install path: C:\ST\STM32CubeIDE_1.15.1\STM32CubeIDE\plugins\com.st.stm32cube.common.mx_6.11.1.202404110753
2024-06-07 08:59:39,137 [INFO] PluginManage:196 - Search for loadable plugins [exclusion list=, ]
2024-06-07 08:59:39,141 [INFO] PluginManage:310 - Check plugin analytics
2024-06-07 08:59:39,673 [INFO] AnalyticsPlugin:253 - Accepted Software Licenses: 
2024-06-07 08:59:39,674 [INFO] AnalyticsPlugin:255 - Accepted CMSIS Pack Licenses: 
2024-06-07 08:59:39,675 [INFO] AnalyticsPlugin:257 - Accepted Firmware Licenses: FW.C0.1.0.0,FW.C0.1.1.0,FW.WL.1.3.0
2024-06-07 08:59:39,682 [INFO] PluginManage:359 - Loaded plugin analytics (category:tool,tabindex:-1)
2024-06-07 08:59:39,685 [INFO] PluginManage:310 - Check plugin cadmodel
2024-06-07 08:59:39,717 [INFO] CADModel:105 - Init CAD model plugin
2024-06-07 08:59:39,718 [INFO] PluginManage:359 - Loaded plugin cadmodel (category:power,tabindex:5)
2024-06-07 08:59:39,718 [INFO] PluginManage:310 - Check plugin clock
2024-06-07 08:59:39,762 [INFO] PluginManage:359 - Loaded plugin clock (category:base,tabindex:2)
2024-06-07 08:59:39,763 [INFO] PluginManage:310 - Check plugin ddr
2024-06-07 08:59:39,770 [INFO] PluginManage:359 - Loaded plugin ddr (category:tool,tabindex:6)
2024-06-07 08:59:39,770 [INFO] PluginManage:310 - Check plugin filemanager
2024-06-07 08:59:40,212 [INFO] PluginManage:359 - Loaded plugin filemanager (category:base,tabindex:10)
2024-06-07 08:59:40,213 [INFO] PluginManage:310 - Check plugin ipmanager
2024-06-07 08:59:40,231 [INFO] PluginManage:359 - Loaded plugin ipmanager (category:base,tabindex:5)
2024-06-07 08:59:40,232 [INFO] PluginManage:310 - Check plugin lpbam
2024-06-07 08:59:40,284 [INFO] PluginManage:359 - Loaded plugin lpbam (category:base,tabindex:0)
2024-06-07 08:59:40,284 [INFO] PluginManage:310 - Check plugin memorymap
2024-06-07 08:59:40,344 [INFO] PluginManage:359 - Loaded plugin memorymap (category:base,tabindex:4)
2024-06-07 08:59:40,344 [INFO] PluginManage:310 - Check plugin pinoutandconfiguration
2024-06-07 08:59:40,381 [INFO] PluginManage:359 - Loaded plugin pinoutandconfiguration (category:base,tabindex:1)
2024-06-07 08:59:40,381 [INFO] PluginManage:310 - Check plugin pinoutconfig
2024-06-07 08:59:40,686 [WARN] SupportedApi:132 - Cannot load RTOS API schema: s4s-elt-must-match.1: The content of 'definitions' must match (annotation?, (simpleType | complexType)?, (unique | key | keyref)*)). A problem was found starting at: attribute.
2024-06-07 08:59:41,133 [INFO] PluginManage:359 - Loaded plugin pinoutconfig (category:base,tabindex:0)
2024-06-07 08:59:41,133 [INFO] PluginManage:310 - Check plugin power
2024-06-07 08:59:41,185 [INFO] PluginManage:359 - Loaded plugin power (category:power,tabindex:4)
2024-06-07 08:59:41,185 [INFO] PluginManage:310 - Check plugin projectmanager
2024-06-07 08:59:41,236 [INFO] PluginManage:359 - Loaded plugin projectmanager (category:projectmanager,tabindex:3)
2024-06-07 08:59:41,236 [INFO] PluginManage:310 - Check plugin thirdparty
2024-06-07 08:59:41,943 [INFO] PluginManage:359 - Loaded plugin thirdparty (category:base,tabindex:-1)
2024-06-07 08:59:41,943 [WARN] IntegrityCheckThread:84 - waiting for thirdparty lock release [integrity check]
2024-06-07 08:59:41,944 [INFO] PluginManage:310 - Check plugin tools
2024-06-07 08:59:41,945 [INFO] IntegrityCheckThread:86 - entering critical section [integrity check]
2024-06-07 08:59:41,946 [INFO] ThirdPartyUpdaterWithRetryManager:70 - Updater plugin not ready yet. [1/15]
2024-06-07 08:59:42,050 [INFO] PluginManage:359 - Loaded plugin tools (category:base,tabindex:7)
2024-06-07 08:59:42,050 [INFO] PluginManage:310 - Check plugin tutovideos
2024-06-07 08:59:42,703 [INFO] PluginManage:359 - Loaded plugin tutovideos (category:base,tabindex:-1)
2024-06-07 08:59:42,704 [INFO] PluginManage:310 - Check plugin updater
2024-06-07 08:59:42,734 [INFO] PluginManage:359 - Loaded plugin updater (category:base,tabindex:12)
2024-06-07 08:59:42,734 [INFO] PluginManage:310 - Check plugin userauth
2024-06-07 08:59:42,750 [INFO] UserAuth:114 - Init User Auth plugin
2024-06-07 08:59:42,750 [INFO] PluginManage:359 - Loaded plugin userauth (category:base,tabindex:14)
2024-06-07 08:59:42,752 [INFO] PluginManage:283 - PluginManage : Loaded plugins [17]
2024-06-07 08:59:43,405 [INFO] PinOutPanel:1561 - setPackage(No Configuration,No Configuration)
2024-06-07 08:59:43,613 [INFO] CADModel:165 - CPN selected for project level
2024-06-07 08:59:43,613 [INFO] CADModel:114 - Register for checkConnection events
2024-06-07 08:59:43,671 [INFO] IPUIPlugin:80 - create IPUIPlugin
2024-06-07 08:59:43,671 [INFO] PluginManager:220 - loadIPPluginJar : add adc
2024-06-07 08:59:43,784 [INFO] IPUIPlugin:80 - create IPUIPlugin
2024-06-07 08:59:43,785 [INFO] PluginManager:220 - loadIPPluginJar : add aes
2024-06-07 08:59:43,890 [INFO] IPUIPlugin:80 - create IPUIPlugin
2024-06-07 08:59:43,890 [INFO] PluginManager:220 - loadIPPluginJar : add can
2024-06-07 08:59:43,954 [INFO] IPUIPlugin:80 - create IPUIPlugin
2024-06-07 08:59:43,954 [INFO] PluginManager:220 - loadIPPluginJar : add comp
2024-06-07 08:59:44,047 [INFO] IPUIPlugin:80 - create IPUIPlugin
2024-06-07 08:59:44,047 [INFO] PluginManager:220 - loadIPPluginJar : add cryp
2024-06-07 08:59:44,133 [INFO] IPUIPlugin:80 - create IPUIPlugin
2024-06-07 08:59:44,133 [INFO] PluginManager:220 - loadIPPluginJar : add dfsdm
2024-06-07 08:59:44,166 [INFO] IPUIPlugin:80 - create IPUIPlugin
2024-06-07 08:59:44,167 [INFO] PluginManager:220 - loadIPPluginJar : add dma
2024-06-07 08:59:44,286 [INFO] IPUIPlugin:80 - create IPUIPlugin
2024-06-07 08:59:44,286 [INFO] PluginManager:220 - loadIPPluginJar : add dma3
2024-06-07 08:59:44,407 [INFO] IPUIPlugin:80 - create IPUIPlugin
2024-06-07 08:59:44,407 [INFO] PluginManager:220 - loadIPPluginJar : add extmemmanager
2024-06-07 08:59:44,457 [INFO] IPUIPlugin:80 - create IPUIPlugin
2024-06-07 08:59:44,458 [INFO] PluginManager:220 - loadIPPluginJar : add fatfs
2024-06-07 08:59:44,586 [INFO] IPUIPlugin:80 - create IPUIPlugin
2024-06-07 08:59:44,586 [INFO] PluginManager:220 - loadIPPluginJar : add fmc
2024-06-07 08:59:44,619 [INFO] IPUIPlugin:80 - create IPUIPlugin
2024-06-07 08:59:44,620 [INFO] PluginManager:220 - loadIPPluginJar : add freertos
2024-06-07 08:59:44,668 [INFO] IPUIPlugin:80 - create IPUIPlugin
2024-06-07 08:59:44,668 [INFO] PluginManager:220 - loadIPPluginJar : add genericplugin
2024-06-07 08:59:44,923 [INFO] IPUIPlugin:80 - create IPUIPlugin
2024-06-07 08:59:44,923 [INFO] PluginManager:220 - loadIPPluginJar : add gfxmmu
2024-06-07 08:59:44,947 [INFO] ThirdPartyUpdaterWithRetryManager:70 - Updater plugin not ready yet. [2/15]
2024-06-07 08:59:45,358 [INFO] IPUIPlugin:80 - create IPUIPlugin
2024-06-07 08:59:45,358 [INFO] PluginManager:220 - loadIPPluginJar : add gic
2024-06-07 08:59:45,387 [INFO] IPUIPlugin:80 - create IPUIPlugin
2024-06-07 08:59:45,387 [INFO] PluginManager:220 - loadIPPluginJar : add gpio
2024-06-07 08:59:45,666 [INFO] IPUIPlugin:80 - create IPUIPlugin
2024-06-07 08:59:45,667 [INFO] PluginManager:220 - loadIPPluginJar : add gtzc
2024-06-07 08:59:45,762 [INFO] IPUIPlugin:80 - create IPUIPlugin
2024-06-07 08:59:45,762 [INFO] PluginManager:220 - loadIPPluginJar : add hash
2024-06-07 08:59:45,898 [INFO] IPUIPlugin:80 - create IPUIPlugin
2024-06-07 08:59:45,899 [INFO] PluginManager:220 - loadIPPluginJar : add i2c
2024-06-07 08:59:45,976 [INFO] IPUIPlugin:80 - create IPUIPlugin
2024-06-07 08:59:45,976 [INFO] PluginManager:220 - loadIPPluginJar : add i2s
2024-06-07 08:59:46,074 [INFO] IPUIPlugin:80 - create IPUIPlugin
2024-06-07 08:59:46,074 [INFO] PluginManager:220 - loadIPPluginJar : add i3c
2024-06-07 08:59:46,335 [INFO] IPUIPlugin:80 - create IPUIPlugin
2024-06-07 08:59:46,335 [INFO] PluginManager:220 - loadIPPluginJar : add ipddr
2024-06-07 08:59:46,655 [INFO] IPUIPlugin:80 - create IPUIPlugin
2024-06-07 08:59:46,655 [INFO] PluginManager:220 - loadIPPluginJar : add linkedlist
2024-06-07 08:59:46,750 [INFO] IPUIPlugin:80 - create IPUIPlugin
2024-06-07 08:59:46,751 [INFO] PluginManager:220 - loadIPPluginJar : add lorawan
2024-06-07 08:59:46,876 [INFO] IPUIPlugin:80 - create IPUIPlugin
2024-06-07 08:59:46,877 [INFO] PluginManager:220 - loadIPPluginJar : add ltdc
2024-06-07 08:59:46,913 [INFO] IPUIPlugin:80 - create IPUIPlugin
2024-06-07 08:59:46,914 [INFO] PluginManager:220 - loadIPPluginJar : add mdma
2024-06-07 08:59:46,939 [INFO] IPUIPlugin:80 - create IPUIPlugin
2024-06-07 08:59:46,940 [INFO] PluginManager:220 - loadIPPluginJar : add nvic
2024-06-07 08:59:47,064 [INFO] IPUIPlugin:80 - create IPUIPlugin
2024-06-07 08:59:47,064 [INFO] PluginManager:220 - loadIPPluginJar : add opamp
2024-06-07 08:59:47,260 [INFO] IPUIPlugin:80 - create IPUIPlugin
2024-06-07 08:59:47,261 [INFO] PluginManager:220 - loadIPPluginJar : add openamp
2024-06-07 08:59:47,378 [INFO] IPUIPlugin:80 - create IPUIPlugin
2024-06-07 08:59:47,379 [INFO] PluginManager:220 - loadIPPluginJar : add pdm2pcm
2024-06-07 08:59:47,415 [INFO] IPUIPlugin:80 - create IPUIPlugin
2024-06-07 08:59:47,423 [INFO] PluginManager:220 - loadIPPluginJar : add plateformsettings
2024-06-07 08:59:47,487 [INFO] IPUIPlugin:80 - create IPUIPlugin
2024-06-07 08:59:47,487 [INFO] PluginManager:220 - loadIPPluginJar : add quadspi
2024-06-07 08:59:47,522 [INFO] IPUIPlugin:80 - create IPUIPlugin
2024-06-07 08:59:47,523 [INFO] PluginManager:220 - loadIPPluginJar : add resmgrutility
2024-06-07 08:59:47,645 [INFO] IPUIPlugin:80 - create IPUIPlugin
2024-06-07 08:59:47,645 [INFO] PluginManager:220 - loadIPPluginJar : add sai
2024-06-07 08:59:47,722 [INFO] IPUIPlugin:80 - create IPUIPlugin
2024-06-07 08:59:47,723 [INFO] PluginManager:220 - loadIPPluginJar : add spi
2024-06-07 08:59:47,880 [INFO] IPUIPlugin:80 - create IPUIPlugin
2024-06-07 08:59:47,880 [INFO] PluginManager:220 - loadIPPluginJar : add stm32_wpan
2024-06-07 08:59:47,985 [INFO] ThirdPartyUpdaterWithRetryManager:70 - Updater plugin not ready yet. [3/15]
2024-06-07 08:59:48,065 [INFO] IPUIPlugin:80 - create IPUIPlugin
2024-06-07 08:59:48,066 [INFO] PluginManager:220 - loadIPPluginJar : add tim
2024-06-07 08:59:48,277 [INFO] IPUIPlugin:80 - create IPUIPlugin
2024-06-07 08:59:48,278 [INFO] PluginManager:220 - loadIPPluginJar : add touchsensing
2024-06-07 08:59:48,352 [INFO] IPUIPlugin:80 - create IPUIPlugin
2024-06-07 08:59:48,352 [INFO] PluginManager:220 - loadIPPluginJar : add tracer_emb
2024-06-07 08:59:48,417 [INFO] IPUIPlugin:80 - create IPUIPlugin
2024-06-07 08:59:48,418 [INFO] PluginManager:220 - loadIPPluginJar : add ts
2024-06-07 08:59:48,488 [INFO] IPUIPlugin:80 - create IPUIPlugin
2024-06-07 08:59:48,488 [INFO] PluginManager:220 - loadIPPluginJar : add tsc
2024-06-07 08:59:48,564 [INFO] IPUIPlugin:80 - create IPUIPlugin
2024-06-07 08:59:48,565 [INFO] PluginManager:220 - loadIPPluginJar : add ucpd
2024-06-07 08:59:48,686 [INFO] IPUIPlugin:80 - create IPUIPlugin
2024-06-07 08:59:48,687 [INFO] PluginManager:220 - loadIPPluginJar : add usart
2024-06-07 08:59:48,800 [INFO] IPUIPlugin:80 - create IPUIPlugin
2024-06-07 08:59:48,800 [INFO] PluginManager:220 - loadIPPluginJar : add usbx
2024-06-07 08:59:49,148 [INFO] CADModel:165 - CPN selected for project level
2024-06-07 08:59:49,149 [INFO] CADModel:114 - Register for checkConnection events
2024-06-07 08:59:49,149 [FATAL] Updater:308 - Updater called before beeing initialized
2024-06-07 08:59:49,150 [ERROR] CADModel:125 - Updater not yet initialized, retry later 
2024-06-07 08:59:49,600 [INFO] CADModel:165 - CPN selected for project level
2024-06-07 08:59:49,600 [INFO] CADModel:114 - Register for checkConnection events
2024-06-07 08:59:49,600 [FATAL] Updater:308 - Updater called before beeing initialized
2024-06-07 08:59:49,600 [ERROR] CADModel:125 - Updater not yet initialized, retry later 
2024-06-07 08:59:49,609 [FATAL] Updater:308 - Updater called before beeing initialized
2024-06-07 08:59:49,966 [FATAL] Updater:308 - Updater called before beeing initialized
2024-06-07 08:59:49,991 [INFO] DbMcusAds:53 - JSON generation date=Thu May 16 06:22:01 BRT 2024 (1715851321456)
2024-06-07 08:59:49,991 [FATAL] Updater:308 - Updater called before beeing initialized
2024-06-07 08:59:50,254 [WARN] DetailPanel:346 - Failed to get advertising image, set to default
2024-06-07 08:59:50,546 [FATAL] Updater:308 - Updater called before beeing initialized
2024-06-07 08:59:50,552 [FATAL] Updater:308 - Updater called before beeing initialized
2024-06-07 08:59:50,552 [FATAL] Updater:308 - Updater called before beeing initialized
2024-06-07 08:59:50,552 [WARN] DetailPanel:346 - Failed to get advertising image, set to default
2024-06-07 08:59:50,554 [FATAL] Updater:308 - Updater called before beeing initialized
2024-06-07 08:59:50,752 [ERROR] Updater:1120 - MainUpdater not yet initialized. External WinMGr cannot be set.
2024-06-07 08:59:50,776 [INFO] Updater:1056 - Updater Version found : 6.11.1
2024-06-07 08:59:50,820 [INFO] ApplicationProperties:184 - Using Application install path: C:\ST\STM32CubeIDE_1.15.1\STM32CubeIDE\plugins\com.st.stm32cube.common.mx_6.11.1.202404110753
2024-06-07 08:59:50,986 [INFO] ThirdPartyUpdaterWithRetryManager:70 - Updater plugin not ready yet. [4/15]
2024-06-07 08:59:52,469 [ERROR] LogOutputStream:75 - [STDERR_REDIRECT] Jun 07, 2024 8:59:52 AM java.util.prefs.WindowsPreferences <init>
2024-06-07 08:59:52,480 [ERROR] LogOutputStream:75 - [STDERR_REDIRECT] WARNING: Could not open/create prefs root node Software\JavaSoft\Prefs at root 0xffffffff80000002. Windows RegCreateKeyEx(...) returned error code 5.
2024-06-07 08:59:52,481 [ERROR] LogOutputStream:75 - [STDERR_REDIRECT] 
2024-06-07 08:59:53,351 [INFO] MainUpdater:2873 - connection check result : 10
2024-06-07 08:59:53,355 [INFO] MainUpdater:290 - Updater Check For Update Now.
2024-06-07 08:59:53,355 [INFO] MicroXplorer:498 - Change Database Version : DB.6.0.111
2024-06-07 08:59:53,398 [INFO] McuFinderGlobals:63 - Set McuFinder mode to 2 (CubeIDE integrated)
2024-06-07 08:59:53,425 [INFO] UserAuth:415 - Internet connection configuration mode: 1
2024-06-07 08:59:53,491 [INFO] JxBrowserEngine:152 - Initiate JxBrowser Engine with user profile folder
2024-06-07 08:59:53,774 [INFO] CheckServerUpdateThread:120 - End of CheckServer Thread
2024-06-07 08:59:54,580 [WARN] PackLoader:240 - Cannot read IP mode file for STMicroelectronics.FP-SNS-MOTENVWB1.1.4.0
2024-06-07 08:59:54,630 [WARN] PackLoader:240 - Cannot read IP mode file for STMicroelectronics.X-CUBE-SMBUS.2.1.0
2024-06-07 08:59:54,658 [WARN] PackLoader:240 - Cannot read IP mode file for STMicroelectronics.X-CUBE-TOUCHGFX.4.23.0
2024-06-07 08:59:54,682 [WARN] PackLoader:240 - Cannot read IP mode file for STMicroelectronics.X-CUBE-TOUCHGFX.4.23.2
2024-06-07 08:59:54,815 [WARN] PackLoader:240 - Cannot read IP mode file for STMicroelectronics.X-CUBE-AZRTOS-F7.1.1.0
2024-06-07 08:59:54,874 [WARN] PackLoader:240 - Cannot read IP mode file for STMicroelectronics.FP-SNS-MOTENV1.4.3.2
2024-06-07 08:59:54,908 [WARN] PackLoader:240 - Cannot read IP mode file for STMicroelectronics.FP-SNS-FLIGHT1.5.0.2
2024-06-07 08:59:54,955 [WARN] PackLoader:240 - Cannot read IP mode file for STMicroelectronics.X-CUBE-DISPLAY.3.0.0
2024-06-07 08:59:55,025 [WARN] PackLoader:240 - Cannot read IP mode file for STMicroelectronics.X-CUBE-BLE1.7.0.0
2024-06-07 08:59:55,061 [WARN] PackLoader:240 - Cannot read IP mode file for emotas.I-CUBE-CANOPEN.1.3.0
2024-06-07 08:59:55,092 [WARN] PackLoader:240 - Cannot read IP mode file for STMicroelectronics.X-CUBE-TOUCHGFX.4.22.1
2024-06-07 08:59:55,149 [WARN] PackLoader:240 - Cannot read IP mode file for STMicroelectronics.X-CUBE-BLEMGR.3.1.0
2024-06-07 08:59:55,187 [WARN] PackLoader:240 - Cannot read IP mode file for STMicroelectronics.FP-SNS-SMARTAG2.1.2.0
2024-06-07 08:59:55,246 [INFO] LogOutputStream:77 - [STDOUT_REDIRECT] 1 : Invalid condition id : UX_CORESTACK_Condition cause : null
2024-06-07 08:59:55,248 [INFO] LogOutputStream:77 - [STDOUT_REDIRECT] 1 : Invalid condition id : UX_CORESTACK_Condition cause : null
2024-06-07 08:59:55,252 [INFO] LogOutputStream:77 - [STDOUT_REDIRECT] 1 : Invalid condition id : UX_CORESTACK_Condition cause : null
2024-06-07 08:59:55,256 [INFO] LogOutputStream:77 - [STDOUT_REDIRECT] 1 : Invalid condition id : UX_CORESTACK_Condition cause : null
2024-06-07 08:59:55,259 [INFO] LogOutputStream:77 - [STDOUT_REDIRECT] 1 : Invalid condition id : UX_CORESTACK_Condition cause : null
2024-06-07 08:59:55,269 [WARN] PackLoader:240 - Cannot read IP mode file for STMicroelectronics.X-CUBE-AZRTOS-WL.2.0.0
2024-06-07 08:59:55,302 [WARN] PackLoader:240 - Cannot read IP mode file for STMicroelectronics.FP-SNS-MOTENV1.5.0.0
2024-06-07 08:59:55,347 [WARN] PackLoader:240 - Cannot read IP mode file for WES.I-CUBE-Cesium.1.3.0
2024-06-07 08:59:55,379 [WARN] PackLoader:240 - Cannot read IP mode file for STMicroelectronics.X-CUBE-BLE2.3.3.0
2024-06-07 08:59:55,416 [WARN] PackLoader:240 - Cannot read IP mode file for STMicroelectronics.X-CUBE-TCPP.4.1.0
2024-06-07 08:59:55,494 [WARN] PackLoader:240 - Cannot read IP mode file for STMicroelectronics.X-CUBE-ALGOBUILD.1.3.0
2024-06-07 08:59:55,824 [WARN] PackLoader:240 - Cannot read IP mode file for STMicroelectronics.X-CUBE-AZRTOS-G0.1.1.0
2024-06-07 08:59:55,866 [WARN] PackLoader:240 - Cannot read IP mode file for STMicroelectronics.X-CUBE-SAFEA1.1.2.2
2024-06-07 08:59:55,902 [WARN] PackLoader:240 - Cannot read IP mode file for STMicroelectronics.X-CUBE-NFC4.3.0.0
2024-06-07 08:59:55,931 [WARN] PackLoader:240 - Cannot read IP mode file for wolfSSL.I-CUBE-wolfMQTT.1.18.0
2024-06-07 08:59:55,981 [WARN] PackLoader:240 - Cannot read IP mode file for STMicroelectronics.X-CUBE-BLEMGR.3.0.0
2024-06-07 08:59:56,016 [WARN] PackLoader:240 - Cannot read IP mode file for STMicroelectronics.FP-ATR-SIGFOX1.3.2.0
2024-06-07 08:59:56,055 [WARN] PackLoader:240 - Cannot read IP mode file for STMicroelectronics.X-CUBE-EEPRMA1.5.1.0
2024-06-07 08:59:56,200 [WARN] PackLoader:240 - Cannot read IP mode file for SEGGER.I-CUBE-embOS.1.3.1
2024-06-07 08:59:56,345 [WARN] PackLoader:240 - Cannot read IP mode file for STMicroelectronics.X-CUBE-ALGOBUILD.1.4.0
2024-06-07 08:59:56,373 [WARN] PackLoader:240 - Cannot read IP mode file for STMicroelectronics.X-CUBE-GNSS1.6.0.0
2024-06-07 08:59:56,447 [WARN] PackLoader:240 - Cannot read IP mode file for STMicroelectronics.X-CUBE-AZRTOS-F4.1.1.0
2024-06-07 08:59:56,480 [WARN] PackLoader:240 - Cannot read IP mode file for wolfSSL.I-CUBE-wolfSSL.5.6.3
2024-06-07 08:59:56,504 [WARN] PackLoader:240 - Cannot read IP mode file for STMicroelectronics.X-CUBE-FREERTOS.1.2.0
2024-06-07 08:59:56,582 [WARN] PackLoader:240 - Cannot read IP mode file for STMicroelectronics.X-CUBE-AZRTOS-L5.2.0.0
2024-06-07 08:59:56,797 [WARN] PackLoader:240 - Cannot read IP mode file for STMicroelectronics.X-CUBE-MEMS1.9.6.0
2024-06-07 08:59:57,273 [WARN] PackLoader:240 - Cannot read IP mode file for STMicroelectronics.X-CUBE-EEPRMA1.4.2.0
2024-06-07 08:59:57,353 [WARN] PackLoader:240 - Cannot read IP mode file for STMicroelectronics.X-CUBE-NFC6.3.1.0
2024-06-07 08:59:57,389 [WARN] PackLoader:240 - Cannot read IP mode file for ITTIA_DB.I-CUBE-ITTIADB.8.8.0
2024-06-07 08:59:57,422 [WARN] PackLoader:240 - Cannot read IP mode file for STMicroelectronics.X-CUBE-BLEMGR.2.0.0
2024-06-07 08:59:57,452 [WARN] PackLoader:240 - Cannot read IP mode file for STMicroelectronics.X-CUBE-AI.9.0.0
2024-06-07 08:59:57,524 [WARN] ConditionMgr:438 - getConditionDescription Invalid condition id : UX DEVICE CLASS RTOS Condition cause : null
2024-06-07 08:59:57,525 [WARN] ConditionMgr:438 - getConditionDescription Invalid condition id : UX DEVICE CLASS RTOS Condition cause : null
2024-06-07 08:59:57,559 [WARN] PackLoader:240 - Cannot read IP mode file for STMicroelectronics.X-CUBE-AZRTOS-H7.3.1.0
2024-06-07 08:59:57,563 [WARN] ConditionMgr:1039 - genDependencies : Invalid condition id : UX DEVICE CLASS RTOS Condition cause : null
2024-06-07 08:59:57,564 [WARN] ConditionMgr:1039 - genDependencies : Invalid condition id : UX DEVICE CLASS RTOS Condition cause : null
2024-06-07 08:59:57,566 [WARN] ConditionMgr:1039 - genDependencies : Invalid condition id : UX DEVICE CLASS RTOS Condition cause : null
2024-06-07 08:59:57,568 [WARN] ConditionMgr:1039 - genDependencies : Invalid condition id : UX DEVICE CLASS RTOS Condition cause : null
2024-06-07 08:59:57,568 [WARN] ConditionMgr:1039 - genDependencies : Invalid condition id : UX DEVICE CLASS RTOS Condition cause : null
2024-06-07 08:59:57,608 [WARN] PackLoader:240 - Cannot read IP mode file for STMicroelectronics.X-CUBE-NFC7.1.0.1
2024-06-07 08:59:57,642 [WARN] PackLoader:240 - Cannot read IP mode file for STMicroelectronics.X-CUBE-NFC6.3.0.0
2024-06-07 08:59:57,677 [WARN] PackLoader:240 - Cannot read IP mode file for STMicroelectronics.X-CUBE-EEPRMA1.4.1.0
2024-06-07 08:59:57,701 [WARN] PackLoader:240 - Cannot read IP mode file for STMicroelectronics.X-CUBE-AI.8.1.0
2024-06-07 08:59:57,770 [WARN] ConditionMgr:438 - getConditionDescription Invalid condition id : LAN8742 Phy interface Condition cause : null
2024-06-07 08:59:57,772 [WARN] PackLoader:240 - Cannot read IP mode file for STMicroelectronics.X-CUBE-AZRTOS-L4.2.0.0
2024-06-07 08:59:57,776 [WARN] ConditionMgr:1039 - genDependencies : Invalid condition id : LAN8742 Phy interface Condition cause : null
2024-06-07 08:59:57,778 [WARN] ConditionMgr:1039 - genDependencies : Invalid condition id : LAN8742 Phy interface Condition cause : null
2024-06-07 08:59:57,779 [WARN] ConditionMgr:1039 - genDependencies : Invalid condition id : LAN8742 Phy interface Condition cause : null
2024-06-07 08:59:57,823 [WARN] PackLoader:240 - Cannot read IP mode file for STMicroelectronics.X-CUBE-SFXS2LP1.4.0.0
2024-06-07 08:59:57,850 [WARN] PackLoader:240 - Cannot read IP mode file for STMicroelectronics.X-CUBE-ISPU.1.1.0
2024-06-07 08:59:57,901 [WARN] ConditionMgr:438 - getConditionDescription Invalid condition id : UX DEVICE CLASS RTOS Condition cause : null
2024-06-07 08:59:57,901 [WARN] ConditionMgr:438 - getConditionDescription Invalid condition id : UX DEVICE CLASS RTOS Condition cause : null
2024-06-07 08:59:57,907 [WARN] PackLoader:240 - Cannot read IP mode file for STMicroelectronics.X-CUBE-AZRTOS-WB.2.0.0
2024-06-07 08:59:57,908 [WARN] ConditionMgr:1039 - genDependencies : Invalid condition id : UX DEVICE CLASS RTOS Condition cause : null
2024-06-07 08:59:57,909 [WARN] ConditionMgr:1039 - genDependencies : Invalid condition id : UX DEVICE CLASS RTOS Condition cause : null
2024-06-07 08:59:57,910 [WARN] ConditionMgr:1039 - genDependencies : Invalid condition id : UX DEVICE CLASS RTOS Condition cause : null
2024-06-07 08:59:57,910 [WARN] ConditionMgr:1039 - genDependencies : Invalid condition id : UX DEVICE CLASS RTOS Condition cause : null
2024-06-07 08:59:57,910 [WARN] ConditionMgr:1039 - genDependencies : Invalid condition id : UX DEVICE CLASS RTOS Condition cause : null
2024-06-07 08:59:57,963 [WARN] PackLoader:240 - Cannot read IP mode file for STMicroelectronics.X-CUBE-SUBG2.5.0.0
2024-06-07 08:59:58,023 [WARN] PackLoader:240 - Cannot read IP mode file for STMicroelectronics.X-CUBE-TOF1.3.3.1
2024-06-07 08:59:58,128 [WARN] PackLoader:240 - Cannot read IP mode file for STMicroelectronics.X-CUBE-AZRTOS-G4.2.0.0
2024-06-07 08:59:58,201 [WARN] PackLoader:240 - Cannot read IP mode file for Infineon.AIROC-Wi-Fi-Bluetooth-STM32.1.5.1
2024-06-07 08:59:58,236 [WARN] PackLoader:240 - Cannot read IP mode file for STMicroelectronics.FP-SNS-MOTENVWB1.1.3.1
2024-06-07 08:59:58,267 [WARN] PackLoader:240 - Cannot read IP mode file for STMicroelectronics.X-CUBE-ISPU.2.0.0
2024-06-07 08:59:58,299 [WARN] PackLoader:240 - Cannot read IP mode file for STMicroelectronics.X-CUBE-ALS.1.0.2
2024-06-07 08:59:58,442 [WARN] PackLoader:240 - Cannot read IP mode file for STMicroelectronics.X-CUBE-MEMS1.10.0.0
2024-06-07 08:59:59,043 [WARN] PackLoader:240 - Cannot read IP mode file for STMicroelectronics.X-CUBE-FREERTOS.1.1.0
2024-06-07 08:59:59,127 [WARN] PackLoader:240 - Cannot read IP mode file for portGmbH.I-Cube-SoM-uGOAL.1.1.0
2024-06-07 08:59:59,186 [WARN] PackLoader:240 - Cannot read IP mode file for STMicroelectronics.X-CUBE-ALS.1.0.1
2024-06-07 08:59:59,300 [WARN] PackLoader:240 - Cannot read IP mode file for STMicroelectronics.X-CUBE-AZRTOS-H7RS.1.0.0
2024-06-07 08:59:59,332 [WARN] PackLoader:240 - Cannot read IP mode file for STMicroelectronics.FP-ATR-ASTRA1.2.0.0
2024-06-07 08:59:59,377 [WARN] PackLoader:240 - Cannot read IP mode file for STMicroelectronics.X-CUBE-TOF1.3.4.0
2024-06-07 08:59:59,454 [WARN] PackLoader:240 - Cannot read IP mode file for STMicroelectronics.X-CUBE-TOF1.3.4.1
2024-06-07 08:59:59,584 [WARN] PackLoader:240 - Cannot read IP mode file for STMicroelectronics.X-CUBE-AZRTOS-H7.3.2.0
2024-06-07 08:59:59,595 [INFO] ThirdParty:978 - Integrity check success = true
2024-06-07 08:59:59,595 [INFO] IntegrityCheckThread:100 - exiting critical section [integrity check]
2024-06-07 08:59:59,595 [INFO] IntegrityCheckThread:103 - End integrity checks thread
2024-06-07 09:00:09,149 [INFO] WebApp:161 - Instantiating new browser for Auth
2024-06-07 09:00:11,733 [INFO] WebApp:779 - Register for checkConnection events
2024-06-07 09:00:11,734 [INFO] WebApp:414 - Apply proxy settings
2024-06-07 09:00:11,734 [INFO] WebApp:499 - Chromium requires no authentication
2024-06-07 09:00:11,757 [INFO] WebApp:442 - Direct internet connection detected
2024-06-07 09:00:12,466 [INFO] WebApp:192 - Starting web application
2024-06-07 09:00:12,467 [INFO] WebApp:544 - Web application path used C:\ST\STM32CubeIDE_1.15.1\STM32CubeIDE\plugins\com.st.stm32cube.common.mx_6.11.1.202404110753\db\plugins\mcufinder\reactClient1\index.html
2024-06-07 12:26:39,084 [ERROR] LogOutputStream:75 - [STDERR_REDIRECT] 
