2024-06-05 09:18:47,046 [INFO] Activator:176 - 


2024-06-05 09:18:47,057 [INFO] Activator:177 - !SESSION log4j initialized
2024-06-05 09:18:59,819 [INFO] LogOutputStream:77 - [STDOUT_REDIRECT] 
2024-06-05 09:19:06,673 [INFO] ApplicationProperties:184 - Using Application install path: C:\ST\STM32CubeIDE_1.15.1\STM32CubeIDE\plugins\com.st.stm32cube.common.mx_6.11.1.202404110753
2024-06-05 09:19:06,707 [INFO] DbMcusXml:78 - Set database path to: C:\ST\STM32CubeIDE_1.15.1\STM32CubeIDE\plugins\com.st.stm32cube.common.mx_6.11.1.202404110753\\db\/mcu/
2024-06-05 09:19:06,707 [INFO] ApiDb:274 - Set plugin database path to: C:\ST\STM32CubeIDE_1.15.1\STM32CubeIDE\plugins\com.st.stm32cube.common.mx_6.11.1.202404110753\\db\/plugins/boardmanager/
2024-06-05 09:19:06,708 [WARN] ApiDb:259 - Overriding images path with different value:  => C:\ST\STM32CubeIDE_1.15.1\STM32CubeIDE\plugins\com.st.stm32cube.common.mx_6.11.1.202404110753\\db\/plugins/mcufinder/images/
2024-06-05 09:19:06,727 [INFO] ApiDb:250 - Set database path to: C:\Users\User\.stmcufinder\plugins\mcufinder//mcu/
2024-06-05 09:19:06,729 [INFO] DbMcusAds:125 - Set database path to: C:\Users\User\.stmcufinder\plugins\mcufinder//mcu/
2024-06-05 09:19:06,730 [INFO] CrossReferenceDbSqlite:203 - Set database path to: C:\Users\User\.stmcufinder\plugins\mcufinder//mcu/cs/
2024-06-05 09:19:06,968 [INFO] RulesReader:64 - Compatibility file has been processed (297 Rules)
2024-06-05 09:19:07,142 [INFO] DbMcusXml:78 - Set database path to: C:\ST\STM32CubeIDE_1.15.1\STM32CubeIDE\plugins\com.st.stm32cube.common.mx_6.11.1.202404110753\\db\/mcu/
2024-06-05 09:19:07,142 [INFO] ApiDb:274 - Set plugin database path to: C:\ST\STM32CubeIDE_1.15.1\STM32CubeIDE\plugins\com.st.stm32cube.common.mx_6.11.1.202404110753\\db\/plugins/boardmanager/
2024-06-05 09:19:07,142 [INFO] ApiDb:261 - Set plugin images path to: C:\ST\STM32CubeIDE_1.15.1\STM32CubeIDE\plugins\com.st.stm32cube.common.mx_6.11.1.202404110753\\db\/plugins/mcufinder/images/
2024-06-05 09:19:07,142 [WARN] DbFile:41 - Overriding database path with different value: C:\Users\User\.stmcufinder\plugins\mcufinder/ => C:\Users\User\.stmcufinder\plugins\mcufinder
2024-06-05 09:19:07,143 [INFO] ApiDb:250 - Set database path to: C:\Users\User\.stmcufinder\plugins\mcufinder//mcu/
2024-06-05 09:19:07,144 [WARN] DbFile:41 - Overriding database path with different value: C:\Users\User\.stmcufinder\plugins\mcufinder/ => C:\Users\User\.stmcufinder\plugins\mcufinder
2024-06-05 09:19:07,144 [INFO] DbMcusAds:125 - Set database path to: C:\Users\User\.stmcufinder\plugins\mcufinder//mcu/
2024-06-05 09:19:07,144 [WARN] DbFile:41 - Overriding database path with different value: C:\Users\User\.stmcufinder\plugins\mcufinder/ => C:\Users\User\.stmcufinder\plugins\mcufinder
2024-06-05 09:19:07,144 [WARN] DbFile:41 - Overriding database path with different value: C:\Users\User\.stmcufinder\plugins\mcufinder/ => C:\Users\User\.stmcufinder\plugins\mcufinder
2024-06-05 09:19:07,144 [INFO] CrossReferenceDbSqlite:203 - Set database path to: C:\Users\User\.stmcufinder\plugins\mcufinder//mcu/cs/
2024-06-05 09:19:07,285 [INFO] MainPanel:264 - HeapMemory: 268435456
2024-06-05 09:19:07,458 [INFO] DbMcusXml:78 - Set database path to: C:\ST\STM32CubeIDE_1.15.1\STM32CubeIDE\plugins\com.st.stm32cube.common.mx_6.11.1.202404110753\\db\/mcu/
2024-06-05 09:19:07,458 [INFO] ApiDb:274 - Set plugin database path to: C:\ST\STM32CubeIDE_1.15.1\STM32CubeIDE\plugins\com.st.stm32cube.common.mx_6.11.1.202404110753\\db\/plugins/boardmanager/
2024-06-05 09:19:07,458 [INFO] ApiDb:261 - Set plugin images path to: C:\ST\STM32CubeIDE_1.15.1\STM32CubeIDE\plugins\com.st.stm32cube.common.mx_6.11.1.202404110753\\db\/plugins/mcufinder/images/
2024-06-05 09:19:07,459 [WARN] DbFile:41 - Overriding database path with different value: C:\Users\User\.stmcufinder\plugins\mcufinder/ => C:\Users\User\.stmcufinder\plugins\mcufinder
2024-06-05 09:19:07,460 [INFO] ApiDb:250 - Set database path to: C:\Users\User\.stmcufinder\plugins\mcufinder//mcu/
2024-06-05 09:19:07,460 [WARN] DbFile:41 - Overriding database path with different value: C:\Users\User\.stmcufinder\plugins\mcufinder/ => C:\Users\User\.stmcufinder\plugins\mcufinder
2024-06-05 09:19:07,460 [INFO] DbMcusAds:125 - Set database path to: C:\Users\User\.stmcufinder\plugins\mcufinder//mcu/
2024-06-05 09:19:07,460 [WARN] DbFile:41 - Overriding database path with different value: C:\Users\User\.stmcufinder\plugins\mcufinder/ => C:\Users\User\.stmcufinder\plugins\mcufinder
2024-06-05 09:19:07,460 [WARN] DbFile:41 - Overriding database path with different value: C:\Users\User\.stmcufinder\plugins\mcufinder/ => C:\Users\User\.stmcufinder\plugins\mcufinder
2024-06-05 09:19:07,460 [INFO] CrossReferenceDbSqlite:203 - Set database path to: C:\Users\User\.stmcufinder\plugins\mcufinder//mcu/cs/
2024-06-05 09:19:07,495 [INFO] ApplicationProperties:184 - Using Application install path: C:\ST\STM32CubeIDE_1.15.1\STM32CubeIDE\plugins\com.st.stm32cube.common.mx_6.11.1.202404110753
2024-06-05 09:19:07,499 [INFO] PluginManage:196 - Search for loadable plugins [exclusion list=, ]
2024-06-05 09:19:07,502 [INFO] PluginManage:310 - Check plugin analytics
2024-06-05 09:19:07,838 [INFO] AnalyticsPlugin:253 - Accepted Software Licenses: 
2024-06-05 09:19:07,839 [INFO] AnalyticsPlugin:255 - Accepted CMSIS Pack Licenses: 
2024-06-05 09:19:07,840 [INFO] AnalyticsPlugin:257 - Accepted Firmware Licenses: FW.C0.1.0.0,FW.C0.1.1.0,FW.WL.1.3.0
2024-06-05 09:19:07,845 [INFO] PluginManage:359 - Loaded plugin analytics (category:tool,tabindex:-1)
2024-06-05 09:19:07,846 [INFO] PluginManage:310 - Check plugin cadmodel
2024-06-05 09:19:07,876 [INFO] CADModel:105 - Init CAD model plugin
2024-06-05 09:19:07,876 [INFO] PluginManage:359 - Loaded plugin cadmodel (category:power,tabindex:5)
2024-06-05 09:19:07,877 [INFO] PluginManage:310 - Check plugin clock
2024-06-05 09:19:07,908 [INFO] PluginManage:359 - Loaded plugin clock (category:base,tabindex:2)
2024-06-05 09:19:07,908 [INFO] PluginManage:310 - Check plugin ddr
2024-06-05 09:19:07,913 [INFO] PluginManage:359 - Loaded plugin ddr (category:tool,tabindex:6)
2024-06-05 09:19:07,914 [INFO] PluginManage:310 - Check plugin filemanager
2024-06-05 09:19:08,170 [INFO] PluginManage:359 - Loaded plugin filemanager (category:base,tabindex:10)
2024-06-05 09:19:08,171 [INFO] PluginManage:310 - Check plugin ipmanager
2024-06-05 09:19:08,186 [INFO] PluginManage:359 - Loaded plugin ipmanager (category:base,tabindex:5)
2024-06-05 09:19:08,186 [INFO] PluginManage:310 - Check plugin lpbam
2024-06-05 09:19:08,218 [INFO] PluginManage:359 - Loaded plugin lpbam (category:base,tabindex:0)
2024-06-05 09:19:08,218 [INFO] PluginManage:310 - Check plugin memorymap
2024-06-05 09:19:08,269 [INFO] PluginManage:359 - Loaded plugin memorymap (category:base,tabindex:4)
2024-06-05 09:19:08,269 [INFO] PluginManage:310 - Check plugin pinoutandconfiguration
2024-06-05 09:19:08,298 [INFO] PluginManage:359 - Loaded plugin pinoutandconfiguration (category:base,tabindex:1)
2024-06-05 09:19:08,298 [INFO] PluginManage:310 - Check plugin pinoutconfig
2024-06-05 09:19:08,482 [WARN] SupportedApi:132 - Cannot load RTOS API schema: s4s-elt-must-match.1: The content of 'definitions' must match (annotation?, (simpleType | complexType)?, (unique | key | keyref)*)). A problem was found starting at: attribute.
2024-06-05 09:19:08,740 [INFO] PluginManage:359 - Loaded plugin pinoutconfig (category:base,tabindex:0)
2024-06-05 09:19:08,740 [INFO] PluginManage:310 - Check plugin power
2024-06-05 09:19:08,771 [INFO] PluginManage:359 - Loaded plugin power (category:power,tabindex:4)
2024-06-05 09:19:08,775 [INFO] PluginManage:310 - Check plugin projectmanager
2024-06-05 09:19:08,807 [INFO] PluginManage:359 - Loaded plugin projectmanager (category:projectmanager,tabindex:3)
2024-06-05 09:19:08,807 [INFO] PluginManage:310 - Check plugin thirdparty
2024-06-05 09:19:09,290 [INFO] PluginManage:359 - Loaded plugin thirdparty (category:base,tabindex:-1)
2024-06-05 09:19:09,290 [WARN] IntegrityCheckThread:84 - waiting for thirdparty lock release [integrity check]
2024-06-05 09:19:09,291 [INFO] IntegrityCheckThread:86 - entering critical section [integrity check]
2024-06-05 09:19:09,291 [INFO] PluginManage:310 - Check plugin tools
2024-06-05 09:19:09,291 [INFO] ThirdPartyUpdaterWithRetryManager:70 - Updater plugin not ready yet. [1/15]
2024-06-05 09:19:09,360 [INFO] PluginManage:359 - Loaded plugin tools (category:base,tabindex:7)
2024-06-05 09:19:09,362 [INFO] PluginManage:310 - Check plugin tutovideos
2024-06-05 09:19:09,765 [INFO] PluginManage:359 - Loaded plugin tutovideos (category:base,tabindex:-1)
2024-06-05 09:19:09,765 [INFO] PluginManage:310 - Check plugin updater
2024-06-05 09:19:09,785 [INFO] PluginManage:359 - Loaded plugin updater (category:base,tabindex:12)
2024-06-05 09:19:09,785 [INFO] PluginManage:310 - Check plugin userauth
2024-06-05 09:19:09,797 [INFO] UserAuth:114 - Init User Auth plugin
2024-06-05 09:19:09,797 [INFO] PluginManage:359 - Loaded plugin userauth (category:base,tabindex:14)
2024-06-05 09:19:09,798 [INFO] PluginManage:283 - PluginManage : Loaded plugins [17]
2024-06-05 09:19:10,275 [INFO] PinOutPanel:1561 - setPackage(No Configuration,No Configuration)
2024-06-05 09:19:10,432 [INFO] CADModel:165 - CPN selected for project level
2024-06-05 09:19:10,432 [INFO] CADModel:114 - Register for checkConnection events
2024-06-05 09:19:10,541 [INFO] IPUIPlugin:80 - create IPUIPlugin
2024-06-05 09:19:10,543 [INFO] PluginManager:220 - loadIPPluginJar : add adc
2024-06-05 09:19:10,668 [INFO] IPUIPlugin:80 - create IPUIPlugin
2024-06-05 09:19:10,668 [INFO] PluginManager:220 - loadIPPluginJar : add aes
2024-06-05 09:19:10,744 [INFO] IPUIPlugin:80 - create IPUIPlugin
2024-06-05 09:19:10,744 [INFO] PluginManager:220 - loadIPPluginJar : add can
2024-06-05 09:19:10,789 [INFO] IPUIPlugin:80 - create IPUIPlugin
2024-06-05 09:19:10,790 [INFO] PluginManager:220 - loadIPPluginJar : add comp
2024-06-05 09:19:10,849 [INFO] IPUIPlugin:80 - create IPUIPlugin
2024-06-05 09:19:10,849 [INFO] PluginManager:220 - loadIPPluginJar : add cryp
2024-06-05 09:19:10,900 [INFO] IPUIPlugin:80 - create IPUIPlugin
2024-06-05 09:19:10,900 [INFO] PluginManager:220 - loadIPPluginJar : add dfsdm
2024-06-05 09:19:10,922 [INFO] IPUIPlugin:80 - create IPUIPlugin
2024-06-05 09:19:10,922 [INFO] PluginManager:220 - loadIPPluginJar : add dma
2024-06-05 09:19:11,018 [INFO] IPUIPlugin:80 - create IPUIPlugin
2024-06-05 09:19:11,019 [INFO] PluginManager:220 - loadIPPluginJar : add dma3
2024-06-05 09:19:11,088 [INFO] IPUIPlugin:80 - create IPUIPlugin
2024-06-05 09:19:11,088 [INFO] PluginManager:220 - loadIPPluginJar : add extmemmanager
2024-06-05 09:19:11,128 [INFO] IPUIPlugin:80 - create IPUIPlugin
2024-06-05 09:19:11,128 [INFO] PluginManager:220 - loadIPPluginJar : add fatfs
2024-06-05 09:19:11,278 [INFO] IPUIPlugin:80 - create IPUIPlugin
2024-06-05 09:19:11,278 [INFO] PluginManager:220 - loadIPPluginJar : add fmc
2024-06-05 09:19:11,310 [INFO] IPUIPlugin:80 - create IPUIPlugin
2024-06-05 09:19:11,310 [INFO] PluginManager:220 - loadIPPluginJar : add freertos
2024-06-05 09:19:11,349 [INFO] IPUIPlugin:80 - create IPUIPlugin
2024-06-05 09:19:11,349 [INFO] PluginManager:220 - loadIPPluginJar : add genericplugin
2024-06-05 09:19:11,529 [INFO] IPUIPlugin:80 - create IPUIPlugin
2024-06-05 09:19:11,529 [INFO] PluginManager:220 - loadIPPluginJar : add gfxmmu
2024-06-05 09:19:11,785 [INFO] IPUIPlugin:80 - create IPUIPlugin
2024-06-05 09:19:11,785 [INFO] PluginManager:220 - loadIPPluginJar : add gic
2024-06-05 09:19:11,808 [INFO] IPUIPlugin:80 - create IPUIPlugin
2024-06-05 09:19:11,808 [INFO] PluginManager:220 - loadIPPluginJar : add gpio
2024-06-05 09:19:12,002 [INFO] IPUIPlugin:80 - create IPUIPlugin
2024-06-05 09:19:12,002 [INFO] PluginManager:220 - loadIPPluginJar : add gtzc
2024-06-05 09:19:12,057 [INFO] IPUIPlugin:80 - create IPUIPlugin
2024-06-05 09:19:12,058 [INFO] PluginManager:220 - loadIPPluginJar : add hash
2024-06-05 09:19:12,148 [INFO] IPUIPlugin:80 - create IPUIPlugin
2024-06-05 09:19:12,148 [INFO] PluginManager:220 - loadIPPluginJar : add i2c
2024-06-05 09:19:12,219 [INFO] IPUIPlugin:80 - create IPUIPlugin
2024-06-05 09:19:12,219 [INFO] PluginManager:220 - loadIPPluginJar : add i2s
2024-06-05 09:19:12,287 [INFO] IPUIPlugin:80 - create IPUIPlugin
2024-06-05 09:19:12,287 [INFO] PluginManager:220 - loadIPPluginJar : add i3c
2024-06-05 09:19:12,299 [INFO] ThirdPartyUpdaterWithRetryManager:70 - Updater plugin not ready yet. [2/15]
2024-06-05 09:19:12,467 [INFO] IPUIPlugin:80 - create IPUIPlugin
2024-06-05 09:19:12,467 [INFO] PluginManager:220 - loadIPPluginJar : add ipddr
2024-06-05 09:19:12,648 [INFO] IPUIPlugin:80 - create IPUIPlugin
2024-06-05 09:19:12,648 [INFO] PluginManager:220 - loadIPPluginJar : add linkedlist
2024-06-05 09:19:12,722 [INFO] IPUIPlugin:80 - create IPUIPlugin
2024-06-05 09:19:12,722 [INFO] PluginManager:220 - loadIPPluginJar : add lorawan
2024-06-05 09:19:12,785 [INFO] IPUIPlugin:80 - create IPUIPlugin
2024-06-05 09:19:12,785 [INFO] PluginManager:220 - loadIPPluginJar : add ltdc
2024-06-05 09:19:12,808 [INFO] IPUIPlugin:80 - create IPUIPlugin
2024-06-05 09:19:12,808 [INFO] PluginManager:220 - loadIPPluginJar : add mdma
2024-06-05 09:19:12,827 [INFO] IPUIPlugin:80 - create IPUIPlugin
2024-06-05 09:19:12,827 [INFO] PluginManager:220 - loadIPPluginJar : add nvic
2024-06-05 09:19:12,883 [INFO] IPUIPlugin:80 - create IPUIPlugin
2024-06-05 09:19:12,883 [INFO] PluginManager:220 - loadIPPluginJar : add opamp
2024-06-05 09:19:13,028 [INFO] IPUIPlugin:80 - create IPUIPlugin
2024-06-05 09:19:13,028 [INFO] PluginManager:220 - loadIPPluginJar : add openamp
2024-06-05 09:19:13,147 [INFO] IPUIPlugin:80 - create IPUIPlugin
2024-06-05 09:19:13,148 [INFO] PluginManager:220 - loadIPPluginJar : add pdm2pcm
2024-06-05 09:19:13,180 [INFO] IPUIPlugin:80 - create IPUIPlugin
2024-06-05 09:19:13,185 [INFO] PluginManager:220 - loadIPPluginJar : add plateformsettings
2024-06-05 09:19:13,220 [INFO] IPUIPlugin:80 - create IPUIPlugin
2024-06-05 09:19:13,220 [INFO] PluginManager:220 - loadIPPluginJar : add quadspi
2024-06-05 09:19:13,239 [INFO] IPUIPlugin:80 - create IPUIPlugin
2024-06-05 09:19:13,239 [INFO] PluginManager:220 - loadIPPluginJar : add resmgrutility
2024-06-05 09:19:13,319 [INFO] IPUIPlugin:80 - create IPUIPlugin
2024-06-05 09:19:13,327 [INFO] PluginManager:220 - loadIPPluginJar : add sai
2024-06-05 09:19:13,388 [INFO] IPUIPlugin:80 - create IPUIPlugin
2024-06-05 09:19:13,388 [INFO] PluginManager:220 - loadIPPluginJar : add spi
2024-06-05 09:19:13,519 [INFO] IPUIPlugin:80 - create IPUIPlugin
2024-06-05 09:19:13,519 [INFO] PluginManager:220 - loadIPPluginJar : add stm32_wpan
2024-06-05 09:19:13,558 [INFO] IPUIPlugin:80 - create IPUIPlugin
2024-06-05 09:19:13,558 [INFO] PluginManager:220 - loadIPPluginJar : add tim
2024-06-05 09:19:13,659 [INFO] IPUIPlugin:80 - create IPUIPlugin
2024-06-05 09:19:13,659 [INFO] PluginManager:220 - loadIPPluginJar : add touchsensing
2024-06-05 09:19:13,700 [INFO] IPUIPlugin:80 - create IPUIPlugin
2024-06-05 09:19:13,701 [INFO] PluginManager:220 - loadIPPluginJar : add tracer_emb
2024-06-05 09:19:13,738 [INFO] IPUIPlugin:80 - create IPUIPlugin
2024-06-05 09:19:13,738 [INFO] PluginManager:220 - loadIPPluginJar : add ts
2024-06-05 09:19:13,781 [INFO] IPUIPlugin:80 - create IPUIPlugin
2024-06-05 09:19:13,781 [INFO] PluginManager:220 - loadIPPluginJar : add tsc
2024-06-05 09:19:13,817 [INFO] IPUIPlugin:80 - create IPUIPlugin
2024-06-05 09:19:13,818 [INFO] PluginManager:220 - loadIPPluginJar : add ucpd
2024-06-05 09:19:13,897 [INFO] IPUIPlugin:80 - create IPUIPlugin
2024-06-05 09:19:13,898 [INFO] PluginManager:220 - loadIPPluginJar : add usart
2024-06-05 09:19:13,978 [INFO] IPUIPlugin:80 - create IPUIPlugin
2024-06-05 09:19:13,978 [INFO] PluginManager:220 - loadIPPluginJar : add usbx
2024-06-05 09:19:14,184 [INFO] CADModel:165 - CPN selected for project level
2024-06-05 09:19:14,184 [INFO] CADModel:114 - Register for checkConnection events
2024-06-05 09:19:14,184 [FATAL] Updater:308 - Updater called before beeing initialized
2024-06-05 09:19:14,184 [ERROR] CADModel:125 - Updater not yet initialized, retry later 
2024-06-05 09:19:14,561 [INFO] CADModel:165 - CPN selected for project level
2024-06-05 09:19:14,561 [INFO] CADModel:114 - Register for checkConnection events
2024-06-05 09:19:14,561 [FATAL] Updater:308 - Updater called before beeing initialized
2024-06-05 09:19:14,561 [ERROR] CADModel:125 - Updater not yet initialized, retry later 
2024-06-05 09:19:14,568 [FATAL] Updater:308 - Updater called before beeing initialized
2024-06-05 09:19:14,799 [FATAL] Updater:308 - Updater called before beeing initialized
2024-06-05 09:19:14,837 [INFO] DbMcusAds:53 - JSON generation date=Thu May 16 06:22:01 BRT 2024 (1715851321456)
2024-06-05 09:19:14,837 [FATAL] Updater:308 - Updater called before beeing initialized
2024-06-05 09:19:15,079 [WARN] DetailPanel:346 - Failed to get advertising image, set to default
2024-06-05 09:19:15,305 [INFO] ThirdPartyUpdaterWithRetryManager:70 - Updater plugin not ready yet. [3/15]
2024-06-05 09:19:15,482 [FATAL] Updater:308 - Updater called before beeing initialized
2024-06-05 09:19:15,487 [FATAL] Updater:308 - Updater called before beeing initialized
2024-06-05 09:19:15,487 [FATAL] Updater:308 - Updater called before beeing initialized
2024-06-05 09:19:15,487 [WARN] DetailPanel:346 - Failed to get advertising image, set to default
2024-06-05 09:19:15,487 [FATAL] Updater:308 - Updater called before beeing initialized
2024-06-05 09:19:15,638 [ERROR] Updater:1120 - MainUpdater not yet initialized. External WinMGr cannot be set.
2024-06-05 09:19:15,649 [INFO] Updater:1056 - Updater Version found : 6.11.1
2024-06-05 09:19:15,685 [INFO] ApplicationProperties:184 - Using Application install path: C:\ST\STM32CubeIDE_1.15.1\STM32CubeIDE\plugins\com.st.stm32cube.common.mx_6.11.1.202404110753
2024-06-05 09:19:17,347 [ERROR] LogOutputStream:75 - [STDERR_REDIRECT] Jun 05, 2024 9:19:17 AM java.util.prefs.WindowsPreferences <init>
2024-06-05 09:19:17,351 [ERROR] LogOutputStream:75 - [STDERR_REDIRECT] WARNING: Could not open/create prefs root node Software\JavaSoft\Prefs at root 0xffffffff80000002. Windows RegCreateKeyEx(...) returned error code 5.
2024-06-05 09:19:17,351 [ERROR] LogOutputStream:75 - [STDERR_REDIRECT] 
2024-06-05 09:19:18,170 [INFO] MainUpdater:2873 - connection check result : 10
2024-06-05 09:19:18,171 [INFO] MainUpdater:290 - Updater Check For Update Now.
2024-06-05 09:19:18,171 [INFO] MicroXplorer:498 - Change Database Version : DB.6.0.111
2024-06-05 09:19:18,227 [INFO] McuFinderGlobals:63 - Set McuFinder mode to 2 (CubeIDE integrated)
2024-06-05 09:19:18,281 [INFO] UserAuth:415 - Internet connection configuration mode: 1
2024-06-05 09:19:18,322 [WARN] MainUpdater:1194 - Updater busy. Cannot search thirdparties
2024-06-05 09:19:18,325 [INFO] ThirdPartyUpdaterWithRetryManager:96 - Updater plugin is busy. [1/15]
2024-06-05 09:19:18,343 [INFO] JxBrowserEngine:152 - Initiate JxBrowser Engine with user profile folder
2024-06-05 09:19:19,092 [INFO] CheckServerUpdateThread:120 - End of CheckServer Thread
2024-06-05 09:19:21,817 [WARN] PackLoader:240 - Cannot read IP mode file for STMicroelectronics.FP-SNS-MOTENVWB1.1.4.0
2024-06-05 09:19:21,854 [WARN] PackLoader:240 - Cannot read IP mode file for STMicroelectronics.X-CUBE-SMBUS.2.1.0
2024-06-05 09:19:21,881 [WARN] PackLoader:240 - Cannot read IP mode file for STMicroelectronics.X-CUBE-TOUCHGFX.4.23.0
2024-06-05 09:19:21,901 [WARN] PackLoader:240 - Cannot read IP mode file for STMicroelectronics.X-CUBE-TOUCHGFX.4.23.2
2024-06-05 09:19:22,005 [WARN] PackLoader:240 - Cannot read IP mode file for STMicroelectronics.X-CUBE-AZRTOS-F7.1.1.0
2024-06-05 09:19:22,049 [WARN] PackLoader:240 - Cannot read IP mode file for STMicroelectronics.FP-SNS-MOTENV1.4.3.2
2024-06-05 09:19:22,081 [WARN] PackLoader:240 - Cannot read IP mode file for STMicroelectronics.FP-SNS-FLIGHT1.5.0.2
2024-06-05 09:19:22,121 [WARN] PackLoader:240 - Cannot read IP mode file for STMicroelectronics.X-CUBE-DISPLAY.3.0.0
2024-06-05 09:19:22,162 [WARN] PackLoader:240 - Cannot read IP mode file for STMicroelectronics.X-CUBE-BLE1.7.0.0
2024-06-05 09:19:22,195 [WARN] PackLoader:240 - Cannot read IP mode file for emotas.I-CUBE-CANOPEN.1.3.0
2024-06-05 09:19:22,223 [WARN] PackLoader:240 - Cannot read IP mode file for STMicroelectronics.X-CUBE-TOUCHGFX.4.22.1
2024-06-05 09:19:22,264 [WARN] PackLoader:240 - Cannot read IP mode file for STMicroelectronics.X-CUBE-BLEMGR.3.1.0
2024-06-05 09:19:22,299 [WARN] PackLoader:240 - Cannot read IP mode file for STMicroelectronics.FP-SNS-SMARTAG2.1.2.0
2024-06-05 09:19:22,346 [INFO] LogOutputStream:77 - [STDOUT_REDIRECT] 1 : Invalid condition id : UX_CORESTACK_Condition cause : null
2024-06-05 09:19:22,347 [INFO] LogOutputStream:77 - [STDOUT_REDIRECT] 1 : Invalid condition id : UX_CORESTACK_Condition cause : null
2024-06-05 09:19:22,351 [INFO] LogOutputStream:77 - [STDOUT_REDIRECT] 1 : Invalid condition id : UX_CORESTACK_Condition cause : null
2024-06-05 09:19:22,354 [INFO] LogOutputStream:77 - [STDOUT_REDIRECT] 1 : Invalid condition id : UX_CORESTACK_Condition cause : null
2024-06-05 09:19:22,356 [INFO] LogOutputStream:77 - [STDOUT_REDIRECT] 1 : Invalid condition id : UX_CORESTACK_Condition cause : null
2024-06-05 09:19:22,364 [WARN] PackLoader:240 - Cannot read IP mode file for STMicroelectronics.X-CUBE-AZRTOS-WL.2.0.0
2024-06-05 09:19:22,395 [WARN] PackLoader:240 - Cannot read IP mode file for STMicroelectronics.FP-SNS-MOTENV1.5.0.0
2024-06-05 09:19:22,433 [WARN] PackLoader:240 - Cannot read IP mode file for WES.I-CUBE-Cesium.1.3.0
2024-06-05 09:19:22,463 [WARN] PackLoader:240 - Cannot read IP mode file for STMicroelectronics.X-CUBE-BLE2.3.3.0
2024-06-05 09:19:22,496 [WARN] PackLoader:240 - Cannot read IP mode file for STMicroelectronics.X-CUBE-TCPP.4.1.0
2024-06-05 09:19:22,528 [WARN] PackLoader:240 - Cannot read IP mode file for STMicroelectronics.X-CUBE-ALGOBUILD.1.3.0
2024-06-05 09:19:22,797 [WARN] PackLoader:240 - Cannot read IP mode file for STMicroelectronics.X-CUBE-AZRTOS-G0.1.1.0
2024-06-05 09:19:22,828 [WARN] PackLoader:240 - Cannot read IP mode file for STMicroelectronics.X-CUBE-SAFEA1.1.2.2
2024-06-05 09:19:22,856 [WARN] PackLoader:240 - Cannot read IP mode file for STMicroelectronics.X-CUBE-NFC4.3.0.0
2024-06-05 09:19:22,878 [WARN] PackLoader:240 - Cannot read IP mode file for wolfSSL.I-CUBE-wolfMQTT.1.18.0
2024-06-05 09:19:22,919 [WARN] PackLoader:240 - Cannot read IP mode file for STMicroelectronics.X-CUBE-BLEMGR.3.0.0
2024-06-05 09:19:22,932 [WARN] PackLoader:240 - Cannot read IP mode file for STMicroelectronics.FP-ATR-SIGFOX1.3.2.0
2024-06-05 09:19:22,960 [WARN] PackLoader:240 - Cannot read IP mode file for STMicroelectronics.X-CUBE-EEPRMA1.5.1.0
2024-06-05 09:19:23,112 [WARN] PackLoader:240 - Cannot read IP mode file for SEGGER.I-CUBE-embOS.1.3.1
2024-06-05 09:19:23,530 [WARN] PackLoader:240 - Cannot read IP mode file for STMicroelectronics.X-CUBE-ALGOBUILD.1.4.0
2024-06-05 09:19:23,604 [WARN] PackLoader:240 - Cannot read IP mode file for STMicroelectronics.X-CUBE-GNSS1.6.0.0
2024-06-05 09:19:23,671 [WARN] PackLoader:240 - Cannot read IP mode file for STMicroelectronics.X-CUBE-AZRTOS-F4.1.1.0
2024-06-05 09:19:23,694 [WARN] PackLoader:240 - Cannot read IP mode file for wolfSSL.I-CUBE-wolfSSL.5.6.3
2024-06-05 09:19:23,715 [WARN] PackLoader:240 - Cannot read IP mode file for STMicroelectronics.X-CUBE-FREERTOS.1.2.0
2024-06-05 09:19:23,762 [WARN] PackLoader:240 - Cannot read IP mode file for STMicroelectronics.X-CUBE-AZRTOS-L5.2.0.0
2024-06-05 09:19:23,874 [WARN] PackLoader:240 - Cannot read IP mode file for STMicroelectronics.X-CUBE-MEMS1.9.6.0
2024-06-05 09:19:24,240 [WARN] PackLoader:240 - Cannot read IP mode file for STMicroelectronics.X-CUBE-EEPRMA1.4.2.0
2024-06-05 09:19:24,267 [WARN] PackLoader:240 - Cannot read IP mode file for STMicroelectronics.X-CUBE-NFC6.3.1.0
2024-06-05 09:19:24,299 [WARN] PackLoader:240 - Cannot read IP mode file for ITTIA_DB.I-CUBE-ITTIADB.8.8.0
2024-06-05 09:19:24,330 [WARN] PackLoader:240 - Cannot read IP mode file for STMicroelectronics.X-CUBE-BLEMGR.2.0.0
2024-06-05 09:19:24,356 [WARN] PackLoader:240 - Cannot read IP mode file for STMicroelectronics.X-CUBE-AI.9.0.0
2024-06-05 09:19:24,408 [WARN] ConditionMgr:438 - getConditionDescription Invalid condition id : UX DEVICE CLASS RTOS Condition cause : null
2024-06-05 09:19:24,408 [WARN] ConditionMgr:438 - getConditionDescription Invalid condition id : UX DEVICE CLASS RTOS Condition cause : null
2024-06-05 09:19:24,417 [WARN] PackLoader:240 - Cannot read IP mode file for STMicroelectronics.X-CUBE-AZRTOS-H7.3.1.0
2024-06-05 09:19:24,417 [WARN] ConditionMgr:1039 - genDependencies : Invalid condition id : UX DEVICE CLASS RTOS Condition cause : null
2024-06-05 09:19:24,417 [WARN] ConditionMgr:1039 - genDependencies : Invalid condition id : UX DEVICE CLASS RTOS Condition cause : null
2024-06-05 09:19:24,417 [WARN] ConditionMgr:1039 - genDependencies : Invalid condition id : UX DEVICE CLASS RTOS Condition cause : null
2024-06-05 09:19:24,421 [WARN] ConditionMgr:1039 - genDependencies : Invalid condition id : UX DEVICE CLASS RTOS Condition cause : null
2024-06-05 09:19:24,421 [WARN] ConditionMgr:1039 - genDependencies : Invalid condition id : UX DEVICE CLASS RTOS Condition cause : null
2024-06-05 09:19:24,447 [WARN] PackLoader:240 - Cannot read IP mode file for STMicroelectronics.X-CUBE-NFC7.1.0.1
2024-06-05 09:19:24,472 [WARN] PackLoader:240 - Cannot read IP mode file for STMicroelectronics.X-CUBE-NFC6.3.0.0
2024-06-05 09:19:24,501 [WARN] PackLoader:240 - Cannot read IP mode file for STMicroelectronics.X-CUBE-EEPRMA1.4.1.0
2024-06-05 09:19:24,525 [WARN] PackLoader:240 - Cannot read IP mode file for STMicroelectronics.X-CUBE-AI.8.1.0
2024-06-05 09:19:24,580 [WARN] ConditionMgr:438 - getConditionDescription Invalid condition id : LAN8742 Phy interface Condition cause : null
2024-06-05 09:19:24,580 [WARN] PackLoader:240 - Cannot read IP mode file for STMicroelectronics.X-CUBE-AZRTOS-L4.2.0.0
2024-06-05 09:19:24,580 [WARN] ConditionMgr:1039 - genDependencies : Invalid condition id : LAN8742 Phy interface Condition cause : null
2024-06-05 09:19:24,580 [WARN] ConditionMgr:1039 - genDependencies : Invalid condition id : LAN8742 Phy interface Condition cause : null
2024-06-05 09:19:24,607 [WARN] ConditionMgr:1039 - genDependencies : Invalid condition id : LAN8742 Phy interface Condition cause : null
2024-06-05 09:19:24,659 [WARN] PackLoader:240 - Cannot read IP mode file for STMicroelectronics.X-CUBE-SFXS2LP1.4.0.0
2024-06-05 09:19:24,682 [WARN] PackLoader:240 - Cannot read IP mode file for STMicroelectronics.X-CUBE-ISPU.1.1.0
2024-06-05 09:19:24,737 [WARN] ConditionMgr:438 - getConditionDescription Invalid condition id : UX DEVICE CLASS RTOS Condition cause : null
2024-06-05 09:19:24,737 [WARN] ConditionMgr:438 - getConditionDescription Invalid condition id : UX DEVICE CLASS RTOS Condition cause : null
2024-06-05 09:19:24,741 [WARN] PackLoader:240 - Cannot read IP mode file for STMicroelectronics.X-CUBE-AZRTOS-WB.2.0.0
2024-06-05 09:19:24,743 [WARN] ConditionMgr:1039 - genDependencies : Invalid condition id : UX DEVICE CLASS RTOS Condition cause : null
2024-06-05 09:19:24,743 [WARN] ConditionMgr:1039 - genDependencies : Invalid condition id : UX DEVICE CLASS RTOS Condition cause : null
2024-06-05 09:19:24,743 [WARN] ConditionMgr:1039 - genDependencies : Invalid condition id : UX DEVICE CLASS RTOS Condition cause : null
2024-06-05 09:19:24,743 [WARN] ConditionMgr:1039 - genDependencies : Invalid condition id : UX DEVICE CLASS RTOS Condition cause : null
2024-06-05 09:19:24,743 [WARN] ConditionMgr:1039 - genDependencies : Invalid condition id : UX DEVICE CLASS RTOS Condition cause : null
2024-06-05 09:19:24,783 [WARN] PackLoader:240 - Cannot read IP mode file for STMicroelectronics.X-CUBE-SUBG2.5.0.0
2024-06-05 09:19:24,847 [WARN] PackLoader:240 - Cannot read IP mode file for STMicroelectronics.X-CUBE-TOF1.3.3.1
2024-06-05 09:19:24,917 [WARN] PackLoader:240 - Cannot read IP mode file for STMicroelectronics.X-CUBE-AZRTOS-G4.2.0.0
2024-06-05 09:19:25,038 [WARN] PackLoader:240 - Cannot read IP mode file for Infineon.AIROC-Wi-Fi-Bluetooth-STM32.1.5.1
2024-06-05 09:19:25,089 [WARN] PackLoader:240 - Cannot read IP mode file for STMicroelectronics.FP-SNS-MOTENVWB1.1.3.1
2024-06-05 09:19:25,119 [WARN] PackLoader:240 - Cannot read IP mode file for STMicroelectronics.X-CUBE-ISPU.2.0.0
2024-06-05 09:19:25,148 [WARN] PackLoader:240 - Cannot read IP mode file for STMicroelectronics.X-CUBE-ALS.1.0.2
2024-06-05 09:19:25,261 [WARN] PackLoader:240 - Cannot read IP mode file for STMicroelectronics.X-CUBE-MEMS1.10.0.0
2024-06-05 09:19:25,587 [WARN] PackLoader:240 - Cannot read IP mode file for STMicroelectronics.X-CUBE-FREERTOS.1.1.0
2024-06-05 09:19:25,618 [WARN] PackLoader:240 - Cannot read IP mode file for portGmbH.I-Cube-SoM-uGOAL.1.1.0
2024-06-05 09:19:25,643 [WARN] PackLoader:240 - Cannot read IP mode file for STMicroelectronics.X-CUBE-ALS.1.0.1
2024-06-05 09:19:25,707 [WARN] PackLoader:240 - Cannot read IP mode file for STMicroelectronics.X-CUBE-AZRTOS-H7RS.1.0.0
2024-06-05 09:19:25,734 [WARN] PackLoader:240 - Cannot read IP mode file for STMicroelectronics.FP-ATR-ASTRA1.2.0.0
2024-06-05 09:19:25,772 [WARN] PackLoader:240 - Cannot read IP mode file for STMicroelectronics.X-CUBE-TOF1.3.4.0
2024-06-05 09:19:25,837 [WARN] PackLoader:240 - Cannot read IP mode file for STMicroelectronics.X-CUBE-TOF1.3.4.1
2024-06-05 09:19:26,002 [WARN] PackLoader:240 - Cannot read IP mode file for STMicroelectronics.X-CUBE-AZRTOS-H7.3.2.0
2024-06-05 09:19:26,033 [INFO] ThirdParty:978 - Integrity check success = true
2024-06-05 09:19:26,033 [INFO] IntegrityCheckThread:100 - exiting critical section [integrity check]
2024-06-05 09:19:26,033 [INFO] IntegrityCheckThread:103 - End integrity checks thread
2024-06-05 09:19:31,123 [INFO] WebApp:161 - Instantiating new browser for Auth
2024-06-05 09:19:32,962 [INFO] WebApp:779 - Register for checkConnection events
2024-06-05 09:19:32,963 [INFO] WebApp:414 - Apply proxy settings
2024-06-05 09:19:32,963 [INFO] WebApp:499 - Chromium requires no authentication
2024-06-05 09:19:32,981 [INFO] WebApp:442 - Direct internet connection detected
2024-06-05 09:19:33,370 [INFO] WebApp:192 - Starting web application
2024-06-05 09:19:33,372 [INFO] WebApp:544 - Web application path used C:\ST\STM32CubeIDE_1.15.1\STM32CubeIDE\plugins\com.st.stm32cube.common.mx_6.11.1.202404110753\db\plugins\mcufinder\reactClient1\index.html
2024-06-05 10:06:50,492 [ERROR] ConfigurationRetriever:142 - IOException on connection: Read timed out
2024-06-05 10:53:44,580 [INFO] McuFinderGlobals:63 - Set McuFinder mode to 2 (CubeIDE integrated)
2024-06-05 10:53:44,724 [INFO] MainUpdater:2873 - connection check result : 10
2024-06-05 10:53:44,738 [INFO] MainUpdater:2873 - connection check result : 10
2024-06-05 10:53:46,117 [INFO] MicroXplorer:468 - Change Database Path : 
2024-06-05 10:53:46,118 [INFO] MicroXplorer:498 - Change Database Version : DB.6.0.111
2024-06-05 10:53:46,216 [WARN] ThirdParty:871 - waiting for thirdparty lock release [close project]
2024-06-05 10:53:46,216 [INFO] ThirdParty:873 - entering critical section [close project]
2024-06-05 10:53:46,328 [INFO] ThirdParty:883 - exiting critical section [close project]
2024-06-05 10:53:46,395 [INFO] PinOutPanel:1561 - setPackage(No Configuration,No Configuration)
2024-06-05 10:53:46,503 [INFO] UtilMem:75 - Begin LoadConfig() Used Memory: 256265576 Bytes (528482304)
2024-06-05 10:53:46,537 [INFO] MicroXplorer:468 - Change Database Path : 
2024-06-05 10:53:46,540 [INFO] MicroXplorer:498 - Change Database Version : DB.6.0.111
2024-06-05 10:53:46,542 [INFO] OpenFileManager:312 - Change cursor
2024-06-05 10:53:47,044 [INFO] Mcu:2021 - Initializing MCU STM32C011F(4-6)Px STM32C011F6Px STM32C011F6P6
2024-06-05 10:53:55,752 [INFO] Context:663 - Trying to add GPIOservice into a context  which must be forbidden
2024-06-05 10:53:58,143 [WARN] ModelIntegratedComponent:63 - No mode defined for component null
2024-06-05 10:53:58,143 [WARN] ModelIntegratedComponent:63 - No mode defined for component null
2024-06-05 10:53:58,143 [WARN] ModelIntegratedComponent:63 - No mode defined for component null
2024-06-05 10:53:58,143 [WARN] ModelIntegratedComponent:63 - No mode defined for component null
2024-06-05 10:53:58,145 [WARN] ModelIntegratedComponent:63 - No mode defined for component null
2024-06-05 10:53:58,145 [WARN] ModelIntegratedComponent:63 - No mode defined for component null
2024-06-05 10:53:58,145 [WARN] ModelIntegratedComponent:63 - No mode defined for component null
2024-06-05 10:53:58,145 [WARN] ModelIntegratedComponent:63 - No mode defined for component null
2024-06-05 10:53:58,145 [WARN] ModelIntegratedComponent:63 - No mode defined for component null
2024-06-05 10:53:58,146 [WARN] ModelIntegratedComponent:63 - No mode defined for component null
2024-06-05 10:53:58,146 [WARN] ModelIntegratedComponent:63 - No mode defined for component null
2024-06-05 10:53:58,146 [WARN] ModelIntegratedComponent:63 - No mode defined for component null
2024-06-05 10:53:58,146 [WARN] ModelIntegratedComponent:63 - No mode defined for component null
2024-06-05 10:53:58,146 [WARN] ModelIntegratedComponent:63 - No mode defined for component null
2024-06-05 10:53:58,146 [WARN] ModelIntegratedComponent:63 - No mode defined for component null
2024-06-05 10:53:58,146 [WARN] ModelIntegratedComponent:63 - No mode defined for component null
2024-06-05 10:53:58,146 [WARN] ModelIntegratedComponent:63 - No mode defined for component null
2024-06-05 10:53:58,147 [WARN] ModelIntegratedComponent:63 - No mode defined for component null
2024-06-05 10:53:58,147 [WARN] ModelIntegratedComponent:63 - No mode defined for component null
2024-06-05 10:53:58,148 [WARN] ModelIntegratedComponent:63 - No mode defined for component null
2024-06-05 10:53:58,148 [WARN] ModelIntegratedComponent:63 - No mode defined for component null
2024-06-05 10:53:58,149 [WARN] ModelIntegratedComponent:63 - No mode defined for component null
2024-06-05 10:53:58,149 [WARN] ModelIntegratedComponent:63 - No mode defined for component null
2024-06-05 10:53:58,149 [WARN] ModelIntegratedComponent:63 - No mode defined for component null
2024-06-05 10:53:58,149 [WARN] ModelIntegratedComponent:63 - No mode defined for component null
2024-06-05 10:53:58,149 [WARN] ModelIntegratedComponent:63 - No mode defined for component null
2024-06-05 10:53:58,150 [WARN] ModelIntegratedComponent:63 - No mode defined for component null
2024-06-05 10:53:58,150 [WARN] ModelIntegratedComponent:63 - No mode defined for component null
2024-06-05 10:53:58,150 [WARN] ModelIntegratedComponent:63 - No mode defined for component null
2024-06-05 10:53:58,150 [WARN] ModelIntegratedComponent:63 - No mode defined for component null
2024-06-05 10:53:58,150 [WARN] ModelIntegratedComponent:63 - No mode defined for component null
2024-06-05 10:53:58,150 [WARN] ModelIntegratedComponent:63 - No mode defined for component null
2024-06-05 10:53:58,151 [WARN] ModelIntegratedComponent:63 - No mode defined for component null
2024-06-05 10:53:58,151 [WARN] ModelIntegratedComponent:63 - No mode defined for component null
2024-06-05 10:53:58,309 [INFO] RtosManager:555 - Registered RTOS mode: class=RTOS, group=ThreadX, mode=Core, owner=THREADX
2024-06-05 10:53:58,401 [INFO] ThirdPartyModel:298 - Start build external matchings
2024-06-05 10:53:59,865 [INFO] ThirdPartyModel:316 - End build external matchings
2024-06-05 10:54:00,008 [WARN] IP:2120 - FIFOMode not found: check if there is a RefParameter without a condition.
2024-06-05 10:54:00,009 [WARN] IP:2120 - TXFIFOThreshold not found: check if there is a RefParameter without a condition.
2024-06-05 10:54:00,010 [WARN] IP:2120 - RXFIFOThreshold not found: check if there is a RefParameter without a condition.
2024-06-05 10:54:00,010 [WARN] IP:2120 - AutoBaudRateEnableParam not found: check if there is a RefParameter without a condition.
2024-06-05 10:54:01,562 [INFO] ApiDb:581 - Connected to CubeFinder SQLite database (C:\Users\User\.stmcufinder\plugins\mcufinder\mcu\cube-finder-db.db)
2024-06-05 10:54:01,766 [INFO] ApiDb:668 - CubeFinder database Data Model version=2.1
2024-06-05 10:54:01,766 [INFO] ApiDb:669 - CubeFinder database Configuration version=3.0.39
2024-06-05 10:54:01,767 [INFO] ApiDb:670 - CubeFinder database generation date=2024-05-16 (1715872938)
2024-06-05 10:54:01,768 [INFO] ApiDb:671 - CubeFinder database FW Pack versions=[FP-ATR-ASTRA1_V2.0.0, FP-SNS-FLIGHT1_V5.0.1, FP-SNS-FLIGHT1_V5.0.2, FP-SNS-MOTENV1_V4.3.1, FP-SNS-MOTENV1_V4.3.2, FP-SNS-MOTENV1_V5.0.0, FP-SNS-MOTENVWB1_V1.4.0, FP-SNS-SMARTAG2_V1.2.0, STM32Cube_FW_C0_V1.1.0, STM32Cube_FW_F4_V1.28.0, STM32Cube_FW_F7_V1.17.0, STM32Cube_FW_G0_V1.6.2, STM32Cube_FW_G4_V1.5.2, STM32Cube_FW_H5_V0.5.1, STM32Cube_FW_H5_V1.1.1, STM32Cube_FW_H5_V1.2.0, STM32Cube_FW_H5_V1.2.0RC4, STM32Cube_FW_H7RS_V1.0.0, STM32Cube_FW_H7RS_V1.0.0RC4, STM32Cube_FW_H7_V1.11.0, STM32Cube_FW_L0_V1.12.2, STM32Cube_FW_L5_V1.5.1, STM32Cube_FW_U0_V1.0.0, STM32Cube_FW_U0_V1.0.0RC1, STM32Cube_FW_U5_V1.3.0RC4, STM32Cube_FW_U5_V1.5.0, STM32Cube_FW_U5_V1.5.0RC1, STM32Cube_FW_WBA_V1.0.0RC1, STM32Cube_FW_WBA_V1.2.0, STM32Cube_FW_WBA_V1.2.0RC2, STM32Cube_FW_WBA_V1.3.0, STM32Cube_FW_WBA_V1.3.0RC1, STM32Cube_FW_WB_V1.15.0RC1, STM32Cube_FW_WB_V1.16.0, STM32Cube_FW_WB_V1.16.0RC2, STM32Cube_FW_WB_V1.18.0, STM32Cube_FW_WB_V1.19.0, STM32Cube_FW_WL_V1.3.0, X-CUBE-ALGOBUILD_V1.4.0, X-CUBE-ALS_V1.0.1, X-CUBE-AZRTOS-F4_V1.1.0, X-CUBE-AZRTOS-F7_V1.1.0, X-CUBE-AZRTOS-G0_V1.1.0, X-CUBE-AZRTOS-G4_V2.0.0, X-CUBE-AZRTOS-H7_V3.2.0, X-CUBE-AZRTOS-L4_V1.0.0, X-CUBE-AZRTOS-L4_V2.0.0, X-CUBE-AZRTOS-L5_V1.1.0, X-CUBE-AZRTOS-WB_V2.0.0, X-CUBE-AZRTOS-WL_V2.0.0, X-CUBE-BLE1_V7.0.0, X-CUBE-BLE2_V3.3.0, X-CUBE-BLEMGR_V3.1.0, X-CUBE-EEPRMA1_V4.1.0, X-CUBE-EEPRMA1_V5.1.0, X-CUBE-FREERTOS_V1.1.0, X-CUBE-GNSS1_V6.0.0, X-CUBE-MEMS1_V10.0.0, X-CUBE-MEMS1_V9.1.0, X-CUBE-MEMS1_V9.4.0, X-CUBE-MEMS1_V9.6.0, X-CUBE-NFC4_V3.0.0, X-CUBE-NFC7_V1.0.1, X-CUBE-SFXS2LP1_V4.0.0, X-CUBE-SUBG2_V5.0.0, X-CUBE-TOF1_V3.4.0]
2024-06-05 10:54:02,026 [INFO] DbBoardsSqlite:226 - include board P-NUCLEO-WB55-NUCLEO as a kit item of type 'Nucleo-64'
2024-06-05 10:54:02,027 [INFO] DbBoardsSqlite:226 - include board P-NUCLEO-WB55-USBDONGLE as a kit item of type 'Nucleo USB Dongle'
2024-06-05 10:54:02,028 [INFO] DbBoardsSqlite:226 - include board STEVAL-IDP005V1 as a kit item of type 'Evaluation Board'
2024-06-05 10:54:02,029 [INFO] DbBoardsSqlite:226 - include board STEVAL-IDP005V2 as a kit item of type 'Evaluation Board'
2024-06-05 10:54:02,945 [INFO] ApiDb:240 - Found 483 in-development CPN: [B-G473E-ZEST1S, B-WB1M-WPAN1, B-WL5M-SUBG1, NUCLEO-C031C6, NUCLEO-H503RB, NUCLEO-H533RE, NUCLEO-H563ZI, NUCLEO-H7S3L8, NUCLEO-U031R8, NUCLEO-U083RC, NUCLEO-U545RE-Q, NUCLEO-U5A5ZJ-Q, NUCLEO-WBA52CG, NUCLEO-WBA55CG, STEVAL-PROTEUS1, STEVAL-SMARTAG2, STEVAL-STWINBX1, STM320518-EVAL, STM32C0116-DK, STM32C011D6Y3TR, STM32C011D6Y6TR, STM32C011F4P3, STM32C011F4P6, STM32C011F4U3, STM32C011F4U6TR, STM32C011F6P3, STM32C011F6P6, STM32C011F6U3, STM32C011F6U6TR, STM32C011J4M3, STM32C011J4M6, STM32C011J6M3, STM32C011J6M6, STM32C0316-DK, STM32C031C4T3, STM32C031C4T6, STM32C031C4U3, STM32C031C4U6, STM32C031C6T3, STM32C031C6T6, STM32C031C6U3, STM32C031C6U6, STM32C031F4P3, STM32C031F4P6, STM32C031F6P3, STM32C031F6P6, STM32C031G4U3, STM32C031G4U6, STM32C031G6U3, STM32C031G6U6, STM32C031K4T3, STM32C031K4T6, STM32C031K4U3, STM32C031K4U6, STM32C031K6T3, STM32C031K6T6, STM32C031K6U3, STM32C031K6U6, STM32G071K8TXN, STM32G071K8UXN, STM32G081GBU6N, STM32G081KBT6N, STM32G081KBUXN, STM32G0B1CCT6N, STM32G0B1KCT6, STM32G0B1NEY6TR, STM32G0B1RCT6N, STM32G0C1CCT6, STM32G0C1CCT6N, STM32G0C1CCU6N, STM32G0C1CET6N, STM32G0C1CEU6N, STM32G0C1KCT6, STM32G0C1NEY6TR, STM32G0C1RCI6N, STM32G0C1RCT6N, STM32G0C1REI6N, STM32G0C1RET6N, STM32G0C1VCI6, STM32G0C1VEI6, STM32G471CCT6, STM32G471CCU6, STM32G471CET3, STM32G471CET6, STM32G471CEU3, STM32G471CEU6, STM32G471MCT6, STM32G471MET3, STM32G471MET6, STM32G471MEY6TR, STM32G471QCT6, STM32G471QET3, STM32G471RCT6, STM32G471RET3, STM32G471RET6, STM32G471VCH6, STM32G471VCI6, STM32G471VCT6, STM32G471VEH3, STM32G471VEH6, STM32G471VEI3, STM32G471VEI6, STM32G471VET3, STM32G471VET6, STM32G474CCT6, STM32H503CBT6, STM32H503CBU6, STM32H503EBY6TR, STM32H503KBU6, STM32H503RBT6, STM32H523CCT6, STM32H523CCU6, STM32H523CET6, STM32H523CEU6, STM32H523HEY6TR, STM32H523RCT6, STM32H523RET6, STM32H523VCI6, STM32H523VCT6, STM32H523VEI6, STM32H523VET6, STM32H523ZCJ6, STM32H523ZCT6, STM32H523ZEJ6, STM32H523ZET6, STM32H533CET6, STM32H533CEU6, STM32H533HEY6TR, STM32H533RET6, STM32H533VEI6, STM32H533VET6, STM32H533ZEJ6, STM32H533ZET6, STM32H562AGI6, STM32H562AII6, STM32H562IGK6, STM32H562IGT6, STM32H562IIK6, STM32H562IIT6, STM32H562RGT6, STM32H562RGV6, STM32H562RIT6, STM32H562RIV6, STM32H562VGT6, STM32H562VIT6, STM32H562ZGT6, STM32H562ZIT6, STM32H563AGI6, STM32H563AII3Q, STM32H563AII6, STM32H563IGK6, STM32H563IGT6, STM32H563IIK3Q, STM32H563IIK6, STM32H563IIT3Q, STM32H563IIT6, STM32H563MIY3QTR, STM32H563RGT6, STM32H563RGV6, STM32H563RIT6, STM32H563RIV6, STM32H563VGT6, STM32H563VIT3Q, STM32H563VIT6, STM32H563ZGT6, STM32H563ZIT3Q, STM32H563ZIT6, STM32H573AII3Q, STM32H573AII6, STM32H573I-DK, STM32H573IIK3Q, STM32H573IIK6, STM32H573IIT3Q, STM32H573IIT6, STM32H573MIY3QTR, STM32H573RIT6, STM32H573RIV6, STM32H573VIT3Q, STM32H573VIT6, STM32H573ZIT3Q, STM32H573ZIT6, STM32H7R3A8I6, STM32H7R3I8K6, STM32H7R3I8T6, STM32H7R3L8H6, STM32H7R3L8H6H, STM32H7R3R8V6, STM32H7R3V8H6, STM32H7R3V8T6, STM32H7R3V8Y6, STM32H7R3Z8J6, STM32H7R3Z8T6, STM32H7R7A8I6, STM32H7R7I8K6, STM32H7R7I8T6, STM32H7R7L8H6, STM32H7R7L8H6H, STM32H7R7Z8J6, STM32H7S3A8I6, STM32H7S3I8K6, STM32H7S3I8T6, STM32H7S3L8H6, STM32H7S3L8H6H, STM32H7S3R8V6, STM32H7S3V8H6, STM32H7S3V8T6, STM32H7S3V8Y6, STM32H7S3Z8J6, STM32H7S3Z8T6, STM32H7S78-DK, STM32H7S7A8I6, STM32H7S7I8K6, STM32H7S7I8T6, STM32H7S7L8H6, STM32H7S7L8H6H, STM32H7S7Z8J6, STM32L4R5QGI6STR, STM32MP131AAE3, STM32MP131AAF3, STM32MP131AAG3, STM32MP131CAE3, STM32MP131CAF3, STM32MP131CAG3, STM32MP131DAE7, STM32MP131DAF7, STM32MP131DAG7, STM32MP131FAE7, STM32MP131FAF7, STM32MP131FAG7, STM32MP133AAE3, STM32MP133AAF3, STM32MP133AAG3, STM32MP133CAE3, STM32MP133CAF3, STM32MP133CAG3, STM32MP133DAE7, STM32MP133DAF7, STM32MP133DAG7, STM32MP133FAE7, STM32MP133FAF7, STM32MP133FAG7, STM32MP135AAE3, STM32MP135AAF3, STM32MP135AAG3, STM32MP135CAE3, STM32MP135CAF3, STM32MP135CAG3, STM32MP135DAE7, STM32MP135DAF7, STM32MP135DAG7, STM32MP135F-DK, STM32MP135FAE7, STM32MP135FAF7, STM32MP135FAF7T, STM32MP135FAF7U, STM32MP135FAG7, STM32U031C6T6, STM32U031C6U6, STM32U031C8T6, STM32U031C8U6, STM32U031F4P6, STM32U031F6P6, STM32U031F8P6, STM32U031G6Y6TR, STM32U031G8Y6TR, STM32U031K4U6, STM32U031K6U6, STM32U031K8U6, STM32U031R6I6, STM32U031R6T6, STM32U031R8I6, STM32U031R8T6, STM32U073C8T6, STM32U073C8U6, STM32U073CBT6, STM32U073CBU6, STM32U073CCT6, STM32U073CCU6, STM32U073H8Y6TR, STM32U073HBY6TR, STM32U073HCY6TR, STM32U073K8U6, STM32U073KBU6, STM32U073KCU6, STM32U073M8I6, STM32U073M8T6, STM32U073MBI6, STM32U073MBT6, STM32U073MCI6, STM32U073MCT6, STM32U073R8I6, STM32U073R8T6, STM32U073RBI6, STM32U073RBT6, STM32U073RCI6, STM32U073RCT6, STM32U083C-DK, STM32U083CCT6, STM32U083CCU6, STM32U083HCY6TR, STM32U083KCU6, STM32U083MCI6, STM32U083MCT6, STM32U083RCI6, STM32U083RCT6, STM32U535CBT6, STM32U535CBT6Q, STM32U535CBU6, STM32U535CBU6Q, STM32U535CCT6, STM32U535CCT6Q, STM32U535CCU6, STM32U535CCU6Q, STM32U535CET6, STM32U535CET6Q, STM32U535CEU6, STM32U535CEU6Q, STM32U535JEY6QTR, STM32U535NCY6QTR, STM32U535NEY6QTR, STM32U535RBI6, STM32U535RBI6Q, STM32U535RBT6, STM32U535RBT6Q, STM32U535RCI6, STM32U535RCI6Q, STM32U535RCT6, STM32U535RCT6Q, STM32U535REI6, STM32U535REI6Q, STM32U535RET6, STM32U535RET6Q, STM32U535VCI6, STM32U535VCI6Q, STM32U535VCT6, STM32U535VCT6Q, STM32U535VEI6, STM32U535VEI6Q, STM32U535VET6, STM32U535VET6Q, STM32U545CET6, STM32U545CET6Q, STM32U545CEU6, STM32U545CEU6Q, STM32U545JEY6QTR, STM32U545NEY6QTR, STM32U545REI6, STM32U545REI6Q, STM32U545RET6, STM32U545RET6Q, STM32U545VEI6, STM32U545VEI6Q, STM32U545VET6, STM32U545VET6Q, STM32U595AIH6, STM32U595AIH6Q, STM32U595AJH6, STM32U595AJH6Q, STM32U595QII6, STM32U595QII6Q, STM32U595QJI6, STM32U595QJI6Q, STM32U595RIT6, STM32U595RIT6Q, STM32U595RJT6, STM32U595RJT6Q, STM32U595VIT6, STM32U595VIT6Q, STM32U595VJT6, STM32U595VJT6Q, STM32U595ZIT6, STM32U595ZIT6Q, STM32U595ZIY6QTR, STM32U595ZJT6, STM32U595ZJT6Q, STM32U595ZJY6QTR, STM32U599BJY6QTR, STM32U599NIH6Q, STM32U599NJH6Q, STM32U599VIT6Q, STM32U599VJT6, STM32U599VJT6Q, STM32U599ZIT6Q, STM32U599ZIY6QTR, STM32U599ZJT6Q, STM32U599ZJY6QTR, STM32U5A5AJH6, STM32U5A5AJH6Q, STM32U5A5QII3Q , STM32U5A5QJI6, STM32U5A5QJI6Q, STM32U5A5RJT6, STM32U5A5RJT6Q, STM32U5A5VJT6, STM32U5A5VJT6Q, STM32U5A5ZJT6, STM32U5A5ZJT6Q, STM32U5A5ZJY6QTR, STM32U5A9BJY6QTR, STM32U5A9J-DK, STM32U5A9NJH6Q, STM32U5A9VJT6Q, STM32U5A9ZJT6Q, STM32U5A9ZJY6QTR, STM32U5F7VIT6, STM32U5F7VIT6Q, STM32U5F7VJT6, STM32U5F7VJT6Q, STM32U5F9BJY6QTR, STM32U5F9NJH6Q, STM32U5F9VIT6Q, STM32U5F9VJT6Q, STM32U5F9ZIJ6QTR, STM32U5F9ZIT6Q, STM32U5F9ZJJ6QTR, STM32U5F9ZJT6Q, STM32U5G7VJT6, STM32U5G7VJT6Q, STM32U5G9BJY6QTR, STM32U5G9J-DK1, STM32U5G9J-DK2, STM32U5G9NJH6Q, STM32U5G9VJT6Q, STM32U5G9ZJJ6QTR, STM32U5G9ZJT6Q, STM32WB1MMCH6, STM32WBA50KEU6, STM32WBA50KEU6TR, STM32WBA50KGU6, STM32WBA50KGU6TR, STM32WBA52CEU6, STM32WBA52CEU6TR, STM32WBA52CEU7, STM32WBA52CEU7TR, STM32WBA52CGU6, STM32WBA52CGU6TR, STM32WBA52CGU6U, STM32WBA52CGU7, STM32WBA52CGU7TR, STM32WBA52KEU6, STM32WBA52KEU6TR, STM32WBA52KGU6, STM32WBA52KGU6TR, STM32WBA54CEU6, STM32WBA54CEU6TR, STM32WBA54CEU7, STM32WBA54CEU7TR, STM32WBA54CGU6, STM32WBA54CGU6TR, STM32WBA54CGU7, STM32WBA54CGU7TR, STM32WBA54KEU6, STM32WBA54KEU6TR, STM32WBA54KEU7, STM32WBA54KEU7TR, STM32WBA54KGU6, STM32WBA54KGU6TR, STM32WBA54KGU7, STM32WBA54KGU7TR, STM32WBA55CEU6, STM32WBA55CEU6TR, STM32WBA55CEU7, STM32WBA55CEU7TR, STM32WBA55CGU6, STM32WBA55CGU6TR, STM32WBA55CGU6U, STM32WBA55CGU7, STM32WBA55CGU7TR, STM32WBA55G-DK1, STM32WBA55HEF6, STM32WBA55HEF7, STM32WBA55HGF6, STM32WBA55HGF7, STM32WBA55UEI6, STM32WBA55UEI6TR, STM32WBA55UEI7, STM32WBA55UEI7TR, STM32WBA55UGI6, STM32WBA55UGI6TR, STM32WBA55UGI7, STM32WBA55UGI7TR, STM32WL5MOCH6, STM32WL5MOCH6TR]
2024-06-05 10:54:03,245 [INFO] BoardInfo:889 - No configuration file found for board P-NUCLEO-WB55
2024-06-05 10:54:03,246 [INFO] DbBoards:161 - Kit is not supported: P-NUCLEO-WB55
2024-06-05 10:54:03,260 [INFO] BoardInfo:889 - No configuration file found for board STEVAL-BFA001V1B
2024-06-05 10:54:03,260 [INFO] DbBoards:161 - Kit is not supported: STEVAL-BFA001V1B
2024-06-05 10:54:03,263 [INFO] BoardInfo:889 - No configuration file found for board STEVAL-BFA001V2B
2024-06-05 10:54:03,264 [INFO] DbBoards:161 - Kit is not supported: STEVAL-BFA001V2B
2024-06-05 10:54:03,600 [INFO] DbBoards:168 - Found 199 boards, 196 are supported
2024-06-05 10:54:03,601 [INFO] DbBoards:169 - Found 199 boards, 8 of them is supported for  Bsp
2024-06-05 10:54:03,610 [INFO] ApiDb:668 - CubeFinder database Data Model version=2.1
2024-06-05 10:54:03,610 [INFO] ApiDb:669 - CubeFinder database Configuration version=3.0.39
2024-06-05 10:54:03,610 [INFO] ApiDb:670 - CubeFinder database generation date=2024-05-16 (1715872938)
2024-06-05 10:54:03,610 [INFO] ApiDb:671 - CubeFinder database FW Pack versions=[FP-ATR-ASTRA1_V2.0.0, FP-SNS-FLIGHT1_V5.0.1, FP-SNS-FLIGHT1_V5.0.2, FP-SNS-MOTENV1_V4.3.1, FP-SNS-MOTENV1_V4.3.2, FP-SNS-MOTENV1_V5.0.0, FP-SNS-MOTENVWB1_V1.4.0, FP-SNS-SMARTAG2_V1.2.0, STM32Cube_FW_C0_V1.1.0, STM32Cube_FW_F4_V1.28.0, STM32Cube_FW_F7_V1.17.0, STM32Cube_FW_G0_V1.6.2, STM32Cube_FW_G4_V1.5.2, STM32Cube_FW_H5_V0.5.1, STM32Cube_FW_H5_V1.1.1, STM32Cube_FW_H5_V1.2.0, STM32Cube_FW_H5_V1.2.0RC4, STM32Cube_FW_H7RS_V1.0.0, STM32Cube_FW_H7RS_V1.0.0RC4, STM32Cube_FW_H7_V1.11.0, STM32Cube_FW_L0_V1.12.2, STM32Cube_FW_L5_V1.5.1, STM32Cube_FW_U0_V1.0.0, STM32Cube_FW_U0_V1.0.0RC1, STM32Cube_FW_U5_V1.3.0RC4, STM32Cube_FW_U5_V1.5.0, STM32Cube_FW_U5_V1.5.0RC1, STM32Cube_FW_WBA_V1.0.0RC1, STM32Cube_FW_WBA_V1.2.0, STM32Cube_FW_WBA_V1.2.0RC2, STM32Cube_FW_WBA_V1.3.0, STM32Cube_FW_WBA_V1.3.0RC1, STM32Cube_FW_WB_V1.15.0RC1, STM32Cube_FW_WB_V1.16.0, STM32Cube_FW_WB_V1.16.0RC2, STM32Cube_FW_WB_V1.18.0, STM32Cube_FW_WB_V1.19.0, STM32Cube_FW_WL_V1.3.0, X-CUBE-ALGOBUILD_V1.4.0, X-CUBE-ALS_V1.0.1, X-CUBE-AZRTOS-F4_V1.1.0, X-CUBE-AZRTOS-F7_V1.1.0, X-CUBE-AZRTOS-G0_V1.1.0, X-CUBE-AZRTOS-G4_V2.0.0, X-CUBE-AZRTOS-H7_V3.2.0, X-CUBE-AZRTOS-L4_V1.0.0, X-CUBE-AZRTOS-L4_V2.0.0, X-CUBE-AZRTOS-L5_V1.1.0, X-CUBE-AZRTOS-WB_V2.0.0, X-CUBE-AZRTOS-WL_V2.0.0, X-CUBE-BLE1_V7.0.0, X-CUBE-BLE2_V3.3.0, X-CUBE-BLEMGR_V3.1.0, X-CUBE-EEPRMA1_V4.1.0, X-CUBE-EEPRMA1_V5.1.0, X-CUBE-FREERTOS_V1.1.0, X-CUBE-GNSS1_V6.0.0, X-CUBE-MEMS1_V10.0.0, X-CUBE-MEMS1_V9.1.0, X-CUBE-MEMS1_V9.4.0, X-CUBE-MEMS1_V9.6.0, X-CUBE-NFC4_V3.0.0, X-CUBE-NFC7_V1.0.1, X-CUBE-SFXS2LP1_V4.0.0, X-CUBE-SUBG2_V5.0.0, X-CUBE-TOF1_V3.4.0]
2024-06-05 10:54:08,147 [INFO] ApiDb:240 - Found 483 in-development CPN: [B-G473E-ZEST1S, B-WB1M-WPAN1, B-WL5M-SUBG1, NUCLEO-C031C6, NUCLEO-H503RB, NUCLEO-H533RE, NUCLEO-H563ZI, NUCLEO-H7S3L8, NUCLEO-U031R8, NUCLEO-U083RC, NUCLEO-U545RE-Q, NUCLEO-U5A5ZJ-Q, NUCLEO-WBA52CG, NUCLEO-WBA55CG, STEVAL-PROTEUS1, STEVAL-SMARTAG2, STEVAL-STWINBX1, STM320518-EVAL, STM32C0116-DK, STM32C011D6Y3TR, STM32C011D6Y6TR, STM32C011F4P3, STM32C011F4P6, STM32C011F4U3, STM32C011F4U6TR, STM32C011F6P3, STM32C011F6P6, STM32C011F6U3, STM32C011F6U6TR, STM32C011J4M3, STM32C011J4M6, STM32C011J6M3, STM32C011J6M6, STM32C0316-DK, STM32C031C4T3, STM32C031C4T6, STM32C031C4U3, STM32C031C4U6, STM32C031C6T3, STM32C031C6T6, STM32C031C6U3, STM32C031C6U6, STM32C031F4P3, STM32C031F4P6, STM32C031F6P3, STM32C031F6P6, STM32C031G4U3, STM32C031G4U6, STM32C031G6U3, STM32C031G6U6, STM32C031K4T3, STM32C031K4T6, STM32C031K4U3, STM32C031K4U6, STM32C031K6T3, STM32C031K6T6, STM32C031K6U3, STM32C031K6U6, STM32G071K8TXN, STM32G071K8UXN, STM32G081GBU6N, STM32G081KBT6N, STM32G081KBUXN, STM32G0B1CCT6N, STM32G0B1KCT6, STM32G0B1NEY6TR, STM32G0B1RCT6N, STM32G0C1CCT6, STM32G0C1CCT6N, STM32G0C1CCU6N, STM32G0C1CET6N, STM32G0C1CEU6N, STM32G0C1KCT6, STM32G0C1NEY6TR, STM32G0C1RCI6N, STM32G0C1RCT6N, STM32G0C1REI6N, STM32G0C1RET6N, STM32G0C1VCI6, STM32G0C1VEI6, STM32G471CCT6, STM32G471CCU6, STM32G471CET3, STM32G471CET6, STM32G471CEU3, STM32G471CEU6, STM32G471MCT6, STM32G471MET3, STM32G471MET6, STM32G471MEY6TR, STM32G471QCT6, STM32G471QET3, STM32G471RCT6, STM32G471RET3, STM32G471RET6, STM32G471VCH6, STM32G471VCI6, STM32G471VCT6, STM32G471VEH3, STM32G471VEH6, STM32G471VEI3, STM32G471VEI6, STM32G471VET3, STM32G471VET6, STM32G474CCT6, STM32H503CBT6, STM32H503CBU6, STM32H503EBY6TR, STM32H503KBU6, STM32H503RBT6, STM32H523CCT6, STM32H523CCU6, STM32H523CET6, STM32H523CEU6, STM32H523HEY6TR, STM32H523RCT6, STM32H523RET6, STM32H523VCI6, STM32H523VCT6, STM32H523VEI6, STM32H523VET6, STM32H523ZCJ6, STM32H523ZCT6, STM32H523ZEJ6, STM32H523ZET6, STM32H533CET6, STM32H533CEU6, STM32H533HEY6TR, STM32H533RET6, STM32H533VEI6, STM32H533VET6, STM32H533ZEJ6, STM32H533ZET6, STM32H562AGI6, STM32H562AII6, STM32H562IGK6, STM32H562IGT6, STM32H562IIK6, STM32H562IIT6, STM32H562RGT6, STM32H562RGV6, STM32H562RIT6, STM32H562RIV6, STM32H562VGT6, STM32H562VIT6, STM32H562ZGT6, STM32H562ZIT6, STM32H563AGI6, STM32H563AII3Q, STM32H563AII6, STM32H563IGK6, STM32H563IGT6, STM32H563IIK3Q, STM32H563IIK6, STM32H563IIT3Q, STM32H563IIT6, STM32H563MIY3QTR, STM32H563RGT6, STM32H563RGV6, STM32H563RIT6, STM32H563RIV6, STM32H563VGT6, STM32H563VIT3Q, STM32H563VIT6, STM32H563ZGT6, STM32H563ZIT3Q, STM32H563ZIT6, STM32H573AII3Q, STM32H573AII6, STM32H573I-DK, STM32H573IIK3Q, STM32H573IIK6, STM32H573IIT3Q, STM32H573IIT6, STM32H573MIY3QTR, STM32H573RIT6, STM32H573RIV6, STM32H573VIT3Q, STM32H573VIT6, STM32H573ZIT3Q, STM32H573ZIT6, STM32H7R3A8I6, STM32H7R3I8K6, STM32H7R3I8T6, STM32H7R3L8H6, STM32H7R3L8H6H, STM32H7R3R8V6, STM32H7R3V8H6, STM32H7R3V8T6, STM32H7R3V8Y6, STM32H7R3Z8J6, STM32H7R3Z8T6, STM32H7R7A8I6, STM32H7R7I8K6, STM32H7R7I8T6, STM32H7R7L8H6, STM32H7R7L8H6H, STM32H7R7Z8J6, STM32H7S3A8I6, STM32H7S3I8K6, STM32H7S3I8T6, STM32H7S3L8H6, STM32H7S3L8H6H, STM32H7S3R8V6, STM32H7S3V8H6, STM32H7S3V8T6, STM32H7S3V8Y6, STM32H7S3Z8J6, STM32H7S3Z8T6, STM32H7S78-DK, STM32H7S7A8I6, STM32H7S7I8K6, STM32H7S7I8T6, STM32H7S7L8H6, STM32H7S7L8H6H, STM32H7S7Z8J6, STM32L4R5QGI6STR, STM32MP131AAE3, STM32MP131AAF3, STM32MP131AAG3, STM32MP131CAE3, STM32MP131CAF3, STM32MP131CAG3, STM32MP131DAE7, STM32MP131DAF7, STM32MP131DAG7, STM32MP131FAE7, STM32MP131FAF7, STM32MP131FAG7, STM32MP133AAE3, STM32MP133AAF3, STM32MP133AAG3, STM32MP133CAE3, STM32MP133CAF3, STM32MP133CAG3, STM32MP133DAE7, STM32MP133DAF7, STM32MP133DAG7, STM32MP133FAE7, STM32MP133FAF7, STM32MP133FAG7, STM32MP135AAE3, STM32MP135AAF3, STM32MP135AAG3, STM32MP135CAE3, STM32MP135CAF3, STM32MP135CAG3, STM32MP135DAE7, STM32MP135DAF7, STM32MP135DAG7, STM32MP135F-DK, STM32MP135FAE7, STM32MP135FAF7, STM32MP135FAF7T, STM32MP135FAF7U, STM32MP135FAG7, STM32U031C6T6, STM32U031C6U6, STM32U031C8T6, STM32U031C8U6, STM32U031F4P6, STM32U031F6P6, STM32U031F8P6, STM32U031G6Y6TR, STM32U031G8Y6TR, STM32U031K4U6, STM32U031K6U6, STM32U031K8U6, STM32U031R6I6, STM32U031R6T6, STM32U031R8I6, STM32U031R8T6, STM32U073C8T6, STM32U073C8U6, STM32U073CBT6, STM32U073CBU6, STM32U073CCT6, STM32U073CCU6, STM32U073H8Y6TR, STM32U073HBY6TR, STM32U073HCY6TR, STM32U073K8U6, STM32U073KBU6, STM32U073KCU6, STM32U073M8I6, STM32U073M8T6, STM32U073MBI6, STM32U073MBT6, STM32U073MCI6, STM32U073MCT6, STM32U073R8I6, STM32U073R8T6, STM32U073RBI6, STM32U073RBT6, STM32U073RCI6, STM32U073RCT6, STM32U083C-DK, STM32U083CCT6, STM32U083CCU6, STM32U083HCY6TR, STM32U083KCU6, STM32U083MCI6, STM32U083MCT6, STM32U083RCI6, STM32U083RCT6, STM32U535CBT6, STM32U535CBT6Q, STM32U535CBU6, STM32U535CBU6Q, STM32U535CCT6, STM32U535CCT6Q, STM32U535CCU6, STM32U535CCU6Q, STM32U535CET6, STM32U535CET6Q, STM32U535CEU6, STM32U535CEU6Q, STM32U535JEY6QTR, STM32U535NCY6QTR, STM32U535NEY6QTR, STM32U535RBI6, STM32U535RBI6Q, STM32U535RBT6, STM32U535RBT6Q, STM32U535RCI6, STM32U535RCI6Q, STM32U535RCT6, STM32U535RCT6Q, STM32U535REI6, STM32U535REI6Q, STM32U535RET6, STM32U535RET6Q, STM32U535VCI6, STM32U535VCI6Q, STM32U535VCT6, STM32U535VCT6Q, STM32U535VEI6, STM32U535VEI6Q, STM32U535VET6, STM32U535VET6Q, STM32U545CET6, STM32U545CET6Q, STM32U545CEU6, STM32U545CEU6Q, STM32U545JEY6QTR, STM32U545NEY6QTR, STM32U545REI6, STM32U545REI6Q, STM32U545RET6, STM32U545RET6Q, STM32U545VEI6, STM32U545VEI6Q, STM32U545VET6, STM32U545VET6Q, STM32U595AIH6, STM32U595AIH6Q, STM32U595AJH6, STM32U595AJH6Q, STM32U595QII6, STM32U595QII6Q, STM32U595QJI6, STM32U595QJI6Q, STM32U595RIT6, STM32U595RIT6Q, STM32U595RJT6, STM32U595RJT6Q, STM32U595VIT6, STM32U595VIT6Q, STM32U595VJT6, STM32U595VJT6Q, STM32U595ZIT6, STM32U595ZIT6Q, STM32U595ZIY6QTR, STM32U595ZJT6, STM32U595ZJT6Q, STM32U595ZJY6QTR, STM32U599BJY6QTR, STM32U599NIH6Q, STM32U599NJH6Q, STM32U599VIT6Q, STM32U599VJT6, STM32U599VJT6Q, STM32U599ZIT6Q, STM32U599ZIY6QTR, STM32U599ZJT6Q, STM32U599ZJY6QTR, STM32U5A5AJH6, STM32U5A5AJH6Q, STM32U5A5QII3Q , STM32U5A5QJI6, STM32U5A5QJI6Q, STM32U5A5RJT6, STM32U5A5RJT6Q, STM32U5A5VJT6, STM32U5A5VJT6Q, STM32U5A5ZJT6, STM32U5A5ZJT6Q, STM32U5A5ZJY6QTR, STM32U5A9BJY6QTR, STM32U5A9J-DK, STM32U5A9NJH6Q, STM32U5A9VJT6Q, STM32U5A9ZJT6Q, STM32U5A9ZJY6QTR, STM32U5F7VIT6, STM32U5F7VIT6Q, STM32U5F7VJT6, STM32U5F7VJT6Q, STM32U5F9BJY6QTR, STM32U5F9NJH6Q, STM32U5F9VIT6Q, STM32U5F9VJT6Q, STM32U5F9ZIJ6QTR, STM32U5F9ZIT6Q, STM32U5F9ZJJ6QTR, STM32U5F9ZJT6Q, STM32U5G7VJT6, STM32U5G7VJT6Q, STM32U5G9BJY6QTR, STM32U5G9J-DK1, STM32U5G9J-DK2, STM32U5G9NJH6Q, STM32U5G9VJT6Q, STM32U5G9ZJJ6QTR, STM32U5G9ZJT6Q, STM32WB1MMCH6, STM32WBA50KEU6, STM32WBA50KEU6TR, STM32WBA50KGU6, STM32WBA50KGU6TR, STM32WBA52CEU6, STM32WBA52CEU6TR, STM32WBA52CEU7, STM32WBA52CEU7TR, STM32WBA52CGU6, STM32WBA52CGU6TR, STM32WBA52CGU6U, STM32WBA52CGU7, STM32WBA52CGU7TR, STM32WBA52KEU6, STM32WBA52KEU6TR, STM32WBA52KGU6, STM32WBA52KGU6TR, STM32WBA54CEU6, STM32WBA54CEU6TR, STM32WBA54CEU7, STM32WBA54CEU7TR, STM32WBA54CGU6, STM32WBA54CGU6TR, STM32WBA54CGU7, STM32WBA54CGU7TR, STM32WBA54KEU6, STM32WBA54KEU6TR, STM32WBA54KEU7, STM32WBA54KEU7TR, STM32WBA54KGU6, STM32WBA54KGU6TR, STM32WBA54KGU7, STM32WBA54KGU7TR, STM32WBA55CEU6, STM32WBA55CEU6TR, STM32WBA55CEU7, STM32WBA55CEU7TR, STM32WBA55CGU6, STM32WBA55CGU6TR, STM32WBA55CGU6U, STM32WBA55CGU7, STM32WBA55CGU7TR, STM32WBA55G-DK1, STM32WBA55HEF6, STM32WBA55HEF7, STM32WBA55HGF6, STM32WBA55HGF7, STM32WBA55UEI6, STM32WBA55UEI6TR, STM32WBA55UEI7, STM32WBA55UEI7TR, STM32WBA55UGI6, STM32WBA55UGI6TR, STM32WBA55UGI7, STM32WBA55UGI7TR, STM32WL5MOCH6, STM32WL5MOCH6TR]
2024-06-05 10:54:08,155 [INFO] DbMcus:218 - Found 4096 MCUs, 4096 are supported
2024-06-05 10:54:08,179 [INFO] ApiDb:423 - Load user favorites file C:\Users\User/.stm32cubeide/favorites.mcus.txt: 1 item(s)
2024-06-05 10:54:08,180 [INFO] ApiDb:427 - User favorites MCUs=[STM32C011F6P6]
2024-06-05 10:54:08,180 [INFO] DbMcus:224 - Set 1 / 1 favorites MCUs
2024-06-05 10:54:09,390 [INFO] ApiDb:423 - Load user favorites file C:\Users\User/.stm32cubeide/favorites.boards.txt: 0 item(s)
2024-06-05 10:54:09,391 [INFO] ApiDb:427 - User favorites Boards=[]
2024-06-05 10:54:09,391 [INFO] DbBoards:198 - Set 0 / 0 favorites Boards
2024-06-05 10:54:09,444 [INFO] UtilMem:75 - End LoadConfig() Used Memory: 202813888 Bytes (528482304)
2024-06-05 10:54:10,130 [WARN] ThirdParty:833 - waiting for thirdparty lock release [change project]
2024-06-05 10:54:10,131 [INFO] ThirdParty:835 - entering critical section [change project]
2024-06-05 10:54:10,131 [INFO] ThirdParty:1030 - CMSIS Pack Vendor :STMicroelectronics X-CUBE-ISPU 1.1.0
2024-06-05 10:54:10,132 [INFO] ThirdParty:1030 - CMSIS Pack Vendor :STMicroelectronics USBPD 4.1
2024-06-05 10:54:10,133 [INFO] ThirdParty:1030 - CMSIS Pack Vendor :STMicroelectronics X-CUBE-GNSS1 6.0.0
2024-06-05 10:54:10,134 [INFO] ThirdParty:1030 - CMSIS Pack Vendor :STMicroelectronics USB_HOST 2.0.0
2024-06-05 10:54:10,135 [INFO] ThirdParty:1030 - CMSIS Pack Vendor :STMicroelectronics FP-SNS-MOTENVWB1 1.4.0
2024-06-05 10:54:10,135 [INFO] ThirdParty:1030 - CMSIS Pack Vendor :STMicroelectronics X-CUBE-AZRTOS-F4 1.1.0
2024-06-05 10:54:10,135 [INFO] ThirdParty:1030 - CMSIS Pack Vendor :STMicroelectronics LIBJPEG 8.0.0
2024-06-05 10:54:10,136 [INFO] ThirdParty:1030 - CMSIS Pack Vendor :wolfSSL I-CUBE-wolfSSL 5.6.3
2024-06-05 10:54:10,136 [INFO] ThirdParty:1030 - CMSIS Pack Vendor :STMicroelectronics X-CUBE-SMBUS 2.1.0
2024-06-05 10:54:10,136 [INFO] ThirdParty:1030 - CMSIS Pack Vendor :STMicroelectronics USB_DEVICE 3.0.0
2024-06-05 10:54:10,136 [INFO] ThirdParty:1030 - CMSIS Pack Vendor :STMicroelectronics X-CUBE-TCPP 4.1.0
2024-06-05 10:54:10,136 [INFO] ThirdParty:1030 - CMSIS Pack Vendor :STMicroelectronics X-CUBE-FREERTOS 1.2.0
2024-06-05 10:54:10,136 [INFO] ThirdParty:1030 - CMSIS Pack Vendor :STMicroelectronics X-CUBE-AZRTOS-WB 2.0.0
2024-06-05 10:54:10,136 [INFO] ThirdParty:1030 - CMSIS Pack Vendor :STMicroelectronics X-CUBE-TOUCHGFX 4.23.0
2024-06-05 10:54:10,136 [INFO] ThirdParty:1030 - CMSIS Pack Vendor :STMicroelectronics X-CUBE-TOUCHGFX 4.23.2
2024-06-05 10:54:10,136 [INFO] ThirdParty:1030 - CMSIS Pack Vendor :STMicroelectronics X-CUBE-AZRTOS-F7 1.1.0
2024-06-05 10:54:10,137 [INFO] ThirdParty:1030 - CMSIS Pack Vendor :STMicroelectronics X-CUBE-AZRTOS-L5 2.0.0
2024-06-05 10:54:10,137 [INFO] ThirdParty:1030 - CMSIS Pack Vendor :STMicroelectronics USB_DEVICE 2.0.0
2024-06-05 10:54:10,137 [INFO] ThirdParty:1030 - CMSIS Pack Vendor :STMicroelectronics X-CUBE-MEMS1 9.6.0
2024-06-05 10:54:10,137 [INFO] ThirdParty:1030 - CMSIS Pack Vendor :STMicroelectronics X-CUBE-EEPRMA1 4.2.0
2024-06-05 10:54:10,137 [INFO] ThirdParty:1030 - CMSIS Pack Vendor :STMicroelectronics X-CUBE-NFC6 3.1.0
2024-06-05 10:54:10,137 [INFO] ThirdParty:1030 - CMSIS Pack Vendor :ITTIA_DB I-CUBE-ITTIADB 8.8.0
2024-06-05 10:54:10,137 [INFO] ThirdParty:1030 - CMSIS Pack Vendor :STMicroelectronics FP-SNS-MOTENV1 4.3.2
2024-06-05 10:54:10,137 [INFO] ThirdParty:1030 - CMSIS Pack Vendor :STMicroelectronics X-CUBE-ALGOBUILD 1.3.0
2024-06-05 10:54:10,137 [INFO] ThirdParty:1030 - CMSIS Pack Vendor :STMicroelectronics FreeRTOS 0.0.1
2024-06-05 10:54:10,137 [INFO] ThirdParty:1030 - CMSIS Pack Vendor :STMicroelectronics X-CUBE-AZRTOS-G0 1.1.0
2024-06-05 10:54:10,137 [INFO] ThirdParty:1030 - CMSIS Pack Vendor :STMicroelectronics X-CUBE-BLEMGR 2.0.0
2024-06-05 10:54:10,138 [INFO] ThirdParty:1030 - CMSIS Pack Vendor :STMicroelectronics X-CUBE-SAFEA1 1.2.2
2024-06-05 10:54:10,138 [INFO] ThirdParty:1030 - CMSIS Pack Vendor :STMicroelectronics X-CUBE-NFC4 3.0.0
2024-06-05 10:54:10,138 [INFO] ThirdParty:1030 - CMSIS Pack Vendor :STMicroelectronics X-CUBE-SUBG2 5.0.0
2024-06-05 10:54:10,138 [INFO] ThirdParty:1030 - CMSIS Pack Vendor :STMicroelectronics STM32_WPAN 1.0.0
2024-06-05 10:54:10,138 [INFO] ThirdParty:1030 - CMSIS Pack Vendor :wolfSSL I-CUBE-wolfMQTT 1.18.0
2024-06-05 10:54:10,138 [INFO] ThirdParty:1030 - CMSIS Pack Vendor :STMicroelectronics lwIP 2.0.3
2024-06-05 10:54:10,138 [INFO] ThirdParty:1030 - CMSIS Pack Vendor :STMicroelectronics FP-SNS-FLIGHT1 5.0.2
2024-06-05 10:54:10,138 [INFO] ThirdParty:1030 - CMSIS Pack Vendor :STMicroelectronics USB_HOST 1.0.0
2024-06-05 10:54:10,138 [INFO] ThirdParty:1030 - CMSIS Pack Vendor :STMicroelectronics X-CUBE-TOF1 3.3.1
2024-06-05 10:54:10,138 [INFO] ThirdParty:1030 - CMSIS Pack Vendor :STMicroelectronics X-CUBE-AI 9.0.0
2024-06-05 10:54:10,138 [INFO] ThirdParty:1030 - CMSIS Pack Vendor :STMicroelectronics X-CUBE-AZRTOS-G4 2.0.0
2024-06-05 10:54:10,139 [INFO] ThirdParty:1030 - CMSIS Pack Vendor :STMicroelectronics PDM2PCM 3.1.0
2024-06-05 10:54:10,139 [INFO] ThirdParty:1030 - CMSIS Pack Vendor :STMicroelectronics X-CUBE-AZRTOS-H7 3.1.0
2024-06-05 10:54:10,139 [INFO] ThirdParty:1030 - CMSIS Pack Vendor :Infineon AIROC-Wi-Fi-Bluetooth-STM32 1.5.1
2024-06-05 10:54:10,139 [INFO] ThirdParty:1030 - CMSIS Pack Vendor :STMicroelectronics X-CUBE-BLEMGR 3.0.0
2024-06-05 10:54:10,139 [INFO] ThirdParty:1030 - CMSIS Pack Vendor :STMicroelectronics PDM2PCM 3.3.0
2024-06-05 10:54:10,139 [INFO] ThirdParty:1030 - CMSIS Pack Vendor :STMicroelectronics X-CUBE-DISPLAY 3.0.0
2024-06-05 10:54:10,139 [INFO] ThirdParty:1030 - CMSIS Pack Vendor :STMicroelectronics FP-SNS-MOTENVWB1 1.3.1
2024-06-05 10:54:10,139 [INFO] ThirdParty:1030 - CMSIS Pack Vendor :STMicroelectronics X-CUBE-BLE1 7.0.0
2024-06-05 10:54:10,139 [INFO] ThirdParty:1030 - CMSIS Pack Vendor :STMicroelectronics FP-ATR-SIGFOX1 3.2.0
2024-06-05 10:54:10,140 [INFO] ThirdParty:1030 - CMSIS Pack Vendor :STMicroelectronics X-CUBE-ISPU 2.0.0
2024-06-05 10:54:10,140 [INFO] ThirdParty:1030 - CMSIS Pack Vendor :STMicroelectronics X-CUBE-EEPRMA1 5.1.0
2024-06-05 10:54:10,140 [INFO] ThirdParty:1030 - CMSIS Pack Vendor :STMicroelectronics HAL Drivers 0.0.0
2024-06-05 10:54:10,140 [INFO] ThirdParty:1030 - CMSIS Pack Vendor :STMicroelectronics MBEDTLS 2.16.2
2024-06-05 10:54:10,140 [INFO] ThirdParty:1030 - CMSIS Pack Vendor :STMicroelectronics X-CUBE-ALS 1.0.2
2024-06-05 10:54:10,140 [INFO] ThirdParty:1030 - CMSIS Pack Vendor :emotas I-CUBE-CANOPEN 1.3.0
2024-06-05 10:54:10,140 [INFO] ThirdParty:1030 - CMSIS Pack Vendor :STMicroelectronics X-CUBE-MEMS1 10.0.0
2024-06-05 10:54:10,140 [INFO] ThirdParty:1030 - CMSIS Pack Vendor :STMicroelectronics X-CUBE-FREERTOS 1.1.0
2024-06-05 10:54:10,140 [INFO] ThirdParty:1030 - CMSIS Pack Vendor :STMicroelectronics X-CUBE-NFC7 1.0.1
2024-06-05 10:54:10,140 [INFO] ThirdParty:1030 - CMSIS Pack Vendor :STMicroelectronics MBEDTLS 2.14.1
2024-06-05 10:54:10,141 [INFO] ThirdParty:1030 - CMSIS Pack Vendor :STMicroelectronics X-CUBE-TOUCHGFX 4.22.1
2024-06-05 10:54:10,141 [INFO] ThirdParty:1030 - CMSIS Pack Vendor :STMicroelectronics X-CUBE-NFC6 3.0.0
2024-06-05 10:54:10,141 [INFO] ThirdParty:1030 - CMSIS Pack Vendor :STMicroelectronics X-CUBE-EEPRMA1 4.1.0
2024-06-05 10:54:10,141 [INFO] ThirdParty:1030 - CMSIS Pack Vendor :portGmbH I-Cube-SoM-uGOAL 1.1.0
2024-06-05 10:54:10,141 [INFO] ThirdParty:1030 - CMSIS Pack Vendor :STMicroelectronics X-CUBE-ALS 1.0.1
2024-06-05 10:54:10,141 [INFO] ThirdParty:1030 - CMSIS Pack Vendor :STMicroelectronics X-CUBE-BLEMGR 3.1.0
2024-06-05 10:54:10,141 [INFO] ThirdParty:1030 - CMSIS Pack Vendor :STMicroelectronics ThreadX 1.0.0
2024-06-05 10:54:10,141 [INFO] ThirdParty:1030 - CMSIS Pack Vendor :STMicroelectronics FP-SNS-SMARTAG2 1.2.0
2024-06-05 10:54:10,141 [INFO] ThirdParty:1030 - CMSIS Pack Vendor :STMicroelectronics X-CUBE-AZRTOS-WL 2.0.0
2024-06-05 10:54:10,141 [INFO] ThirdParty:1030 - CMSIS Pack Vendor :SEGGER I-CUBE-embOS 1.3.1
2024-06-05 10:54:10,141 [INFO] ThirdParty:1030 - CMSIS Pack Vendor :STMicroelectronics X-CUBE-ALGOBUILD 1.4.0
2024-06-05 10:54:10,142 [INFO] ThirdParty:1030 - CMSIS Pack Vendor :STMicroelectronics FP-SNS-MOTENV1 5.0.0
2024-06-05 10:54:10,142 [INFO] ThirdParty:1030 - CMSIS Pack Vendor :STMicroelectronics USB_DEVICE 1.0.0
2024-06-05 10:54:10,142 [INFO] ThirdParty:1030 - CMSIS Pack Vendor :STMicroelectronics X-CUBE-AI 8.1.0
2024-06-05 10:54:10,142 [INFO] ThirdParty:1030 - CMSIS Pack Vendor :STMicroelectronics X-CUBE-AZRTOS-H7RS 1.0.0
2024-06-05 10:54:10,142 [INFO] ThirdParty:1030 - CMSIS Pack Vendor :STMicroelectronics X-CUBE-AZRTOS-L4 2.0.0
2024-06-05 10:54:10,142 [INFO] ThirdParty:1030 - CMSIS Pack Vendor :STMicroelectronics ThreadX 0.0.2
2024-06-05 10:54:10,142 [INFO] ThirdParty:1030 - CMSIS Pack Vendor :WES I-CUBE-Cesium 1.3.0
2024-06-05 10:54:10,142 [INFO] ThirdParty:1030 - CMSIS Pack Vendor :STMicroelectronics FP-ATR-ASTRA1 2.0.0
2024-06-05 10:54:10,143 [INFO] ThirdParty:1030 - CMSIS Pack Vendor :STMicroelectronics lwIP 2.1.2
2024-06-05 10:54:10,143 [INFO] ThirdParty:1030 - CMSIS Pack Vendor :STMicroelectronics X-CUBE-SFXS2LP1 4.0.0
2024-06-05 10:54:10,143 [INFO] ThirdParty:1030 - CMSIS Pack Vendor :STMicroelectronics X-CUBE-BLE2 3.3.0
2024-06-05 10:54:10,143 [INFO] ThirdParty:1030 - CMSIS Pack Vendor :STMicroelectronics X-CUBE-TOF1 3.4.0
2024-06-05 10:54:10,143 [INFO] ThirdParty:1030 - CMSIS Pack Vendor :STMicroelectronics X-CUBE-TOF1 3.4.1
2024-06-05 10:54:10,143 [INFO] ThirdParty:1030 - CMSIS Pack Vendor :STMicroelectronics X-CUBE-AZRTOS-H7 3.2.0
2024-06-05 10:54:10,143 [INFO] ThirdParty:1030 - CMSIS Pack Vendor :STMicroelectronics PDM2PCM 3.2.0
2024-06-05 10:54:10,143 [INFO] ThirdParty:841 - exiting critical section [change project]
2024-06-05 10:54:11,340 [INFO] PinOutPanel:1561 - setPackage(No Configuration,No Configuration)
2024-06-05 10:54:11,349 [INFO] PinOutPanel:1561 - setPackage(STM32C011F6Px,TSSOP20)
2024-06-05 10:54:13,089 [INFO] UtilMem:75 - Before build in PCC Used Memory: 227024504 Bytes (528482304)
2024-06-05 10:54:20,961 [INFO] UtilMem:75 - After build in PCC Used Memory: 427627376 Bytes (528482304)
2024-06-05 10:54:21,084 [INFO] IPUIPlugin:80 - create IPUIPlugin
2024-06-05 10:54:21,086 [INFO] IPUIPlugin:80 - create IPUIPlugin
2024-06-05 10:54:21,086 [INFO] IPUIPlugin:80 - create IPUIPlugin
2024-06-05 10:54:21,086 [INFO] IPUIPlugin:80 - create IPUIPlugin
2024-06-05 10:54:21,087 [INFO] IPUIPlugin:80 - create IPUIPlugin
2024-06-05 10:54:21,087 [INFO] IPUIPlugin:80 - create IPUIPlugin
2024-06-05 10:54:21,088 [INFO] IPUIPlugin:80 - create IPUIPlugin
2024-06-05 10:54:21,088 [INFO] IPUIPlugin:80 - create IPUIPlugin
2024-06-05 10:54:21,088 [INFO] IPUIPlugin:80 - create IPUIPlugin
2024-06-05 10:54:21,089 [INFO] IPUIPlugin:80 - create IPUIPlugin
2024-06-05 10:54:21,089 [INFO] IPUIPlugin:80 - create IPUIPlugin
2024-06-05 10:54:21,090 [INFO] IPUIPlugin:80 - create IPUIPlugin
2024-06-05 10:54:21,090 [INFO] IPUIPlugin:80 - create IPUIPlugin
2024-06-05 10:54:21,091 [INFO] IPUIPlugin:80 - create IPUIPlugin
2024-06-05 10:54:21,213 [INFO] IPUIPlugin:80 - create IPUIPlugin
2024-06-05 10:54:21,213 [INFO] IPUIPlugin:80 - create IPUIPlugin
2024-06-05 10:54:21,214 [INFO] IPUIPlugin:80 - create IPUIPlugin
2024-06-05 10:54:21,215 [INFO] IPUIPlugin:80 - create IPUIPlugin
2024-06-05 10:54:21,614 [INFO] IPUIPlugin:80 - create IPUIPlugin
2024-06-05 10:54:21,616 [INFO] IPUIPlugin:80 - create IPUIPlugin
2024-06-05 10:54:21,617 [INFO] IPUIPlugin:80 - create IPUIPlugin
2024-06-05 10:54:21,617 [INFO] IPUIPlugin:80 - create IPUIPlugin
2024-06-05 10:54:21,618 [INFO] IPUIPlugin:80 - create IPUIPlugin
2024-06-05 10:54:21,619 [INFO] IPUIPlugin:80 - create IPUIPlugin
2024-06-05 10:54:21,622 [INFO] IPUIPlugin:80 - create IPUIPlugin
2024-06-05 10:54:21,623 [INFO] IPUIPlugin:80 - create IPUIPlugin
2024-06-05 10:54:21,696 [WARN] IP:2120 - FIFOMode not found: check if there is a RefParameter without a condition.
2024-06-05 10:54:21,697 [WARN] IP:2120 - TXFIFOThreshold not found: check if there is a RefParameter without a condition.
2024-06-05 10:54:21,697 [WARN] IP:2120 - RXFIFOThreshold not found: check if there is a RefParameter without a condition.
2024-06-05 10:54:21,697 [WARN] IP:2120 - AutoBaudRateEnableParam not found: check if there is a RefParameter without a condition.
2024-06-05 10:54:22,877 [INFO] CADModel:165 - CPN selected for project levelSTM32C011F6P6
2024-06-05 10:54:22,878 [INFO] CADModel:114 - Register for checkConnection events
2024-06-05 10:54:27,893 [INFO] OpenFileManager:343 - Restore cursor
2024-06-05 10:54:28,400 [WARN] IP:2120 - FIFOMode not found: check if there is a RefParameter without a condition.
2024-06-05 10:54:28,400 [WARN] IP:2120 - TXFIFOThreshold not found: check if there is a RefParameter without a condition.
2024-06-05 10:54:28,400 [WARN] IP:2120 - RXFIFOThreshold not found: check if there is a RefParameter without a condition.
2024-06-05 10:54:28,400 [WARN] IP:2120 - AutoBaudRateEnableParam not found: check if there is a RefParameter without a condition.
2024-06-05 10:54:28,405 [WARN] IP:2120 - FIFOMode not found: check if there is a RefParameter without a condition.
2024-06-05 10:54:28,406 [WARN] IP:2120 - TXFIFOThreshold not found: check if there is a RefParameter without a condition.
2024-06-05 10:54:28,406 [WARN] IP:2120 - RXFIFOThreshold not found: check if there is a RefParameter without a condition.
2024-06-05 10:54:28,406 [WARN] IP:2120 - AutoBaudRateEnableParam not found: check if there is a RefParameter without a condition.
