2024-05-15 10:54:18,832 [INFO] Activator:176 - 


2024-05-15 10:54:18,846 [INFO] Activator:177 - !SESSION log4j initialized
2024-05-15 10:54:43,966 [INFO] LogOutputStream:77 - [STDOUT_REDIRECT] 
2024-05-15 10:54:59,951 [INFO] ApplicationProperties:184 - Using Application install path: C:\ST\STM32CubeIDE_1.15.1\STM32CubeIDE\plugins\com.st.stm32cube.common.mx_6.11.1.202404110753
2024-05-15 10:54:59,996 [INFO] DbMcusXml:78 - Set database path to: C:\ST\STM32CubeIDE_1.15.1\STM32CubeIDE\plugins\com.st.stm32cube.common.mx_6.11.1.202404110753\\db\/mcu/
2024-05-15 10:54:59,997 [INFO] ApiDb:274 - Set plugin database path to: C:\ST\STM32CubeIDE_1.15.1\STM32CubeIDE\plugins\com.st.stm32cube.common.mx_6.11.1.202404110753\\db\/plugins/boardmanager/
2024-05-15 10:54:59,998 [WARN] ApiDb:259 - Overriding images path with different value:  => C:\ST\STM32CubeIDE_1.15.1\STM32CubeIDE\plugins\com.st.stm32cube.common.mx_6.11.1.202404110753\\db\/plugins/mcufinder/images/
2024-05-15 10:55:00,019 [INFO] ApiDb:250 - Set database path to: C:\Users\User\.stmcufinder\plugins\mcufinder//mcu/
2024-05-15 10:55:00,022 [INFO] DbMcusAds:125 - Set database path to: C:\Users\User\.stmcufinder\plugins\mcufinder//mcu/
2024-05-15 10:55:00,027 [INFO] CrossReferenceDbSqlite:203 - Set database path to: C:\Users\User\.stmcufinder\plugins\mcufinder//mcu/cs/
2024-05-15 10:55:00,304 [INFO] RulesReader:64 - Compatibility file has been processed (297 Rules)
2024-05-15 10:55:00,476 [INFO] DbMcusXml:78 - Set database path to: C:\ST\STM32CubeIDE_1.15.1\STM32CubeIDE\plugins\com.st.stm32cube.common.mx_6.11.1.202404110753\\db\/mcu/
2024-05-15 10:55:00,476 [INFO] ApiDb:274 - Set plugin database path to: C:\ST\STM32CubeIDE_1.15.1\STM32CubeIDE\plugins\com.st.stm32cube.common.mx_6.11.1.202404110753\\db\/plugins/boardmanager/
2024-05-15 10:55:00,476 [INFO] ApiDb:261 - Set plugin images path to: C:\ST\STM32CubeIDE_1.15.1\STM32CubeIDE\plugins\com.st.stm32cube.common.mx_6.11.1.202404110753\\db\/plugins/mcufinder/images/
2024-05-15 10:55:00,477 [WARN] DbFile:41 - Overriding database path with different value: C:\Users\User\.stmcufinder\plugins\mcufinder/ => C:\Users\User\.stmcufinder\plugins\mcufinder
2024-05-15 10:55:00,477 [INFO] ApiDb:250 - Set database path to: C:\Users\User\.stmcufinder\plugins\mcufinder//mcu/
2024-05-15 10:55:00,478 [WARN] DbFile:41 - Overriding database path with different value: C:\Users\User\.stmcufinder\plugins\mcufinder/ => C:\Users\User\.stmcufinder\plugins\mcufinder
2024-05-15 10:55:00,478 [INFO] DbMcusAds:125 - Set database path to: C:\Users\User\.stmcufinder\plugins\mcufinder//mcu/
2024-05-15 10:55:00,478 [WARN] DbFile:41 - Overriding database path with different value: C:\Users\User\.stmcufinder\plugins\mcufinder/ => C:\Users\User\.stmcufinder\plugins\mcufinder
2024-05-15 10:55:00,479 [WARN] DbFile:41 - Overriding database path with different value: C:\Users\User\.stmcufinder\plugins\mcufinder/ => C:\Users\User\.stmcufinder\plugins\mcufinder
2024-05-15 10:55:00,479 [INFO] CrossReferenceDbSqlite:203 - Set database path to: C:\Users\User\.stmcufinder\plugins\mcufinder//mcu/cs/
2024-05-15 10:55:00,686 [INFO] MainPanel:264 - HeapMemory: 268435456
2024-05-15 10:55:00,879 [INFO] DbMcusXml:78 - Set database path to: C:\ST\STM32CubeIDE_1.15.1\STM32CubeIDE\plugins\com.st.stm32cube.common.mx_6.11.1.202404110753\\db\/mcu/
2024-05-15 10:55:00,879 [INFO] ApiDb:274 - Set plugin database path to: C:\ST\STM32CubeIDE_1.15.1\STM32CubeIDE\plugins\com.st.stm32cube.common.mx_6.11.1.202404110753\\db\/plugins/boardmanager/
2024-05-15 10:55:00,880 [INFO] ApiDb:261 - Set plugin images path to: C:\ST\STM32CubeIDE_1.15.1\STM32CubeIDE\plugins\com.st.stm32cube.common.mx_6.11.1.202404110753\\db\/plugins/mcufinder/images/
2024-05-15 10:55:00,881 [WARN] DbFile:41 - Overriding database path with different value: C:\Users\User\.stmcufinder\plugins\mcufinder/ => C:\Users\User\.stmcufinder\plugins\mcufinder
2024-05-15 10:55:00,881 [INFO] ApiDb:250 - Set database path to: C:\Users\User\.stmcufinder\plugins\mcufinder//mcu/
2024-05-15 10:55:00,882 [WARN] DbFile:41 - Overriding database path with different value: C:\Users\User\.stmcufinder\plugins\mcufinder/ => C:\Users\User\.stmcufinder\plugins\mcufinder
2024-05-15 10:55:00,882 [INFO] DbMcusAds:125 - Set database path to: C:\Users\User\.stmcufinder\plugins\mcufinder//mcu/
2024-05-15 10:55:00,882 [WARN] DbFile:41 - Overriding database path with different value: C:\Users\User\.stmcufinder\plugins\mcufinder/ => C:\Users\User\.stmcufinder\plugins\mcufinder
2024-05-15 10:55:00,883 [WARN] DbFile:41 - Overriding database path with different value: C:\Users\User\.stmcufinder\plugins\mcufinder/ => C:\Users\User\.stmcufinder\plugins\mcufinder
2024-05-15 10:55:00,883 [INFO] CrossReferenceDbSqlite:203 - Set database path to: C:\Users\User\.stmcufinder\plugins\mcufinder//mcu/cs/
2024-05-15 10:55:00,930 [INFO] ApplicationProperties:184 - Using Application install path: C:\ST\STM32CubeIDE_1.15.1\STM32CubeIDE\plugins\com.st.stm32cube.common.mx_6.11.1.202404110753
2024-05-15 10:55:00,934 [INFO] PluginManage:196 - Search for loadable plugins [exclusion list=, ]
2024-05-15 10:55:00,937 [INFO] PluginManage:310 - Check plugin analytics
2024-05-15 10:55:01,459 [INFO] AnalyticsPlugin:253 - Accepted Software Licenses: 
2024-05-15 10:55:01,461 [INFO] AnalyticsPlugin:255 - Accepted CMSIS Pack Licenses: 
2024-05-15 10:55:01,462 [INFO] AnalyticsPlugin:257 - Accepted Firmware Licenses: FW.C0.1.0.0,FW.C0.1.1.0,FW.WL.1.3.0
2024-05-15 10:55:01,465 [INFO] PluginManage:359 - Loaded plugin analytics (category:tool,tabindex:-1)
2024-05-15 10:55:01,467 [INFO] PluginManage:310 - Check plugin cadmodel
2024-05-15 10:55:01,506 [INFO] CADModel:105 - Init CAD model plugin
2024-05-15 10:55:01,506 [INFO] PluginManage:359 - Loaded plugin cadmodel (category:power,tabindex:5)
2024-05-15 10:55:01,507 [INFO] PluginManage:310 - Check plugin clock
2024-05-15 10:55:01,555 [INFO] PluginManage:359 - Loaded plugin clock (category:base,tabindex:2)
2024-05-15 10:55:01,555 [INFO] PluginManage:310 - Check plugin ddr
2024-05-15 10:55:01,562 [INFO] PluginManage:359 - Loaded plugin ddr (category:tool,tabindex:6)
2024-05-15 10:55:01,562 [INFO] PluginManage:310 - Check plugin filemanager
2024-05-15 10:55:01,894 [INFO] PluginManage:359 - Loaded plugin filemanager (category:base,tabindex:10)
2024-05-15 10:55:01,895 [INFO] PluginManage:310 - Check plugin ipmanager
2024-05-15 10:55:01,911 [INFO] PluginManage:359 - Loaded plugin ipmanager (category:base,tabindex:5)
2024-05-15 10:55:01,911 [INFO] PluginManage:310 - Check plugin lpbam
2024-05-15 10:55:01,949 [INFO] PluginManage:359 - Loaded plugin lpbam (category:base,tabindex:0)
2024-05-15 10:55:01,950 [INFO] PluginManage:310 - Check plugin memorymap
2024-05-15 10:55:02,002 [INFO] PluginManage:359 - Loaded plugin memorymap (category:base,tabindex:4)
2024-05-15 10:55:02,002 [INFO] PluginManage:310 - Check plugin pinoutandconfiguration
2024-05-15 10:55:02,040 [INFO] PluginManage:359 - Loaded plugin pinoutandconfiguration (category:base,tabindex:1)
2024-05-15 10:55:02,040 [INFO] PluginManage:310 - Check plugin pinoutconfig
2024-05-15 10:55:02,299 [WARN] SupportedApi:132 - Cannot load RTOS API schema: s4s-elt-must-match.1: The content of 'definitions' must match (annotation?, (simpleType | complexType)?, (unique | key | keyref)*)). A problem was found starting at: attribute.
2024-05-15 10:55:02,661 [INFO] PluginManage:359 - Loaded plugin pinoutconfig (category:base,tabindex:0)
2024-05-15 10:55:02,661 [INFO] PluginManage:310 - Check plugin power
2024-05-15 10:55:02,701 [INFO] PluginManage:359 - Loaded plugin power (category:power,tabindex:4)
2024-05-15 10:55:02,701 [INFO] PluginManage:310 - Check plugin projectmanager
2024-05-15 10:55:02,742 [INFO] PluginManage:359 - Loaded plugin projectmanager (category:projectmanager,tabindex:3)
2024-05-15 10:55:02,742 [INFO] PluginManage:310 - Check plugin thirdparty
2024-05-15 10:55:03,405 [INFO] PluginManage:359 - Loaded plugin thirdparty (category:base,tabindex:-1)
2024-05-15 10:55:03,405 [INFO] PluginManage:310 - Check plugin tools
2024-05-15 10:55:03,424 [WARN] IntegrityCheckThread:84 - waiting for thirdparty lock release [integrity check]
2024-05-15 10:55:03,438 [INFO] IntegrityCheckThread:86 - entering critical section [integrity check]
2024-05-15 10:55:03,439 [INFO] ThirdPartyUpdaterWithRetryManager:70 - Updater plugin not ready yet. [1/15]
2024-05-15 10:55:03,504 [INFO] PluginManage:359 - Loaded plugin tools (category:base,tabindex:7)
2024-05-15 10:55:03,505 [INFO] PluginManage:310 - Check plugin tutovideos
2024-05-15 10:55:03,586 [INFO] McuFinderGlobals:63 - Set McuFinder mode to 2 (CubeIDE integrated)
2024-05-15 10:55:03,945 [INFO] PluginManage:359 - Loaded plugin tutovideos (category:base,tabindex:-1)
2024-05-15 10:55:03,947 [INFO] PluginManage:310 - Check plugin updater
2024-05-15 10:55:03,972 [INFO] PluginManage:359 - Loaded plugin updater (category:base,tabindex:12)
2024-05-15 10:55:03,973 [INFO] PluginManage:310 - Check plugin userauth
2024-05-15 10:55:03,985 [INFO] UserAuth:114 - Init User Auth plugin
2024-05-15 10:55:03,986 [INFO] PluginManage:359 - Loaded plugin userauth (category:base,tabindex:14)
2024-05-15 10:55:03,987 [INFO] PluginManage:283 - PluginManage : Loaded plugins [17]
2024-05-15 10:55:04,465 [INFO] PinOutPanel:1561 - setPackage(No Configuration,No Configuration)
2024-05-15 10:55:04,638 [INFO] CADModel:165 - CPN selected for project level
2024-05-15 10:55:04,638 [INFO] CADModel:114 - Register for checkConnection events
2024-05-15 10:55:04,693 [INFO] IPUIPlugin:80 - create IPUIPlugin
2024-05-15 10:55:04,693 [INFO] PluginManager:220 - loadIPPluginJar : add adc
2024-05-15 10:55:04,783 [INFO] IPUIPlugin:80 - create IPUIPlugin
2024-05-15 10:55:04,783 [INFO] PluginManager:220 - loadIPPluginJar : add aes
2024-05-15 10:55:04,861 [INFO] IPUIPlugin:80 - create IPUIPlugin
2024-05-15 10:55:04,861 [INFO] PluginManager:220 - loadIPPluginJar : add can
2024-05-15 10:55:04,903 [INFO] IPUIPlugin:80 - create IPUIPlugin
2024-05-15 10:55:04,903 [INFO] PluginManager:220 - loadIPPluginJar : add comp
2024-05-15 10:55:04,959 [INFO] IPUIPlugin:80 - create IPUIPlugin
2024-05-15 10:55:04,959 [INFO] PluginManager:220 - loadIPPluginJar : add cryp
2024-05-15 10:55:05,009 [INFO] IPUIPlugin:80 - create IPUIPlugin
2024-05-15 10:55:05,009 [INFO] PluginManager:220 - loadIPPluginJar : add dfsdm
2024-05-15 10:55:05,030 [INFO] IPUIPlugin:80 - create IPUIPlugin
2024-05-15 10:55:05,031 [INFO] PluginManager:220 - loadIPPluginJar : add dma
2024-05-15 10:55:05,118 [INFO] IPUIPlugin:80 - create IPUIPlugin
2024-05-15 10:55:05,119 [INFO] PluginManager:220 - loadIPPluginJar : add dma3
2024-05-15 10:55:05,198 [INFO] IPUIPlugin:80 - create IPUIPlugin
2024-05-15 10:55:05,198 [INFO] PluginManager:220 - loadIPPluginJar : add extmemmanager
2024-05-15 10:55:05,235 [INFO] IPUIPlugin:80 - create IPUIPlugin
2024-05-15 10:55:05,235 [INFO] PluginManager:220 - loadIPPluginJar : add fatfs
2024-05-15 10:55:05,315 [INFO] IPUIPlugin:80 - create IPUIPlugin
2024-05-15 10:55:05,315 [INFO] PluginManager:220 - loadIPPluginJar : add fmc
2024-05-15 10:55:05,347 [INFO] IPUIPlugin:80 - create IPUIPlugin
2024-05-15 10:55:05,347 [INFO] PluginManager:220 - loadIPPluginJar : add freertos
2024-05-15 10:55:05,386 [INFO] IPUIPlugin:80 - create IPUIPlugin
2024-05-15 10:55:05,386 [INFO] PluginManager:220 - loadIPPluginJar : add genericplugin
2024-05-15 10:55:05,566 [INFO] IPUIPlugin:80 - create IPUIPlugin
2024-05-15 10:55:05,566 [INFO] PluginManager:220 - loadIPPluginJar : add gfxmmu
2024-05-15 10:55:05,802 [INFO] IPUIPlugin:80 - create IPUIPlugin
2024-05-15 10:55:05,802 [INFO] PluginManager:220 - loadIPPluginJar : add gic
2024-05-15 10:55:05,821 [INFO] IPUIPlugin:80 - create IPUIPlugin
2024-05-15 10:55:05,821 [INFO] PluginManager:220 - loadIPPluginJar : add gpio
2024-05-15 10:55:05,997 [INFO] IPUIPlugin:80 - create IPUIPlugin
2024-05-15 10:55:05,997 [INFO] PluginManager:220 - loadIPPluginJar : add gtzc
2024-05-15 10:55:06,049 [INFO] IPUIPlugin:80 - create IPUIPlugin
2024-05-15 10:55:06,049 [INFO] PluginManager:220 - loadIPPluginJar : add hash
2024-05-15 10:55:06,147 [INFO] IPUIPlugin:80 - create IPUIPlugin
2024-05-15 10:55:06,148 [INFO] PluginManager:220 - loadIPPluginJar : add i2c
2024-05-15 10:55:06,216 [INFO] IPUIPlugin:80 - create IPUIPlugin
2024-05-15 10:55:06,216 [INFO] PluginManager:220 - loadIPPluginJar : add i2s
2024-05-15 10:55:06,296 [INFO] IPUIPlugin:80 - create IPUIPlugin
2024-05-15 10:55:06,297 [INFO] PluginManager:220 - loadIPPluginJar : add i3c
2024-05-15 10:55:06,440 [INFO] ThirdPartyUpdaterWithRetryManager:70 - Updater plugin not ready yet. [2/15]
2024-05-15 10:55:06,468 [INFO] IPUIPlugin:80 - create IPUIPlugin
2024-05-15 10:55:06,468 [INFO] PluginManager:220 - loadIPPluginJar : add ipddr
2024-05-15 10:55:06,660 [INFO] IPUIPlugin:80 - create IPUIPlugin
2024-05-15 10:55:06,661 [INFO] PluginManager:220 - loadIPPluginJar : add linkedlist
2024-05-15 10:55:06,725 [INFO] IPUIPlugin:80 - create IPUIPlugin
2024-05-15 10:55:06,725 [INFO] PluginManager:220 - loadIPPluginJar : add lorawan
2024-05-15 10:55:06,793 [INFO] IPUIPlugin:80 - create IPUIPlugin
2024-05-15 10:55:06,793 [INFO] PluginManager:220 - loadIPPluginJar : add ltdc
2024-05-15 10:55:06,816 [INFO] IPUIPlugin:80 - create IPUIPlugin
2024-05-15 10:55:06,817 [INFO] PluginManager:220 - loadIPPluginJar : add mdma
2024-05-15 10:55:06,835 [INFO] IPUIPlugin:80 - create IPUIPlugin
2024-05-15 10:55:06,835 [INFO] PluginManager:220 - loadIPPluginJar : add nvic
2024-05-15 10:55:06,894 [INFO] IPUIPlugin:80 - create IPUIPlugin
2024-05-15 10:55:06,894 [INFO] PluginManager:220 - loadIPPluginJar : add opamp
2024-05-15 10:55:06,991 [INFO] IPUIPlugin:80 - create IPUIPlugin
2024-05-15 10:55:06,991 [INFO] PluginManager:220 - loadIPPluginJar : add openamp
2024-05-15 10:55:07,061 [INFO] IPUIPlugin:80 - create IPUIPlugin
2024-05-15 10:55:07,061 [INFO] PluginManager:220 - loadIPPluginJar : add pdm2pcm
2024-05-15 10:55:07,084 [INFO] IPUIPlugin:80 - create IPUIPlugin
2024-05-15 10:55:07,088 [INFO] PluginManager:220 - loadIPPluginJar : add plateformsettings
2024-05-15 10:55:07,136 [INFO] IPUIPlugin:80 - create IPUIPlugin
2024-05-15 10:55:07,137 [INFO] PluginManager:220 - loadIPPluginJar : add quadspi
2024-05-15 10:55:07,157 [INFO] IPUIPlugin:80 - create IPUIPlugin
2024-05-15 10:55:07,157 [INFO] PluginManager:220 - loadIPPluginJar : add resmgrutility
2024-05-15 10:55:07,237 [INFO] IPUIPlugin:80 - create IPUIPlugin
2024-05-15 10:55:07,237 [INFO] PluginManager:220 - loadIPPluginJar : add sai
2024-05-15 10:55:07,298 [INFO] IPUIPlugin:80 - create IPUIPlugin
2024-05-15 10:55:07,298 [INFO] PluginManager:220 - loadIPPluginJar : add spi
2024-05-15 10:55:07,413 [INFO] IPUIPlugin:80 - create IPUIPlugin
2024-05-15 10:55:07,413 [INFO] PluginManager:220 - loadIPPluginJar : add stm32_wpan
2024-05-15 10:55:07,449 [INFO] IPUIPlugin:80 - create IPUIPlugin
2024-05-15 10:55:07,450 [INFO] PluginManager:220 - loadIPPluginJar : add tim
2024-05-15 10:55:07,561 [INFO] IPUIPlugin:80 - create IPUIPlugin
2024-05-15 10:55:07,561 [INFO] PluginManager:220 - loadIPPluginJar : add touchsensing
2024-05-15 10:55:07,599 [INFO] IPUIPlugin:80 - create IPUIPlugin
2024-05-15 10:55:07,599 [INFO] PluginManager:220 - loadIPPluginJar : add tracer_emb
2024-05-15 10:55:07,634 [INFO] IPUIPlugin:80 - create IPUIPlugin
2024-05-15 10:55:07,634 [INFO] PluginManager:220 - loadIPPluginJar : add ts
2024-05-15 10:55:07,668 [INFO] IPUIPlugin:80 - create IPUIPlugin
2024-05-15 10:55:07,668 [INFO] PluginManager:220 - loadIPPluginJar : add tsc
2024-05-15 10:55:07,702 [INFO] IPUIPlugin:80 - create IPUIPlugin
2024-05-15 10:55:07,703 [INFO] PluginManager:220 - loadIPPluginJar : add ucpd
2024-05-15 10:55:07,770 [INFO] IPUIPlugin:80 - create IPUIPlugin
2024-05-15 10:55:07,770 [INFO] PluginManager:220 - loadIPPluginJar : add usart
2024-05-15 10:55:07,849 [INFO] IPUIPlugin:80 - create IPUIPlugin
2024-05-15 10:55:07,849 [INFO] PluginManager:220 - loadIPPluginJar : add usbx
2024-05-15 10:55:08,060 [INFO] CADModel:165 - CPN selected for project level
2024-05-15 10:55:08,061 [INFO] CADModel:114 - Register for checkConnection events
2024-05-15 10:55:08,061 [FATAL] Updater:308 - Updater called before beeing initialized
2024-05-15 10:55:08,062 [ERROR] CADModel:125 - Updater not yet initialized, retry later 
2024-05-15 10:55:08,358 [INFO] CADModel:165 - CPN selected for project level
2024-05-15 10:55:08,358 [INFO] CADModel:114 - Register for checkConnection events
2024-05-15 10:55:08,358 [FATAL] Updater:308 - Updater called before beeing initialized
2024-05-15 10:55:08,358 [ERROR] CADModel:125 - Updater not yet initialized, retry later 
2024-05-15 10:55:08,364 [FATAL] Updater:308 - Updater called before beeing initialized
2024-05-15 10:55:08,584 [FATAL] Updater:308 - Updater called before beeing initialized
2024-05-15 10:55:08,601 [INFO] DbMcusAds:53 - JSON generation date=Thu May 02 05:37:29 BRT 2024 (1714639049318)
2024-05-15 10:55:08,601 [FATAL] Updater:308 - Updater called before beeing initialized
2024-05-15 10:55:08,738 [WARN] DetailPanel:346 - Failed to get advertising image, set to default
2024-05-15 10:55:08,895 [FATAL] Updater:308 - Updater called before beeing initialized
2024-05-15 10:55:08,900 [FATAL] Updater:308 - Updater called before beeing initialized
2024-05-15 10:55:08,901 [FATAL] Updater:308 - Updater called before beeing initialized
2024-05-15 10:55:08,901 [WARN] DetailPanel:346 - Failed to get advertising image, set to default
2024-05-15 10:55:08,902 [FATAL] Updater:308 - Updater called before beeing initialized
2024-05-15 10:55:09,009 [ERROR] Updater:1120 - MainUpdater not yet initialized. External WinMGr cannot be set.
2024-05-15 10:55:09,026 [INFO] Updater:1056 - Updater Version found : 6.11.1
2024-05-15 10:55:09,060 [INFO] ApplicationProperties:184 - Using Application install path: C:\ST\STM32CubeIDE_1.15.1\STM32CubeIDE\plugins\com.st.stm32cube.common.mx_6.11.1.202404110753
2024-05-15 10:55:09,441 [INFO] ThirdPartyUpdaterWithRetryManager:70 - Updater plugin not ready yet. [3/15]
2024-05-15 10:55:10,665 [ERROR] LogOutputStream:75 - [STDERR_REDIRECT] May 15, 2024 10:55:10 AM java.util.prefs.WindowsPreferences <init>
2024-05-15 10:55:10,670 [ERROR] LogOutputStream:75 - [STDERR_REDIRECT] WARNING: Could not open/create prefs root node Software\JavaSoft\Prefs at root 0xffffffff80000002. Windows RegCreateKeyEx(...) returned error code 5.
2024-05-15 10:55:10,670 [ERROR] LogOutputStream:75 - [STDERR_REDIRECT] 
2024-05-15 10:55:11,232 [INFO] MainUpdater:2873 - connection check result : 10
2024-05-15 10:55:11,233 [INFO] MainUpdater:290 - Updater Check For Update Now.
2024-05-15 10:55:11,233 [INFO] MicroXplorer:498 - Change Database Version : DB.6.0.111
2024-05-15 10:55:11,264 [INFO] McuFinderGlobals:63 - Set McuFinder mode to 2 (CubeIDE integrated)
2024-05-15 10:55:11,290 [INFO] UserAuth:415 - Internet connection configuration mode: 1
2024-05-15 10:55:11,391 [INFO] JxBrowserEngine:152 - Initiate JxBrowser Engine with user profile folder
2024-05-15 10:55:11,667 [INFO] CheckServerUpdateThread:120 - End of CheckServer Thread
2024-05-15 10:55:11,697 [INFO] MainUpdater:2873 - connection check result : 10
2024-05-15 10:55:11,739 [INFO] MainUpdater:2873 - connection check result : 10
2024-05-15 10:55:12,046 [INFO] MicroXplorer:468 - Change Database Path : 
2024-05-15 10:55:12,047 [INFO] MicroXplorer:498 - Change Database Version : DB.6.0.111
2024-05-15 10:55:12,059 [WARN] ThirdParty:871 - waiting for thirdparty lock release [close project]
2024-05-15 10:55:13,494 [WARN] PackLoader:240 - Cannot read IP mode file for STMicroelectronics.FP-SNS-MOTENVWB1.1.4.0
2024-05-15 10:55:13,537 [WARN] PackLoader:240 - Cannot read IP mode file for STMicroelectronics.X-CUBE-SMBUS.2.1.0
2024-05-15 10:55:13,563 [WARN] PackLoader:240 - Cannot read IP mode file for STMicroelectronics.X-CUBE-TOUCHGFX.4.23.0
2024-05-15 10:55:13,609 [WARN] PackLoader:240 - Cannot read IP mode file for STMicroelectronics.X-CUBE-TOUCHGFX.4.23.2
2024-05-15 10:55:13,699 [WARN] PackLoader:240 - Cannot read IP mode file for STMicroelectronics.X-CUBE-AZRTOS-F7.1.1.0
2024-05-15 10:55:13,767 [WARN] PackLoader:240 - Cannot read IP mode file for STMicroelectronics.FP-SNS-MOTENV1.4.3.2
2024-05-15 10:55:13,798 [WARN] PackLoader:240 - Cannot read IP mode file for STMicroelectronics.FP-SNS-FLIGHT1.5.0.2
2024-05-15 10:55:13,844 [WARN] PackLoader:240 - Cannot read IP mode file for STMicroelectronics.X-CUBE-DISPLAY.3.0.0
2024-05-15 10:55:13,917 [WARN] PackLoader:240 - Cannot read IP mode file for STMicroelectronics.X-CUBE-BLE1.7.0.0
2024-05-15 10:55:13,952 [WARN] PackLoader:240 - Cannot read IP mode file for emotas.I-CUBE-CANOPEN.1.3.0
2024-05-15 10:55:13,975 [WARN] PackLoader:240 - Cannot read IP mode file for STMicroelectronics.X-CUBE-TOUCHGFX.4.22.1
2024-05-15 10:55:14,036 [WARN] PackLoader:240 - Cannot read IP mode file for STMicroelectronics.X-CUBE-BLEMGR.3.1.0
2024-05-15 10:55:14,067 [WARN] PackLoader:240 - Cannot read IP mode file for STMicroelectronics.FP-SNS-SMARTAG2.1.2.0
2024-05-15 10:55:14,165 [INFO] LogOutputStream:77 - [STDOUT_REDIRECT] 1 : Invalid condition id : UX_CORESTACK_Condition cause : null
2024-05-15 10:55:14,166 [INFO] LogOutputStream:77 - [STDOUT_REDIRECT] 1 : Invalid condition id : UX_CORESTACK_Condition cause : null
2024-05-15 10:55:14,169 [INFO] LogOutputStream:77 - [STDOUT_REDIRECT] 1 : Invalid condition id : UX_CORESTACK_Condition cause : null
2024-05-15 10:55:14,172 [INFO] LogOutputStream:77 - [STDOUT_REDIRECT] 1 : Invalid condition id : UX_CORESTACK_Condition cause : null
2024-05-15 10:55:14,174 [INFO] LogOutputStream:77 - [STDOUT_REDIRECT] 1 : Invalid condition id : UX_CORESTACK_Condition cause : null
2024-05-15 10:55:14,183 [WARN] PackLoader:240 - Cannot read IP mode file for STMicroelectronics.X-CUBE-AZRTOS-WL.2.0.0
2024-05-15 10:55:14,228 [WARN] PackLoader:240 - Cannot read IP mode file for STMicroelectronics.FP-SNS-MOTENV1.5.0.0
2024-05-15 10:55:14,274 [WARN] PackLoader:240 - Cannot read IP mode file for WES.I-CUBE-Cesium.1.3.0
2024-05-15 10:55:14,367 [WARN] PackLoader:240 - Cannot read IP mode file for STMicroelectronics.X-CUBE-BLE2.3.3.0
2024-05-15 10:55:14,443 [WARN] PackLoader:240 - Cannot read IP mode file for STMicroelectronics.X-CUBE-TCPP.4.1.0
2024-05-15 10:55:14,476 [WARN] PackLoader:240 - Cannot read IP mode file for STMicroelectronics.X-CUBE-ALGOBUILD.1.3.0
2024-05-15 10:55:14,729 [WARN] PackLoader:240 - Cannot read IP mode file for STMicroelectronics.X-CUBE-AZRTOS-G0.1.1.0
2024-05-15 10:55:14,762 [WARN] PackLoader:240 - Cannot read IP mode file for STMicroelectronics.X-CUBE-SAFEA1.1.2.2
2024-05-15 10:55:14,787 [WARN] PackLoader:240 - Cannot read IP mode file for STMicroelectronics.X-CUBE-NFC4.3.0.0
2024-05-15 10:55:14,827 [WARN] PackLoader:240 - Cannot read IP mode file for STMicroelectronics.X-CUBE-BLEMGR.3.0.0
2024-05-15 10:55:14,860 [WARN] PackLoader:240 - Cannot read IP mode file for STMicroelectronics.FP-ATR-SIGFOX1.3.2.0
2024-05-15 10:55:14,893 [WARN] PackLoader:240 - Cannot read IP mode file for STMicroelectronics.X-CUBE-EEPRMA1.5.1.0
2024-05-15 10:55:15,035 [WARN] PackLoader:240 - Cannot read IP mode file for SEGGER.I-CUBE-embOS.1.3.1
2024-05-15 10:55:15,165 [WARN] PackLoader:240 - Cannot read IP mode file for STMicroelectronics.X-CUBE-ALGOBUILD.1.4.0
2024-05-15 10:55:15,201 [WARN] PackLoader:240 - Cannot read IP mode file for STMicroelectronics.X-CUBE-GNSS1.6.0.0
2024-05-15 10:55:15,270 [WARN] PackLoader:240 - Cannot read IP mode file for STMicroelectronics.X-CUBE-AZRTOS-F4.1.1.0
2024-05-15 10:55:15,301 [WARN] PackLoader:240 - Cannot read IP mode file for wolfSSL.I-CUBE-wolfSSL.5.6.3
2024-05-15 10:55:15,329 [WARN] PackLoader:240 - Cannot read IP mode file for STMicroelectronics.X-CUBE-FREERTOS.1.2.0
2024-05-15 10:55:15,407 [WARN] PackLoader:240 - Cannot read IP mode file for STMicroelectronics.X-CUBE-AZRTOS-L5.2.0.0
2024-05-15 10:55:15,610 [WARN] PackLoader:240 - Cannot read IP mode file for STMicroelectronics.X-CUBE-MEMS1.9.6.0
2024-05-15 10:55:16,000 [WARN] PackLoader:240 - Cannot read IP mode file for STMicroelectronics.X-CUBE-EEPRMA1.4.2.0
2024-05-15 10:55:16,056 [WARN] PackLoader:240 - Cannot read IP mode file for STMicroelectronics.X-CUBE-NFC6.3.1.0
2024-05-15 10:55:16,082 [WARN] PackLoader:240 - Cannot read IP mode file for ITTIA_DB.I-CUBE-ITTIADB.8.8.0
2024-05-15 10:55:16,112 [WARN] PackLoader:240 - Cannot read IP mode file for STMicroelectronics.X-CUBE-BLEMGR.2.0.0
2024-05-15 10:55:16,182 [WARN] PackLoader:240 - Cannot read IP mode file for STMicroelectronics.X-CUBE-AI.9.0.0
2024-05-15 10:55:16,286 [WARN] ConditionMgr:438 - getConditionDescription Invalid condition id : UX DEVICE CLASS RTOS Condition cause : null
2024-05-15 10:55:16,287 [WARN] ConditionMgr:438 - getConditionDescription Invalid condition id : UX DEVICE CLASS RTOS Condition cause : null
2024-05-15 10:55:16,291 [WARN] PackLoader:240 - Cannot read IP mode file for STMicroelectronics.X-CUBE-AZRTOS-H7.3.1.0
2024-05-15 10:55:16,292 [WARN] ConditionMgr:1039 - genDependencies : Invalid condition id : UX DEVICE CLASS RTOS Condition cause : null
2024-05-15 10:55:16,293 [WARN] ConditionMgr:1039 - genDependencies : Invalid condition id : UX DEVICE CLASS RTOS Condition cause : null
2024-05-15 10:55:16,294 [WARN] ConditionMgr:1039 - genDependencies : Invalid condition id : UX DEVICE CLASS RTOS Condition cause : null
2024-05-15 10:55:16,295 [WARN] ConditionMgr:1039 - genDependencies : Invalid condition id : UX DEVICE CLASS RTOS Condition cause : null
2024-05-15 10:55:16,295 [WARN] ConditionMgr:1039 - genDependencies : Invalid condition id : UX DEVICE CLASS RTOS Condition cause : null
2024-05-15 10:55:16,330 [WARN] PackLoader:240 - Cannot read IP mode file for STMicroelectronics.X-CUBE-NFC7.1.0.1
2024-05-15 10:55:16,358 [WARN] PackLoader:240 - Cannot read IP mode file for STMicroelectronics.X-CUBE-NFC6.3.0.0
2024-05-15 10:55:16,414 [WARN] PackLoader:240 - Cannot read IP mode file for STMicroelectronics.X-CUBE-EEPRMA1.4.1.0
2024-05-15 10:55:16,438 [WARN] PackLoader:240 - Cannot read IP mode file for STMicroelectronics.X-CUBE-AI.8.1.0
2024-05-15 10:55:16,496 [WARN] ConditionMgr:438 - getConditionDescription Invalid condition id : LAN8742 Phy interface Condition cause : null
2024-05-15 10:55:16,497 [WARN] PackLoader:240 - Cannot read IP mode file for STMicroelectronics.X-CUBE-AZRTOS-L4.2.0.0
2024-05-15 10:55:16,500 [WARN] ConditionMgr:1039 - genDependencies : Invalid condition id : LAN8742 Phy interface Condition cause : null
2024-05-15 10:55:16,500 [WARN] ConditionMgr:1039 - genDependencies : Invalid condition id : LAN8742 Phy interface Condition cause : null
2024-05-15 10:55:16,501 [WARN] ConditionMgr:1039 - genDependencies : Invalid condition id : LAN8742 Phy interface Condition cause : null
2024-05-15 10:55:16,533 [WARN] PackLoader:240 - Cannot read IP mode file for STMicroelectronics.X-CUBE-SFXS2LP1.4.0.0
2024-05-15 10:55:16,558 [WARN] PackLoader:240 - Cannot read IP mode file for STMicroelectronics.X-CUBE-ISPU.1.1.0
2024-05-15 10:55:16,606 [WARN] ConditionMgr:438 - getConditionDescription Invalid condition id : UX DEVICE CLASS RTOS Condition cause : null
2024-05-15 10:55:16,607 [WARN] ConditionMgr:438 - getConditionDescription Invalid condition id : UX DEVICE CLASS RTOS Condition cause : null
2024-05-15 10:55:16,610 [WARN] PackLoader:240 - Cannot read IP mode file for STMicroelectronics.X-CUBE-AZRTOS-WB.2.0.0
2024-05-15 10:55:16,611 [WARN] ConditionMgr:1039 - genDependencies : Invalid condition id : UX DEVICE CLASS RTOS Condition cause : null
2024-05-15 10:55:16,611 [WARN] ConditionMgr:1039 - genDependencies : Invalid condition id : UX DEVICE CLASS RTOS Condition cause : null
2024-05-15 10:55:16,613 [WARN] ConditionMgr:1039 - genDependencies : Invalid condition id : UX DEVICE CLASS RTOS Condition cause : null
2024-05-15 10:55:16,613 [WARN] ConditionMgr:1039 - genDependencies : Invalid condition id : UX DEVICE CLASS RTOS Condition cause : null
2024-05-15 10:55:16,613 [WARN] ConditionMgr:1039 - genDependencies : Invalid condition id : UX DEVICE CLASS RTOS Condition cause : null
2024-05-15 10:55:16,646 [WARN] PackLoader:240 - Cannot read IP mode file for STMicroelectronics.X-CUBE-SUBG2.5.0.0
2024-05-15 10:55:16,736 [WARN] PackLoader:240 - Cannot read IP mode file for STMicroelectronics.X-CUBE-TOF1.3.3.1
2024-05-15 10:55:16,819 [WARN] PackLoader:240 - Cannot read IP mode file for STMicroelectronics.X-CUBE-AZRTOS-G4.2.0.0
2024-05-15 10:55:17,027 [WARN] PackLoader:240 - Cannot read IP mode file for Infineon.AIROC-Wi-Fi-Bluetooth-STM32.1.5.1
2024-05-15 10:55:17,093 [WARN] PackLoader:240 - Cannot read IP mode file for STMicroelectronics.FP-SNS-MOTENVWB1.1.3.1
2024-05-15 10:55:17,135 [WARN] PackLoader:240 - Cannot read IP mode file for STMicroelectronics.X-CUBE-ISPU.2.0.0
2024-05-15 10:55:17,263 [WARN] PackLoader:240 - Cannot read IP mode file for STMicroelectronics.X-CUBE-MEMS1.10.0.0
2024-05-15 10:55:17,506 [WARN] PackLoader:240 - Cannot read IP mode file for STMicroelectronics.X-CUBE-FREERTOS.1.1.0
2024-05-15 10:55:17,528 [WARN] PackLoader:240 - Cannot read IP mode file for portGmbH.I-Cube-SoM-uGOAL.1.1.0
2024-05-15 10:55:17,546 [WARN] PackLoader:240 - Cannot read IP mode file for STMicroelectronics.X-CUBE-ALS.1.0.1
2024-05-15 10:55:17,602 [WARN] PackLoader:240 - Cannot read IP mode file for STMicroelectronics.X-CUBE-AZRTOS-H7RS.1.0.0
2024-05-15 10:55:17,616 [WARN] PackLoader:240 - Cannot read IP mode file for STMicroelectronics.FP-ATR-ASTRA1.2.0.0
2024-05-15 10:55:17,654 [WARN] PackLoader:240 - Cannot read IP mode file for STMicroelectronics.X-CUBE-TOF1.3.4.0
2024-05-15 10:55:17,711 [WARN] PackLoader:240 - Cannot read IP mode file for STMicroelectronics.X-CUBE-TOF1.3.4.1
2024-05-15 10:55:17,872 [WARN] PackLoader:240 - Cannot read IP mode file for STMicroelectronics.X-CUBE-AZRTOS-H7.3.2.0
2024-05-15 10:55:17,878 [INFO] ThirdParty:978 - Integrity check success = true
2024-05-15 10:55:17,882 [INFO] IntegrityCheckThread:100 - exiting critical section [integrity check]
2024-05-15 10:55:17,882 [INFO] ThirdParty:873 - entering critical section [close project]
2024-05-15 10:55:17,884 [INFO] ThirdParty:883 - exiting critical section [close project]
2024-05-15 10:55:17,887 [INFO] PinOutPanel:1561 - setPackage(No Configuration,No Configuration)
2024-05-15 10:55:17,893 [INFO] UtilMem:75 - Begin LoadConfig() Used Memory: 123843632 Bytes (300941312)
2024-05-15 10:55:17,896 [INFO] MicroXplorer:468 - Change Database Path : 
2024-05-15 10:55:17,896 [INFO] MicroXplorer:498 - Change Database Version : DB.6.0.111
2024-05-15 10:55:17,896 [INFO] OpenFileManager:312 - Change cursor
2024-05-15 10:55:17,911 [INFO] IntegrityCheckThread:103 - End integrity checks thread
2024-05-15 10:55:17,977 [INFO] Mcu:2021 - Initializing MCU STM32C011F(4-6)Px STM32C011F6Px STM32C011F6P6
2024-05-15 10:55:21,218 [INFO] Context:663 - Trying to add GPIOservice into a context  which must be forbidden
2024-05-15 10:55:22,606 [WARN] ModelIntegratedComponent:63 - No mode defined for component null
2024-05-15 10:55:22,606 [WARN] ModelIntegratedComponent:63 - No mode defined for component null
2024-05-15 10:55:22,607 [WARN] ModelIntegratedComponent:63 - No mode defined for component null
2024-05-15 10:55:22,607 [WARN] ModelIntegratedComponent:63 - No mode defined for component null
2024-05-15 10:55:22,607 [WARN] ModelIntegratedComponent:63 - No mode defined for component null
2024-05-15 10:55:22,607 [WARN] ModelIntegratedComponent:63 - No mode defined for component null
2024-05-15 10:55:22,607 [WARN] ModelIntegratedComponent:63 - No mode defined for component null
2024-05-15 10:55:22,607 [WARN] ModelIntegratedComponent:63 - No mode defined for component null
2024-05-15 10:55:22,607 [WARN] ModelIntegratedComponent:63 - No mode defined for component null
2024-05-15 10:55:22,608 [WARN] ModelIntegratedComponent:63 - No mode defined for component null
2024-05-15 10:55:22,608 [WARN] ModelIntegratedComponent:63 - No mode defined for component null
2024-05-15 10:55:22,608 [WARN] ModelIntegratedComponent:63 - No mode defined for component null
2024-05-15 10:55:22,608 [WARN] ModelIntegratedComponent:63 - No mode defined for component null
2024-05-15 10:55:22,608 [WARN] ModelIntegratedComponent:63 - No mode defined for component null
2024-05-15 10:55:22,608 [WARN] ModelIntegratedComponent:63 - No mode defined for component null
2024-05-15 10:55:22,608 [WARN] ModelIntegratedComponent:63 - No mode defined for component null
2024-05-15 10:55:22,609 [WARN] ModelIntegratedComponent:63 - No mode defined for component null
2024-05-15 10:55:22,609 [WARN] ModelIntegratedComponent:63 - No mode defined for component null
2024-05-15 10:55:22,609 [WARN] ModelIntegratedComponent:63 - No mode defined for component null
2024-05-15 10:55:22,609 [WARN] ModelIntegratedComponent:63 - No mode defined for component null
2024-05-15 10:55:22,609 [WARN] ModelIntegratedComponent:63 - No mode defined for component null
2024-05-15 10:55:22,609 [WARN] ModelIntegratedComponent:63 - No mode defined for component null
2024-05-15 10:55:22,609 [WARN] ModelIntegratedComponent:63 - No mode defined for component null
2024-05-15 10:55:22,609 [WARN] ModelIntegratedComponent:63 - No mode defined for component null
2024-05-15 10:55:22,610 [WARN] ModelIntegratedComponent:63 - No mode defined for component null
2024-05-15 10:55:22,610 [WARN] ModelIntegratedComponent:63 - No mode defined for component null
2024-05-15 10:55:22,610 [WARN] ModelIntegratedComponent:63 - No mode defined for component null
2024-05-15 10:55:22,610 [WARN] ModelIntegratedComponent:63 - No mode defined for component null
2024-05-15 10:55:22,611 [WARN] ModelIntegratedComponent:63 - No mode defined for component null
2024-05-15 10:55:22,611 [WARN] ModelIntegratedComponent:63 - No mode defined for component null
2024-05-15 10:55:22,611 [WARN] ModelIntegratedComponent:63 - No mode defined for component null
2024-05-15 10:55:22,611 [WARN] ModelIntegratedComponent:63 - No mode defined for component null
2024-05-15 10:55:22,611 [WARN] ModelIntegratedComponent:63 - No mode defined for component null
2024-05-15 10:55:22,611 [WARN] ModelIntegratedComponent:63 - No mode defined for component null
2024-05-15 10:55:22,946 [INFO] RtosManager:555 - Registered RTOS mode: class=RTOS, group=ThreadX, mode=Core, owner=THREADX
2024-05-15 10:55:23,009 [INFO] ThirdPartyModel:298 - Start build external matchings
2024-05-15 10:55:25,298 [INFO] ThirdPartyModel:316 - End build external matchings
2024-05-15 10:55:26,659 [INFO] WebApp:161 - Instantiating new browser for Auth
2024-05-15 10:55:27,168 [INFO] ApiDb:581 - Connected to CubeFinder SQLite database (C:\Users\User\.stmcufinder\plugins\mcufinder\mcu\cube-finder-db.db)
2024-05-15 10:55:27,550 [INFO] ApiDb:668 - CubeFinder database Data Model version=2.1
2024-05-15 10:55:27,551 [INFO] ApiDb:669 - CubeFinder database Configuration version=3.0.39
2024-05-15 10:55:27,551 [INFO] ApiDb:670 - CubeFinder database generation date=2024-04-15 (1713193726)
2024-05-15 10:55:27,552 [INFO] ApiDb:671 - CubeFinder database FW Pack versions=[FP-ATR-ASTRA1_V2.0.0, FP-SNS-FLIGHT1_V5.0.1, FP-SNS-FLIGHT1_V5.0.2, FP-SNS-MOTENV1_V4.3.1, FP-SNS-MOTENV1_V4.3.2, FP-SNS-MOTENVWB1_V1.3.1, FP-SNS-SMARTAG2_V1.2.0, STM32Cube_FW_C0_V1.1.0, STM32Cube_FW_F4_V1.28.0, STM32Cube_FW_F7_V1.17.0, STM32Cube_FW_G0_V1.6.2, STM32Cube_FW_G4_V1.5.2, STM32Cube_FW_H5_V0.5.1, STM32Cube_FW_H5_V1.1.1, STM32Cube_FW_H5_V1.2.0, STM32Cube_FW_H5_V1.2.0RC4, STM32Cube_FW_H7RS_V1.0.0, STM32Cube_FW_H7RS_V1.0.0RC4, STM32Cube_FW_H7_V1.11.0, STM32Cube_FW_L0_V1.12.2, STM32Cube_FW_L5_V1.5.1, STM32Cube_FW_U0_V1.0.0, STM32Cube_FW_U0_V1.0.0RC1, STM32Cube_FW_U5_V1.3.0RC4, STM32Cube_FW_U5_V1.5.0, STM32Cube_FW_U5_V1.5.0RC1, STM32Cube_FW_WBA_V1.0.0RC1, STM32Cube_FW_WBA_V1.2.0, STM32Cube_FW_WBA_V1.2.0RC2, STM32Cube_FW_WBA_V1.3.0, STM32Cube_FW_WBA_V1.3.0RC1, STM32Cube_FW_WB_V1.15.0RC1, STM32Cube_FW_WB_V1.16.0, STM32Cube_FW_WB_V1.16.0RC2, STM32Cube_FW_WB_V1.18.0, STM32Cube_FW_WB_V1.19.0, STM32Cube_FW_WL_V1.3.0, X-CUBE-ALGOBUILD_V1.3.0, X-CUBE-ALS_V1.0.1, X-CUBE-AZRTOS-F4_V1.1.0, X-CUBE-AZRTOS-F7_V1.1.0, X-CUBE-AZRTOS-G0_V1.1.0, X-CUBE-AZRTOS-G4_V2.0.0, X-CUBE-AZRTOS-H7_V3.2.0, X-CUBE-AZRTOS-L4_V1.0.0, X-CUBE-AZRTOS-L4_V2.0.0, X-CUBE-AZRTOS-L5_V1.1.0, X-CUBE-AZRTOS-WB_V2.0.0, X-CUBE-AZRTOS-WL_V2.0.0, X-CUBE-BLE1_V7.0.0, X-CUBE-BLE2_V3.3.0, X-CUBE-BLEMGR_V3.1.0, X-CUBE-EEPRMA1_V4.1.0, X-CUBE-EEPRMA1_V5.1.0, X-CUBE-FREERTOS_V1.1.0, X-CUBE-GNSS1_V6.0.0, X-CUBE-MEMS1_V10.0.0, X-CUBE-MEMS1_V9.1.0, X-CUBE-MEMS1_V9.4.0, X-CUBE-MEMS1_V9.6.0, X-CUBE-NFC4_V3.0.0, X-CUBE-NFC7_V1.0.1, X-CUBE-SFXS2LP1_V4.0.0, X-CUBE-SUBG2_V5.0.0, X-CUBE-TOF1_V3.4.0]
2024-05-15 10:55:27,885 [INFO] DbBoardsSqlite:226 - include board P-NUCLEO-WB55-NUCLEO as a kit item of type 'Nucleo-64'
2024-05-15 10:55:27,886 [INFO] DbBoardsSqlite:226 - include board P-NUCLEO-WB55-USBDONGLE as a kit item of type 'Nucleo USB Dongle'
2024-05-15 10:55:27,888 [INFO] DbBoardsSqlite:226 - include board STEVAL-IDP005V1 as a kit item of type 'Evaluation Board'
2024-05-15 10:55:27,889 [INFO] DbBoardsSqlite:226 - include board STEVAL-IDP005V2 as a kit item of type 'Evaluation Board'
2024-05-15 10:55:28,698 [INFO] WebApp:779 - Register for checkConnection events
2024-05-15 10:55:28,698 [INFO] WebApp:414 - Apply proxy settings
2024-05-15 10:55:28,698 [INFO] WebApp:499 - Chromium requires no authentication
2024-05-15 10:55:28,716 [INFO] WebApp:442 - Direct internet connection detected
2024-05-15 10:55:29,059 [INFO] ApiDb:240 - Found 483 in-development CPN: [B-G473E-ZEST1S, B-WB1M-WPAN1, B-WL5M-SUBG1, NUCLEO-C031C6, NUCLEO-H503RB, NUCLEO-H533RE, NUCLEO-H563ZI, NUCLEO-H7S3L8, NUCLEO-U031R8, NUCLEO-U083RC, NUCLEO-U545RE-Q, NUCLEO-U5A5ZJ-Q, NUCLEO-WBA52CG, NUCLEO-WBA55CG, STEVAL-PROTEUS1, STEVAL-SMARTAG2, STEVAL-STWINBX1, STM320518-EVAL, STM32C0116-DK, STM32C011D6Y3TR, STM32C011D6Y6TR, STM32C011F4P3, STM32C011F4P6, STM32C011F4U3, STM32C011F4U6TR, STM32C011F6P3, STM32C011F6P6, STM32C011F6U3, STM32C011F6U6TR, STM32C011J4M3, STM32C011J4M6, STM32C011J6M3, STM32C011J6M6, STM32C0316-DK, STM32C031C4T3, STM32C031C4T6, STM32C031C4U3, STM32C031C4U6, STM32C031C6T3, STM32C031C6T6, STM32C031C6U3, STM32C031C6U6, STM32C031F4P3, STM32C031F4P6, STM32C031F6P3, STM32C031F6P6, STM32C031G4U3, STM32C031G4U6, STM32C031G6U3, STM32C031G6U6, STM32C031K4T3, STM32C031K4T6, STM32C031K4U3, STM32C031K4U6, STM32C031K6T3, STM32C031K6T6, STM32C031K6U3, STM32C031K6U6, STM32G071K8TXN, STM32G071K8UXN, STM32G081GBU6N, STM32G081KBT6N, STM32G081KBUXN, STM32G0B1CCT6N, STM32G0B1KCT6, STM32G0B1NEY6TR, STM32G0B1RCT6N, STM32G0C1CCT6, STM32G0C1CCT6N, STM32G0C1CCU6N, STM32G0C1CET6N, STM32G0C1CEU6N, STM32G0C1KCT6, STM32G0C1NEY6TR, STM32G0C1RCI6N, STM32G0C1RCT6N, STM32G0C1REI6N, STM32G0C1RET6N, STM32G0C1VCI6, STM32G0C1VEI6, STM32G471CCT6, STM32G471CCU6, STM32G471CET3, STM32G471CET6, STM32G471CEU3, STM32G471CEU6, STM32G471MCT6, STM32G471MET3, STM32G471MET6, STM32G471MEY6TR, STM32G471QCT6, STM32G471QET3, STM32G471RCT6, STM32G471RET3, STM32G471RET6, STM32G471VCH6, STM32G471VCI6, STM32G471VCT6, STM32G471VEH3, STM32G471VEH6, STM32G471VEI3, STM32G471VEI6, STM32G471VET3, STM32G471VET6, STM32G474CCT6, STM32H503CBT6, STM32H503CBU6, STM32H503EBY6TR, STM32H503KBU6, STM32H503RBT6, STM32H523CCT6, STM32H523CCU6, STM32H523CET6, STM32H523CEU6, STM32H523HEY6TR, STM32H523RCT6, STM32H523RET6, STM32H523VCI6, STM32H523VCT6, STM32H523VEI6, STM32H523VET6, STM32H523ZCJ6, STM32H523ZCT6, STM32H523ZEJ6, STM32H523ZET6, STM32H533CET6, STM32H533CEU6, STM32H533HEY6TR, STM32H533RET6, STM32H533VEI6, STM32H533VET6, STM32H533ZEJ6, STM32H533ZET6, STM32H562AGI6, STM32H562AII6, STM32H562IGK6, STM32H562IGT6, STM32H562IIK6, STM32H562IIT6, STM32H562RGT6, STM32H562RGV6, STM32H562RIT6, STM32H562RIV6, STM32H562VGT6, STM32H562VIT6, STM32H562ZGT6, STM32H562ZIT6, STM32H563AGI6, STM32H563AII3Q, STM32H563AII6, STM32H563IGK6, STM32H563IGT6, STM32H563IIK3Q, STM32H563IIK6, STM32H563IIT3Q, STM32H563IIT6, STM32H563MIY3QTR, STM32H563RGT6, STM32H563RGV6, STM32H563RIT6, STM32H563RIV6, STM32H563VGT6, STM32H563VIT3Q, STM32H563VIT6, STM32H563ZGT6, STM32H563ZIT3Q, STM32H563ZIT6, STM32H573AII3Q, STM32H573AII6, STM32H573I-DK, STM32H573IIK3Q, STM32H573IIK6, STM32H573IIT3Q, STM32H573IIT6, STM32H573MIY3QTR, STM32H573RIT6, STM32H573RIV6, STM32H573VIT3Q, STM32H573VIT6, STM32H573ZIT3Q, STM32H573ZIT6, STM32H7R3A8I6, STM32H7R3I8K6, STM32H7R3I8T6, STM32H7R3L8H6, STM32H7R3L8H6H, STM32H7R3R8V6, STM32H7R3V8H6, STM32H7R3V8T6, STM32H7R3V8Y6, STM32H7R3Z8J6, STM32H7R3Z8T6, STM32H7R7A8I6, STM32H7R7I8K6, STM32H7R7I8T6, STM32H7R7L8H6, STM32H7R7L8H6H, STM32H7R7Z8J6, STM32H7S3A8I6, STM32H7S3I8K6, STM32H7S3I8T6, STM32H7S3L8H6, STM32H7S3L8H6H, STM32H7S3R8V6, STM32H7S3V8H6, STM32H7S3V8T6, STM32H7S3V8Y6, STM32H7S3Z8J6, STM32H7S3Z8T6, STM32H7S78-DK, STM32H7S7A8I6, STM32H7S7I8K6, STM32H7S7I8T6, STM32H7S7L8H6, STM32H7S7L8H6H, STM32H7S7Z8J6, STM32L4R5QGI6STR, STM32MP131AAE3, STM32MP131AAF3, STM32MP131AAG3, STM32MP131CAE3, STM32MP131CAF3, STM32MP131CAG3, STM32MP131DAE7, STM32MP131DAF7, STM32MP131DAG7, STM32MP131FAE7, STM32MP131FAF7, STM32MP131FAG7, STM32MP133AAE3, STM32MP133AAF3, STM32MP133AAG3, STM32MP133CAE3, STM32MP133CAF3, STM32MP133CAG3, STM32MP133DAE7, STM32MP133DAF7, STM32MP133DAG7, STM32MP133FAE7, STM32MP133FAF7, STM32MP133FAG7, STM32MP135AAE3, STM32MP135AAF3, STM32MP135AAG3, STM32MP135CAE3, STM32MP135CAF3, STM32MP135CAG3, STM32MP135DAE7, STM32MP135DAF7, STM32MP135DAG7, STM32MP135F-DK, STM32MP135FAE7, STM32MP135FAF7, STM32MP135FAF7T, STM32MP135FAF7U, STM32MP135FAG7, STM32U031C6T6, STM32U031C6U6, STM32U031C8T6, STM32U031C8U6, STM32U031F4P6, STM32U031F6P6, STM32U031F8P6, STM32U031G6Y6TR, STM32U031G8Y6TR, STM32U031K4U6, STM32U031K6U6, STM32U031K8U6, STM32U031R6I6, STM32U031R6T6, STM32U031R8I6, STM32U031R8T6, STM32U073C8T6, STM32U073C8U6, STM32U073CBT6, STM32U073CBU6, STM32U073CCT6, STM32U073CCU6, STM32U073H8Y6TR, STM32U073HBY6TR, STM32U073HCY6TR, STM32U073K8U6, STM32U073KBU6, STM32U073KCU6, STM32U073M8I6, STM32U073M8T6, STM32U073MBI6, STM32U073MBT6, STM32U073MCI6, STM32U073MCT6, STM32U073R8I6, STM32U073R8T6, STM32U073RBI6, STM32U073RBT6, STM32U073RCI6, STM32U073RCT6, STM32U083C-DK, STM32U083CCT6, STM32U083CCU6, STM32U083HCY6TR, STM32U083KCU6, STM32U083MCI6, STM32U083MCT6, STM32U083RCI6, STM32U083RCT6, STM32U535CBT6, STM32U535CBT6Q, STM32U535CBU6, STM32U535CBU6Q, STM32U535CCT6, STM32U535CCT6Q, STM32U535CCU6, STM32U535CCU6Q, STM32U535CET6, STM32U535CET6Q, STM32U535CEU6, STM32U535CEU6Q, STM32U535JEY6QTR, STM32U535NCY6QTR, STM32U535NEY6QTR, STM32U535RBI6, STM32U535RBI6Q, STM32U535RBT6, STM32U535RBT6Q, STM32U535RCI6, STM32U535RCI6Q, STM32U535RCT6, STM32U535RCT6Q, STM32U535REI6, STM32U535REI6Q, STM32U535RET6, STM32U535RET6Q, STM32U535VCI6, STM32U535VCI6Q, STM32U535VCT6, STM32U535VCT6Q, STM32U535VEI6, STM32U535VEI6Q, STM32U535VET6, STM32U535VET6Q, STM32U545CET6, STM32U545CET6Q, STM32U545CEU6, STM32U545CEU6Q, STM32U545JEY6QTR, STM32U545NEY6QTR, STM32U545REI6, STM32U545REI6Q, STM32U545RET6, STM32U545RET6Q, STM32U545VEI6, STM32U545VEI6Q, STM32U545VET6, STM32U545VET6Q, STM32U595AIH6, STM32U595AIH6Q, STM32U595AJH6, STM32U595AJH6Q, STM32U595QII6, STM32U595QII6Q, STM32U595QJI6, STM32U595QJI6Q, STM32U595RIT6, STM32U595RIT6Q, STM32U595RJT6, STM32U595RJT6Q, STM32U595VIT6, STM32U595VIT6Q, STM32U595VJT6, STM32U595VJT6Q, STM32U595ZIT6, STM32U595ZIT6Q, STM32U595ZIY6QTR, STM32U595ZJT6, STM32U595ZJT6Q, STM32U595ZJY6QTR, STM32U599BJY6QTR, STM32U599NIH6Q, STM32U599NJH6Q, STM32U599VIT6Q, STM32U599VJT6, STM32U599VJT6Q, STM32U599ZIT6Q, STM32U599ZIY6QTR, STM32U599ZJT6Q, STM32U599ZJY6QTR, STM32U5A5AJH6, STM32U5A5AJH6Q, STM32U5A5QII3Q , STM32U5A5QJI6, STM32U5A5QJI6Q, STM32U5A5RJT6, STM32U5A5RJT6Q, STM32U5A5VJT6, STM32U5A5VJT6Q, STM32U5A5ZJT6, STM32U5A5ZJT6Q, STM32U5A5ZJY6QTR, STM32U5A9BJY6QTR, STM32U5A9J-DK, STM32U5A9NJH6Q, STM32U5A9VJT6Q, STM32U5A9ZJT6Q, STM32U5A9ZJY6QTR, STM32U5F7VIT6, STM32U5F7VIT6Q, STM32U5F7VJT6, STM32U5F7VJT6Q, STM32U5F9BJY6QTR, STM32U5F9NJH6Q, STM32U5F9VIT6Q, STM32U5F9VJT6Q, STM32U5F9ZIJ6QTR, STM32U5F9ZIT6Q, STM32U5F9ZJJ6QTR, STM32U5F9ZJT6Q, STM32U5G7VJT6, STM32U5G7VJT6Q, STM32U5G9BJY6QTR, STM32U5G9J-DK1, STM32U5G9J-DK2, STM32U5G9NJH6Q, STM32U5G9VJT6Q, STM32U5G9ZJJ6QTR, STM32U5G9ZJT6Q, STM32WB1MMCH6, STM32WBA50KEU6, STM32WBA50KEU6TR, STM32WBA50KGU6, STM32WBA50KGU6TR, STM32WBA52CEU6, STM32WBA52CEU6TR, STM32WBA52CEU7, STM32WBA52CEU7TR, STM32WBA52CGU6, STM32WBA52CGU6TR, STM32WBA52CGU6U, STM32WBA52CGU7, STM32WBA52CGU7TR, STM32WBA52KEU6, STM32WBA52KEU6TR, STM32WBA52KGU6, STM32WBA52KGU6TR, STM32WBA54CEU6, STM32WBA54CEU6TR, STM32WBA54CEU7, STM32WBA54CEU7TR, STM32WBA54CGU6, STM32WBA54CGU6TR, STM32WBA54CGU7, STM32WBA54CGU7TR, STM32WBA54KEU6, STM32WBA54KEU6TR, STM32WBA54KEU7, STM32WBA54KEU7TR, STM32WBA54KGU6, STM32WBA54KGU6TR, STM32WBA54KGU7, STM32WBA54KGU7TR, STM32WBA55CEU6, STM32WBA55CEU6TR, STM32WBA55CEU7, STM32WBA55CEU7TR, STM32WBA55CGU6, STM32WBA55CGU6TR, STM32WBA55CGU6U, STM32WBA55CGU7, STM32WBA55CGU7TR, STM32WBA55G-DK1, STM32WBA55HEF6, STM32WBA55HEF7, STM32WBA55HGF6, STM32WBA55HGF7, STM32WBA55UEI6, STM32WBA55UEI6TR, STM32WBA55UEI7, STM32WBA55UEI7TR, STM32WBA55UGI6, STM32WBA55UGI6TR, STM32WBA55UGI7, STM32WBA55UGI7TR, STM32WL5MOCH6, STM32WL5MOCH6TR]
2024-05-15 10:55:29,270 [INFO] WebApp:192 - Starting web application
2024-05-15 10:55:29,271 [INFO] WebApp:544 - Web application path used C:\ST\STM32CubeIDE_1.15.1\STM32CubeIDE\plugins\com.st.stm32cube.common.mx_6.11.1.202404110753\db\plugins\mcufinder\reactClient1\index.html
2024-05-15 10:55:29,443 [INFO] BoardInfo:889 - No configuration file found for board P-NUCLEO-WB55
2024-05-15 10:55:29,444 [INFO] DbBoards:161 - Kit is not supported: P-NUCLEO-WB55
2024-05-15 10:55:29,456 [INFO] BoardInfo:889 - No configuration file found for board STEVAL-BFA001V1B
2024-05-15 10:55:29,457 [INFO] DbBoards:161 - Kit is not supported: STEVAL-BFA001V1B
2024-05-15 10:55:29,460 [INFO] BoardInfo:889 - No configuration file found for board STEVAL-BFA001V2B
2024-05-15 10:55:29,461 [INFO] DbBoards:161 - Kit is not supported: STEVAL-BFA001V2B
2024-05-15 10:55:29,869 [INFO] DbBoards:168 - Found 199 boards, 196 are supported
2024-05-15 10:55:29,869 [INFO] DbBoards:169 - Found 199 boards, 8 of them is supported for  Bsp
2024-05-15 10:55:29,879 [INFO] ApiDb:668 - CubeFinder database Data Model version=2.1
2024-05-15 10:55:29,879 [INFO] ApiDb:669 - CubeFinder database Configuration version=3.0.39
2024-05-15 10:55:29,880 [INFO] ApiDb:670 - CubeFinder database generation date=2024-04-15 (1713193726)
2024-05-15 10:55:29,880 [INFO] ApiDb:671 - CubeFinder database FW Pack versions=[FP-ATR-ASTRA1_V2.0.0, FP-SNS-FLIGHT1_V5.0.1, FP-SNS-FLIGHT1_V5.0.2, FP-SNS-MOTENV1_V4.3.1, FP-SNS-MOTENV1_V4.3.2, FP-SNS-MOTENVWB1_V1.3.1, FP-SNS-SMARTAG2_V1.2.0, STM32Cube_FW_C0_V1.1.0, STM32Cube_FW_F4_V1.28.0, STM32Cube_FW_F7_V1.17.0, STM32Cube_FW_G0_V1.6.2, STM32Cube_FW_G4_V1.5.2, STM32Cube_FW_H5_V0.5.1, STM32Cube_FW_H5_V1.1.1, STM32Cube_FW_H5_V1.2.0, STM32Cube_FW_H5_V1.2.0RC4, STM32Cube_FW_H7RS_V1.0.0, STM32Cube_FW_H7RS_V1.0.0RC4, STM32Cube_FW_H7_V1.11.0, STM32Cube_FW_L0_V1.12.2, STM32Cube_FW_L5_V1.5.1, STM32Cube_FW_U0_V1.0.0, STM32Cube_FW_U0_V1.0.0RC1, STM32Cube_FW_U5_V1.3.0RC4, STM32Cube_FW_U5_V1.5.0, STM32Cube_FW_U5_V1.5.0RC1, STM32Cube_FW_WBA_V1.0.0RC1, STM32Cube_FW_WBA_V1.2.0, STM32Cube_FW_WBA_V1.2.0RC2, STM32Cube_FW_WBA_V1.3.0, STM32Cube_FW_WBA_V1.3.0RC1, STM32Cube_FW_WB_V1.15.0RC1, STM32Cube_FW_WB_V1.16.0, STM32Cube_FW_WB_V1.16.0RC2, STM32Cube_FW_WB_V1.18.0, STM32Cube_FW_WB_V1.19.0, STM32Cube_FW_WL_V1.3.0, X-CUBE-ALGOBUILD_V1.3.0, X-CUBE-ALS_V1.0.1, X-CUBE-AZRTOS-F4_V1.1.0, X-CUBE-AZRTOS-F7_V1.1.0, X-CUBE-AZRTOS-G0_V1.1.0, X-CUBE-AZRTOS-G4_V2.0.0, X-CUBE-AZRTOS-H7_V3.2.0, X-CUBE-AZRTOS-L4_V1.0.0, X-CUBE-AZRTOS-L4_V2.0.0, X-CUBE-AZRTOS-L5_V1.1.0, X-CUBE-AZRTOS-WB_V2.0.0, X-CUBE-AZRTOS-WL_V2.0.0, X-CUBE-BLE1_V7.0.0, X-CUBE-BLE2_V3.3.0, X-CUBE-BLEMGR_V3.1.0, X-CUBE-EEPRMA1_V4.1.0, X-CUBE-EEPRMA1_V5.1.0, X-CUBE-FREERTOS_V1.1.0, X-CUBE-GNSS1_V6.0.0, X-CUBE-MEMS1_V10.0.0, X-CUBE-MEMS1_V9.1.0, X-CUBE-MEMS1_V9.4.0, X-CUBE-MEMS1_V9.6.0, X-CUBE-NFC4_V3.0.0, X-CUBE-NFC7_V1.0.1, X-CUBE-SFXS2LP1_V4.0.0, X-CUBE-SUBG2_V5.0.0, X-CUBE-TOF1_V3.4.0]
2024-05-15 10:55:34,445 [INFO] ApiDb:240 - Found 483 in-development CPN: [B-G473E-ZEST1S, B-WB1M-WPAN1, B-WL5M-SUBG1, NUCLEO-C031C6, NUCLEO-H503RB, NUCLEO-H533RE, NUCLEO-H563ZI, NUCLEO-H7S3L8, NUCLEO-U031R8, NUCLEO-U083RC, NUCLEO-U545RE-Q, NUCLEO-U5A5ZJ-Q, NUCLEO-WBA52CG, NUCLEO-WBA55CG, STEVAL-PROTEUS1, STEVAL-SMARTAG2, STEVAL-STWINBX1, STM320518-EVAL, STM32C0116-DK, STM32C011D6Y3TR, STM32C011D6Y6TR, STM32C011F4P3, STM32C011F4P6, STM32C011F4U3, STM32C011F4U6TR, STM32C011F6P3, STM32C011F6P6, STM32C011F6U3, STM32C011F6U6TR, STM32C011J4M3, STM32C011J4M6, STM32C011J6M3, STM32C011J6M6, STM32C0316-DK, STM32C031C4T3, STM32C031C4T6, STM32C031C4U3, STM32C031C4U6, STM32C031C6T3, STM32C031C6T6, STM32C031C6U3, STM32C031C6U6, STM32C031F4P3, STM32C031F4P6, STM32C031F6P3, STM32C031F6P6, STM32C031G4U3, STM32C031G4U6, STM32C031G6U3, STM32C031G6U6, STM32C031K4T3, STM32C031K4T6, STM32C031K4U3, STM32C031K4U6, STM32C031K6T3, STM32C031K6T6, STM32C031K6U3, STM32C031K6U6, STM32G071K8TXN, STM32G071K8UXN, STM32G081GBU6N, STM32G081KBT6N, STM32G081KBUXN, STM32G0B1CCT6N, STM32G0B1KCT6, STM32G0B1NEY6TR, STM32G0B1RCT6N, STM32G0C1CCT6, STM32G0C1CCT6N, STM32G0C1CCU6N, STM32G0C1CET6N, STM32G0C1CEU6N, STM32G0C1KCT6, STM32G0C1NEY6TR, STM32G0C1RCI6N, STM32G0C1RCT6N, STM32G0C1REI6N, STM32G0C1RET6N, STM32G0C1VCI6, STM32G0C1VEI6, STM32G471CCT6, STM32G471CCU6, STM32G471CET3, STM32G471CET6, STM32G471CEU3, STM32G471CEU6, STM32G471MCT6, STM32G471MET3, STM32G471MET6, STM32G471MEY6TR, STM32G471QCT6, STM32G471QET3, STM32G471RCT6, STM32G471RET3, STM32G471RET6, STM32G471VCH6, STM32G471VCI6, STM32G471VCT6, STM32G471VEH3, STM32G471VEH6, STM32G471VEI3, STM32G471VEI6, STM32G471VET3, STM32G471VET6, STM32G474CCT6, STM32H503CBT6, STM32H503CBU6, STM32H503EBY6TR, STM32H503KBU6, STM32H503RBT6, STM32H523CCT6, STM32H523CCU6, STM32H523CET6, STM32H523CEU6, STM32H523HEY6TR, STM32H523RCT6, STM32H523RET6, STM32H523VCI6, STM32H523VCT6, STM32H523VEI6, STM32H523VET6, STM32H523ZCJ6, STM32H523ZCT6, STM32H523ZEJ6, STM32H523ZET6, STM32H533CET6, STM32H533CEU6, STM32H533HEY6TR, STM32H533RET6, STM32H533VEI6, STM32H533VET6, STM32H533ZEJ6, STM32H533ZET6, STM32H562AGI6, STM32H562AII6, STM32H562IGK6, STM32H562IGT6, STM32H562IIK6, STM32H562IIT6, STM32H562RGT6, STM32H562RGV6, STM32H562RIT6, STM32H562RIV6, STM32H562VGT6, STM32H562VIT6, STM32H562ZGT6, STM32H562ZIT6, STM32H563AGI6, STM32H563AII3Q, STM32H563AII6, STM32H563IGK6, STM32H563IGT6, STM32H563IIK3Q, STM32H563IIK6, STM32H563IIT3Q, STM32H563IIT6, STM32H563MIY3QTR, STM32H563RGT6, STM32H563RGV6, STM32H563RIT6, STM32H563RIV6, STM32H563VGT6, STM32H563VIT3Q, STM32H563VIT6, STM32H563ZGT6, STM32H563ZIT3Q, STM32H563ZIT6, STM32H573AII3Q, STM32H573AII6, STM32H573I-DK, STM32H573IIK3Q, STM32H573IIK6, STM32H573IIT3Q, STM32H573IIT6, STM32H573MIY3QTR, STM32H573RIT6, STM32H573RIV6, STM32H573VIT3Q, STM32H573VIT6, STM32H573ZIT3Q, STM32H573ZIT6, STM32H7R3A8I6, STM32H7R3I8K6, STM32H7R3I8T6, STM32H7R3L8H6, STM32H7R3L8H6H, STM32H7R3R8V6, STM32H7R3V8H6, STM32H7R3V8T6, STM32H7R3V8Y6, STM32H7R3Z8J6, STM32H7R3Z8T6, STM32H7R7A8I6, STM32H7R7I8K6, STM32H7R7I8T6, STM32H7R7L8H6, STM32H7R7L8H6H, STM32H7R7Z8J6, STM32H7S3A8I6, STM32H7S3I8K6, STM32H7S3I8T6, STM32H7S3L8H6, STM32H7S3L8H6H, STM32H7S3R8V6, STM32H7S3V8H6, STM32H7S3V8T6, STM32H7S3V8Y6, STM32H7S3Z8J6, STM32H7S3Z8T6, STM32H7S78-DK, STM32H7S7A8I6, STM32H7S7I8K6, STM32H7S7I8T6, STM32H7S7L8H6, STM32H7S7L8H6H, STM32H7S7Z8J6, STM32L4R5QGI6STR, STM32MP131AAE3, STM32MP131AAF3, STM32MP131AAG3, STM32MP131CAE3, STM32MP131CAF3, STM32MP131CAG3, STM32MP131DAE7, STM32MP131DAF7, STM32MP131DAG7, STM32MP131FAE7, STM32MP131FAF7, STM32MP131FAG7, STM32MP133AAE3, STM32MP133AAF3, STM32MP133AAG3, STM32MP133CAE3, STM32MP133CAF3, STM32MP133CAG3, STM32MP133DAE7, STM32MP133DAF7, STM32MP133DAG7, STM32MP133FAE7, STM32MP133FAF7, STM32MP133FAG7, STM32MP135AAE3, STM32MP135AAF3, STM32MP135AAG3, STM32MP135CAE3, STM32MP135CAF3, STM32MP135CAG3, STM32MP135DAE7, STM32MP135DAF7, STM32MP135DAG7, STM32MP135F-DK, STM32MP135FAE7, STM32MP135FAF7, STM32MP135FAF7T, STM32MP135FAF7U, STM32MP135FAG7, STM32U031C6T6, STM32U031C6U6, STM32U031C8T6, STM32U031C8U6, STM32U031F4P6, STM32U031F6P6, STM32U031F8P6, STM32U031G6Y6TR, STM32U031G8Y6TR, STM32U031K4U6, STM32U031K6U6, STM32U031K8U6, STM32U031R6I6, STM32U031R6T6, STM32U031R8I6, STM32U031R8T6, STM32U073C8T6, STM32U073C8U6, STM32U073CBT6, STM32U073CBU6, STM32U073CCT6, STM32U073CCU6, STM32U073H8Y6TR, STM32U073HBY6TR, STM32U073HCY6TR, STM32U073K8U6, STM32U073KBU6, STM32U073KCU6, STM32U073M8I6, STM32U073M8T6, STM32U073MBI6, STM32U073MBT6, STM32U073MCI6, STM32U073MCT6, STM32U073R8I6, STM32U073R8T6, STM32U073RBI6, STM32U073RBT6, STM32U073RCI6, STM32U073RCT6, STM32U083C-DK, STM32U083CCT6, STM32U083CCU6, STM32U083HCY6TR, STM32U083KCU6, STM32U083MCI6, STM32U083MCT6, STM32U083RCI6, STM32U083RCT6, STM32U535CBT6, STM32U535CBT6Q, STM32U535CBU6, STM32U535CBU6Q, STM32U535CCT6, STM32U535CCT6Q, STM32U535CCU6, STM32U535CCU6Q, STM32U535CET6, STM32U535CET6Q, STM32U535CEU6, STM32U535CEU6Q, STM32U535JEY6QTR, STM32U535NCY6QTR, STM32U535NEY6QTR, STM32U535RBI6, STM32U535RBI6Q, STM32U535RBT6, STM32U535RBT6Q, STM32U535RCI6, STM32U535RCI6Q, STM32U535RCT6, STM32U535RCT6Q, STM32U535REI6, STM32U535REI6Q, STM32U535RET6, STM32U535RET6Q, STM32U535VCI6, STM32U535VCI6Q, STM32U535VCT6, STM32U535VCT6Q, STM32U535VEI6, STM32U535VEI6Q, STM32U535VET6, STM32U535VET6Q, STM32U545CET6, STM32U545CET6Q, STM32U545CEU6, STM32U545CEU6Q, STM32U545JEY6QTR, STM32U545NEY6QTR, STM32U545REI6, STM32U545REI6Q, STM32U545RET6, STM32U545RET6Q, STM32U545VEI6, STM32U545VEI6Q, STM32U545VET6, STM32U545VET6Q, STM32U595AIH6, STM32U595AIH6Q, STM32U595AJH6, STM32U595AJH6Q, STM32U595QII6, STM32U595QII6Q, STM32U595QJI6, STM32U595QJI6Q, STM32U595RIT6, STM32U595RIT6Q, STM32U595RJT6, STM32U595RJT6Q, STM32U595VIT6, STM32U595VIT6Q, STM32U595VJT6, STM32U595VJT6Q, STM32U595ZIT6, STM32U595ZIT6Q, STM32U595ZIY6QTR, STM32U595ZJT6, STM32U595ZJT6Q, STM32U595ZJY6QTR, STM32U599BJY6QTR, STM32U599NIH6Q, STM32U599NJH6Q, STM32U599VIT6Q, STM32U599VJT6, STM32U599VJT6Q, STM32U599ZIT6Q, STM32U599ZIY6QTR, STM32U599ZJT6Q, STM32U599ZJY6QTR, STM32U5A5AJH6, STM32U5A5AJH6Q, STM32U5A5QII3Q , STM32U5A5QJI6, STM32U5A5QJI6Q, STM32U5A5RJT6, STM32U5A5RJT6Q, STM32U5A5VJT6, STM32U5A5VJT6Q, STM32U5A5ZJT6, STM32U5A5ZJT6Q, STM32U5A5ZJY6QTR, STM32U5A9BJY6QTR, STM32U5A9J-DK, STM32U5A9NJH6Q, STM32U5A9VJT6Q, STM32U5A9ZJT6Q, STM32U5A9ZJY6QTR, STM32U5F7VIT6, STM32U5F7VIT6Q, STM32U5F7VJT6, STM32U5F7VJT6Q, STM32U5F9BJY6QTR, STM32U5F9NJH6Q, STM32U5F9VIT6Q, STM32U5F9VJT6Q, STM32U5F9ZIJ6QTR, STM32U5F9ZIT6Q, STM32U5F9ZJJ6QTR, STM32U5F9ZJT6Q, STM32U5G7VJT6, STM32U5G7VJT6Q, STM32U5G9BJY6QTR, STM32U5G9J-DK1, STM32U5G9J-DK2, STM32U5G9NJH6Q, STM32U5G9VJT6Q, STM32U5G9ZJJ6QTR, STM32U5G9ZJT6Q, STM32WB1MMCH6, STM32WBA50KEU6, STM32WBA50KEU6TR, STM32WBA50KGU6, STM32WBA50KGU6TR, STM32WBA52CEU6, STM32WBA52CEU6TR, STM32WBA52CEU7, STM32WBA52CEU7TR, STM32WBA52CGU6, STM32WBA52CGU6TR, STM32WBA52CGU6U, STM32WBA52CGU7, STM32WBA52CGU7TR, STM32WBA52KEU6, STM32WBA52KEU6TR, STM32WBA52KGU6, STM32WBA52KGU6TR, STM32WBA54CEU6, STM32WBA54CEU6TR, STM32WBA54CEU7, STM32WBA54CEU7TR, STM32WBA54CGU6, STM32WBA54CGU6TR, STM32WBA54CGU7, STM32WBA54CGU7TR, STM32WBA54KEU6, STM32WBA54KEU6TR, STM32WBA54KEU7, STM32WBA54KEU7TR, STM32WBA54KGU6, STM32WBA54KGU6TR, STM32WBA54KGU7, STM32WBA54KGU7TR, STM32WBA55CEU6, STM32WBA55CEU6TR, STM32WBA55CEU7, STM32WBA55CEU7TR, STM32WBA55CGU6, STM32WBA55CGU6TR, STM32WBA55CGU6U, STM32WBA55CGU7, STM32WBA55CGU7TR, STM32WBA55G-DK1, STM32WBA55HEF6, STM32WBA55HEF7, STM32WBA55HGF6, STM32WBA55HGF7, STM32WBA55UEI6, STM32WBA55UEI6TR, STM32WBA55UEI7, STM32WBA55UEI7TR, STM32WBA55UGI6, STM32WBA55UGI6TR, STM32WBA55UGI7, STM32WBA55UGI7TR, STM32WL5MOCH6, STM32WL5MOCH6TR]
2024-05-15 10:55:34,458 [INFO] DbMcus:218 - Found 4096 MCUs, 4096 are supported
2024-05-15 10:55:34,467 [INFO] ApiDb:423 - Load user favorites file C:\Users\User/.stm32cubeide/favorites.mcus.txt: 1 item(s)
2024-05-15 10:55:34,467 [INFO] ApiDb:427 - User favorites MCUs=[STM32C011F6P6]
2024-05-15 10:55:34,468 [INFO] DbMcus:224 - Set 1 / 1 favorites MCUs
2024-05-15 10:55:35,619 [INFO] ApiDb:423 - Load user favorites file C:\Users\User/.stm32cubeide/favorites.boards.txt: 0 item(s)
2024-05-15 10:55:35,619 [INFO] ApiDb:427 - User favorites Boards=[]
2024-05-15 10:55:35,620 [INFO] DbBoards:198 - Set 0 / 0 favorites Boards
2024-05-15 10:55:35,706 [INFO] UtilMem:75 - End LoadConfig() Used Memory: 177646440 Bytes (342884352)
2024-05-15 10:55:36,145 [WARN] ThirdParty:833 - waiting for thirdparty lock release [change project]
2024-05-15 10:55:36,146 [INFO] ThirdParty:835 - entering critical section [change project]
2024-05-15 10:55:36,146 [INFO] ThirdParty:1030 - CMSIS Pack Vendor :STMicroelectronics X-CUBE-ISPU 1.1.0
2024-05-15 10:55:36,146 [INFO] ThirdParty:1030 - CMSIS Pack Vendor :STMicroelectronics USBPD 4.1
2024-05-15 10:55:36,147 [INFO] ThirdParty:1030 - CMSIS Pack Vendor :STMicroelectronics X-CUBE-GNSS1 6.0.0
2024-05-15 10:55:36,147 [INFO] ThirdParty:1030 - CMSIS Pack Vendor :STMicroelectronics USB_HOST 2.0.0
2024-05-15 10:55:36,147 [INFO] ThirdParty:1030 - CMSIS Pack Vendor :STMicroelectronics FP-SNS-MOTENVWB1 1.4.0
2024-05-15 10:55:36,147 [INFO] ThirdParty:1030 - CMSIS Pack Vendor :STMicroelectronics X-CUBE-AZRTOS-F4 1.1.0
2024-05-15 10:55:36,147 [INFO] ThirdParty:1030 - CMSIS Pack Vendor :STMicroelectronics LIBJPEG 8.0.0
2024-05-15 10:55:36,147 [INFO] ThirdParty:1030 - CMSIS Pack Vendor :wolfSSL I-CUBE-wolfSSL 5.6.3
2024-05-15 10:55:36,147 [INFO] ThirdParty:1030 - CMSIS Pack Vendor :STMicroelectronics X-CUBE-SMBUS 2.1.0
2024-05-15 10:55:36,148 [INFO] ThirdParty:1030 - CMSIS Pack Vendor :STMicroelectronics USB_DEVICE 3.0.0
2024-05-15 10:55:36,148 [INFO] ThirdParty:1030 - CMSIS Pack Vendor :STMicroelectronics X-CUBE-TCPP 4.1.0
2024-05-15 10:55:36,148 [INFO] ThirdParty:1030 - CMSIS Pack Vendor :STMicroelectronics X-CUBE-FREERTOS 1.2.0
2024-05-15 10:55:36,148 [INFO] ThirdParty:1030 - CMSIS Pack Vendor :STMicroelectronics X-CUBE-AZRTOS-WB 2.0.0
2024-05-15 10:55:36,148 [INFO] ThirdParty:1030 - CMSIS Pack Vendor :STMicroelectronics X-CUBE-TOUCHGFX 4.23.0
2024-05-15 10:55:36,148 [INFO] ThirdParty:1030 - CMSIS Pack Vendor :STMicroelectronics X-CUBE-TOUCHGFX 4.23.2
2024-05-15 10:55:36,148 [INFO] ThirdParty:1030 - CMSIS Pack Vendor :STMicroelectronics X-CUBE-AZRTOS-F7 1.1.0
2024-05-15 10:55:36,148 [INFO] ThirdParty:1030 - CMSIS Pack Vendor :STMicroelectronics X-CUBE-AZRTOS-L5 2.0.0
2024-05-15 10:55:36,149 [INFO] ThirdParty:1030 - CMSIS Pack Vendor :STMicroelectronics USB_DEVICE 2.0.0
2024-05-15 10:55:36,149 [INFO] ThirdParty:1030 - CMSIS Pack Vendor :STMicroelectronics X-CUBE-MEMS1 9.6.0
2024-05-15 10:55:36,149 [INFO] ThirdParty:1030 - CMSIS Pack Vendor :STMicroelectronics X-CUBE-EEPRMA1 4.2.0
2024-05-15 10:55:36,149 [INFO] ThirdParty:1030 - CMSIS Pack Vendor :STMicroelectronics X-CUBE-NFC6 3.1.0
2024-05-15 10:55:36,149 [INFO] ThirdParty:1030 - CMSIS Pack Vendor :ITTIA_DB I-CUBE-ITTIADB 8.8.0
2024-05-15 10:55:36,149 [INFO] ThirdParty:1030 - CMSIS Pack Vendor :STMicroelectronics FP-SNS-MOTENV1 4.3.2
2024-05-15 10:55:36,149 [INFO] ThirdParty:1030 - CMSIS Pack Vendor :STMicroelectronics X-CUBE-ALGOBUILD 1.3.0
2024-05-15 10:55:36,149 [INFO] ThirdParty:1030 - CMSIS Pack Vendor :STMicroelectronics FreeRTOS 0.0.1
2024-05-15 10:55:36,149 [INFO] ThirdParty:1030 - CMSIS Pack Vendor :STMicroelectronics X-CUBE-AZRTOS-G0 1.1.0
2024-05-15 10:55:36,149 [INFO] ThirdParty:1030 - CMSIS Pack Vendor :STMicroelectronics X-CUBE-BLEMGR 2.0.0
2024-05-15 10:55:36,150 [INFO] ThirdParty:1030 - CMSIS Pack Vendor :STMicroelectronics X-CUBE-SAFEA1 1.2.2
2024-05-15 10:55:36,150 [INFO] ThirdParty:1030 - CMSIS Pack Vendor :STMicroelectronics X-CUBE-NFC4 3.0.0
2024-05-15 10:55:36,150 [INFO] ThirdParty:1030 - CMSIS Pack Vendor :STMicroelectronics X-CUBE-SUBG2 5.0.0
2024-05-15 10:55:36,150 [INFO] ThirdParty:1030 - CMSIS Pack Vendor :STMicroelectronics STM32_WPAN 1.0.0
2024-05-15 10:55:36,150 [INFO] ThirdParty:1030 - CMSIS Pack Vendor :STMicroelectronics lwIP 2.0.3
2024-05-15 10:55:36,150 [INFO] ThirdParty:1030 - CMSIS Pack Vendor :STMicroelectronics FP-SNS-FLIGHT1 5.0.2
2024-05-15 10:55:36,150 [INFO] ThirdParty:1030 - CMSIS Pack Vendor :STMicroelectronics USB_HOST 1.0.0
2024-05-15 10:55:36,150 [INFO] ThirdParty:1030 - CMSIS Pack Vendor :STMicroelectronics X-CUBE-TOF1 3.3.1
2024-05-15 10:55:36,150 [INFO] ThirdParty:1030 - CMSIS Pack Vendor :STMicroelectronics X-CUBE-AI 9.0.0
2024-05-15 10:55:36,150 [INFO] ThirdParty:1030 - CMSIS Pack Vendor :STMicroelectronics X-CUBE-AZRTOS-G4 2.0.0
2024-05-15 10:55:36,151 [INFO] ThirdParty:1030 - CMSIS Pack Vendor :STMicroelectronics PDM2PCM 3.1.0
2024-05-15 10:55:36,151 [INFO] ThirdParty:1030 - CMSIS Pack Vendor :STMicroelectronics X-CUBE-AZRTOS-H7 3.1.0
2024-05-15 10:55:36,151 [INFO] ThirdParty:1030 - CMSIS Pack Vendor :Infineon AIROC-Wi-Fi-Bluetooth-STM32 1.5.1
2024-05-15 10:55:36,151 [INFO] ThirdParty:1030 - CMSIS Pack Vendor :STMicroelectronics X-CUBE-BLEMGR 3.0.0
2024-05-15 10:55:36,151 [INFO] ThirdParty:1030 - CMSIS Pack Vendor :STMicroelectronics PDM2PCM 3.3.0
2024-05-15 10:55:36,151 [INFO] ThirdParty:1030 - CMSIS Pack Vendor :STMicroelectronics X-CUBE-DISPLAY 3.0.0
2024-05-15 10:55:36,152 [INFO] ThirdParty:1030 - CMSIS Pack Vendor :STMicroelectronics FP-SNS-MOTENVWB1 1.3.1
2024-05-15 10:55:36,152 [INFO] ThirdParty:1030 - CMSIS Pack Vendor :STMicroelectronics X-CUBE-BLE1 7.0.0
2024-05-15 10:55:36,152 [INFO] ThirdParty:1030 - CMSIS Pack Vendor :STMicroelectronics FP-ATR-SIGFOX1 3.2.0
2024-05-15 10:55:36,152 [INFO] ThirdParty:1030 - CMSIS Pack Vendor :STMicroelectronics X-CUBE-ISPU 2.0.0
2024-05-15 10:55:36,153 [INFO] ThirdParty:1030 - CMSIS Pack Vendor :STMicroelectronics X-CUBE-EEPRMA1 5.1.0
2024-05-15 10:55:36,153 [INFO] ThirdParty:1030 - CMSIS Pack Vendor :STMicroelectronics HAL Drivers 0.0.0
2024-05-15 10:55:36,153 [INFO] ThirdParty:1030 - CMSIS Pack Vendor :STMicroelectronics MBEDTLS 2.16.2
2024-05-15 10:55:36,153 [INFO] ThirdParty:1030 - CMSIS Pack Vendor :emotas I-CUBE-CANOPEN 1.3.0
2024-05-15 10:55:36,153 [INFO] ThirdParty:1030 - CMSIS Pack Vendor :STMicroelectronics X-CUBE-MEMS1 10.0.0
2024-05-15 10:55:36,153 [INFO] ThirdParty:1030 - CMSIS Pack Vendor :STMicroelectronics X-CUBE-FREERTOS 1.1.0
2024-05-15 10:55:36,153 [INFO] ThirdParty:1030 - CMSIS Pack Vendor :STMicroelectronics X-CUBE-NFC7 1.0.1
2024-05-15 10:55:36,154 [INFO] ThirdParty:1030 - CMSIS Pack Vendor :STMicroelectronics MBEDTLS 2.14.1
2024-05-15 10:55:36,154 [INFO] ThirdParty:1030 - CMSIS Pack Vendor :STMicroelectronics X-CUBE-TOUCHGFX 4.22.1
2024-05-15 10:55:36,154 [INFO] ThirdParty:1030 - CMSIS Pack Vendor :STMicroelectronics X-CUBE-NFC6 3.0.0
2024-05-15 10:55:36,154 [INFO] ThirdParty:1030 - CMSIS Pack Vendor :STMicroelectronics X-CUBE-EEPRMA1 4.1.0
2024-05-15 10:55:36,154 [INFO] ThirdParty:1030 - CMSIS Pack Vendor :portGmbH I-Cube-SoM-uGOAL 1.1.0
2024-05-15 10:55:36,154 [INFO] ThirdParty:1030 - CMSIS Pack Vendor :STMicroelectronics X-CUBE-ALS 1.0.1
2024-05-15 10:55:36,154 [INFO] ThirdParty:1030 - CMSIS Pack Vendor :STMicroelectronics X-CUBE-BLEMGR 3.1.0
2024-05-15 10:55:36,155 [INFO] ThirdParty:1030 - CMSIS Pack Vendor :STMicroelectronics ThreadX 1.0.0
2024-05-15 10:55:36,155 [INFO] ThirdParty:1030 - CMSIS Pack Vendor :STMicroelectronics FP-SNS-SMARTAG2 1.2.0
2024-05-15 10:55:36,155 [INFO] ThirdParty:1030 - CMSIS Pack Vendor :STMicroelectronics X-CUBE-AZRTOS-WL 2.0.0
2024-05-15 10:55:36,156 [INFO] ThirdParty:1030 - CMSIS Pack Vendor :SEGGER I-CUBE-embOS 1.3.1
2024-05-15 10:55:36,156 [INFO] ThirdParty:1030 - CMSIS Pack Vendor :STMicroelectronics X-CUBE-ALGOBUILD 1.4.0
2024-05-15 10:55:36,156 [INFO] ThirdParty:1030 - CMSIS Pack Vendor :STMicroelectronics FP-SNS-MOTENV1 5.0.0
2024-05-15 10:55:36,156 [INFO] ThirdParty:1030 - CMSIS Pack Vendor :STMicroelectronics USB_DEVICE 1.0.0
2024-05-15 10:55:36,157 [INFO] ThirdParty:1030 - CMSIS Pack Vendor :STMicroelectronics X-CUBE-AI 8.1.0
2024-05-15 10:55:36,157 [INFO] ThirdParty:1030 - CMSIS Pack Vendor :STMicroelectronics X-CUBE-AZRTOS-H7RS 1.0.0
2024-05-15 10:55:36,158 [INFO] ThirdParty:1030 - CMSIS Pack Vendor :STMicroelectronics X-CUBE-AZRTOS-L4 2.0.0
2024-05-15 10:55:36,158 [INFO] ThirdParty:1030 - CMSIS Pack Vendor :STMicroelectronics ThreadX 0.0.2
2024-05-15 10:55:36,159 [INFO] ThirdParty:1030 - CMSIS Pack Vendor :WES I-CUBE-Cesium 1.3.0
2024-05-15 10:55:36,159 [INFO] ThirdParty:1030 - CMSIS Pack Vendor :STMicroelectronics FP-ATR-ASTRA1 2.0.0
2024-05-15 10:55:36,159 [INFO] ThirdParty:1030 - CMSIS Pack Vendor :STMicroelectronics lwIP 2.1.2
2024-05-15 10:55:36,159 [INFO] ThirdParty:1030 - CMSIS Pack Vendor :STMicroelectronics X-CUBE-SFXS2LP1 4.0.0
2024-05-15 10:55:36,159 [INFO] ThirdParty:1030 - CMSIS Pack Vendor :STMicroelectronics X-CUBE-BLE2 3.3.0
2024-05-15 10:55:36,159 [INFO] ThirdParty:1030 - CMSIS Pack Vendor :STMicroelectronics X-CUBE-TOF1 3.4.0
2024-05-15 10:55:36,159 [INFO] ThirdParty:1030 - CMSIS Pack Vendor :STMicroelectronics X-CUBE-TOF1 3.4.1
2024-05-15 10:55:36,159 [INFO] ThirdParty:1030 - CMSIS Pack Vendor :STMicroelectronics X-CUBE-AZRTOS-H7 3.2.0
2024-05-15 10:55:36,160 [INFO] ThirdParty:1030 - CMSIS Pack Vendor :STMicroelectronics PDM2PCM 3.2.0
2024-05-15 10:55:36,160 [INFO] ThirdParty:841 - exiting critical section [change project]
2024-05-15 10:55:37,047 [INFO] PinOutPanel:1561 - setPackage(No Configuration,No Configuration)
2024-05-15 10:55:37,051 [INFO] PinOutPanel:1561 - setPackage(STM32C011F6Px,TSSOP20)
2024-05-15 10:55:37,922 [INFO] UtilMem:75 - Before build in PCC Used Memory: 182607872 Bytes (342884352)
2024-05-15 10:55:40,593 [INFO] UtilMem:75 - After build in PCC Used Memory: 198453968 Bytes (342884352)
2024-05-15 10:55:40,676 [INFO] IPUIPlugin:80 - create IPUIPlugin
2024-05-15 10:55:40,677 [INFO] IPUIPlugin:80 - create IPUIPlugin
2024-05-15 10:55:40,677 [INFO] IPUIPlugin:80 - create IPUIPlugin
2024-05-15 10:55:40,678 [INFO] IPUIPlugin:80 - create IPUIPlugin
2024-05-15 10:55:40,678 [INFO] IPUIPlugin:80 - create IPUIPlugin
2024-05-15 10:55:40,679 [INFO] IPUIPlugin:80 - create IPUIPlugin
2024-05-15 10:55:40,679 [INFO] IPUIPlugin:80 - create IPUIPlugin
2024-05-15 10:55:40,679 [INFO] IPUIPlugin:80 - create IPUIPlugin
2024-05-15 10:55:40,680 [INFO] IPUIPlugin:80 - create IPUIPlugin
2024-05-15 10:55:40,681 [INFO] IPUIPlugin:80 - create IPUIPlugin
2024-05-15 10:55:40,682 [INFO] IPUIPlugin:80 - create IPUIPlugin
2024-05-15 10:55:40,683 [INFO] IPUIPlugin:80 - create IPUIPlugin
2024-05-15 10:55:40,684 [INFO] IPUIPlugin:80 - create IPUIPlugin
2024-05-15 10:55:40,685 [INFO] IPUIPlugin:80 - create IPUIPlugin
2024-05-15 10:55:40,686 [INFO] IPUIPlugin:80 - create IPUIPlugin
2024-05-15 10:55:40,686 [INFO] IPUIPlugin:80 - create IPUIPlugin
2024-05-15 10:55:40,687 [INFO] IPUIPlugin:80 - create IPUIPlugin
2024-05-15 10:55:40,688 [INFO] IPUIPlugin:80 - create IPUIPlugin
2024-05-15 10:55:40,688 [INFO] IPUIPlugin:80 - create IPUIPlugin
2024-05-15 10:55:40,689 [INFO] IPUIPlugin:80 - create IPUIPlugin
2024-05-15 10:55:40,690 [INFO] IPUIPlugin:80 - create IPUIPlugin
2024-05-15 10:55:40,691 [INFO] IPUIPlugin:80 - create IPUIPlugin
2024-05-15 10:55:40,691 [INFO] IPUIPlugin:80 - create IPUIPlugin
2024-05-15 10:55:40,692 [INFO] IPUIPlugin:80 - create IPUIPlugin
2024-05-15 10:55:40,693 [INFO] IPUIPlugin:80 - create IPUIPlugin
2024-05-15 10:55:40,694 [INFO] IPUIPlugin:80 - create IPUIPlugin
2024-05-15 10:55:41,210 [INFO] CADModel:165 - CPN selected for project levelSTM32C011F6P6
2024-05-15 10:55:41,210 [INFO] CADModel:114 - Register for checkConnection events
2024-05-15 10:55:41,273 [INFO] OpenFileManager:343 - Restore cursor
