2024-05-22 10:44:00,066 [INFO] Activator:176 - 


2024-05-22 10:44:00,082 [INFO] Activator:177 - !SESSION log4j initialized
2024-05-22 10:44:14,127 [INFO] LogOutputStream:77 - [STDOUT_REDIRECT] 
2024-05-22 10:44:21,223 [INFO] ApplicationProperties:184 - Using Application install path: C:\ST\STM32CubeIDE_1.15.1\STM32CubeIDE\plugins\com.st.stm32cube.common.mx_6.11.1.202404110753
2024-05-22 10:44:21,257 [INFO] DbMcusXml:78 - Set database path to: C:\ST\STM32CubeIDE_1.15.1\STM32CubeIDE\plugins\com.st.stm32cube.common.mx_6.11.1.202404110753\\db\/mcu/
2024-05-22 10:44:21,262 [INFO] ApiDb:274 - Set plugin database path to: C:\ST\STM32CubeIDE_1.15.1\STM32CubeIDE\plugins\com.st.stm32cube.common.mx_6.11.1.202404110753\\db\/plugins/boardmanager/
2024-05-22 10:44:21,262 [WARN] ApiDb:259 - Overriding images path with different value:  => C:\ST\STM32CubeIDE_1.15.1\STM32CubeIDE\plugins\com.st.stm32cube.common.mx_6.11.1.202404110753\\db\/plugins/mcufinder/images/
2024-05-22 10:44:21,283 [INFO] ApiDb:250 - Set database path to: C:\Users\User\.stmcufinder\plugins\mcufinder//mcu/
2024-05-22 10:44:21,283 [INFO] DbMcusAds:125 - Set database path to: C:\Users\User\.stmcufinder\plugins\mcufinder//mcu/
2024-05-22 10:44:21,288 [INFO] CrossReferenceDbSqlite:203 - Set database path to: C:\Users\User\.stmcufinder\plugins\mcufinder//mcu/cs/
2024-05-22 10:44:21,547 [INFO] RulesReader:64 - Compatibility file has been processed (297 Rules)
2024-05-22 10:44:21,732 [INFO] DbMcusXml:78 - Set database path to: C:\ST\STM32CubeIDE_1.15.1\STM32CubeIDE\plugins\com.st.stm32cube.common.mx_6.11.1.202404110753\\db\/mcu/
2024-05-22 10:44:21,732 [INFO] ApiDb:274 - Set plugin database path to: C:\ST\STM32CubeIDE_1.15.1\STM32CubeIDE\plugins\com.st.stm32cube.common.mx_6.11.1.202404110753\\db\/plugins/boardmanager/
2024-05-22 10:44:21,732 [INFO] ApiDb:261 - Set plugin images path to: C:\ST\STM32CubeIDE_1.15.1\STM32CubeIDE\plugins\com.st.stm32cube.common.mx_6.11.1.202404110753\\db\/plugins/mcufinder/images/
2024-05-22 10:44:21,732 [WARN] DbFile:41 - Overriding database path with different value: C:\Users\User\.stmcufinder\plugins\mcufinder/ => C:\Users\User\.stmcufinder\plugins\mcufinder
2024-05-22 10:44:21,732 [INFO] ApiDb:250 - Set database path to: C:\Users\User\.stmcufinder\plugins\mcufinder//mcu/
2024-05-22 10:44:21,732 [WARN] DbFile:41 - Overriding database path with different value: C:\Users\User\.stmcufinder\plugins\mcufinder/ => C:\Users\User\.stmcufinder\plugins\mcufinder
2024-05-22 10:44:21,732 [INFO] DbMcusAds:125 - Set database path to: C:\Users\User\.stmcufinder\plugins\mcufinder//mcu/
2024-05-22 10:44:21,732 [WARN] DbFile:41 - Overriding database path with different value: C:\Users\User\.stmcufinder\plugins\mcufinder/ => C:\Users\User\.stmcufinder\plugins\mcufinder
2024-05-22 10:44:21,732 [WARN] DbFile:41 - Overriding database path with different value: C:\Users\User\.stmcufinder\plugins\mcufinder/ => C:\Users\User\.stmcufinder\plugins\mcufinder
2024-05-22 10:44:21,738 [INFO] CrossReferenceDbSqlite:203 - Set database path to: C:\Users\User\.stmcufinder\plugins\mcufinder//mcu/cs/
2024-05-22 10:44:21,908 [INFO] MainPanel:264 - HeapMemory: 268435456
2024-05-22 10:44:22,098 [INFO] DbMcusXml:78 - Set database path to: C:\ST\STM32CubeIDE_1.15.1\STM32CubeIDE\plugins\com.st.stm32cube.common.mx_6.11.1.202404110753\\db\/mcu/
2024-05-22 10:44:22,098 [INFO] ApiDb:274 - Set plugin database path to: C:\ST\STM32CubeIDE_1.15.1\STM32CubeIDE\plugins\com.st.stm32cube.common.mx_6.11.1.202404110753\\db\/plugins/boardmanager/
2024-05-22 10:44:22,098 [INFO] ApiDb:261 - Set plugin images path to: C:\ST\STM32CubeIDE_1.15.1\STM32CubeIDE\plugins\com.st.stm32cube.common.mx_6.11.1.202404110753\\db\/plugins/mcufinder/images/
2024-05-22 10:44:22,098 [WARN] DbFile:41 - Overriding database path with different value: C:\Users\User\.stmcufinder\plugins\mcufinder/ => C:\Users\User\.stmcufinder\plugins\mcufinder
2024-05-22 10:44:22,098 [INFO] ApiDb:250 - Set database path to: C:\Users\User\.stmcufinder\plugins\mcufinder//mcu/
2024-05-22 10:44:22,098 [WARN] DbFile:41 - Overriding database path with different value: C:\Users\User\.stmcufinder\plugins\mcufinder/ => C:\Users\User\.stmcufinder\plugins\mcufinder
2024-05-22 10:44:22,098 [INFO] DbMcusAds:125 - Set database path to: C:\Users\User\.stmcufinder\plugins\mcufinder//mcu/
2024-05-22 10:44:22,098 [WARN] DbFile:41 - Overriding database path with different value: C:\Users\User\.stmcufinder\plugins\mcufinder/ => C:\Users\User\.stmcufinder\plugins\mcufinder
2024-05-22 10:44:22,098 [WARN] DbFile:41 - Overriding database path with different value: C:\Users\User\.stmcufinder\plugins\mcufinder/ => C:\Users\User\.stmcufinder\plugins\mcufinder
2024-05-22 10:44:22,098 [INFO] CrossReferenceDbSqlite:203 - Set database path to: C:\Users\User\.stmcufinder\plugins\mcufinder//mcu/cs/
2024-05-22 10:44:22,132 [INFO] ApplicationProperties:184 - Using Application install path: C:\ST\STM32CubeIDE_1.15.1\STM32CubeIDE\plugins\com.st.stm32cube.common.mx_6.11.1.202404110753
2024-05-22 10:44:22,137 [INFO] PluginManage:196 - Search for loadable plugins [exclusion list=, ]
2024-05-22 10:44:22,142 [INFO] PluginManage:310 - Check plugin analytics
2024-05-22 10:44:22,523 [INFO] AnalyticsPlugin:253 - Accepted Software Licenses: 
2024-05-22 10:44:22,523 [INFO] AnalyticsPlugin:255 - Accepted CMSIS Pack Licenses: 
2024-05-22 10:44:22,523 [INFO] AnalyticsPlugin:257 - Accepted Firmware Licenses: FW.C0.1.0.0,FW.C0.1.1.0,FW.WL.1.3.0
2024-05-22 10:44:22,533 [INFO] PluginManage:359 - Loaded plugin analytics (category:tool,tabindex:-1)
2024-05-22 10:44:22,533 [INFO] PluginManage:310 - Check plugin cadmodel
2024-05-22 10:44:22,559 [INFO] CADModel:105 - Init CAD model plugin
2024-05-22 10:44:22,559 [INFO] PluginManage:359 - Loaded plugin cadmodel (category:power,tabindex:5)
2024-05-22 10:44:22,559 [INFO] PluginManage:310 - Check plugin clock
2024-05-22 10:44:22,603 [INFO] PluginManage:359 - Loaded plugin clock (category:base,tabindex:2)
2024-05-22 10:44:22,603 [INFO] PluginManage:310 - Check plugin ddr
2024-05-22 10:44:22,608 [INFO] PluginManage:359 - Loaded plugin ddr (category:tool,tabindex:6)
2024-05-22 10:44:22,608 [INFO] PluginManage:310 - Check plugin filemanager
2024-05-22 10:44:22,912 [INFO] PluginManage:359 - Loaded plugin filemanager (category:base,tabindex:10)
2024-05-22 10:44:22,912 [INFO] PluginManage:310 - Check plugin ipmanager
2024-05-22 10:44:22,932 [INFO] PluginManage:359 - Loaded plugin ipmanager (category:base,tabindex:5)
2024-05-22 10:44:22,932 [INFO] PluginManage:310 - Check plugin lpbam
2024-05-22 10:44:22,978 [INFO] PluginManage:359 - Loaded plugin lpbam (category:base,tabindex:0)
2024-05-22 10:44:22,978 [INFO] PluginManage:310 - Check plugin memorymap
2024-05-22 10:44:23,032 [INFO] PluginManage:359 - Loaded plugin memorymap (category:base,tabindex:4)
2024-05-22 10:44:23,032 [INFO] PluginManage:310 - Check plugin pinoutandconfiguration
2024-05-22 10:44:23,068 [INFO] PluginManage:359 - Loaded plugin pinoutandconfiguration (category:base,tabindex:1)
2024-05-22 10:44:23,068 [INFO] PluginManage:310 - Check plugin pinoutconfig
2024-05-22 10:44:23,272 [WARN] SupportedApi:132 - Cannot load RTOS API schema: s4s-elt-must-match.1: The content of 'definitions' must match (annotation?, (simpleType | complexType)?, (unique | key | keyref)*)). A problem was found starting at: attribute.
2024-05-22 10:44:23,583 [INFO] PluginManage:359 - Loaded plugin pinoutconfig (category:base,tabindex:0)
2024-05-22 10:44:23,583 [INFO] PluginManage:310 - Check plugin power
2024-05-22 10:44:23,618 [INFO] PluginManage:359 - Loaded plugin power (category:power,tabindex:4)
2024-05-22 10:44:23,623 [INFO] PluginManage:310 - Check plugin projectmanager
2024-05-22 10:44:23,652 [INFO] PluginManage:359 - Loaded plugin projectmanager (category:projectmanager,tabindex:3)
2024-05-22 10:44:23,657 [INFO] PluginManage:310 - Check plugin thirdparty
2024-05-22 10:44:24,223 [INFO] PluginManage:359 - Loaded plugin thirdparty (category:base,tabindex:-1)
2024-05-22 10:44:24,223 [WARN] IntegrityCheckThread:84 - waiting for thirdparty lock release [integrity check]
2024-05-22 10:44:24,223 [INFO] PluginManage:310 - Check plugin tools
2024-05-22 10:44:24,223 [INFO] IntegrityCheckThread:86 - entering critical section [integrity check]
2024-05-22 10:44:24,225 [INFO] ThirdPartyUpdaterWithRetryManager:70 - Updater plugin not ready yet. [1/15]
2024-05-22 10:44:24,302 [INFO] PluginManage:359 - Loaded plugin tools (category:base,tabindex:7)
2024-05-22 10:44:24,302 [INFO] PluginManage:310 - Check plugin tutovideos
2024-05-22 10:44:24,832 [INFO] PluginManage:359 - Loaded plugin tutovideos (category:base,tabindex:-1)
2024-05-22 10:44:24,837 [INFO] PluginManage:310 - Check plugin updater
2024-05-22 10:44:24,888 [INFO] PluginManage:359 - Loaded plugin updater (category:base,tabindex:12)
2024-05-22 10:44:24,888 [INFO] PluginManage:310 - Check plugin userauth
2024-05-22 10:44:24,897 [INFO] UserAuth:114 - Init User Auth plugin
2024-05-22 10:44:24,897 [INFO] PluginManage:359 - Loaded plugin userauth (category:base,tabindex:14)
2024-05-22 10:44:24,897 [INFO] PluginManage:283 - PluginManage : Loaded plugins [17]
2024-05-22 10:44:25,413 [INFO] PinOutPanel:1561 - setPackage(No Configuration,No Configuration)
2024-05-22 10:44:25,582 [INFO] CADModel:165 - CPN selected for project level
2024-05-22 10:44:25,582 [INFO] CADModel:114 - Register for checkConnection events
2024-05-22 10:44:25,632 [INFO] IPUIPlugin:80 - create IPUIPlugin
2024-05-22 10:44:25,632 [INFO] PluginManager:220 - loadIPPluginJar : add adc
2024-05-22 10:44:25,693 [INFO] IPUIPlugin:80 - create IPUIPlugin
2024-05-22 10:44:25,693 [INFO] PluginManager:220 - loadIPPluginJar : add aes
2024-05-22 10:44:25,763 [INFO] IPUIPlugin:80 - create IPUIPlugin
2024-05-22 10:44:25,763 [INFO] PluginManager:220 - loadIPPluginJar : add can
2024-05-22 10:44:25,807 [INFO] IPUIPlugin:80 - create IPUIPlugin
2024-05-22 10:44:25,807 [INFO] PluginManager:220 - loadIPPluginJar : add comp
2024-05-22 10:44:25,862 [INFO] IPUIPlugin:80 - create IPUIPlugin
2024-05-22 10:44:25,862 [INFO] PluginManager:220 - loadIPPluginJar : add cryp
2024-05-22 10:44:25,923 [INFO] IPUIPlugin:80 - create IPUIPlugin
2024-05-22 10:44:25,923 [INFO] PluginManager:220 - loadIPPluginJar : add dfsdm
2024-05-22 10:44:25,953 [INFO] IPUIPlugin:80 - create IPUIPlugin
2024-05-22 10:44:25,953 [INFO] PluginManager:220 - loadIPPluginJar : add dma
2024-05-22 10:44:26,042 [INFO] IPUIPlugin:80 - create IPUIPlugin
2024-05-22 10:44:26,042 [INFO] PluginManager:220 - loadIPPluginJar : add dma3
2024-05-22 10:44:26,128 [INFO] IPUIPlugin:80 - create IPUIPlugin
2024-05-22 10:44:26,128 [INFO] PluginManager:220 - loadIPPluginJar : add extmemmanager
2024-05-22 10:44:26,162 [INFO] IPUIPlugin:80 - create IPUIPlugin
2024-05-22 10:44:26,162 [INFO] PluginManager:220 - loadIPPluginJar : add fatfs
2024-05-22 10:44:26,262 [INFO] IPUIPlugin:80 - create IPUIPlugin
2024-05-22 10:44:26,262 [INFO] PluginManager:220 - loadIPPluginJar : add fmc
2024-05-22 10:44:26,282 [INFO] IPUIPlugin:80 - create IPUIPlugin
2024-05-22 10:44:26,282 [INFO] PluginManager:220 - loadIPPluginJar : add freertos
2024-05-22 10:44:26,338 [INFO] IPUIPlugin:80 - create IPUIPlugin
2024-05-22 10:44:26,338 [INFO] PluginManager:220 - loadIPPluginJar : add genericplugin
2024-05-22 10:44:26,547 [INFO] IPUIPlugin:80 - create IPUIPlugin
2024-05-22 10:44:26,547 [INFO] PluginManager:220 - loadIPPluginJar : add gfxmmu
2024-05-22 10:44:26,803 [INFO] IPUIPlugin:80 - create IPUIPlugin
2024-05-22 10:44:26,803 [INFO] PluginManager:220 - loadIPPluginJar : add gic
2024-05-22 10:44:26,837 [INFO] IPUIPlugin:80 - create IPUIPlugin
2024-05-22 10:44:26,837 [INFO] PluginManager:220 - loadIPPluginJar : add gpio
2024-05-22 10:44:27,013 [INFO] IPUIPlugin:80 - create IPUIPlugin
2024-05-22 10:44:27,018 [INFO] PluginManager:220 - loadIPPluginJar : add gtzc
2024-05-22 10:44:27,072 [INFO] IPUIPlugin:80 - create IPUIPlugin
2024-05-22 10:44:27,072 [INFO] PluginManager:220 - loadIPPluginJar : add hash
2024-05-22 10:44:27,177 [INFO] IPUIPlugin:80 - create IPUIPlugin
2024-05-22 10:44:27,177 [INFO] PluginManager:220 - loadIPPluginJar : add i2c
2024-05-22 10:44:27,242 [INFO] ThirdPartyUpdaterWithRetryManager:70 - Updater plugin not ready yet. [2/15]
2024-05-22 10:44:27,257 [INFO] IPUIPlugin:80 - create IPUIPlugin
2024-05-22 10:44:27,257 [INFO] PluginManager:220 - loadIPPluginJar : add i2s
2024-05-22 10:44:27,353 [INFO] IPUIPlugin:80 - create IPUIPlugin
2024-05-22 10:44:27,353 [INFO] PluginManager:220 - loadIPPluginJar : add i3c
2024-05-22 10:44:27,548 [INFO] IPUIPlugin:80 - create IPUIPlugin
2024-05-22 10:44:27,548 [INFO] PluginManager:220 - loadIPPluginJar : add ipddr
2024-05-22 10:44:27,747 [INFO] IPUIPlugin:80 - create IPUIPlugin
2024-05-22 10:44:27,747 [INFO] PluginManager:220 - loadIPPluginJar : add linkedlist
2024-05-22 10:44:27,822 [INFO] IPUIPlugin:80 - create IPUIPlugin
2024-05-22 10:44:27,822 [INFO] PluginManager:220 - loadIPPluginJar : add lorawan
2024-05-22 10:44:27,897 [INFO] IPUIPlugin:80 - create IPUIPlugin
2024-05-22 10:44:27,897 [INFO] PluginManager:220 - loadIPPluginJar : add ltdc
2024-05-22 10:44:27,918 [INFO] IPUIPlugin:80 - create IPUIPlugin
2024-05-22 10:44:27,923 [INFO] PluginManager:220 - loadIPPluginJar : add mdma
2024-05-22 10:44:27,943 [INFO] IPUIPlugin:80 - create IPUIPlugin
2024-05-22 10:44:27,943 [INFO] PluginManager:220 - loadIPPluginJar : add nvic
2024-05-22 10:44:28,023 [INFO] IPUIPlugin:80 - create IPUIPlugin
2024-05-22 10:44:28,023 [INFO] PluginManager:220 - loadIPPluginJar : add opamp
2024-05-22 10:44:28,142 [INFO] IPUIPlugin:80 - create IPUIPlugin
2024-05-22 10:44:28,142 [INFO] PluginManager:220 - loadIPPluginJar : add openamp
2024-05-22 10:44:28,218 [INFO] IPUIPlugin:80 - create IPUIPlugin
2024-05-22 10:44:28,218 [INFO] PluginManager:220 - loadIPPluginJar : add pdm2pcm
2024-05-22 10:44:28,242 [INFO] IPUIPlugin:80 - create IPUIPlugin
2024-05-22 10:44:28,247 [INFO] PluginManager:220 - loadIPPluginJar : add plateformsettings
2024-05-22 10:44:28,283 [INFO] IPUIPlugin:80 - create IPUIPlugin
2024-05-22 10:44:28,283 [INFO] PluginManager:220 - loadIPPluginJar : add quadspi
2024-05-22 10:44:28,303 [INFO] IPUIPlugin:80 - create IPUIPlugin
2024-05-22 10:44:28,303 [INFO] PluginManager:220 - loadIPPluginJar : add resmgrutility
2024-05-22 10:44:28,387 [INFO] IPUIPlugin:80 - create IPUIPlugin
2024-05-22 10:44:28,387 [INFO] PluginManager:220 - loadIPPluginJar : add sai
2024-05-22 10:44:28,453 [INFO] IPUIPlugin:80 - create IPUIPlugin
2024-05-22 10:44:28,453 [INFO] PluginManager:220 - loadIPPluginJar : add spi
2024-05-22 10:44:28,597 [INFO] IPUIPlugin:80 - create IPUIPlugin
2024-05-22 10:44:28,597 [INFO] PluginManager:220 - loadIPPluginJar : add stm32_wpan
2024-05-22 10:44:28,653 [INFO] IPUIPlugin:80 - create IPUIPlugin
2024-05-22 10:44:28,653 [INFO] PluginManager:220 - loadIPPluginJar : add tim
2024-05-22 10:44:28,767 [INFO] IPUIPlugin:80 - create IPUIPlugin
2024-05-22 10:44:28,767 [INFO] PluginManager:220 - loadIPPluginJar : add touchsensing
2024-05-22 10:44:28,808 [INFO] IPUIPlugin:80 - create IPUIPlugin
2024-05-22 10:44:28,808 [INFO] PluginManager:220 - loadIPPluginJar : add tracer_emb
2024-05-22 10:44:28,858 [INFO] IPUIPlugin:80 - create IPUIPlugin
2024-05-22 10:44:28,858 [INFO] PluginManager:220 - loadIPPluginJar : add ts
2024-05-22 10:44:28,897 [INFO] IPUIPlugin:80 - create IPUIPlugin
2024-05-22 10:44:28,897 [INFO] PluginManager:220 - loadIPPluginJar : add tsc
2024-05-22 10:44:28,938 [INFO] IPUIPlugin:80 - create IPUIPlugin
2024-05-22 10:44:28,938 [INFO] PluginManager:220 - loadIPPluginJar : add ucpd
2024-05-22 10:44:29,022 [INFO] IPUIPlugin:80 - create IPUIPlugin
2024-05-22 10:44:29,022 [INFO] PluginManager:220 - loadIPPluginJar : add usart
2024-05-22 10:44:29,132 [INFO] IPUIPlugin:80 - create IPUIPlugin
2024-05-22 10:44:29,132 [INFO] PluginManager:220 - loadIPPluginJar : add usbx
2024-05-22 10:44:29,338 [INFO] CADModel:165 - CPN selected for project level
2024-05-22 10:44:29,338 [INFO] CADModel:114 - Register for checkConnection events
2024-05-22 10:44:29,338 [FATAL] Updater:308 - Updater called before beeing initialized
2024-05-22 10:44:29,338 [ERROR] CADModel:125 - Updater not yet initialized, retry later 
2024-05-22 10:44:29,626 [INFO] CADModel:165 - CPN selected for project level
2024-05-22 10:44:29,626 [INFO] CADModel:114 - Register for checkConnection events
2024-05-22 10:44:29,626 [FATAL] Updater:308 - Updater called before beeing initialized
2024-05-22 10:44:29,626 [ERROR] CADModel:125 - Updater not yet initialized, retry later 
2024-05-22 10:44:29,633 [FATAL] Updater:308 - Updater called before beeing initialized
2024-05-22 10:44:29,872 [FATAL] Updater:308 - Updater called before beeing initialized
2024-05-22 10:44:29,887 [INFO] DbMcusAds:53 - JSON generation date=Thu May 16 06:22:01 BRT 2024 (1715851321456)
2024-05-22 10:44:29,887 [FATAL] Updater:308 - Updater called before beeing initialized
2024-05-22 10:44:30,042 [WARN] DetailPanel:346 - Failed to get advertising image, set to default
2024-05-22 10:44:30,242 [FATAL] Updater:308 - Updater called before beeing initialized
2024-05-22 10:44:30,247 [FATAL] Updater:308 - Updater called before beeing initialized
2024-05-22 10:44:30,247 [FATAL] Updater:308 - Updater called before beeing initialized
2024-05-22 10:44:30,247 [WARN] DetailPanel:346 - Failed to get advertising image, set to default
2024-05-22 10:44:30,247 [FATAL] Updater:308 - Updater called before beeing initialized
2024-05-22 10:44:30,252 [INFO] ThirdPartyUpdaterWithRetryManager:70 - Updater plugin not ready yet. [3/15]
2024-05-22 10:44:30,382 [ERROR] Updater:1120 - MainUpdater not yet initialized. External WinMGr cannot be set.
2024-05-22 10:44:30,397 [INFO] Updater:1056 - Updater Version found : 6.11.1
2024-05-22 10:44:30,470 [INFO] ApplicationProperties:184 - Using Application install path: C:\ST\STM32CubeIDE_1.15.1\STM32CubeIDE\plugins\com.st.stm32cube.common.mx_6.11.1.202404110753
2024-05-22 10:44:32,138 [ERROR] LogOutputStream:75 - [STDERR_REDIRECT] May 22, 2024 10:44:32 AM java.util.prefs.WindowsPreferences <init>
2024-05-22 10:44:32,138 [ERROR] LogOutputStream:75 - [STDERR_REDIRECT] WARNING: Could not open/create prefs root node Software\JavaSoft\Prefs at root 0xffffffff80000002. Windows RegCreateKeyEx(...) returned error code 5.
2024-05-22 10:44:32,138 [ERROR] LogOutputStream:75 - [STDERR_REDIRECT] 
2024-05-22 10:44:32,893 [INFO] MainUpdater:2873 - connection check result : 10
2024-05-22 10:44:32,898 [INFO] MainUpdater:290 - Updater Check For Update Now.
2024-05-22 10:44:32,898 [INFO] MicroXplorer:498 - Change Database Version : DB.6.0.111
2024-05-22 10:44:32,938 [INFO] McuFinderGlobals:63 - Set McuFinder mode to 2 (CubeIDE integrated)
2024-05-22 10:44:32,963 [INFO] UserAuth:415 - Internet connection configuration mode: 1
2024-05-22 10:44:33,027 [INFO] JxBrowserEngine:152 - Initiate JxBrowser Engine with user profile folder
2024-05-22 10:44:33,254 [WARN] MainUpdater:1194 - Updater busy. Cannot search thirdparties
2024-05-22 10:44:33,254 [INFO] ThirdPartyUpdaterWithRetryManager:96 - Updater plugin is busy. [1/15]
2024-05-22 10:44:33,272 [INFO] CheckServerUpdateThread:120 - End of CheckServer Thread
2024-05-22 10:44:36,900 [WARN] PackLoader:240 - Cannot read IP mode file for STMicroelectronics.FP-SNS-MOTENVWB1.1.4.0
2024-05-22 10:44:37,238 [WARN] PackLoader:240 - Cannot read IP mode file for STMicroelectronics.X-CUBE-SMBUS.2.1.0
2024-05-22 10:44:37,448 [WARN] PackLoader:240 - Cannot read IP mode file for STMicroelectronics.X-CUBE-TOUCHGFX.4.23.0
2024-05-22 10:44:37,519 [WARN] PackLoader:240 - Cannot read IP mode file for STMicroelectronics.X-CUBE-TOUCHGFX.4.23.2
2024-05-22 10:44:37,908 [WARN] PackLoader:240 - Cannot read IP mode file for STMicroelectronics.X-CUBE-AZRTOS-F7.1.1.0
2024-05-22 10:44:37,948 [WARN] PackLoader:240 - Cannot read IP mode file for STMicroelectronics.FP-SNS-MOTENV1.4.3.2
2024-05-22 10:44:38,066 [WARN] PackLoader:240 - Cannot read IP mode file for STMicroelectronics.FP-SNS-FLIGHT1.5.0.2
2024-05-22 10:44:38,117 [WARN] PackLoader:240 - Cannot read IP mode file for STMicroelectronics.X-CUBE-DISPLAY.3.0.0
2024-05-22 10:44:38,273 [WARN] PackLoader:240 - Cannot read IP mode file for STMicroelectronics.X-CUBE-BLE1.7.0.0
2024-05-22 10:44:38,413 [WARN] PackLoader:240 - Cannot read IP mode file for emotas.I-CUBE-CANOPEN.1.3.0
2024-05-22 10:44:38,458 [WARN] PackLoader:240 - Cannot read IP mode file for STMicroelectronics.X-CUBE-TOUCHGFX.4.22.1
2024-05-22 10:44:38,508 [WARN] PackLoader:240 - Cannot read IP mode file for STMicroelectronics.X-CUBE-BLEMGR.3.1.0
2024-05-22 10:44:38,593 [WARN] PackLoader:240 - Cannot read IP mode file for STMicroelectronics.FP-SNS-SMARTAG2.1.2.0
2024-05-22 10:44:38,651 [INFO] LogOutputStream:77 - [STDOUT_REDIRECT] 1 : Invalid condition id : UX_CORESTACK_Condition cause : null
2024-05-22 10:44:38,651 [INFO] LogOutputStream:77 - [STDOUT_REDIRECT] 1 : Invalid condition id : UX_CORESTACK_Condition cause : null
2024-05-22 10:44:38,661 [INFO] LogOutputStream:77 - [STDOUT_REDIRECT] 1 : Invalid condition id : UX_CORESTACK_Condition cause : null
2024-05-22 10:44:38,668 [INFO] LogOutputStream:77 - [STDOUT_REDIRECT] 1 : Invalid condition id : UX_CORESTACK_Condition cause : null
2024-05-22 10:44:38,671 [INFO] LogOutputStream:77 - [STDOUT_REDIRECT] 1 : Invalid condition id : UX_CORESTACK_Condition cause : null
2024-05-22 10:44:38,681 [WARN] PackLoader:240 - Cannot read IP mode file for STMicroelectronics.X-CUBE-AZRTOS-WL.2.0.0
2024-05-22 10:44:38,723 [WARN] PackLoader:240 - Cannot read IP mode file for STMicroelectronics.FP-SNS-MOTENV1.5.0.0
2024-05-22 10:44:38,818 [WARN] PackLoader:240 - Cannot read IP mode file for WES.I-CUBE-Cesium.1.3.0
2024-05-22 10:44:38,908 [WARN] PackLoader:240 - Cannot read IP mode file for STMicroelectronics.X-CUBE-BLE2.3.3.0
2024-05-22 10:44:39,278 [WARN] PackLoader:240 - Cannot read IP mode file for STMicroelectronics.X-CUBE-TCPP.4.1.0
2024-05-22 10:44:39,353 [WARN] PackLoader:240 - Cannot read IP mode file for STMicroelectronics.X-CUBE-ALGOBUILD.1.3.0
2024-05-22 10:44:40,440 [WARN] PackLoader:240 - Cannot read IP mode file for STMicroelectronics.X-CUBE-AZRTOS-G0.1.1.0
2024-05-22 10:44:40,512 [WARN] PackLoader:240 - Cannot read IP mode file for STMicroelectronics.X-CUBE-SAFEA1.1.2.2
2024-05-22 10:44:40,588 [WARN] PackLoader:240 - Cannot read IP mode file for STMicroelectronics.X-CUBE-NFC4.3.0.0
2024-05-22 10:44:40,638 [WARN] PackLoader:240 - Cannot read IP mode file for STMicroelectronics.X-CUBE-BLEMGR.3.0.0
2024-05-22 10:44:40,685 [WARN] PackLoader:240 - Cannot read IP mode file for STMicroelectronics.FP-ATR-SIGFOX1.3.2.0
2024-05-22 10:44:40,717 [WARN] PackLoader:240 - Cannot read IP mode file for STMicroelectronics.X-CUBE-EEPRMA1.5.1.0
2024-05-22 10:44:40,843 [WARN] PackLoader:240 - Cannot read IP mode file for SEGGER.I-CUBE-embOS.1.3.1
2024-05-22 10:44:41,039 [WARN] PackLoader:240 - Cannot read IP mode file for STMicroelectronics.X-CUBE-ALGOBUILD.1.4.0
2024-05-22 10:44:41,085 [WARN] PackLoader:240 - Cannot read IP mode file for STMicroelectronics.X-CUBE-GNSS1.6.0.0
2024-05-22 10:44:41,204 [WARN] PackLoader:240 - Cannot read IP mode file for STMicroelectronics.X-CUBE-AZRTOS-F4.1.1.0
2024-05-22 10:44:41,238 [WARN] PackLoader:240 - Cannot read IP mode file for wolfSSL.I-CUBE-wolfSSL.5.6.3
2024-05-22 10:44:41,272 [WARN] PackLoader:240 - Cannot read IP mode file for STMicroelectronics.X-CUBE-FREERTOS.1.2.0
2024-05-22 10:44:41,349 [WARN] PackLoader:240 - Cannot read IP mode file for STMicroelectronics.X-CUBE-AZRTOS-L5.2.0.0
2024-05-22 10:44:41,492 [WARN] PackLoader:240 - Cannot read IP mode file for STMicroelectronics.X-CUBE-MEMS1.9.6.0
2024-05-22 10:44:41,973 [WARN] PackLoader:240 - Cannot read IP mode file for STMicroelectronics.X-CUBE-EEPRMA1.4.2.0
2024-05-22 10:44:42,038 [WARN] PackLoader:240 - Cannot read IP mode file for STMicroelectronics.X-CUBE-NFC6.3.1.0
2024-05-22 10:44:42,079 [WARN] PackLoader:240 - Cannot read IP mode file for ITTIA_DB.I-CUBE-ITTIADB.8.8.0
2024-05-22 10:44:42,120 [WARN] PackLoader:240 - Cannot read IP mode file for STMicroelectronics.X-CUBE-BLEMGR.2.0.0
2024-05-22 10:44:42,162 [WARN] PackLoader:240 - Cannot read IP mode file for STMicroelectronics.X-CUBE-AI.9.0.0
2024-05-22 10:44:42,228 [WARN] ConditionMgr:438 - getConditionDescription Invalid condition id : UX DEVICE CLASS RTOS Condition cause : null
2024-05-22 10:44:42,228 [WARN] ConditionMgr:438 - getConditionDescription Invalid condition id : UX DEVICE CLASS RTOS Condition cause : null
2024-05-22 10:44:42,235 [WARN] PackLoader:240 - Cannot read IP mode file for STMicroelectronics.X-CUBE-AZRTOS-H7.3.1.0
2024-05-22 10:44:42,238 [WARN] ConditionMgr:1039 - genDependencies : Invalid condition id : UX DEVICE CLASS RTOS Condition cause : null
2024-05-22 10:44:42,238 [WARN] ConditionMgr:1039 - genDependencies : Invalid condition id : UX DEVICE CLASS RTOS Condition cause : null
2024-05-22 10:44:42,238 [WARN] ConditionMgr:1039 - genDependencies : Invalid condition id : UX DEVICE CLASS RTOS Condition cause : null
2024-05-22 10:44:42,238 [WARN] ConditionMgr:1039 - genDependencies : Invalid condition id : UX DEVICE CLASS RTOS Condition cause : null
2024-05-22 10:44:42,238 [WARN] ConditionMgr:1039 - genDependencies : Invalid condition id : UX DEVICE CLASS RTOS Condition cause : null
2024-05-22 10:44:42,268 [WARN] PackLoader:240 - Cannot read IP mode file for STMicroelectronics.X-CUBE-NFC7.1.0.1
2024-05-22 10:44:42,299 [WARN] PackLoader:240 - Cannot read IP mode file for STMicroelectronics.X-CUBE-NFC6.3.0.0
2024-05-22 10:44:42,328 [WARN] PackLoader:240 - Cannot read IP mode file for STMicroelectronics.X-CUBE-EEPRMA1.4.1.0
2024-05-22 10:44:42,357 [WARN] PackLoader:240 - Cannot read IP mode file for STMicroelectronics.X-CUBE-AI.8.1.0
2024-05-22 10:44:42,418 [WARN] ConditionMgr:438 - getConditionDescription Invalid condition id : LAN8742 Phy interface Condition cause : null
2024-05-22 10:44:42,453 [WARN] PackLoader:240 - Cannot read IP mode file for STMicroelectronics.X-CUBE-AZRTOS-L4.2.0.0
2024-05-22 10:44:42,453 [WARN] ConditionMgr:1039 - genDependencies : Invalid condition id : LAN8742 Phy interface Condition cause : null
2024-05-22 10:44:42,456 [WARN] ConditionMgr:1039 - genDependencies : Invalid condition id : LAN8742 Phy interface Condition cause : null
2024-05-22 10:44:42,456 [WARN] ConditionMgr:1039 - genDependencies : Invalid condition id : LAN8742 Phy interface Condition cause : null
2024-05-22 10:44:42,523 [WARN] PackLoader:240 - Cannot read IP mode file for STMicroelectronics.X-CUBE-SFXS2LP1.4.0.0
2024-05-22 10:44:42,583 [WARN] PackLoader:240 - Cannot read IP mode file for STMicroelectronics.X-CUBE-ISPU.1.1.0
2024-05-22 10:44:42,790 [WARN] ConditionMgr:438 - getConditionDescription Invalid condition id : UX DEVICE CLASS RTOS Condition cause : null
2024-05-22 10:44:42,792 [WARN] ConditionMgr:438 - getConditionDescription Invalid condition id : UX DEVICE CLASS RTOS Condition cause : null
2024-05-22 10:44:42,808 [WARN] PackLoader:240 - Cannot read IP mode file for STMicroelectronics.X-CUBE-AZRTOS-WB.2.0.0
2024-05-22 10:44:42,810 [WARN] ConditionMgr:1039 - genDependencies : Invalid condition id : UX DEVICE CLASS RTOS Condition cause : null
2024-05-22 10:44:42,820 [WARN] ConditionMgr:1039 - genDependencies : Invalid condition id : UX DEVICE CLASS RTOS Condition cause : null
2024-05-22 10:44:42,820 [WARN] ConditionMgr:1039 - genDependencies : Invalid condition id : UX DEVICE CLASS RTOS Condition cause : null
2024-05-22 10:44:42,820 [WARN] ConditionMgr:1039 - genDependencies : Invalid condition id : UX DEVICE CLASS RTOS Condition cause : null
2024-05-22 10:44:42,820 [WARN] ConditionMgr:1039 - genDependencies : Invalid condition id : UX DEVICE CLASS RTOS Condition cause : null
2024-05-22 10:44:42,975 [WARN] PackLoader:240 - Cannot read IP mode file for STMicroelectronics.X-CUBE-SUBG2.5.0.0
2024-05-22 10:44:43,048 [WARN] PackLoader:240 - Cannot read IP mode file for STMicroelectronics.X-CUBE-TOF1.3.3.1
2024-05-22 10:44:43,186 [WARN] PackLoader:240 - Cannot read IP mode file for STMicroelectronics.X-CUBE-AZRTOS-G4.2.0.0
2024-05-22 10:44:43,249 [WARN] PackLoader:240 - Cannot read IP mode file for Infineon.AIROC-Wi-Fi-Bluetooth-STM32.1.5.1
2024-05-22 10:44:43,279 [WARN] PackLoader:240 - Cannot read IP mode file for STMicroelectronics.FP-SNS-MOTENVWB1.1.3.1
2024-05-22 10:44:43,302 [WARN] PackLoader:240 - Cannot read IP mode file for STMicroelectronics.X-CUBE-ISPU.2.0.0
2024-05-22 10:44:43,338 [WARN] PackLoader:240 - Cannot read IP mode file for STMicroelectronics.X-CUBE-ALS.1.0.2
2024-05-22 10:44:43,465 [WARN] PackLoader:240 - Cannot read IP mode file for STMicroelectronics.X-CUBE-MEMS1.10.0.0
2024-05-22 10:44:43,878 [WARN] PackLoader:240 - Cannot read IP mode file for STMicroelectronics.X-CUBE-FREERTOS.1.1.0
2024-05-22 10:44:43,901 [WARN] PackLoader:240 - Cannot read IP mode file for portGmbH.I-Cube-SoM-uGOAL.1.1.0
2024-05-22 10:44:43,942 [WARN] PackLoader:240 - Cannot read IP mode file for STMicroelectronics.X-CUBE-ALS.1.0.1
2024-05-22 10:44:44,048 [WARN] PackLoader:240 - Cannot read IP mode file for STMicroelectronics.X-CUBE-AZRTOS-H7RS.1.0.0
2024-05-22 10:44:44,078 [WARN] PackLoader:240 - Cannot read IP mode file for STMicroelectronics.FP-ATR-ASTRA1.2.0.0
2024-05-22 10:44:44,283 [WARN] PackLoader:240 - Cannot read IP mode file for STMicroelectronics.X-CUBE-TOF1.3.4.0
2024-05-22 10:44:44,362 [WARN] PackLoader:240 - Cannot read IP mode file for STMicroelectronics.X-CUBE-TOF1.3.4.1
2024-05-22 10:44:44,461 [WARN] PackLoader:240 - Cannot read IP mode file for STMicroelectronics.X-CUBE-AZRTOS-H7.3.2.0
2024-05-22 10:44:44,468 [INFO] ThirdParty:978 - Integrity check success = true
2024-05-22 10:44:44,468 [INFO] IntegrityCheckThread:100 - exiting critical section [integrity check]
2024-05-22 10:44:44,468 [INFO] IntegrityCheckThread:103 - End integrity checks thread
2024-05-22 10:44:47,999 [INFO] WebApp:161 - Instantiating new browser for Auth
2024-05-22 10:44:49,709 [INFO] WebApp:779 - Register for checkConnection events
2024-05-22 10:44:49,709 [INFO] WebApp:414 - Apply proxy settings
2024-05-22 10:44:49,709 [INFO] WebApp:499 - Chromium requires no authentication
2024-05-22 10:44:49,722 [INFO] WebApp:442 - Direct internet connection detected
2024-05-22 10:44:50,073 [INFO] WebApp:192 - Starting web application
2024-05-22 10:44:50,078 [INFO] WebApp:544 - Web application path used C:\ST\STM32CubeIDE_1.15.1\STM32CubeIDE\plugins\com.st.stm32cube.common.mx_6.11.1.202404110753\db\plugins\mcufinder\reactClient1\index.html
2024-05-22 13:32:32,291 [ERROR] LogOutputStream:75 - [STDERR_REDIRECT] 
